  i   Ebol     E_V      E_I      E_K      cum Ebol cum E_V  cum E_I  cum E_K  log L     log dN   log Te   CN       G band   H beta   Mg 1      Mg 2     Fe 5270  Fe 5335  Na D     TiO 1    TiO 2 
   1  23.9719   0.0065   0.3360   3.5859  23.9719   0.0065   0.3360   3.5859  -3.1910   4.5707   3.4110  -0.1694   2.2355   3.2228   0.2364   0.6072   9.1021   3.1229   2.1905  13.2650   0.4057   0.8783
   2  53.4070   0.0167   0.7451   8.1625  77.3788   0.0233   1.0811  11.7485  -3.1378   4.8654   3.4186  -0.1698   2.1669   2.4658   0.2394   0.5854   8.4634   2.9527   2.0985  13.0941   0.3977   0.8501
   3  62.8874   0.0227   0.8717   9.8105 140.2663   0.0460   1.9528  21.5589  -3.0843   4.8829   3.4262  -0.1698   2.1211   1.8208   0.2426   0.5669   7.9120   2.8192   2.0337  12.9309   0.3891   0.8227
   4  77.3083   0.0321   1.0628  12.2965 217.5745   0.0781   3.0156  33.8554  -3.0305   4.9187   3.4337  -0.1694   2.0937   1.2704   0.2458   0.5510   7.4346   2.7161   1.9913  12.7753   0.3802   0.7960
   5  97.7256   0.0469   1.3300  15.8299 315.3001   0.1250   4.3457  49.6853  -2.9760   4.9661   3.4412  -0.1686   2.0814   0.7990   0.2491   0.5373   7.0192   2.6380   1.9670  12.6265   0.3710   0.7702
   6 125.3327   0.0682   1.6900  20.5898 440.6328   0.1931   6.0356  70.2750  -2.9207   5.0188   3.4487  -0.1677   2.0815   0.3927   0.2524   0.5255   6.6550   2.5805   1.9577  12.4834   0.3616   0.7450
   7 161.4883   0.0931   2.1776  26.5927 602.1210   0.2862   8.2133  96.8678  -2.8642   5.0724   3.4561  -0.1665   2.0919   0.0396   0.2557   0.5152   6.3325   2.5400   1.9608  12.3446   0.3521   0.7202
   8 207.5235   0.1264   2.7953  34.2319 809.6445   0.4127  11.0085 131.0997  -2.8063   5.1234   3.4633  -0.1651   2.1116  -0.2699   0.2590   0.5061   6.0436   2.5142   1.9750  12.2083   0.3423   0.6957
   9 264.6728   0.1700   3.5570  43.70391074.3174   0.5827  14.5656 174.8035  -2.7465   5.1692   3.4704  -0.1636   2.1399  -0.5435   0.2625   0.4981   5.7819   2.5014   1.9994  12.0727   0.3321   0.6710
  10 334.1824   0.2261   4.4811  55.17081408.4998   0.8088  19.0467 229.9743  -2.6844   5.2084   3.4773  -0.1618   2.1767  -0.7861   0.2661   0.4909   5.5430   2.5007   2.0338  11.9361   0.3215   0.6459
  11 417.5978   0.3123   5.7715  67.74481826.0975   1.1212  24.8182 297.7191  -2.6194   5.2402   3.4840  -0.1598   2.2221  -1.0005   0.2698   0.4845   5.3245   2.5121   2.0782  11.7974   0.3104   0.6202
  12 508.3609   0.4175   7.2219  81.05112334.4585   1.5386  32.0401 378.7703  -2.5508   5.2570   3.4902  -0.1577   2.2761  -1.1863   0.2737   0.4789   5.1265   2.5352   2.1325  11.6569   0.2988   0.5940
  13 592.0304   0.5297   8.6202  92.81722926.4888   2.0684  40.6603 471.5875  -2.4784   5.2507   3.4960  -0.1553   2.3376  -1.3426   0.2777   0.4741   4.9506   2.5696   2.1958  11.5162   0.2868   0.5674
  14 658.4094   0.6368   9.7977 101.57973584.8982   2.7052  50.4580 573.1672  -2.4022   5.2207   3.5014  -0.1529   2.4039  -1.4665   0.2817   0.4703   4.8010   2.6129   2.2650  11.3803   0.2749   0.5417
  15 704.9399   0.7341  10.6877 107.24324289.8379   3.4393  61.1457 680.4103  -2.3231   5.1713   3.5062  -0.1505   2.4715  -1.5590   0.2854   0.4673   4.6788   2.6618   2.3362  11.2537   0.2635   0.5175
  16 733.6096   0.8266  11.2888 110.54775023.4473   4.2658  72.4346 790.9580  -2.2418   5.1073   3.5107  -0.1481   2.5389  -1.6259   0.2890   0.4651   4.5796   2.7142   2.4079  11.1363   0.2528   0.4949
  17 747.7979   0.9069  11.6633 111.62645771.2451   5.1727  84.0979 902.5844  -2.1590   5.0328   3.5149  -0.1458   2.6085  -1.6742   0.2924   0.4634   4.4958   2.7712   2.4825  11.0224   0.2422   0.4729
  18 751.2569   0.9783  11.8664 111.06176522.5020   6.1510  95.96431013.6460  -2.0757   4.9515   3.5190  -0.1432   2.6843  -1.7072   0.2961   0.4622   4.4221   2.8361   2.5640  10.9053   0.2311   0.4501
  19 748.6107   1.0472  11.9708 109.53187271.1128   7.1981 107.93511123.1777  -1.9926   4.8669   3.5231  -0.1404   2.7699  -1.7247   0.3000   0.4613   4.3567   2.9122   2.6567  10.7799   0.2190   0.4256
  20 744.1030   1.1509  11.8362 106.49628015.2158   8.3490 119.77131229.6740  -1.9105   4.7821   3.5274  -0.1374   2.8628  -1.7240   0.3041   0.4610   4.3032   2.9976   2.7577  10.6508   0.2063   0.4003
  21 739.1581   1.2976  11.4931 102.36198754.3740   9.6466 131.26441332.0358  -1.8297   4.6985   3.5320  -0.1345   2.9545  -1.7067   0.3081   0.4612   4.2654   3.0842   2.8577  10.5292   0.1942   0.3763
  22 733.1371   1.4688  11.0963  97.95909487.5107  11.1154 142.36071429.9948  -1.7509   4.6161   3.5369  -0.1320   3.0341  -1.6803   0.3114   0.4616   4.2428   3.1609   2.9447  10.4278   0.1840   0.3562
  23 725.7486   1.6694  10.6442  93.2285*********  12.7848 153.00491523.2233  -1.6743   4.5351   3.5422  -0.1299   3.1022  -1.6503   0.3142   0.4622   4.2300   3.2277   3.0194  10.3436   0.1754   0.3394
  24 717.7025   1.8157  10.6304  90.3822*********  14.6006 163.63521613.6055  -1.6005   4.4564   3.5478  -0.1279   3.1671  -1.6160   0.3168   0.4630   4.2230   3.2922   3.0908  10.2652   0.1673   0.3238
  25 710.6497   1.9373  10.8949  88.6332*********  16.5378 174.53011702.2388  -1.5294   4.3811   3.5538  -0.2389   2.1658  -0.5837   0.2575   0.3962   3.0754   4.5217   3.8837  12.9380   0.1885   0.3705
  26 705.6717   2.0809  11.2175  87.0169*********  18.6187 185.74761789.2557  -1.4612   4.3098   3.5601  -0.1895   2.5477  -0.7427   0.3037   0.4417   3.5253   4.6398   3.9259  12.6494   0.1562   0.3116
  27 702.6628   2.2484  11.5970  85.5052*********  20.8671 197.34471874.7609  -1.3958   4.2425   3.5666  -0.1413   2.9242  -0.8644   0.3429   0.4823   3.9611   4.7432   3.9671  12.3470   0.1279   0.2597
  28 701.4354   2.4416  12.0307  84.0578*********  23.3088 209.37541958.8186  -1.3328   4.1788   3.5735  -0.0948   3.2913  -0.9457   0.3746   0.5176   4.3782   4.8297   4.0064  12.0285   0.1035   0.2145
  29 701.4321   2.6309  12.4517  82.7633*********  25.9397 221.82712041.5819  -1.2723   4.1183   3.5805  -0.0506   3.6455  -0.9849   0.3984   0.5471   4.7724   4.8979   4.0431  11.6922   0.0830   0.1759
  30 701.2555   2.8362  12.8887  81.2750*********  28.7759 234.71582122.8569  -1.2141   4.0600   3.5877  -0.0091   3.9840  -0.9818   0.4142   0.5705   5.1395   4.9465   5.8466  11.3367   0.0662   0.1432
  31 699.6385   3.0550  13.3192  79.4349*********  31.8310 248.03502202.2920  -1.1581   4.0030   3.5951   0.0295   4.3042  -0.9374   0.4222   0.5877   5.4760   4.9751   5.6984  10.9607   0.0527   0.1159
  32 696.4996   3.2840  13.7288  77.2329*********  35.1149 261.76392279.5249  -1.1041   3.9470   3.6027   0.0647   4.6039  -0.8539   0.4225   0.5988   5.7782   4.9836   5.5481  10.5636   0.0422   0.0936
  33 693.0958   3.5081  14.0729  74.6773*********  38.6230 275.83672354.2021  -1.0520   3.8928   3.6104   0.0965   4.8812  -0.7344   0.4158   0.6036   6.0426   4.9721   5.3957  10.1452   0.0345   0.0755
  34 697.2029   3.7869  14.5726  72.7908*********  42.4099 290.40942426.9929  -1.0016   3.8449   3.6182   0.1244   5.1343  -0.5829   0.4026   0.6026   6.2656   4.9412   5.2419   9.7058   0.0292   0.0613
  35 719.0506   4.1869  15.4552  72.5528*********  46.5968 305.86452499.5457  -0.9521   3.8088   3.6260   0.1482   5.3612  -0.4047   0.3837   0.5957   6.4430   4.8919   5.0871   9.2462   0.0260   0.0504
  36 752.2795   4.6757  16.5325  73.0805*********  51.2724 322.39702572.6262  -0.9027   3.7791   3.6339   0.1680   5.5604  -0.2062   0.3602   0.5835   6.5708   4.8255   4.9320   8.7684   0.0244   0.0422
  37 788.2906   5.2163  17.6521  73.5267*********  56.4887 340.04912646.1528  -0.8533   3.7500   3.6418   0.1836   5.7317   0.0066   0.3329   0.5663   6.6470   4.7438   4.7768   8.2747   0.0241   0.0362
  38 835.9860   5.8810  19.0434  74.7020*********  62.3697 359.09252720.8550  -0.8041   3.7263   3.6496   0.1950   5.8750   0.2275   0.3029   0.5446   6.6701   4.6485   4.6213   7.7676   0.0246   0.0318
  39 892.8689   6.6498  20.6145  76.3524*********  69.0195 379.70702797.2075  -0.7544   3.7052   3.6575   0.2023   5.9900   0.4496   0.2712   0.5190   6.6379   4.5415   4.4661   7.2504   0.0255   0.0284
  40 949.1035   7.4556  22.1337  77.6007*********  76.4751 401.84072874.8083  -0.7040   3.6813   3.6653   0.2055   6.0768   0.6667   0.2390   0.4899   6.5491   4.4248   4.3113   6.7260   0.0263   0.0256
  411026.9761   8.4954  24.1453  80.1388*********  84.9705 425.98592954.9473  -0.6531   3.6646   3.6730   0.2046   6.1357   0.8731   0.2070   0.4578   6.4028   4.3001   4.1567   6.1971   0.0268   0.0229
  421121.8616   9.7267  26.5320  83.6029*********  94.6971 452.51793038.5503  -0.6010   3.6510   3.6807   0.1998   6.1669   1.0621   0.1766   0.4235   6.1988   4.1697   4.0029   5.6684   0.0264   0.0198
  431246.7056  11.2740  29.5974  88.8390********* 105.9712 482.11533127.3894  -0.5464   3.6421   3.6882   0.1915   6.1714   1.2267   0.1488   0.3877   5.9384   4.0362   3.8512   5.1472   0.0249   0.0160
  441420.9561  13.3740  33.8037  96.7326********* 119.3452 515.91893224.1221  -0.4898   3.6424   3.6956   0.1797   6.1504   1.3634   0.1243   0.3509   5.6239   3.9012   3.7012   4.6363   0.0219   0.0110
  451633.7653  15.9254  38.9029 106.4724********* 135.2705 554.82193330.5945  -0.4306   3.6438   3.7028   0.1648   6.1055   1.4679   0.1041   0.3139   5.2600   3.7673   3.5540   4.1427   0.0174   0.0048
  461891.2607  19.0019  45.0383 118.2996********* 154.2724 599.86023448.8940  -0.3677   3.6445   3.7096  -0.0087   6.9386   1.5294   0.0729   0.2557   4.9210   2.9395   2.8682   2.4974   0.0134   0.0024
  472175.8701  22.4724  51.7604 130.7276********* 176.7448 651.62063579.6216  -0.3015   3.6391   3.7161  -0.0103   6.7788   1.6595   0.0652   0.2365   4.6126   2.8351   2.7611   2.3846   0.0134   0.0020
  482460.8975  25.9991  58.4400 142.6405********* 202.7439 710.06063722.2620  -0.2287   3.6198   3.7219  -0.0128   6.6106   1.7828   0.0589   0.2196   4.3197   2.7455   2.6691   2.2888   0.0134   0.0017
  492780.2886  29.8289  65.9323 156.9769********* 232.5728 775.99293879.2388  -0.1465   3.5906   3.7262  -0.0152   6.4684   1.8846   0.0543   0.2057   4.0528   2.6793   2.6011   2.2188   0.0134   0.0014
  502379.6187  25.7228  56.3858 132.6145********* 258.2956 832.37874011.8533  -0.0559   3.4324   3.7283  -0.0165   6.3975   1.9435   0.0523   0.1962   3.8367   2.6486   2.5695   2.1866   0.0134   0.0013
  511516.6582  16.3762  35.9456  84.7237********* 274.6719 868.32434096.5771  -0.0094   3.1903   3.7278  -0.0161   6.4143   1.9427   0.0527   0.1942   3.7656   2.6557   2.5769   2.1941   0.0134   0.0013
  521306.3993  14.0260  30.9850  73.7608********* 288.6978 899.30934170.3379   0.0330   3.0831   3.7259  -0.0150   6.4787   1.9132   0.0546   0.1948   3.7346   2.6838   2.6057   2.2236   0.0134   0.0014
  531026.2245  10.9083  24.3636  58.9932********* 299.6062 923.67294229.3311   0.0677   2.9435   3.7228  -0.0132   6.5816   1.8578   0.0579   0.1979   3.7454   2.7314   2.6546   2.2739   0.0134   0.0016
  54 783.1176   8.2133  18.6105  46.0621********* 307.8194 942.28344275.3931   0.0931   2.8007   3.7189  -0.0114   6.7003   1.7874   0.0621   0.2029   3.7884   2.7915   2.7163   2.3378   0.0134   0.0018
  55 611.3063   6.3064  14.5409  36.9245********* 314.1258 956.82434312.3174   0.1109   2.6753   3.7146  -0.0098   6.8188   1.7103   0.0670   0.2089   3.8522   2.8590   2.7857   2.4103   0.0134   0.0021
  56 474.4867   4.8092  11.2903  29.4466********* 318.9350 968.11464341.7642   0.1237   2.5525   3.7101  -0.0087   6.9265   1.6323   0.0723   0.2157   3.9272   2.9306   2.8591   2.4878   0.0134   0.0024
  57 354.5166   3.5274   8.4333  22.6041********* 322.4623 976.54804364.3682   0.1330   2.4166   3.7056   0.1848   6.0722   1.5749   0.0877   0.2580   4.4384   3.5166   3.2962   3.5288   0.0154   0.0022
  58 290.8470   2.8390   6.9127  19.0465********* 325.3013 983.46064383.4146   0.1403   2.3234   3.7010   0.1990   6.1228   1.5382   0.0956   0.2761   4.6369   3.5870   3.3745   3.7478   0.0186   0.0063
  59 272.1259   2.6004   6.4615  18.3197********* 327.9017 989.92224401.7344   0.1470   2.2877   3.6964   0.2120   6.1655   1.4899   0.1050   0.2939   4.8173   3.6578   3.4533   3.9629   0.0210   0.0098
  60 240.5166   2.2461   5.7036  16.6527********* 330.1478 995.62584418.3872   0.1542   2.2269   3.6919   0.2236   6.2002   1.4314   0.1157   0.3113   4.9783   3.7279   3.5318   4.1719   0.0227   0.0126
  61 201.7776   1.8409   4.7755  14.3570********* 331.98861000.40134432.7441   0.1628   2.1421   3.6873   0.2341   6.2269   1.3645   0.1274   0.3282   5.1192   3.7967   3.6094   4.3732   0.0239   0.0151
  62 196.2283   1.7489   4.6322  14.3334********* 333.73751005.03354447.0776   0.1742   2.1186   3.6828   0.2433   6.2459   1.2918   0.1399   0.3441   5.2377   3.8624   3.6849   4.5620   0.0246   0.0171
  63 216.1415   1.8826   5.0865  16.1846********* 335.62011010.12004463.2622   0.1901   2.1446   3.6784   0.2513   6.2578   1.2167   0.1524   0.3586   5.3316   3.9234   3.7563   4.7325   0.0249   0.0189
  64 237.9134   2.0238   5.5799  18.2524********* 337.64391015.70004481.5146   0.2117   2.1647   3.6743   0.2583   6.2639   1.1433   0.1645   0.3712   5.3998   3.9778   3.8215   4.8787   0.0249   0.0205
  65 261.5992   2.1754   6.1141  20.5211********* 339.81931021.81404502.0356   0.2397   2.1779   3.6706   0.2643   6.2661   1.0769   0.1754   0.3814   5.4415   4.0231   3.8774   4.9934   0.0247   0.0218
  66 296.4041   2.4189   6.9049  23.6743********* 342.23821028.71904525.7100   0.2743   2.1976   3.6675   0.2694   6.2667   1.0240   0.1840   0.3885   5.4565   4.0568   3.9201   5.0687   0.0245   0.0230
  67 332.9824   2.6777   7.7351  26.9681********* 344.91591036.45414552.6782   0.3139   2.2085   3.6651   0.2739   6.2679   0.9856   0.1902   0.3928   5.4508   4.0795   3.9498   5.1083   0.0242   0.0240
  68 298.8959   2.3754   6.9263  24.4751********* 347.29131043.38054577.1533   0.3558   2.1197   3.6631   0.2779   6.2701   0.9579   0.1947   0.3952   5.4331   4.0951   3.9706   5.1247   0.0240   0.0248
  69 279.9950   2.2024   6.4736  23.1478********* 349.49371049.85404600.3013   0.3988   2.0484   3.6613   0.2817   6.2728   0.9354   0.1984   0.3967   5.4099   4.1073   3.9873   5.1299   0.0238   0.0256
  70 789.5032   6.1530  18.2144  65.8264********* 355.64671068.06854666.1274   0.4423   2.4550   3.6598   0.2853   6.2760   0.9171   0.2015   0.3977   5.3833   4.1173   4.0010   5.1274   0.0237   0.0264
  711402.7689  10.7420  32.2263 118.8122********* 366.38871100.29484784.9395   0.5297   2.6173   3.6568   0.2919   6.2828   0.8852   0.2069   0.3989   5.3275   4.1354   4.0257   5.1142   0.0234   0.0281
  721422.9832  10.7144  32.5504 122.3091********* 377.10311132.84524907.2485   0.6176   2.5356   3.6539   0.2981   6.2899   0.8578   0.2116   0.3996   5.2700   4.1522   4.0486   5.0946   0.0233   0.0300
  731386.3574  10.2173  31.5265 121.3158********* 387.32031164.37175028.5645   0.7044   2.4374   3.6507   0.3037   6.2941   0.8249   0.2174   0.4014   5.2194   4.1738   4.0788   5.0857   0.0233   0.0325
  741354.7748   9.7581  30.6095 120.7705********* 397.07851194.98125149.3350   0.7909   2.3409   3.6475   0.3086   6.2966   0.7923   0.2233   0.4036   5.1722   4.1967   4.1117   5.0792   0.0236   0.0356
  751361.5269   9.5672  30.5454 123.7417********* 406.64571225.52665273.0767   0.8766   2.2574   3.6440   0.3127   6.2960   0.7581   0.2297   0.4065   5.1310   4.2219   4.1494   5.0789   0.0242   0.0394
  761379.2672   9.4341  30.7029 127.9128********* 416.07971256.22955400.9893   0.9614   2.1782   3.6403   0.3160   6.2917   0.7230   0.2365   0.4101   5.0968   4.2488   4.1921   5.0848   0.0252   0.0443
  771394.4714   9.2651  30.7756 132.0551********* 425.34481287.00515533.0444   1.0453   2.0991   3.6364   0.3181   6.2831   0.6883   0.2437   0.4145   5.0703   4.2766   4.2394   5.0965   0.0268   0.0504
  781441.8087   9.2917  31.5267 139.4636********* 434.63651318.53175672.5078   1.1285   2.0304   3.6324   0.3191   6.2702   0.6561   0.2510   0.4194   5.0522   4.3042   4.2906   5.1129   0.0291   0.0579
  791515.0806   9.4536  32.7914 149.7623********* 444.09011351.32315822.2700   1.2110   1.9695   3.6282   0.3188   6.2523   0.6273   0.2582   0.4250   5.0439   4.3310   4.3457   5.1344   0.0322   0.0670
  801577.4165   9.4700  33.6188 159.8824********* 453.56011384.94195982.1523   1.2928   1.9051   3.6238   0.3172   6.2294   0.6040   0.2653   0.4312   5.0465   4.3559   4.4041   5.1605   0.0363   0.0782
  811717.2783   9.8896  36.0010 178.5322********* 463.44971420.94296160.6846   1.3737   1.8611   3.6193   0.3139   6.1987   0.5863   0.2722   0.4383   5.0639   4.3790   4.4682   5.1939   0.0418   0.0921
  822448.3931  13.4856  50.4325 261.1198********* 476.93531471.37546421.8042   1.4585   1.9304   3.6145   0.3089   6.1617   0.5786   0.2787   0.4462   5.0961   4.3988   4.5369   5.2325   0.0491   0.1094
  832500.5635  13.4160  50.9780 270.5501********* 490.35131522.35336692.3545   1.5125   1.8855   3.6117   0.3055   6.1401   0.5818   0.2818   0.4508   5.1205   4.4082   4.5766   5.2560   0.0541   0.1211
  841884.9893   9.7283  37.8467 208.2045********* 500.07951560.20006900.5591   1.5780   1.6973   3.6076   0.2990   6.0990   0.5893   0.2863   0.4583   5.1720   4.4184   4.6380   5.2969   0.0625   0.1399
  851996.0797   9.8137  39.3213 225.9849********* 509.89331599.52127126.5439   1.6556   1.6446   3.6025   0.2891   6.0413   0.6118   0.2907   0.4681   5.2539   4.4248   4.7154   5.3516   0.0748   0.1670
  862170.8994  10.0247  41.3844 253.2727********* 519.91801640.90567379.8169   1.7321   1.6045   3.5973   0.2772   5.9746   0.6518   0.2938   0.4786   5.3595   4.4238   4.7961   5.4120   0.0899   0.1997
  872228.1978   9.6219  40.9923 267.8822********* 529.53991681.89797647.6992   1.8083   1.5397   3.5920   0.2632   5.9000   0.7120   0.2951   0.4898   5.4904   4.4143   4.8789   5.4780   0.1082   0.2387
  882272.9873   9.1625  40.3304 281.2332********* 538.70241722.22847928.9326   1.8839   1.4727   3.5867   0.2470   5.8166   0.7949   0.2945   0.5016   5.6498   4.3954   4.9641   5.5503   0.1302   0.2856
  892329.4380   8.7441  39.8249 296.3412********* 547.44651762.05338225.2734   1.9585   1.4087   3.5812   0.2283   5.7220   0.9041   0.2917   0.5143   5.8427   4.3654   4.0468   5.6294   0.1571   0.3425
  902407.7302   8.4047  39.6479 314.5245********* 555.85121801.70128539.7979   2.0327   1.3489   3.5757   0.2073   5.6180   1.0420   0.2863   0.5277   6.0701   4.3237   4.0186   5.7154   0.1893   0.4111
  912493.9106   7.8618  38.7349 336.3283********* 563.71301840.43608876.1260   2.1068   1.2901   3.5702   0.1842   5.5065   1.2099   0.2781   0.5418   6.3330   4.2701   3.9879   5.8091   0.2275   0.4931
  922581.9360   7.0777  37.9657 358.3717********* 570.79081878.40179234.4980   2.1803   1.2317   3.5646   0.1584   5.3839   1.4127   0.2668   0.5568   6.6379   4.2024   3.9544   5.9108   0.2735   0.5932
  932680.3909   6.1418  38.0953 380.0194********* 576.93261916.49719614.5176   2.2529   1.1753   3.5588   0.1299   5.2491   1.6545   0.2518   0.5726   6.9892   4.1190   3.9179   6.0204   0.3292   0.7162
  942814.8188   5.1916  39.4397 404.4916********* 582.12421955.9368*********   2.3254   1.1240   3.5531   0.0989   5.1051   1.9359   0.2331   0.5892   7.3870   4.0201   3.8789   6.1392   0.3958   0.8667
  952939.4465   4.1926  41.3879 424.6753********* 586.31681997.3246*********   2.3974   1.0709   3.5473  -0.0512   4.6049   3.5867   0.0166   0.4425  11.5065   4.3748   3.8373   4.4697   0.3862   0.7282
  963072.8325   2.9666  42.3854 448.0692********* 589.28342039.7100*********   2.4686   1.0189   3.5414  -0.0716   4.3260   3.9227  -0.0121   0.4378  12.3605   4.3823   3.7928   4.4474   0.4131   0.7722
  973256.5251   2.0307  40.2184 486.4843********* 591.31412079.9285*********   2.5393   0.9735   3.5354  -0.0905   4.0494   4.2343  -0.0384   0.4334  13.1635   4.3791   3.7456   4.4451   0.4385   0.8134
  983463.1099   1.4536  37.7179 527.9150********* 592.76782117.6462*********   2.6092   0.9303   3.5294  -0.1082   3.7747   4.5220  -0.0623   0.4293  13.9166   4.3652   3.6958   4.4629   0.4623   0.8519
  993704.4500   1.0574  35.0390 574.9949********* 593.82512152.6853*********   2.6790   0.8897   3.5233  -0.1243   3.5049   4.7831  -0.0836   0.4257  14.6123   4.3409   3.6437   4.5001   0.4843   0.8873
 1003964.6592   0.7766  30.7195 629.3000********* 594.60172183.4048*********   2.7480   0.8502   3.5171  -0.1392   3.2364   5.0215  -0.1027   0.4224  15.2609   4.3061   3.5889   4.5571   0.5049   0.9201
 1014294.0361   0.5485  26.8386 694.6112********* 595.15022210.2434*********   2.8163   0.8166   3.5109  -0.1527   2.9705   5.2358  -0.1193   0.4194  15.8591   4.2610   3.5316   4.6334   0.5240   0.9502
 1024611.2212   0.3769  23.1869 757.5103********* 595.52712233.4302*********   2.8851   0.7787   3.5047  -0.1647   2.7127   5.4227  -0.1200   0.4168  16.3963   4.2068   3.4730   4.7268   0.5412   0.9771
 1034917.2598   0.3414  21.8188 820.4039********* 595.86852255.2490*********   2.9535   0.7382   3.4985  -0.1753   2.4579   5.5866  -0.1200   0.4146  16.8849   4.1431   3.4122   4.8381   0.5568   1.0013
 1045355.5503   0.3110  20.5348 907.6320********* 596.17942275.7837*********   3.0204   0.7084   3.4921  -0.1849   2.2025   5.7299  -0.1200   0.4127  17.3320   4.0688   3.3482   4.9692   0.5713   1.0233
 1055805.0547   0.2801  18.9669 998.5266********* 596.45952294.7505*********   3.0874   0.6764   3.4857  -0.1931   1.9521   5.8495  -0.1200   0.4111  17.7274   3.9857   3.2826   5.1170   0.5841   1.0425
 1066457.9380   0.2573  17.81221125.9470********* 596.71692312.5627*********   3.1553   0.6548   3.4795  -0.1999   1.7133   5.9438  -0.1200   0.4099  18.0645   3.8967   3.2172   5.2761   0.5952   1.0586
 1077205.6060   0.2446  17.97831265.5620********* 596.96142330.5410*********   3.2237   0.6340   3.4731  -0.2055   1.4745   6.0186  -0.1200   0.4090  18.3616   3.7980   3.1490   5.4532   0.6050   1.0725
 1088138.3228   0.2424  19.21941435.6877********* 597.20382349.7605*********   3.2915   0.6191   3.4672  -0.2098   1.2552   6.0696  -0.1200   0.4084  18.5987   3.6986   3.0840   5.6321   0.6129   1.0833
 109*********   0.2640  22.66331814.4796********* 597.46782372.4238*********   3.3681   0.6418   3.4609  -0.2131   1.0312   6.1041  -0.1200   0.4081  18.8047   3.5884   3.0150   5.8313   0.6199   1.0924
 1106038.4766   0.1437  12.86211072.9230********* 597.61152385.2859*********   3.4204   0.3606   3.4581  -0.2143   0.9290   6.1137  -0.1200   0.4080  18.8864   3.5351   2.9826   5.9277   0.6227   1.0959
 111********* 122.7878 371.15841414.0414********* 720.39922756.4443*********   1.8664   2.3479   3.6506   0.3647   6.6316   1.2077   0.1577   0.3148   4.0038   4.1074   3.7860   4.3765   0.0222   0.0337
 112 187.0709   1.3615   4.2089  16.5285********* 721.76072760.6533*********   1.8918   0.3802   3.6466   0.3661   6.6356   1.1497   0.1683   0.3264   4.0836   4.1589   3.8550   4.4834   0.0233   0.0387
 113 196.0470   1.3420   4.3403  18.1195********* 723.10272764.9937*********   1.9427   0.3497   3.6385   0.3658   6.6279   1.0404   0.1897   0.3500   4.2454   4.2531   3.9934   4.6929   0.0268   0.0515
 114 205.4538   1.3204   4.4665  19.8287********* 724.42302769.4602*********   1.9936   0.3191   3.6305   0.3615   6.5993   0.9453   0.2105   0.3738   4.4147   4.3340   4.1325   4.8964   0.0327   0.0688
 115 215.3119   1.2879   4.5684  21.7502********* 725.71092774.0286*********   2.0445   0.2886   3.6225   0.3530   6.5498   0.8706   0.2301   0.3978   4.5973   4.3998   4.2722   5.0935   0.0415   0.0917
 116 225.6431   1.2507   4.6581  23.8362********* 726.96152778.6868*********   2.0954   0.2581   3.6145   0.3404   6.4792   0.8225   0.2476   0.4220   4.7991   4.4486   4.4126   5.2841   0.0541   0.1215
 117 236.4699   1.2124   4.7426  26.0592********* 728.17402783.4294*********   2.1462   0.2275   3.6064   0.3237   6.3878   0.8072   0.2623   0.4463   5.0259   4.4787   4.5536   5.4677   0.0711   0.1600
 118 247.8162   1.1635   4.7783  28.5449********* 729.33752788.2078*********   2.1971   0.1970   3.5984   0.3028   6.2753   0.8311   0.2735   0.4706   5.2834   4.4881   4.6953   5.6442   0.0937   0.2092
 119 259.7070   1.1025   4.7563  31.3040********* 730.43992792.9641*********   2.2480   0.1665   3.5904   0.2776   6.1419   0.9003   0.2804   0.4949   5.5776   4.4750   4.8376   5.8131   0.1231   0.2720
 120 272.1683   1.0426   4.7309  34.1952********* 731.48252797.6951*********   2.2989   0.1359   3.5824   0.2483   5.9876   1.0211   0.2822   0.5190   5.9141   4.4375   4.0522   5.9741   0.1607   0.3522
 121 285.2275   0.9843   4.7029  37.2312********* 732.46682802.3979*********   2.3498   0.1054   3.5744   0.2147   5.8123   1.1996   0.2783   0.5430   6.2988   4.3738   4.0112   6.1270   0.2085   0.4548
 122 298.9134   0.8141   4.6860  40.5755********* 733.28092807.0840*********   2.4007   0.0749   3.5663   0.1768   5.6160   1.4423   0.2677   0.5667   6.7375   4.2821   3.9651   6.2715   0.2692   0.5866
 123 313.2559   0.6386   4.7719  43.6700********* 733.91962811.8560*********   2.4515   0.0444   3.5583   0.1347   5.3988   1.7552   0.2498   0.5902   7.2361   4.1605   3.9143   6.4072   0.3461   0.7574
 124 328.2866   0.4769   4.9678  46.3906********* 734.39652816.8237*********   2.5024   0.0138   3.5503  -0.0403   4.7486   3.4053   0.0322   0.4451  11.0498   4.3668   3.8590   4.4890   0.3719   0.7046
 125 344.0385   0.3447   4.9756  49.3674********* 734.74122821.7993*********   2.5533  -0.0167   3.5423  -0.0687   4.3667   3.8750  -0.0081   0.4384  12.2388   4.3819   3.7995   4.4494   0.4093   0.7659
 126 360.5462   0.2119   4.3773  53.8319********* 734.95312826.1768*********   2.6042  -0.0472   3.5342  -0.0941   3.9952   4.2928  -0.0433   0.4326  13.3156   4.3772   3.7360   4.4470   0.4433   0.8212
 127 377.8459   0.1288   3.8696  57.9939********* 735.08192830.0464*********   2.6551  -0.0778   3.5262  -0.1167   3.6337   4.6612  -0.0737   0.4274  14.2856   4.3538   3.6690   4.4798   0.4739   0.8707
 128 395.9758   0.0982   3.4771  61.9751********* 735.18012833.5234*********   2.7060  -0.1083   3.5210  -0.1301   3.4026   4.8765  -0.0911   0.4244  14.8647   4.3289   3.6232   4.5194   0.4923   0.9001
 129 414.9756   0.0761   3.1131  66.0419********* 735.25622836.6365*********   2.7569  -0.1388   3.5162  -0.1412   3.1974   5.0543  -0.1053   0.4219  15.3515   4.3002   3.5807   4.5670   0.5078   0.9247
 130 434.8871   0.0581   2.7832  70.1776********* 735.31432839.4197*********   2.8077  -0.1694   3.5117  -0.1511   3.0028   5.2109  -0.1174   0.4197  15.7887   4.2670   3.5387   4.6231   0.5217   0.9467
 131 455.7539   0.0434   2.4735  74.4247********* 735.35772841.8933*********   2.8586  -0.1999   3.5071  -0.1601   2.8128   5.3526  -0.1200   0.4178  16.1927   4.2291   3.4961   4.6882   0.5346   0.9669
 132 477.6218   0.0365   2.2951  78.8420********* 735.39432844.1885*********   2.9095  -0.2304   3.5027  -0.1683   2.6290   5.4788  -0.1200   0.4161  16.5615   4.1870   3.4533   4.7613   0.5465   0.9853
 133 500.5392   0.0337   2.1742  83.6445********* 735.42802846.3628*********   2.9604  -0.2610   3.4978  -0.1764   2.4312   5.6026  -0.1200   0.4144  16.9337   4.1358   3.4056   4.8509   0.5584   1.0037
 134 524.5562   0.0308   2.0383  88.7148********* 735.45882848.4011*********   3.0113  -0.2915   3.4930  -0.1837   2.2369   5.7119  -0.1200   0.4129  17.2742   4.0794   3.3570   4.9504   0.5694   1.0205
 135 549.7256   0.0281   1.8934  94.0648********* 735.48692850.2947*********   3.0622  -0.3220   3.4880  -0.1903   2.0420   5.8090  -0.1200   0.4116  17.5904   4.0167   3.3065   5.0617   0.5797   1.0358
 136 576.1026   0.0257   1.7615  99.5978********* 735.51262852.0562*********   3.1130  -0.3525   3.4834  -0.1957   1.8636   5.8867  -0.1200   0.4106  17.8570   3.9538   3.2586   5.1739   0.5884   1.0487
 137 603.7451   0.0231   1.6059 105.5132********* 735.53562853.6621*********   3.1639  -0.3831   3.4784  -0.2009   1.6716   5.9583  -0.1200   0.4097  18.1193   3.8801   3.2055   5.3057   0.5970   1.0611
 138 632.7141   0.0216   1.5799 111.0545********* 735.55732855.2419*********   3.2148  -0.4136   3.4739  -0.2049   1.5037   6.0105  -0.1200   0.4091  18.3276   3.8105   3.1575   5.4307   0.6038   1.0709
 139 663.0732   0.0205   1.5891 116.7779********* 735.57782856.8311*********   3.2657  -0.4441   3.4692  -0.2084   1.3316   6.0538  -0.1200   0.4086  18.5201   3.7342   3.1069   5.5681   0.6103   1.0798
 140 694.8890   0.0192   1.5889 123.0017********* 735.59702858.4199*********   3.3166  -0.4747   3.4638  -0.2117   1.1331   6.0906  -0.1200   0.4082  18.7156   3.6397   3.0467   5.7386   0.6168   1.0885
 141 728.2310   0.0186   1.6041 129.1320********* 735.61562860.0239*********   3.3675  -0.5052   3.4610  -0.2131   1.0325   6.1039  -0.1200   0.4081  18.8036   3.5891   3.0154   5.8301   0.6198   1.0923
 142 385.3721   0.0091   0.8167  68.4659********* 735.62472860.8406*********   3.4196  -0.8337   3.4581  -0.2143   0.9322   6.1135  -0.1200   0.4080  18.8839   3.5368   2.9836   5.9246   0.6226   1.0958
 143 404.8087   0.0087   0.8206  72.1645********* 735.63342861.6611*********   3.4731  -0.8658   3.4543  -0.2156   0.7968   6.1205  -0.1200   0.4080  18.9803   3.4634   2.9400   6.0576   0.6260   1.0997
 144 425.2255   0.0083   0.8246  76.0602********* 735.64162862.4858*********   3.5265  -0.8979   3.4505  -0.2164   0.6645   6.1208  -0.1200   0.4081  19.0612   3.3885   2.8964   6.1937   0.6289   1.1028
 145 446.6717   0.0078   0.8310  80.1210********* 735.64952863.3169*********   3.5799  -0.9299   3.4467  -0.2169   0.5338   6.1147  -0.1200   0.4083  19.1279   3.3112   2.8525   6.3340   0.6313   1.1052
 146 469.1999   0.0074   0.8511  84.1315********* 735.65692864.1680*********   3.6333  -0.9620   3.4428  -0.2171   0.4048   6.1022  -0.1200   0.4086  19.1807   3.2318   2.8082   6.4785   0.6334   1.1069
 147 492.8640   0.0070   0.8720  88.3597********* 735.66392865.0400*********   3.6867  -0.9940   3.4390  -0.2169   0.2774   6.0837  -0.1200   0.4089  19.2201   3.1503   2.7636   6.6269   0.6350   1.1078
 148 517.7220   0.0066   0.8937  92.8114********* 735.67052865.9336*********   3.7402  -1.0261   3.4352  -0.2164   0.1516   6.0592  -0.1200   0.4094  19.2464   3.0668   2.7186   6.7791   0.6362   1.1080
 149 543.8337   0.0062   0.9161  97.4925********* 735.67672866.8499*********   3.7936  -1.0581   3.4314  -0.2155   0.0274   6.0288  -0.1200   0.4099  19.2599   2.9812   2.6734   6.9351   0.6370   1.1075
