( Z, Y, Age) = 0.004988   0.242  10.000
 Mbol       dN       log dN    V       dN       log dN     I         dN       log dN
 12.75  0.0000E+00   0.000     16.75  0.0000E+00   0.000     12.75  0.2751E+06   5.439
 12.50  0.9890E+05   4.995     16.50  0.0000E+00   0.000     12.50  0.4091E+04   3.612
 12.25  0.1953E+06   5.291     16.25  0.0000E+00   0.000     12.25  0.1740E+05   4.241
 12.00  0.1686E+06   5.227     16.00  0.1633E+05   4.213     12.00  0.1160E+06   5.065
 11.75  0.2204E+06   5.343     15.75  0.1324E+06   5.122     11.75  0.6604E+05   4.820
 11.50  0.1929E+06   5.285     15.50  0.1325E+06   5.122     11.50  0.9326E+05   4.970
 11.25  0.2178E+06   5.338     15.25  0.1314E+06   5.119     11.25  0.8361E+05   4.922
 11.00  0.2206E+06   5.344     15.00  0.1074E+06   5.031     11.00  0.7451E+05   4.872
 10.75  0.1884E+06   5.275     14.75  0.1223E+06   5.087     10.75  0.6592E+05   4.819
 10.50  0.1751E+06   5.243     14.50  0.1356E+06   5.132     10.50  0.5808E+05   4.764
 10.25  0.1713E+06   5.234     14.25  0.1241E+06   5.094     10.25  0.5444E+05   4.736
 10.00  0.1269E+06   5.103     14.00  0.1235E+06   5.092     10.00  0.4259E+05   4.629
  9.75  0.1087E+06   5.036     13.75  0.1174E+06   5.070      9.75  0.3587E+05   4.555
  9.50  0.9223E+05   4.965     13.50  0.1186E+06   5.074      9.50  0.3016E+05   4.479
  9.25  0.7722E+05   4.888     13.25  0.1516E+06   5.181      9.25  0.2532E+05   4.403
  9.00  0.6682E+05   4.825     13.00  0.6903E+05   4.839      9.00  0.2141E+05   4.331
  8.75  0.5462E+05   4.737     12.75  0.7985E+05   4.902      8.75  0.1940E+05   4.288
  8.50  0.4131E+05   4.616     12.50  0.7657E+05   4.884      8.50  0.1542E+05   4.188
  8.25  0.3349E+05   4.525     12.25  0.6154E+05   4.789      8.25  0.1293E+05   4.111
  8.00  0.3082E+05   4.489     12.00  0.8643E+05   4.937      8.00  0.1130E+05   4.053
  7.75  0.2222E+05   4.347     11.75  0.6205E+05   4.793      7.75  0.1001E+05   4.001
  7.50  0.2060E+05   4.314     11.50  0.9869E+05   4.994      7.50  0.1042E+05   4.018
  7.25  0.1582E+05   4.199     11.25  0.9074E+05   4.958      7.25  0.8798E+04   3.944
  7.00  0.1418E+05   4.152     11.00  0.8559E+05   4.932      7.00  0.8497E+04   3.929
  6.75  0.1279E+05   4.107     10.75  0.6781E+05   4.831      6.75  0.9191E+04   3.963
  6.50  0.1167E+05   4.067     10.50  0.5933E+05   4.773      6.50  0.7933E+04   3.899
  6.25  0.1078E+05   4.033     10.25  0.5149E+05   4.712      6.25  0.8641E+04   3.937
  6.00  0.1013E+05   4.006     10.00  0.4605E+05   4.663      6.00  0.7507E+04   3.875
  5.75  0.8876E+04   3.948      9.75  0.3886E+05   4.589      5.75  0.7955E+04   3.901
  5.50  0.7837E+04   3.894      9.50  0.3267E+05   4.514      5.50  0.6492E+04   3.812
  5.25  0.7871E+04   3.896      9.25  0.2738E+05   4.437      5.25  0.6871E+04   3.837
  5.00  0.6404E+04   3.806      9.00  0.2307E+05   4.363      5.00  0.5901E+04   3.771
  4.75  0.5631E+04   3.751      8.75  0.1943E+05   4.288      4.75  0.5129E+04   3.710
  4.50  0.5190E+04   3.715      8.50  0.1629E+05   4.212      4.50  0.4592E+04   3.662
  4.25  0.4529E+04   3.656      8.25  0.1456E+05   4.163      4.25  0.3600E+04   3.556
  4.00  0.3591E+04   3.555      8.00  0.1281E+05   4.107      4.00  0.3449E+04   3.538
  3.75  0.2834E+04   3.452      7.75  0.1040E+05   4.017      3.75  0.2776E+04   3.443
  3.50  0.2458E+04   3.391      7.50  0.9435E+04   3.975      3.50  0.2277E+04   3.357
  3.25  0.1400E+04   3.146      7.25  0.9973E+04   3.999      3.25  0.3954E+03   2.597
  3.00  0.3841E+03   2.584      7.00  0.8647E+04   3.937      3.00  0.3032E+03   2.482
  2.75  0.2852E+03   2.455      6.75  0.8809E+04   3.945      2.75  0.2472E+03   2.393
  2.50  0.2722E+03   2.435      6.50  0.8526E+04   3.931      2.50  0.2157E+03   2.334
  2.25  0.1977E+03   2.296      6.25  0.8407E+04   3.925      2.25  0.1762E+03   2.246
  2.00  0.2056E+03   2.313      6.00  0.7828E+04   3.894      2.00  0.1285E+03   2.109
  1.75  0.1289E+03   2.110      5.75  0.7881E+04   3.897      1.75  0.1197E+03   2.078
  1.50  0.1253E+03   2.098      5.50  0.7153E+04   3.855      1.50  0.8822E+02   1.946
  1.25  0.9120E+02   1.960      5.25  0.6243E+04   3.795      1.25  0.7475E+02   1.874
  1.00  0.8485E+02   1.929      5.00  0.6400E+04   3.806      1.00  0.1012E+03   2.005
  0.75  0.6427E+02   1.808      4.75  0.5436E+04   3.735      0.75  0.3300E+03   2.519
  0.50  0.7883E+02   1.897      4.50  0.4671E+04   3.669      0.50  0.2815E+03   2.449
  0.25  0.5703E+03   2.756      4.25  0.3826E+04   3.583      0.25  0.4304E+02   1.634
  0.00  0.5023E+02   1.701      4.00  0.3390E+04   3.530      0.00  0.3557E+02   1.551
 -0.25  0.3562E+02   1.552      3.75  0.2784E+04   3.445     -0.25  0.2974E+02   1.473
 -0.50  0.3400E+02   1.531      3.50  0.2682E+04   3.429     -0.50  0.2537E+02   1.404
 -0.75  0.2629E+02   1.420      3.25  0.5044E+03   2.703     -0.75  0.2048E+02   1.311
 -1.00  0.2262E+02   1.355      3.00  0.3041E+03   2.483     -1.00  0.1679E+02   1.225
 -1.25  0.2023E+02   1.306      2.75  0.2580E+03   2.412     -1.25  0.1419E+02   1.152
 -1.50  0.1555E+02   1.192      2.50  0.2411E+03   2.382     -1.50  0.1856E+02   1.269
 -1.75  0.1403E+02   1.147      2.25  0.1670E+03   2.223     -1.75  0.4334E+01   0.637
 -2.00  0.1182E+02   1.072      2.00  0.1571E+03   2.196     -2.00  0.0000E+00   0.000
 -2.25  0.9551E+01   0.980      1.75  0.1090E+03   2.038     -2.25  0.0000E+00   0.000
 -2.50  0.8571E+01   0.933      1.50  0.9690E+02   1.986     -2.50  0.0000E+00   0.000
 -2.75  0.7374E+01   0.868      1.25  0.8279E+02   1.918     -2.75  0.0000E+00   0.000
 -3.00  0.6088E+01   0.785      1.00  0.7833E+02   1.894     -3.00  0.0000E+00   0.000
 -3.25  0.5453E+01   0.737      0.75  0.2295E+03   2.361     -3.25  0.0000E+00   0.000
 -3.50  0.4810E+01   0.682      0.50  0.4070E+03   2.610     -3.50  0.0000E+00   0.000
 -3.75  0.1427E+01   0.154      0.25  0.4537E+02   1.657     -3.75  0.0000E+00   0.000
 -4.00  0.5434E+00  -0.265      0.00  0.3746E+02   1.574     -4.00  0.0000E+00   0.000
 -4.25  0.4447E+00  -0.352     -0.25  0.3154E+02   1.499     -4.25  0.0000E+00   0.000
 -4.50  0.3527E+00  -0.453     -0.50  0.2619E+02   1.418     -4.50  0.0000E+00   0.000
 -4.75  0.5439E-01  -1.264     -0.75  0.2133E+02   1.329     -4.75  0.0000E+00   0.000
 -5.00  0.0000E+00   0.000     -1.00  0.1794E+02   1.254     -5.00  0.0000E+00   0.000
 -5.25  0.0000E+00   0.000     -1.25  0.1476E+02   1.169     -5.25  0.0000E+00   0.000
 -5.50  0.0000E+00   0.000     -1.50  0.1675E+02   1.224     -5.50  0.0000E+00   0.000
 -5.75  0.0000E+00   0.000     -1.75  0.1066E+02   1.028     -5.75  0.0000E+00   0.000
 -6.00  0.0000E+00   0.000     -2.00  0.2866E-01  -1.543     -6.00  0.0000E+00   0.000
 -6.25  0.0000E+00   0.000     -2.25  0.0000E+00   0.000     -6.25  0.0000E+00   0.000
 -6.50  0.0000E+00   0.000     -2.50  0.0000E+00   0.000     -6.50  0.0000E+00   0.000
 -6.75  0.0000E+00   0.000     -2.75  0.1946E+06   5.289     -6.75  0.0000E+00   0.000
 -7.00  0.0000E+00   0.000     -3.00  0.1302E+06   5.114     -7.00  0.0000E+00   0.000
 -7.25  0.0000E+00   0.000     -3.25  0.1361E+06   5.134     -7.25  0.0000E+00   0.000
 -7.50  0.0000E+00   0.000     -3.50  0.1391E+06   5.143     -7.50  0.0000E+00   0.000
 -7.75  0.0000E+00   0.000     -3.75  0.1179E+06   5.072     -7.75  0.0000E+00   0.000
 -8.00  0.0000E+00   0.000     -4.00  0.1233E+06   5.091     -8.00  0.0000E+00   0.000
 -8.25  0.0000E+00   0.000     -4.25  0.1274E+06   5.105     -8.25  0.0000E+00   0.000
 -8.50  0.0000E+00   0.000     -4.50 -0.2822E+05   0.000     -8.50  0.0000E+00   0.000
 -8.75  0.0000E+00   0.000     -4.75  0.3104E+06   5.492     -8.75  0.0000E+00   0.000
 -9.00  0.0000E+00   0.000     -5.00  0.1170E+06   5.068     -9.00  0.0000E+00   0.000
 -9.25  0.0000E+00   0.000     -5.25  0.1114E+06   5.047     -9.25  0.0000E+00   0.000
 -9.50  0.0000E+00   0.000     -5.50 -0.6601E+05   0.000     -9.50  0.0000E+00   0.000
( Z, Y, Age) = 0.004988   0.242  17.783
 Mbol       dN       log dN    V       dN       log dN     I         dN       log dN
 12.75  0.0000E+00   0.000     16.75  0.0000E+00   0.000     12.75  0.3078E+06   5.488
 12.50  0.2066E+06   5.315     16.50  0.0000E+00   0.000     12.50  0.2918E+05   4.465
 12.25  0.3803E+06   5.580     16.25  0.0000E+00   0.000     12.25  0.8935E+05   4.951
 12.00  0.3559E+06   5.551     16.00  0.3809E+05   4.581     12.00  0.1953E+06   5.291
 11.75  0.4149E+06   5.618     15.75  0.2644E+06   5.422     11.75  0.1446E+06   5.160
 11.50  0.4037E+06   5.606     15.50  0.2641E+06   5.422     11.50  0.1877E+06   5.274
 11.25  0.4304E+06   5.634     15.25  0.2669E+06   5.426     11.25  0.1681E+06   5.225
 11.00  0.4246E+06   5.628     15.00  0.2194E+06   5.341     11.00  0.1496E+06   5.175
 10.75  0.4017E+06   5.604     14.75  0.2373E+06   5.375     10.75  0.1323E+06   5.121
 10.50  0.3416E+06   5.533     14.50  0.2558E+06   5.408     10.50  0.1160E+06   5.064
 10.25  0.3265E+06   5.514     14.25  0.2491E+06   5.396     10.25  0.1062E+06   5.026
 10.00  0.2695E+06   5.431     14.00  0.2553E+06   5.407     10.00  0.8602E+05   4.935
  9.75  0.2153E+06   5.333     13.75  0.2542E+06   5.405      9.75  0.7189E+05   4.857
  9.50  0.1835E+06   5.264     13.50  0.2402E+06   5.381      9.50  0.5989E+05   4.777
  9.25  0.1567E+06   5.195     13.25  0.2713E+06   5.433      9.25  0.4991E+05   4.698
  9.00  0.1362E+06   5.134     13.00  0.1349E+06   5.130      9.00  0.4205E+05   4.624
  8.75  0.1042E+06   5.018     12.75  0.1946E+06   5.289      8.75  0.3637E+05   4.561
  8.50  0.8126E+05   4.910     12.50  0.1052E+06   5.022      8.50  0.2933E+05   4.467
  8.25  0.6962E+05   4.843     12.25  0.1831E+06   5.263      8.25  0.2524E+05   4.402
  8.00  0.5700E+05   4.756     12.00  0.1207E+06   5.082      8.00  0.2236E+05   4.350
  7.75  0.4468E+05   4.650     11.75  0.1457E+06   5.163      7.75  0.1924E+05   4.284
  7.50  0.3795E+05   4.579     11.50  0.2010E+06   5.303      7.50  0.1981E+05   4.297
  7.25  0.3102E+05   4.492     11.25  0.1806E+06   5.257      7.25  0.1799E+05   4.255
  7.00  0.2785E+05   4.445     11.00  0.1638E+06   5.214      7.00  0.1639E+05   4.215
  6.75  0.2504E+05   4.399     10.75  0.1371E+06   5.137      6.75  0.1762E+05   4.246
  6.50  0.2258E+05   4.354     10.50  0.1199E+06   5.079      6.50  0.1520E+05   4.182
  6.25  0.2037E+05   4.309     10.25  0.1037E+06   5.016      6.25  0.1599E+05   4.204
  6.00  0.1911E+05   4.281     10.00  0.9225E+05   4.965      6.00  0.1431E+05   4.156
  5.75  0.1654E+05   4.219      9.75  0.7731E+05   4.888      5.75  0.1425E+05   4.154
  5.50  0.1420E+05   4.152      9.50  0.6447E+05   4.809      5.50  0.1183E+05   4.073
  5.25  0.1445E+05   4.160      9.25  0.5366E+05   4.730      5.25  0.1252E+05   4.098
  5.00  0.1122E+05   4.050      9.00  0.4564E+05   4.659      5.00  0.1014E+05   4.006
  4.75  0.9873E+04   3.994      8.75  0.3882E+05   4.589      4.75  0.8580E+04   3.933
  4.50  0.8406E+04   3.925      8.50  0.3105E+05   4.492      4.50  0.7660E+04   3.884
  4.25  0.7521E+04   3.876      8.25  0.2675E+05   4.427      4.25  0.6086E+04   3.784
  4.00  0.5523E+04   3.742      8.00  0.2353E+05   4.372      4.00  0.4894E+04   3.690
  3.75  0.3858E+04   3.586      7.75  0.2156E+05   4.334      3.75  0.3207E+04   3.506
  3.50  0.2875E+04   3.459      7.50  0.1832E+05   4.263      3.50  0.2581E+04   3.412
  3.25  0.1717E+04   3.235      7.25  0.1922E+05   4.284      3.25  0.6425E+03   2.808
  3.00  0.6397E+03   2.806      7.00  0.1728E+05   4.238      3.00  0.5030E+03   2.702
  2.75  0.4897E+03   2.690      6.75  0.1687E+05   4.227      2.75  0.4282E+03   2.632
  2.50  0.4602E+03   2.663      6.50  0.1612E+05   4.207      2.50  0.3446E+03   2.537
  2.25  0.3304E+03   2.519      6.25  0.1606E+05   4.206      2.25  0.2953E+03   2.470
  2.00  0.3401E+03   2.532      6.00  0.1430E+05   4.155      2.00  0.2206E+03   2.344
  1.75  0.2172E+03   2.337      5.75  0.1493E+05   4.174      1.75  0.1942E+03   2.288
  1.50  0.2154E+03   2.333      5.50  0.1262E+05   4.101      1.50  0.1533E+03   2.186
  1.25  0.1518E+03   2.181      5.25  0.1125E+05   4.051      1.25  0.1570E+03   2.196
  1.00  0.1478E+03   2.170      5.00  0.1138E+05   4.056      1.00  0.1651E+03   2.218
  0.75  0.1239E+03   2.093      4.75  0.9151E+04   3.961      0.75  0.5848E+03   2.767
  0.50  0.2648E+03   2.423      4.50  0.7730E+04   3.888      0.50  0.4253E+03   2.629
  0.25  0.8255E+03   2.917      4.25  0.6384E+04   3.805      0.25  0.7134E+02   1.853
  0.00  0.7922E+02   1.899      4.00  0.5121E+04   3.709      0.00  0.5981E+02   1.777
 -0.25  0.6289E+02   1.799      3.75  0.3290E+04   3.517     -0.25  0.4956E+02   1.695
 -0.50  0.5520E+02   1.742      3.50  0.2994E+04   3.476     -0.50  0.4176E+02   1.621
 -0.75  0.4424E+02   1.646      3.25  0.7828E+03   2.894     -0.75  0.3404E+02   1.532
 -1.00  0.3880E+02   1.589      3.00  0.5124E+03   2.710     -1.00  0.2862E+02   1.457
 -1.25  0.3256E+02   1.513      2.75  0.4286E+03   2.632     -1.25  0.2982E+02   1.475
 -1.50  0.2648E+02   1.423      2.50  0.3944E+03   2.596     -1.50  0.2095E+02   1.321
 -1.75  0.2359E+02   1.373      2.25  0.2835E+03   2.452     -1.75  0.4334E+01   0.637
 -2.00  0.1929E+02   1.285      2.00  0.2516E+03   2.401     -2.00  0.0000E+00   0.000
 -2.25  0.1610E+02   1.207      1.75  0.1955E+03   2.291     -2.25  0.0000E+00   0.000
 -2.50  0.1438E+02   1.158      1.50  0.1610E+03   2.207     -2.50  0.0000E+00   0.000
 -2.75  0.1213E+02   1.084      1.25  0.1532E+03   2.185     -2.75  0.0000E+00   0.000
 -3.00  0.1018E+02   1.008      1.00  0.1587E+03   2.201     -3.00  0.0000E+00   0.000
 -3.25  0.9274E+01   0.967      0.75  0.4010E+03   2.603     -3.25  0.0000E+00   0.000
 -3.50  0.7881E+01   0.897      0.50  0.6363E+03   2.804     -3.50  0.0000E+00   0.000
 -3.75  0.2832E+01   0.452      0.25  0.7530E+02   1.877     -3.75  0.0000E+00   0.000
 -4.00  0.8684E+00  -0.061      0.00  0.6251E+02   1.796     -4.00  0.0000E+00   0.000
 -4.25  0.7280E+00  -0.138     -0.25  0.5225E+02   1.718     -4.25  0.0000E+00   0.000
 -4.50  0.4825E+00  -0.316     -0.50  0.4373E+02   1.641     -4.50  0.0000E+00   0.000
 -4.75  0.5439E-01  -1.264     -0.75  0.3566E+02   1.552     -4.75  0.0000E+00   0.000
 -5.00  0.0000E+00   0.000     -1.00  0.2944E+02   1.469     -5.00  0.0000E+00   0.000
 -5.25  0.0000E+00   0.000     -1.25  0.3044E+02   1.483     -5.25  0.0000E+00   0.000
 -5.50  0.0000E+00   0.000     -1.50  0.2357E+02   1.372     -5.50  0.0000E+00   0.000
 -5.75  0.0000E+00   0.000     -1.75  0.1066E+02   1.028     -5.75  0.0000E+00   0.000
 -6.00  0.0000E+00   0.000     -2.00  0.2866E-01  -1.543     -6.00  0.0000E+00   0.000
 -6.25  0.0000E+00   0.000     -2.25  0.0000E+00   0.000     -6.25  0.0000E+00   0.000
 -6.50  0.0000E+00   0.000     -2.50  0.0000E+00   0.000     -6.50  0.0000E+00   0.000
 -6.75  0.0000E+00   0.000     -2.75  0.3861E+06   5.587     -6.75  0.0000E+00   0.000
 -7.00  0.0000E+00   0.000     -3.00  0.2592E+06   5.414     -7.00  0.0000E+00   0.000
 -7.25  0.0000E+00   0.000     -3.25  0.2699E+06   5.431     -7.25  0.0000E+00   0.000
 -7.50  0.0000E+00   0.000     -3.50  0.2804E+06   5.448     -7.50  0.0000E+00   0.000
 -7.75  0.0000E+00   0.000     -3.75  0.2385E+06   5.377     -7.75  0.0000E+00   0.000
 -8.00  0.0000E+00   0.000     -4.00  0.2478E+06   5.394     -8.00  0.0000E+00   0.000
 -8.25  0.0000E+00   0.000     -4.25  0.2566E+06   5.409     -8.25  0.0000E+00   0.000
 -8.50  0.0000E+00   0.000     -4.50  0.1045E+06   5.019     -8.50  0.0000E+00   0.000
 -8.75  0.0000E+00   0.000     -4.75  0.4323E+06   5.636     -8.75  0.0000E+00   0.000
 -9.00  0.0000E+00   0.000     -5.00  0.2359E+06   5.373     -9.00  0.0000E+00   0.000
 -9.25  0.0000E+00   0.000     -5.25  0.9155E+05   4.962     -9.25  0.0000E+00   0.000
 -9.50  0.0000E+00   0.000     -5.50  0.2145E+06   5.331     -9.50  0.0000E+00   0.000
( Z, Y, Age) = 0.016900   0.274   1.000
 Mbol       dN       log dN    V       dN       log dN     I         dN       log dN
 12.75  0.7540E+05   4.877     16.75  0.3152E+05   4.499     12.75  0.3206E+06   5.506
 12.50  0.3756E+06   5.575     16.50  0.5522E+05   4.742     12.50  0.1656E+06   5.219
 12.25  0.5696E+06   5.756     16.25  0.8637E+05   4.936     12.25  0.8935E+05   4.951
 12.00  0.5470E+06   5.738     16.00  0.1161E+06   5.065     12.00  0.2979E+06   5.474
 11.75  0.6183E+06   5.791     15.75  0.3797E+06   5.579     11.75  0.1809E+06   5.257
 11.50  0.6155E+06   5.789     15.50  0.3848E+06   5.585     11.50  0.2261E+06   5.354
 11.25  0.6422E+06   5.808     15.25  0.3926E+06   5.594     11.25  0.2422E+06   5.384
 11.00  0.6408E+06   5.807     15.00  0.4054E+06   5.608     11.00  0.1886E+06   5.275
 10.75  0.6064E+06   5.783     14.75  0.3733E+06   5.572     10.75  0.1816E+06   5.259
 10.50  0.5080E+06   5.706     14.50  0.3341E+06   5.524     10.50  0.1719E+06   5.235
 10.25  0.4675E+06   5.670     14.25  0.4619E+06   5.665     10.25  0.1299E+06   5.114
 10.00  0.3892E+06   5.590     14.00  0.3237E+06   5.510     10.00  0.1248E+06   5.096
  9.75  0.3176E+06   5.502     13.75  0.4278E+06   5.631      9.75  0.9862E+05   4.994
  9.50  0.2824E+06   5.451     13.50  0.3471E+06   5.540      9.50  0.8051E+05   4.906
  9.25  0.2344E+06   5.370     13.25  0.3827E+06   5.583      9.25  0.7173E+05   4.856
  9.00  0.1916E+06   5.283     13.00  0.2704E+06   5.432      9.00  0.6402E+05   4.806
  8.75  0.1523E+06   5.183     12.75  0.2551E+06   5.407      8.75  0.5002E+05   4.699
  8.50  0.1223E+06   5.087     12.50  0.2399E+06   5.380      8.50  0.4236E+05   4.627
  8.25  0.1040E+06   5.017     12.25  0.2158E+06   5.334      8.25  0.3721E+05   4.571
  8.00  0.8549E+05   4.932     12.00  0.1705E+06   5.232      8.00  0.3418E+05   4.534
  7.75  0.6830E+05   4.834     11.75  0.2348E+06   5.371      7.75  0.2939E+05   4.468
  7.50  0.5761E+05   4.761     11.50  0.2010E+06   5.303      7.50  0.2836E+05   4.453
  7.25  0.4746E+05   4.676     11.25  0.2895E+06   5.462      7.25  0.2647E+05   4.423
  7.00  0.4339E+05   4.637     11.00  0.1741E+06   5.241      7.00  0.2473E+05   4.393
  6.75  0.3794E+05   4.579     10.75  0.2188E+06   5.340      6.75  0.2604E+05   4.416
  6.50  0.3388E+05   4.530     10.50  0.1515E+06   5.180      6.50  0.2326E+05   4.367
  6.25  0.3225E+05   4.509     10.25  0.1395E+06   5.144      6.25  0.2382E+05   4.377
  6.00  0.2940E+05   4.468     10.00  0.1374E+06   5.138      6.00  0.2212E+05   4.345
  5.75  0.2572E+05   4.410      9.75  0.9646E+05   4.984      5.75  0.2175E+05   4.337
  5.50  0.2278E+05   4.358      9.50  0.9000E+05   4.954      5.50  0.1917E+05   4.283
  5.25  0.2305E+05   4.363      9.25  0.8213E+05   4.914      5.25  0.1974E+05   4.295
  5.00  0.1936E+05   4.287      9.00  0.6142E+05   4.788      5.00  0.1703E+05   4.231
  4.75  0.1687E+05   4.227      8.75  0.5416E+05   4.734      4.75  0.1508E+05   4.178
  4.50  0.1499E+05   4.176      8.50  0.4534E+05   4.657      4.50  0.1376E+05   4.139
  4.25  0.1375E+05   4.138      8.25  0.4242E+05   4.628      4.25  0.1186E+05   4.074
  4.00  0.1148E+05   4.060      8.00  0.3401E+05   4.532      4.00  0.1048E+05   4.020
  3.75  0.9626E+04   3.983      7.75  0.3111E+05   4.493      3.75  0.8666E+04   3.938
  3.50  0.8408E+04   3.925      7.50  0.2737E+05   4.437      3.50  0.7856E+04   3.895
  3.25  0.7039E+04   3.847      7.25  0.2805E+05   4.448      3.25  0.5779E+04   3.762
  3.00  0.5798E+04   3.763      7.00  0.2585E+05   4.412      3.00  0.5539E+04   3.743
  2.75  0.5400E+04   3.732      6.75  0.2546E+05   4.406      2.75  0.5167E+04   3.713
  2.50  0.4647E+04   3.667      6.50  0.2440E+05   4.387      2.50  0.4339E+04   3.637
  2.25  0.4262E+04   3.630      6.25  0.2397E+05   4.380      2.25  0.3608E+04   3.557
  2.00  0.4176E+04   3.621      6.00  0.2217E+05   4.346      2.00  0.4638E+04   3.666
  1.75  0.3017E+04   3.480      5.75  0.2259E+05   4.354      1.75  0.2824E+04   3.451
  1.50  0.2435E+04   3.387      5.50  0.2001E+05   4.301      1.50  0.2338E+04   3.369
  1.25  0.1314E+04   3.119      5.25  0.1853E+05   4.268      1.25  0.1361E+04   3.134
  1.00  0.1007E+04   3.003      5.00  0.1836E+05   4.264      1.00  0.9185E+03   2.963
  0.75  0.3011E+03   2.479      4.75  0.1571E+05   4.196      0.75  0.2421E+04   3.384
  0.50  0.4280E+03   2.631      4.50  0.1393E+05   4.144      0.50  0.1576E+04   3.197
  0.25  0.3319E+04   3.521      4.25  0.1228E+05   4.089      0.25  0.2532E+03   2.403
  0.00  0.5298E+03   2.724      4.00  0.1082E+05   4.034      0.00  0.2167E+03   2.336
 -0.25  0.2159E+03   2.334      3.75  0.8859E+04   3.947     -0.25  0.1866E+03   2.271
 -0.50  0.2021E+03   2.306      3.50  0.8359E+04   3.922     -0.50  0.1676E+03   2.224
 -0.75  0.1615E+03   2.208      3.25  0.5986E+04   3.777     -0.75  0.1020E+03   2.009
 -1.00  0.1479E+03   2.170      3.00  0.5593E+04   3.748     -1.00  0.8440E+02   1.926
 -1.25  0.1374E+03   2.138      2.75  0.5175E+04   3.714     -1.25  0.6177E+02   1.791
 -1.50  0.8111E+02   1.909      2.50  0.4451E+04   3.648     -1.50  0.3160E+02   1.500
 -1.75  0.6618E+02   1.821      2.25  0.4129E+04   3.616     -1.75  0.1787E+02   1.252
 -2.00  0.5473E+02   1.738      2.00  0.4205E+04   3.624     -2.00  0.1709E+02   1.233
 -2.25  0.4446E+02   1.648      1.75  0.2940E+04   3.468     -2.25  0.8265E+00  -0.083
 -2.50  0.2104E+02   1.323      1.50  0.2524E+04   3.402     -2.50  0.0000E+00   0.000
 -2.75  0.1739E+02   1.240      1.25  0.1395E+04   3.144     -2.75  0.0000E+00   0.000
 -3.00  0.1476E+02   1.169      1.00  0.1022E+04   3.009     -3.00  0.0000E+00   0.000
 -3.25  0.1326E+02   1.123      0.75  0.1534E+04   3.186     -3.25  0.0000E+00   0.000
 -3.50  0.1136E+02   1.055      0.50  0.2485E+04   3.395     -3.50  0.0000E+00   0.000
 -3.75  0.6307E+01   0.800      0.25  0.2621E+03   2.419     -3.75  0.0000E+00   0.000
 -4.00  0.5603E+01   0.748      0.00  0.2279E+03   2.358     -4.00  0.0000E+00   0.000
 -4.25  0.4986E+01   0.698     -0.25  0.1871E+03   2.272     -4.25  0.0000E+00   0.000
 -4.50  0.4192E+01   0.622     -0.50  0.1859E+03   2.269     -4.50  0.0000E+00   0.000
 -4.75  0.3285E+01   0.517     -0.75  0.1124E+03   2.051     -4.75  0.0000E+00   0.000
 -5.00  0.2814E+01   0.449     -1.00  0.8685E+02   1.939     -5.00  0.0000E+00   0.000
 -5.25  0.2451E+01   0.389     -1.25  0.7475E+02   1.874     -5.25  0.0000E+00   0.000
 -5.50  0.1028E+01   0.012     -1.50  0.3555E+02   1.551     -5.50  0.0000E+00   0.000
 -5.75  0.0000E+00   0.000     -1.75  0.2196E+02   1.342     -5.75  0.0000E+00   0.000
 -6.00  0.0000E+00   0.000     -2.00  0.1585E+06   5.200     -6.00  0.0000E+00   0.000
 -6.25  0.0000E+00   0.000     -2.25 -0.7177E+05   0.000     -6.25  0.0000E+00   0.000
 -6.50  0.0000E+00   0.000     -2.50  0.3233E+06   5.510     -6.50  0.0000E+00   0.000
 -6.75  0.0000E+00   0.000     -2.75  0.4161E+06   5.619     -6.75  0.0000E+00   0.000
 -7.00  0.0000E+00   0.000     -3.00  0.2389E+06   5.378     -7.00  0.0000E+00   0.000
 -7.25  0.0000E+00   0.000     -3.25  0.5969E+06   5.776     -7.25  0.0000E+00   0.000
 -7.50  0.0000E+00   0.000     -3.50  0.4291E+06   5.633     -7.50  0.0000E+00   0.000
 -7.75  0.0000E+00   0.000     -3.75  0.3697E+06   5.568     -7.75  0.0000E+00   0.000
 -8.00  0.0000E+00   0.000     -4.00  0.2342E+06   5.370     -8.00  0.0000E+00   0.000
 -8.25  0.0000E+00   0.000     -4.25  0.5674E+06   5.754     -8.25  0.0000E+00   0.000
 -8.50  0.0000E+00   0.000     -4.50  0.2036E+05   4.309     -8.50  0.0000E+00   0.000
 -8.75  0.0000E+00   0.000     -4.75  0.8142E+06   5.911     -8.75  0.0000E+00   0.000
 -9.00  0.0000E+00   0.000     -5.00  0.8200E+05   4.914     -9.00  0.0000E+00   0.000
 -9.25  0.0000E+00   0.000     -5.25  0.5097E+06   5.707     -9.25  0.0000E+00   0.000
 -9.50  0.0000E+00   0.000     -5.50  0.2288E+06   5.359     -9.50  0.0000E+00   0.000
( Z, Y, Age) = 0.016900   0.274   1.995
 Mbol       dN       log dN    V       dN       log dN     I         dN       log dN
 12.75  0.1495E+06   5.175     16.75  0.5907E+05   4.771     12.75  0.3734E+06   5.572
 12.50  0.5581E+06   5.747     16.50  0.1039E+06   5.017     12.50  0.1848E+06   5.267
 12.25  0.7459E+06   5.873     16.25  0.1948E+06   5.290     12.25  0.2021E+06   5.306
 12.00  0.7329E+06   5.865     16.00  0.1693E+06   5.229     12.00  0.3192E+06   5.504
 11.75  0.8164E+06   5.912     15.75  0.5102E+06   5.708     11.75  0.2613E+06   5.417
 11.50  0.8259E+06   5.917     15.50  0.5152E+06   5.712     11.50  0.2587E+06   5.413
 11.25  0.8644E+06   5.937     15.25  0.5305E+06   5.725     11.25  0.2992E+06   5.476
 11.00  0.8554E+06   5.932     15.00  0.5510E+06   5.741     11.00  0.2345E+06   5.370
 10.75  0.7959E+06   5.901     14.75  0.4868E+06   5.687     10.75  0.2453E+06   5.390
 10.50  0.6796E+06   5.832     14.50  0.4920E+06   5.692     10.50  0.2142E+06   5.331
 10.25  0.6195E+06   5.792     14.25  0.5982E+06   5.777     10.25  0.1608E+06   5.206
 10.00  0.5146E+06   5.712     14.00  0.4256E+06   5.629     10.00  0.1553E+06   5.191
  9.75  0.4230E+06   5.626     13.75  0.5931E+06   5.773      9.75  0.1327E+06   5.123
  9.50  0.3701E+06   5.568     13.50  0.4720E+06   5.674      9.50  0.1020E+06   5.008
  9.25  0.3071E+06   5.487     13.25  0.4621E+06   5.665      9.25  0.9156E+05   4.962
  9.00  0.2518E+06   5.401     13.00  0.4343E+06   5.638      9.00  0.8176E+05   4.913
  8.75  0.2019E+06   5.305     12.75  0.3314E+06   5.520      8.75  0.6593E+05   4.819
  8.50  0.1632E+06   5.213     12.50  0.3187E+06   5.503      8.50  0.5632E+05   4.751
  8.25  0.1376E+06   5.138     12.25  0.2774E+06   5.443      8.25  0.4978E+05   4.697
  8.00  0.1132E+06   5.054     12.00  0.2429E+06   5.385      8.00  0.4514E+05   4.655
  7.75  0.9352E+05   4.971     11.75  0.2724E+06   5.435      7.75  0.3868E+05   4.587
  7.50  0.7715E+05   4.887     11.50  0.2763E+06   5.441      7.50  0.3703E+05   4.569
  7.25  0.6296E+05   4.799     11.25  0.3122E+06   5.494      7.25  0.3491E+05   4.543
  7.00  0.5878E+05   4.769     11.00  0.2440E+06   5.387      7.00  0.3329E+05   4.522
  6.75  0.4997E+05   4.699     10.75  0.2762E+06   5.441      6.75  0.3445E+05   4.537
  6.50  0.4649E+05   4.667     10.50  0.1895E+06   5.278      6.50  0.3114E+05   4.493
  6.25  0.4259E+05   4.629     10.25  0.1764E+06   5.246      6.25  0.3130E+05   4.496
  6.00  0.4014E+05   4.604     10.00  0.1817E+06   5.259      6.00  0.2964E+05   4.472
  5.75  0.3460E+05   4.539      9.75  0.1194E+06   5.077      5.75  0.2915E+05   4.465
  5.50  0.3166E+05   4.501      9.50  0.1141E+06   5.057      5.50  0.2623E+05   4.419
  5.25  0.3158E+05   4.499      9.25  0.1039E+06   5.017      5.25  0.2742E+05   4.438
  5.00  0.2665E+05   4.426      9.00  0.8127E+05   4.910      5.00  0.2356E+05   4.372
  4.75  0.2371E+05   4.375      8.75  0.7263E+05   4.861      4.75  0.2124E+05   4.327
  4.50  0.2146E+05   4.332      8.50  0.5913E+05   4.772      4.50  0.1971E+05   4.295
  4.25  0.1986E+05   4.298      8.25  0.5476E+05   4.738      4.25  0.1762E+05   4.246
  4.00  0.1742E+05   4.241      8.00  0.4503E+05   4.653      4.00  0.1616E+05   4.208
  3.75  0.1565E+05   4.194      7.75  0.4097E+05   4.612      3.75  0.1409E+05   4.149
  3.50  0.1426E+05   4.154      7.50  0.3644E+05   4.562      3.50  0.1281E+05   4.107
  3.25  0.1211E+05   4.083      7.25  0.3677E+05   4.566      3.25  0.1186E+05   4.074
  3.00  0.1008E+05   4.004      7.00  0.3419E+05   4.534      3.00  0.9786E+04   3.991
  2.75  0.9191E+04   3.963      6.75  0.3373E+05   4.528      2.75  0.9205E+04   3.964
  2.50  0.7539E+04   3.877      6.50  0.3278E+05   4.516      2.50  0.6423E+04   3.808
  2.25  0.6687E+04   3.825      6.25  0.3205E+05   4.506      2.25  0.6338E+04   3.802
  2.00  0.6045E+04   3.781      6.00  0.2970E+05   4.473      2.00  0.5791E+04   3.763
  1.75  0.3437E+04   3.536      5.75  0.3008E+05   4.478      1.75  0.3166E+04   3.500
  1.50  0.2811E+04   3.449      5.50  0.2716E+05   4.434      1.50  0.2634E+04   3.421
  1.25  0.1600E+04   3.204      5.25  0.2554E+05   4.407      1.25  0.1605E+04   3.206
  1.00  0.1273E+04   3.105      5.00  0.2522E+05   4.402      1.00  0.1123E+04   3.050
  0.75  0.5137E+03   2.711      4.75  0.2241E+05   4.350      0.75  0.3916E+04   3.593
  0.50  0.6060E+03   2.782      4.50  0.1994E+05   4.300      0.50  0.2044E+04   3.311
  0.25  0.4857E+04   3.686      4.25  0.1808E+05   4.257      0.25  0.4197E+03   2.623
  0.00  0.9149E+03   2.961      4.00  0.1649E+05   4.217      0.00  0.3546E+03   2.550
 -0.25  0.3523E+03   2.547      3.75  0.1427E+05   4.154     -0.25  0.2834E+03   2.452
 -0.50  0.3397E+03   2.531      3.50  0.1423E+05   4.153     -0.50  0.2522E+03   2.402
 -0.75  0.2740E+03   2.438      3.25  0.1128E+05   4.052     -0.75  0.1747E+03   2.242
 -1.00  0.2228E+03   2.348      3.00  0.9755E+04   3.989     -1.00  0.1521E+03   2.182
 -1.25  0.2034E+03   2.308      2.75  0.9480E+04   3.977     -1.25  0.1677E+03   2.224
 -1.50  0.1383E+03   2.141      2.50  0.6937E+04   3.841     -1.50  0.4455E+02   1.649
 -1.75  0.1174E+03   2.070      2.25  0.6684E+04   3.825     -1.75  0.1787E+02   1.252
 -2.00  0.9565E+02   1.981      2.00  0.5749E+04   3.760     -2.00  0.1709E+02   1.233
 -2.25  0.7969E+02   1.901      1.75  0.3300E+04   3.518     -2.25  0.8265E+00  -0.083
 -2.50  0.5146E+02   1.711      1.50  0.2814E+04   3.449     -2.50  0.0000E+00   0.000
 -2.75  0.4372E+02   1.641      1.25  0.1652E+04   3.218     -2.75  0.0000E+00   0.000
 -3.00  0.3787E+02   1.578      1.00  0.1237E+04   3.092     -3.00  0.0000E+00   0.000
 -3.25  0.3502E+02   1.544      0.75  0.2594E+04   3.414     -3.25  0.0000E+00   0.000
 -3.50  0.2906E+02   1.463      0.50  0.3394E+04   3.531     -3.50  0.0000E+00   0.000
 -3.75  0.1004E+02   1.002      0.25  0.4244E+03   2.628     -3.75  0.0000E+00   0.000
 -4.00  0.8294E+01   0.919      0.00  0.3881E+03   2.589     -4.00  0.0000E+00   0.000
 -4.25  0.7381E+01   0.868     -0.25  0.2864E+03   2.457     -4.25  0.0000E+00   0.000
 -4.50  0.6280E+01   0.798     -0.50  0.2771E+03   2.443     -4.50  0.0000E+00   0.000
 -4.75  0.5106E+01   0.708     -0.75  0.1855E+03   2.268     -4.75  0.0000E+00   0.000
 -5.00  0.4401E+01   0.644     -1.00  0.1561E+03   2.193     -5.00  0.0000E+00   0.000
 -5.25  0.3470E+01   0.540     -1.25  0.1673E+03   2.223     -5.25  0.0000E+00   0.000
 -5.50  0.1028E+01   0.012     -1.50  0.8304E+02   1.919     -5.50  0.0000E+00   0.000
 -5.75  0.0000E+00   0.000     -1.75  0.2196E+02   1.342     -5.75  0.0000E+00   0.000
 -6.00  0.0000E+00   0.000     -2.00  0.2978E+06   5.474     -6.00  0.0000E+00   0.000
 -6.25  0.0000E+00   0.000     -2.25  0.3808E+05   4.581     -6.25  0.0000E+00   0.000
 -6.50  0.0000E+00   0.000     -2.50  0.2957E+06   5.471     -6.50  0.0000E+00   0.000
 -6.75  0.0000E+00   0.000     -2.75  0.6436E+06   5.809     -6.75  0.0000E+00   0.000
 -7.00  0.0000E+00   0.000     -3.00  0.3558E+06   5.551     -7.00  0.0000E+00   0.000
 -7.25  0.0000E+00   0.000     -3.25  0.7388E+06   5.869     -7.25  0.0000E+00   0.000
 -7.50  0.0000E+00   0.000     -3.50  0.4083E+06   5.611     -7.50  0.0000E+00   0.000
 -7.75  0.0000E+00   0.000     -3.75  0.7175E+06   5.856     -7.75  0.0000E+00   0.000
 -8.00  0.0000E+00   0.000     -4.00  0.3670E+06   5.565     -8.00  0.0000E+00   0.000
 -8.25  0.0000E+00   0.000     -4.25  0.6770E+06   5.831     -8.25  0.0000E+00   0.000
 -8.50  0.0000E+00   0.000     -4.50 -0.1953E+04   0.000     -8.50  0.0000E+00   0.000
 -8.75  0.0000E+00   0.000     -4.75  0.1142E+07   6.058     -8.75  0.0000E+00   0.000
 -9.00  0.0000E+00   0.000     -5.00  0.1641E+06   5.215     -9.00  0.0000E+00   0.000
 -9.25  0.0000E+00   0.000     -5.25  0.4949E+06   5.694     -9.25  0.0000E+00   0.000
 -9.50  0.0000E+00   0.000     -5.50  0.4876E+06   5.688     -9.50  0.0000E+00   0.000
( Z, Y, Age) = 0.016900   0.274   5.012
 Mbol       dN       log dN    V       dN       log dN     I         dN       log dN
 12.75  0.2272E+06   5.357     16.75  0.8221E+05   4.915     12.75  0.4560E+06   5.659
 12.50  0.7282E+06   5.862     16.50  0.1458E+06   5.164     12.50  0.2178E+06   5.338
 12.25  0.9198E+06   5.964     16.25  0.3168E+06   5.501     12.25  0.3150E+06   5.498
 12.00  0.9371E+06   5.972     16.00  0.2445E+06   5.388     12.00  0.3405E+06   5.532
 11.75  0.1002E+07   6.001     15.75  0.6045E+06   5.781     11.75  0.3408E+06   5.533
 11.50  0.1047E+07   6.020     15.50  0.6474E+06   5.811     11.50  0.2949E+06   5.470
 11.25  0.1087E+07   6.036     15.25  0.6717E+06   5.827     11.25  0.3491E+06   5.543
 11.00  0.1055E+07   6.023     15.00  0.6991E+06   5.845     11.00  0.2989E+06   5.475
 10.75  0.9819E+06   5.992     14.75  0.6112E+06   5.786     10.75  0.2932E+06   5.467
 10.50  0.8475E+06   5.928     14.50  0.6158E+06   5.789     10.50  0.2557E+06   5.408
 10.25  0.7679E+06   5.885     14.25  0.7632E+06   5.883     10.25  0.1966E+06   5.294
 10.00  0.6511E+06   5.814     14.00  0.5505E+06   5.741     10.00  0.1862E+06   5.270
  9.75  0.5290E+06   5.723     13.75  0.7158E+06   5.855      9.75  0.1608E+06   5.206
  9.50  0.4591E+06   5.662     13.50  0.5809E+06   5.764      9.50  0.1265E+06   5.102
  9.25  0.3808E+06   5.581     13.25  0.6077E+06   5.784      9.25  0.1126E+06   5.051
  9.00  0.3121E+06   5.494     13.00  0.5404E+06   5.733      9.00  0.9919E+05   4.996
  8.75  0.2509E+06   5.399     12.75  0.4219E+06   5.625      8.75  0.8145E+05   4.911
  8.50  0.2029E+06   5.307     12.50  0.3987E+06   5.601      8.50  0.7032E+05   4.847
  8.25  0.1733E+06   5.239     12.25  0.3528E+06   5.548      8.25  0.6167E+05   4.790
  8.00  0.1404E+06   5.148     12.00  0.2838E+06   5.453      8.00  0.5567E+05   4.746
  7.75  0.1151E+06   5.061     11.75  0.3564E+06   5.552      7.75  0.4795E+05   4.681
  7.50  0.9831E+05   4.993     11.50  0.2972E+06   5.473      7.50  0.4550E+05   4.658
  7.25  0.7858E+05   4.895     11.25  0.3943E+06   5.596      7.25  0.4299E+05   4.633
  7.00  0.7283E+05   4.862     11.00  0.2819E+06   5.450      7.00  0.4157E+05   4.619
  6.75  0.6320E+05   4.801     10.75  0.3290E+06   5.517      6.75  0.4266E+05   4.630
  6.50  0.5772E+05   4.761     10.50  0.2353E+06   5.372      6.50  0.3847E+05   4.585
  6.25  0.5307E+05   4.725     10.25  0.2178E+06   5.338      6.25  0.3867E+05   4.587
  6.00  0.4965E+05   4.696     10.00  0.2180E+06   5.338      6.00  0.3700E+05   4.568
  5.75  0.4370E+05   4.641      9.75  0.1458E+06   5.164      5.75  0.3566E+05   4.552
  5.50  0.3913E+05   4.592      9.50  0.1386E+06   5.142      5.50  0.3300E+05   4.519
  5.25  0.3986E+05   4.601      9.25  0.1255E+06   5.099      5.25  0.3443E+05   4.537
  5.00  0.3312E+05   4.520      9.00  0.9992E+05   5.000      5.00  0.2951E+05   4.470
  4.75  0.3055E+05   4.485      8.75  0.8892E+05   4.949      4.75  0.2715E+05   4.434
  4.50  0.2780E+05   4.444      8.50  0.7346E+05   4.866      4.50  0.2560E+05   4.408
  4.25  0.2542E+05   4.405      8.25  0.6724E+05   4.828      4.25  0.2289E+05   4.360
  4.00  0.2235E+05   4.349      8.00  0.5610E+05   4.749      4.00  0.2018E+05   4.305
  3.75  0.1923E+05   4.284      7.75  0.5135E+05   4.710      3.75  0.1727E+05   4.237
  3.50  0.1754E+05   4.244      7.50  0.4554E+05   4.658      3.50  0.1746E+05   4.242
  3.25  0.1626E+05   4.211      7.25  0.4503E+05   4.654      3.25  0.1620E+05   4.210
  3.00  0.1309E+05   4.117      7.00  0.4198E+05   4.623      3.00  0.1084E+05   4.035
  2.75  0.9633E+04   3.984      6.75  0.4192E+05   4.622      2.75  0.9606E+04   3.983
  2.50  0.7913E+04   3.898      6.50  0.4105E+05   4.613      2.50  0.6776E+04   3.831
  2.25  0.7078E+04   3.850      6.25  0.3909E+05   4.592      2.25  0.6577E+04   3.818
  2.00  0.6327E+04   3.801      6.00  0.3686E+05   4.567      2.00  0.6013E+04   3.779
  1.75  0.3651E+04   3.562      5.75  0.3731E+05   4.572      1.75  0.3335E+04   3.523
  1.50  0.3023E+04   3.480      5.50  0.3366E+05   4.527      1.50  0.2772E+04   3.443
  1.25  0.1744E+04   3.242      5.25  0.3224E+05   4.508      1.25  0.1746E+04   3.242
  1.00  0.1407E+04   3.148      5.00  0.3190E+05   4.504      1.00  0.1298E+04   3.113
  0.75  0.6245E+03   2.796      4.75  0.2828E+05   4.452      0.75  0.4777E+04   3.679
  0.50  0.7247E+03   2.860      4.50  0.2578E+05   4.411      0.50  0.2170E+04   3.336
  0.25  0.5678E+04   3.754      4.25  0.2342E+05   4.370      0.25  0.4981E+03   2.697
  0.00  0.1129E+04   3.053      4.00  0.2087E+05   4.319      0.00  0.4210E+03   2.624
 -0.25  0.4135E+03   2.617      3.75  0.1748E+05   4.243     -0.25  0.3435E+03   2.536
 -0.50  0.4009E+03   2.603      3.50  0.1857E+05   4.269     -0.50  0.3246E+03   2.511
 -0.75  0.3180E+03   2.502      3.25  0.1577E+05   4.198     -0.75  0.2135E+03   2.329
 -1.00  0.2654E+03   2.424      3.00  0.1148E+05   4.060     -1.00  0.1521E+03   2.182
 -1.25  0.2359E+03   2.373      2.75  0.9911E+04   3.996     -1.25  0.1677E+03   2.224
 -1.50  0.1672E+03   2.223      2.50  0.7258E+04   3.861     -1.50  0.4455E+02   1.649
 -1.75  0.1422E+03   2.153      2.25  0.6972E+04   3.843     -1.75  0.1787E+02   1.252
 -2.00  0.1156E+03   2.063      2.00  0.5966E+04   3.776     -2.00  0.1709E+02   1.233
 -2.25  0.9852E+02   1.994      1.75  0.3479E+04   3.541     -2.25  0.8265E+00  -0.083
 -2.50  0.6668E+02   1.824      1.50  0.2970E+04   3.473     -2.50  0.0000E+00   0.000
 -2.75  0.5690E+02   1.755      1.25  0.1775E+04   3.249     -2.75  0.0000E+00   0.000
 -3.00  0.5029E+02   1.701      1.00  0.1416E+04   3.151     -3.00  0.0000E+00   0.000
 -3.25  0.4528E+02   1.656      0.75  0.3244E+04   3.511     -3.25  0.0000E+00   0.000
 -3.50  0.3840E+02   1.584      0.50  0.3748E+04   3.574     -3.50  0.0000E+00   0.000
 -3.75  0.1528E+02   1.184      0.25  0.5057E+03   2.704     -3.75  0.0000E+00   0.000
 -4.00  0.9445E+01   0.975      0.00  0.4567E+03   2.660     -4.00  0.0000E+00   0.000
 -4.25  0.8383E+01   0.923     -0.25  0.3472E+03   2.541     -4.25  0.0000E+00   0.000
 -4.50  0.7152E+01   0.854     -0.50  0.3371E+03   2.528     -4.50  0.0000E+00   0.000
 -4.75  0.5865E+01   0.768     -0.75  0.2564E+03   2.409     -4.75  0.0000E+00   0.000
 -5.00  0.4967E+01   0.696     -1.00  0.1562E+03   2.194     -5.00  0.0000E+00   0.000
 -5.25  0.3529E+01   0.548     -1.25  0.1673E+03   2.223     -5.25  0.0000E+00   0.000
 -5.50  0.1028E+01   0.012     -1.50  0.8304E+02   1.919     -5.50  0.0000E+00   0.000
 -5.75  0.0000E+00   0.000     -1.75  0.2196E+02   1.342     -5.75  0.0000E+00   0.000
 -6.00  0.0000E+00   0.000     -2.00  0.4161E+06   5.619     -6.00  0.0000E+00   0.000
 -6.25  0.0000E+00   0.000     -2.25  0.1621E+06   5.210     -6.25  0.0000E+00   0.000
 -6.50  0.0000E+00   0.000     -2.50  0.3689E+06   5.567     -6.50  0.0000E+00   0.000
 -6.75  0.0000E+00   0.000     -2.75  0.6391E+06   5.806     -6.75  0.0000E+00   0.000
 -7.00  0.0000E+00   0.000     -3.00  0.5825E+06   5.765     -7.00  0.0000E+00   0.000
 -7.25  0.0000E+00   0.000     -3.25  0.8840E+06   5.946     -7.25  0.0000E+00   0.000
 -7.50  0.0000E+00   0.000     -3.50  0.5604E+06   5.748     -7.50  0.0000E+00   0.000
 -7.75  0.0000E+00   0.000     -3.75  0.8733E+06   5.941     -7.75  0.0000E+00   0.000
 -8.00  0.0000E+00   0.000     -4.00  0.5096E+06   5.707     -8.00  0.0000E+00   0.000
 -8.25  0.0000E+00   0.000     -4.25  0.8091E+06   5.908     -8.25  0.0000E+00   0.000
 -8.50  0.0000E+00   0.000     -4.50  0.1236E+06   5.092     -8.50  0.0000E+00   0.000
 -8.75  0.0000E+00   0.000     -4.75  0.1120E+07   6.049     -8.75  0.0000E+00   0.000
 -9.00  0.0000E+00   0.000     -5.00  0.4738E+06   5.676     -9.00  0.0000E+00   0.000
 -9.25  0.0000E+00   0.000     -5.25  0.5880E+06   5.769     -9.25  0.0000E+00   0.000
 -9.50  0.0000E+00   0.000     -5.50  0.5737E+06   5.759     -9.50  0.0000E+00   0.000
( Z, Y, Age) = 0.016900   0.274  10.000
 Mbol       dN       log dN    V       dN       log dN     I         dN       log dN
 12.75  0.3051E+06   5.484     16.75  0.1038E+06   5.016     12.75  0.7779E+06   5.891
 12.50  0.8922E+06   5.950     16.50  0.1932E+06   5.286     12.50  0.1503E+06   5.177
 12.25  0.1110E+07   6.045     16.25  0.4251E+06   5.628     12.25  0.4126E+06   5.616
 12.00  0.1115E+07   6.047     16.00  0.3323E+06   5.522     12.00  0.3701E+06   5.568
 11.75  0.1216E+07   6.085     15.75  0.6946E+06   5.842     11.75  0.4173E+06   5.620
 11.50  0.1253E+07   6.098     15.50  0.7793E+06   5.892     11.50  0.3372E+06   5.528
 11.25  0.1290E+07   6.111     15.25  0.8088E+06   5.908     11.25  0.3913E+06   5.593
 11.00  0.1284E+07   6.108     15.00  0.8462E+06   5.927     11.00  0.3653E+06   5.563
 10.75  0.1164E+07   6.066     14.75  0.7587E+06   5.880     10.75  0.3449E+06   5.538
 10.50  0.1011E+07   6.005     14.50  0.7387E+06   5.868     10.50  0.2977E+06   5.474
 10.25  0.9128E+06   5.960     14.25  0.8885E+06   5.949     10.25  0.2324E+06   5.366
 10.00  0.7850E+06   5.895     14.00  0.6782E+06   5.831     10.00  0.2165E+06   5.336
  9.75  0.6406E+06   5.807     13.75  0.8430E+06   5.926      9.75  0.1872E+06   5.272
  9.50  0.5473E+06   5.738     13.50  0.7362E+06   5.867      9.50  0.1502E+06   5.177
  9.25  0.4539E+06   5.657     13.25  0.7149E+06   5.854      9.25  0.1328E+06   5.123
  9.00  0.3719E+06   5.570     13.00  0.6424E+06   5.808      9.00  0.1165E+06   5.066
  8.75  0.2998E+06   5.477     12.75  0.5186E+06   5.715      8.75  0.9639E+05   4.984
  8.50  0.2476E+06   5.394     12.50  0.4934E+06   5.693      8.50  0.8340E+05   4.921
  8.25  0.2035E+06   5.308     12.25  0.4090E+06   5.612      8.25  0.7300E+05   4.863
  8.00  0.1675E+06   5.224     12.00  0.3360E+06   5.526      8.00  0.6673E+05   4.824
  7.75  0.1378E+06   5.139     11.75  0.4343E+06   5.638      7.75  0.5686E+05   4.755
  7.50  0.1169E+06   5.068     11.50  0.3263E+06   5.514      7.50  0.5355E+05   4.729
  7.25  0.9391E+05   4.973     11.25  0.4645E+06   5.667      7.25  0.5060E+05   4.704
  7.00  0.8682E+05   4.939     11.00  0.3282E+06   5.516      7.00  0.5013E+05   4.700
  6.75  0.7567E+05   4.879     10.75  0.3826E+06   5.583      6.75  0.4957E+05   4.695
  6.50  0.6864E+05   4.837     10.50  0.2813E+06   5.449      6.50  0.4545E+05   4.658
  6.25  0.6293E+05   4.799     10.25  0.2569E+06   5.410      6.25  0.4602E+05   4.663
  6.00  0.5837E+05   4.766     10.00  0.2511E+06   5.400      6.00  0.4311E+05   4.635
  5.75  0.5170E+05   4.714      9.75  0.1743E+06   5.241      5.75  0.4246E+05   4.628
  5.50  0.4710E+05   4.673      9.50  0.1638E+06   5.214      5.50  0.3903E+05   4.591
  5.25  0.4605E+05   4.663      9.25  0.1470E+06   5.167      5.25  0.3995E+05   4.602
  5.00  0.3984E+05   4.600      9.00  0.1183E+06   5.073      5.00  0.3492E+05   4.543
  4.75  0.3610E+05   4.557      8.75  0.1046E+06   5.020      4.75  0.3225E+05   4.509
  4.50  0.3254E+05   4.512      8.50  0.8714E+05   4.940      4.50  0.2999E+05   4.477
  4.25  0.2907E+05   4.463      8.25  0.7912E+05   4.898      4.25  0.2640E+05   4.422
  4.00  0.2603E+05   4.416      8.00  0.6642E+05   4.822      4.00  0.2483E+05   4.395
  3.75  0.2283E+05   4.358      7.75  0.6099E+05   4.785      3.75  0.1909E+05   4.281
  3.50  0.1868E+05   4.271      7.50  0.5493E+05   4.740      3.50  0.1789E+05   4.253
  3.25  0.1670E+05   4.223      7.25  0.5274E+05   4.722      3.25  0.1663E+05   4.221
  3.00  0.1345E+05   4.129      7.00  0.4938E+05   4.694      3.00  0.1117E+05   4.048
  2.75  0.1002E+05   4.001      6.75  0.5036E+05   4.702      2.75  0.9863E+04   3.994
  2.50  0.8220E+04   3.915      6.50  0.4773E+05   4.679      2.50  0.6963E+04   3.843
  2.25  0.7313E+04   3.864      6.25  0.4617E+05   4.664      2.25  0.6754E+04   3.830
  2.00  0.6502E+04   3.813      6.00  0.4379E+05   4.641      2.00  0.6135E+04   3.788
  1.75  0.3795E+04   3.579      5.75  0.4329E+05   4.636      1.75  0.3458E+04   3.539
  1.50  0.3162E+04   3.500      5.50  0.4046E+05   4.607      1.50  0.2902E+04   3.463
  1.25  0.1843E+04   3.266      5.25  0.3792E+05   4.579      1.25  0.1881E+04   3.274
  1.00  0.1491E+04   3.173      5.00  0.3731E+05   4.572      1.00  0.1401E+04   3.146
  0.75  0.7492E+03   2.875      4.75  0.3340E+05   4.524      0.75  0.5261E+04   3.721
  0.50  0.8311E+03   2.920      4.50  0.3025E+05   4.481      0.50  0.2233E+04   3.349
  0.25  0.6140E+04   3.788      4.25  0.2690E+05   4.430      0.25  0.5533E+03   2.743
  0.00  0.1225E+04   3.088      4.00  0.2529E+05   4.403      0.00  0.4791E+03   2.680
 -0.25  0.4585E+03   2.661      3.75  0.2027E+05   4.307     -0.25  0.4011E+03   2.603
 -0.50  0.4412E+03   2.645      3.50  0.1902E+05   4.279     -0.50  0.3246E+03   2.511
 -0.75  0.3482E+03   2.542      3.25  0.1624E+05   4.211     -0.75  0.2135E+03   2.329
 -1.00  0.2951E+03   2.470      3.00  0.1180E+05   4.072     -1.00  0.1521E+03   2.182
 -1.25  0.2570E+03   2.410      2.75  0.1019E+05   4.008     -1.25  0.1677E+03   2.224
 -1.50  0.1886E+03   2.276      2.50  0.7472E+04   3.873     -1.50  0.4455E+02   1.649
 -1.75  0.1575E+03   2.197      2.25  0.7135E+04   3.853     -1.75  0.1787E+02   1.252
 -2.00  0.1314E+03   2.118      2.00  0.6114E+04   3.786     -2.00  0.1709E+02   1.233
 -2.25  0.1101E+03   2.042      1.75  0.3593E+04   3.555     -2.25  0.8265E+00  -0.083
 -2.50  0.7849E+02   1.895      1.50  0.3083E+04   3.489     -2.50  0.0000E+00   0.000
 -2.75  0.6597E+02   1.819      1.25  0.1944E+04   3.289     -2.75  0.0000E+00   0.000
 -3.00  0.5896E+02   1.771      1.00  0.1488E+04   3.173     -3.00  0.0000E+00   0.000
 -3.25  0.5265E+02   1.721      0.75  0.3663E+04   3.564     -3.25  0.0000E+00   0.000
 -3.50  0.4507E+02   1.654      0.50  0.3907E+04   3.592     -3.50  0.0000E+00   0.000
 -3.75  0.1993E+02   1.299      0.25  0.5621E+03   2.750     -3.75  0.0000E+00   0.000
 -4.00  0.1001E+02   1.000      0.00  0.5083E+03   2.706     -4.00  0.0000E+00   0.000
 -4.25  0.8862E+01   0.948     -0.25  0.4202E+03   2.623     -4.25  0.0000E+00   0.000
 -4.50  0.7569E+01   0.879     -0.50  0.3462E+03   2.539     -4.50  0.0000E+00   0.000
 -4.75  0.6229E+01   0.794     -0.75  0.2564E+03   2.409     -4.75  0.0000E+00   0.000
 -5.00  0.5133E+01   0.710     -1.00  0.1562E+03   2.194     -5.00  0.0000E+00   0.000
 -5.25  0.3529E+01   0.548     -1.25  0.1673E+03   2.223     -5.25  0.0000E+00   0.000
 -5.50  0.1028E+01   0.012     -1.50  0.8304E+02   1.919     -5.50  0.0000E+00   0.000
 -5.75  0.0000E+00   0.000     -1.75  0.2196E+02   1.342     -5.75  0.0000E+00   0.000
 -6.00  0.0000E+00   0.000     -2.00  0.5271E+06   5.722     -6.00  0.0000E+00   0.000
 -6.25  0.0000E+00   0.000     -2.25  0.2884E+06   5.460     -6.25  0.0000E+00   0.000
 -6.50  0.0000E+00   0.000     -2.50  0.4463E+06   5.650     -6.50  0.0000E+00   0.000
 -6.75  0.0000E+00   0.000     -2.75  0.6153E+06   5.789     -6.75  0.0000E+00   0.000
 -7.00  0.0000E+00   0.000     -3.00  0.9487E+06   5.977     -7.00  0.0000E+00   0.000
 -7.25  0.0000E+00   0.000     -3.25  0.9063E+06   5.957     -7.25  0.0000E+00   0.000
 -7.50  0.0000E+00   0.000     -3.50  0.7121E+06   5.853     -7.50  0.0000E+00   0.000
 -7.75  0.0000E+00   0.000     -3.75  0.1025E+07   6.011     -7.75  0.0000E+00   0.000
 -8.00  0.0000E+00   0.000     -4.00  0.6341E+06   5.802     -8.00  0.0000E+00   0.000
 -8.25  0.0000E+00   0.000     -4.25  0.8052E+06   5.906     -8.25  0.0000E+00   0.000
 -8.50  0.0000E+00   0.000     -4.50  0.4126E+06   5.616     -8.50  0.0000E+00   0.000
 -8.75  0.0000E+00   0.000     -4.75  0.1253E+07   6.098     -8.75  0.0000E+00   0.000
 -9.00  0.0000E+00   0.000     -5.00  0.5928E+06   5.773     -9.00  0.0000E+00   0.000
 -9.25  0.0000E+00   0.000     -5.25  0.6882E+06   5.838     -9.25  0.0000E+00   0.000
 -9.50  0.0000E+00   0.000     -5.50  0.5522E+06   5.742     -9.50  0.0000E+00   0.000
( Z, Y, Age) = 0.016900   0.274  17.783
 Mbol       dN       log dN    V       dN       log dN     I         dN       log dN
 12.75  0.3826E+06   5.583     16.75  0.1241E+06   5.094     12.75  0.9240E+06   5.966
 12.50  0.1055E+07   6.023     16.50  0.2467E+06   5.392     12.50  0.1153E+06   5.062
 12.25  0.1301E+07   6.114     16.25  0.5181E+06   5.714     12.25  0.5041E+06   5.703
 12.00  0.1299E+07   6.113     16.00  0.4326E+06   5.636     12.00  0.4082E+06   5.611
 11.75  0.1415E+07   6.151     15.75  0.7805E+06   5.892     11.75  0.4804E+06   5.682
 11.50  0.1468E+07   6.167     15.50  0.9071E+06   5.958     11.50  0.3968E+06   5.599
 11.25  0.1500E+07   6.176     15.25  0.9606E+06   5.983     11.25  0.4299E+06   5.633
 11.00  0.1478E+07   6.170     15.00  0.9933E+06   5.997     11.00  0.4267E+06   5.630
 10.75  0.1372E+07   6.137     14.75  0.8817E+06   5.945     10.75  0.3969E+06   5.599
 10.50  0.1173E+07   6.069     14.50  0.8633E+06   5.936     10.50  0.3415E+06   5.533
 10.25  0.1055E+07   6.023     14.25  0.1025E+07   6.011     10.25  0.2689E+06   5.430
 10.00  0.9211E+06   5.964     14.00  0.8188E+06   5.913     10.00  0.2463E+06   5.391
  9.75  0.7512E+06   5.876     13.75  0.9693E+06   5.986      9.75  0.2133E+06   5.329
  9.50  0.6363E+06   5.804     13.50  0.8585E+06   5.934      9.50  0.1729E+06   5.238
  9.25  0.5269E+06   5.722     13.25  0.8298E+06   5.919      9.25  0.1518E+06   5.181
  9.00  0.4356E+06   5.639     13.00  0.7512E+06   5.876      9.00  0.1328E+06   5.123
  8.75  0.3505E+06   5.545     12.75  0.6193E+06   5.792      8.75  0.1107E+06   5.044
  8.50  0.2833E+06   5.452     12.50  0.5901E+06   5.771      8.50  0.9576E+05   4.981
  8.25  0.2381E+06   5.377     12.25  0.4620E+06   5.665      8.25  0.8402E+05   4.924
  8.00  0.1909E+06   5.281     12.00  0.3842E+06   5.585      8.00  0.7779E+05   4.891
  7.75  0.1611E+06   5.207     11.75  0.5196E+06   5.716      7.75  0.6539E+05   4.816
  7.50  0.1339E+06   5.127     11.50  0.3620E+06   5.559      7.50  0.6113E+05   4.786
  7.25  0.1091E+06   5.038     11.25  0.5158E+06   5.712      7.25  0.5864E+05   4.768
  7.00  0.1003E+06   5.001     11.00  0.3887E+06   5.590      7.00  0.5697E+05   4.756
  6.75  0.8734E+05   4.941     10.75  0.4370E+06   5.640      6.75  0.5622E+05   4.750
  6.50  0.7869E+05   4.896     10.50  0.3273E+06   5.515      6.50  0.5218E+05   4.718
  6.25  0.7191E+05   4.857     10.25  0.2954E+06   5.470      6.25  0.5168E+05   4.713
  6.00  0.6663E+05   4.824     10.00  0.2828E+06   5.451      6.00  0.4955E+05   4.695
  5.75  0.5863E+05   4.768      9.75  0.2007E+06   5.302      5.75  0.4754E+05   4.677
  5.50  0.5316E+05   4.726      9.50  0.1877E+06   5.273      5.50  0.4409E+05   4.644
  5.25  0.5223E+05   4.718      9.25  0.1674E+06   5.224      5.25  0.4502E+05   4.653
  5.00  0.4458E+05   4.649      9.00  0.1360E+06   5.134      5.00  0.3863E+05   4.587
  4.75  0.3957E+05   4.597      8.75  0.1208E+06   5.082      4.75  0.3577E+05   4.554
  4.50  0.3611E+05   4.558      8.50  0.1000E+06   5.000      4.50  0.3380E+05   4.529
  4.25  0.3182E+05   4.503      8.25  0.9051E+05   4.957      4.25  0.2744E+05   4.438
  4.00  0.2699E+05   4.431      8.00  0.7650E+05   4.884      4.00  0.2529E+05   4.403
  3.75  0.2331E+05   4.368      7.75  0.7073E+05   4.850      3.75  0.1957E+05   4.292
  3.50  0.1908E+05   4.281      7.50  0.6357E+05   4.803      3.50  0.1824E+05   4.261
  3.25  0.1715E+05   4.234      7.25  0.5987E+05   4.777      3.25  0.1693E+05   4.229
  3.00  0.1378E+05   4.139      7.00  0.5722E+05   4.758      3.00  0.1136E+05   4.056
  2.75  0.1027E+05   4.012      6.75  0.5687E+05   4.755      2.75  0.1002E+05   4.001
  2.50  0.8430E+04   3.926      6.50  0.5453E+05   4.737      2.50  0.7113E+04   3.852
  2.25  0.7463E+04   3.873      6.25  0.5234E+05   4.719      2.25  0.6857E+04   3.836
  2.00  0.6625E+04   3.821      6.00  0.4951E+05   4.695      2.00  0.6245E+04   3.796
  1.75  0.3897E+04   3.591      5.75  0.4929E+05   4.693      1.75  0.3577E+04   3.554
  1.50  0.3254E+04   3.512      5.50  0.4540E+05   4.657      1.50  0.3001E+04   3.477
  1.25  0.1924E+04   3.284      5.25  0.4267E+05   4.630      1.25  0.1940E+04   3.288
  1.00  0.1586E+04   3.200      5.00  0.4163E+05   4.619      1.00  0.1451E+04   3.162
  0.75  0.8379E+03   2.923      4.75  0.3700E+05   4.568      0.75  0.5554E+04   3.745
  0.50  0.8813E+03   2.945      4.50  0.3393E+05   4.531      0.50  0.2290E+04   3.360
  0.25  0.6438E+04   3.809      4.25  0.2852E+05   4.455      0.25  0.6182E+03   2.791
  0.00  0.1260E+04   3.100      4.00  0.2580E+05   4.412      0.00  0.4907E+03   2.691
 -0.25  0.4916E+03   2.692      3.75  0.2078E+05   4.318     -0.25  0.4012E+03   2.603
 -0.50  0.4674E+03   2.670      3.50  0.1939E+05   4.288     -0.50  0.3246E+03   2.511
 -0.75  0.3690E+03   2.567      3.25  0.1652E+05   4.218     -0.75  0.2135E+03   2.329
 -1.00  0.3154E+03   2.499      3.00  0.1203E+05   4.080     -1.00  0.1521E+03   2.182
 -1.25  0.2719E+03   2.434      2.75  0.1036E+05   4.015     -1.25  0.1677E+03   2.224
 -1.50  0.2020E+03   2.305      2.50  0.7603E+04   3.881     -1.50  0.4455E+02   1.649
 -1.75  0.1694E+03   2.229      2.25  0.7267E+04   3.861     -1.75  0.1787E+02   1.252
 -2.00  0.1407E+03   2.148      2.00  0.6211E+04   3.793     -2.00  0.1709E+02   1.233
 -2.25  0.1195E+03   2.077      1.75  0.3709E+04   3.569     -2.25  0.8265E+00  -0.083
 -2.50  0.8543E+02   1.932      1.50  0.3198E+04   3.505     -2.50  0.0000E+00   0.000
 -2.75  0.7317E+02   1.864      1.25  0.2007E+04   3.303     -2.75  0.0000E+00   0.000
 -3.00  0.6467E+02   1.811      1.00  0.1542E+04   3.188     -3.00  0.0000E+00   0.000
 -3.25  0.5805E+02   1.764      0.75  0.3883E+04   3.589     -3.25  0.0000E+00   0.000
 -3.50  0.4963E+02   1.696      0.50  0.4037E+04   3.606     -3.50  0.0000E+00   0.000
 -3.75  0.2337E+02   1.369      0.25  0.6221E+03   2.794     -3.75  0.0000E+00   0.000
 -4.00  0.1045E+02   1.019      0.00  0.5388E+03   2.731     -4.00  0.0000E+00   0.000
 -4.25  0.9127E+01   0.960     -0.25  0.4213E+03   2.625     -4.25  0.0000E+00   0.000
 -4.50  0.7801E+01   0.892     -0.50  0.3462E+03   2.539     -4.50  0.0000E+00   0.000
 -4.75  0.6426E+01   0.808     -0.75  0.2564E+03   2.409     -4.75  0.0000E+00   0.000
 -5.00  0.5175E+01   0.714     -1.00  0.1562E+03   2.194     -5.00  0.0000E+00   0.000
 -5.25  0.3529E+01   0.548     -1.25  0.1673E+03   2.223     -5.25  0.0000E+00   0.000
 -5.50  0.1028E+01   0.012     -1.50  0.8304E+02   1.919     -5.50  0.0000E+00   0.000
 -5.75  0.0000E+00   0.000     -1.75  0.2196E+02   1.342     -5.75  0.0000E+00   0.000
 -6.00  0.0000E+00   0.000     -2.00  0.6314E+06   5.800     -6.00  0.0000E+00   0.000
 -6.25  0.0000E+00   0.000     -2.25  0.4159E+06   5.619     -6.25  0.0000E+00   0.000
 -6.50  0.0000E+00   0.000     -2.50  0.5283E+06   5.723     -6.50  0.0000E+00   0.000
 -6.75  0.0000E+00   0.000     -2.75  0.7025E+06   5.847     -6.75  0.0000E+00   0.000
 -7.00  0.0000E+00   0.000     -3.00  0.1077E+07   6.032     -7.00  0.0000E+00   0.000
 -7.25  0.0000E+00   0.000     -3.25  0.1044E+07   6.019     -7.25  0.0000E+00   0.000
 -7.50  0.0000E+00   0.000     -3.50  0.8614E+06   5.935     -7.50  0.0000E+00   0.000
 -7.75  0.0000E+00   0.000     -3.75  0.1175E+07   6.070     -7.75  0.0000E+00   0.000
 -8.00  0.0000E+00   0.000     -4.00  0.7708E+06   5.887     -8.00  0.0000E+00   0.000
 -8.25  0.0000E+00   0.000     -4.25  0.9413E+06   5.974     -8.25  0.0000E+00   0.000
 -8.50  0.0000E+00   0.000     -4.50  0.5419E+06   5.734     -8.50  0.0000E+00   0.000
 -8.75  0.0000E+00   0.000     -4.75  0.1378E+07   6.139     -8.75  0.0000E+00   0.000
 -9.00  0.0000E+00   0.000     -5.00  0.7149E+06   5.854     -9.00  0.0000E+00   0.000
 -9.25  0.0000E+00   0.000     -5.25  0.6718E+06   5.827     -9.25  0.0000E+00   0.000
 -9.50  0.0000E+00   0.000     -5.50  0.8161E+06   5.912     -9.50  0.0000E+00   0.000
( Z, Y, Age) = 0.039617   0.336   1.000
 Mbol       dN       log dN    V       dN       log dN     I         dN       log dN
 12.75  0.4610E+06   5.664     16.75  0.2481E+06   5.395     12.75  0.9578E+06   5.981
 12.50  0.1238E+07   6.093     16.50  0.3211E+06   5.507     12.50  0.1931E+06   5.286
 12.25  0.1488E+07   6.173     16.25  0.5543E+06   5.744     12.25  0.5926E+06   5.773
 12.00  0.1503E+07   6.177     16.00  0.5867E+06   5.768     12.00  0.4380E+06   5.641
 11.75  0.1636E+07   6.214     15.75  0.8225E+06   5.915     11.75  0.5552E+06   5.744
 11.50  0.1699E+07   6.230     15.50  0.1036E+07   6.015     11.50  0.4157E+06   5.619
 11.25  0.1727E+07   6.237     15.25  0.1128E+07   6.052     11.25  0.4877E+06   5.688
 11.00  0.1687E+07   6.227     15.00  0.1148E+07   6.060     11.00  0.4407E+06   5.644
 10.75  0.1555E+07   6.192     14.75  0.1040E+07   6.017     10.75  0.4437E+06   5.647
 10.50  0.1329E+07   6.124     14.50  0.9974E+06   5.999     10.50  0.3623E+06   5.559
 10.25  0.1186E+07   6.074     14.25  0.1199E+07   6.079     10.25  0.2978E+06   5.474
 10.00  0.1045E+07   6.019     14.00  0.8984E+06   5.953     10.00  0.2721E+06   5.435
  9.75  0.8582E+06   5.934     13.75  0.1160E+07   6.065      9.75  0.2285E+06   5.359
  9.50  0.7107E+06   5.852     13.50  0.9542E+06   5.980      9.50  0.1907E+06   5.280
  9.25  0.5923E+06   5.773     13.25  0.9333E+06   5.970      9.25  0.1719E+06   5.235
  9.00  0.4928E+06   5.693     13.00  0.8838E+06   5.946      9.00  0.1445E+06   5.160
  8.75  0.3993E+06   5.601     12.75  0.6676E+06   5.824      8.75  0.1220E+06   5.086
  8.50  0.3237E+06   5.510     12.50  0.7259E+06   5.861      8.50  0.1063E+06   5.027
  8.25  0.2710E+06   5.433     12.25  0.5052E+06   5.703      8.25  0.9518E+05   4.979
  8.00  0.2174E+06   5.337     12.00  0.4592E+06   5.662      8.00  0.8704E+05   4.940
  7.75  0.1824E+06   5.261     11.75  0.5558E+06   5.745      7.75  0.7352E+05   4.866
  7.50  0.1527E+06   5.184     11.50  0.4194E+06   5.623      7.50  0.6906E+05   4.839
  7.25  0.1234E+06   5.091     11.25  0.5413E+06   5.733      7.25  0.6675E+05   4.824
  7.00  0.1127E+06   5.052     11.00  0.4350E+06   5.639      7.00  0.6512E+05   4.814
  6.75  0.9903E+05   4.996     10.75  0.4578E+06   5.661      6.75  0.6446E+05   4.809
  6.50  0.9090E+05   4.959     10.50  0.3611E+06   5.558      6.50  0.6079E+05   4.784
  6.25  0.8409E+05   4.925     10.25  0.3310E+06   5.520      6.25  0.6071E+05   4.783
  6.00  0.7815E+05   4.893     10.00  0.3004E+06   5.478      6.00  0.5837E+05   4.766
  5.75  0.7156E+05   4.855      9.75  0.2221E+06   5.346      5.75  0.5633E+05   4.751
  5.50  0.6333E+05   4.802      9.50  0.2109E+06   5.324      5.50  0.5241E+05   4.719
  5.25  0.6246E+05   4.796      9.25  0.1817E+06   5.259      5.25  0.5269E+05   4.722
  5.00  0.5264E+05   4.721      9.00  0.1496E+06   5.175      5.00  0.4565E+05   4.659
  4.75  0.4673E+05   4.670      8.75  0.1340E+06   5.127      4.75  0.4229E+05   4.626
  4.50  0.4282E+05   4.632      8.50  0.1139E+06   5.057      4.50  0.3998E+05   4.602
  4.25  0.3818E+05   4.582      8.25  0.9991E+05   5.000      4.25  0.3334E+05   4.523
  4.00  0.3296E+05   4.518      8.00  0.8533E+05   4.931      4.00  0.3090E+05   4.490
  3.75  0.2898E+05   4.462      7.75  0.7932E+05   4.899      3.75  0.2497E+05   4.397
  3.50  0.2453E+05   4.390      7.50  0.7179E+05   4.856      3.50  0.2350E+05   4.371
  3.25  0.2220E+05   4.346      7.25  0.6827E+05   4.834      3.25  0.2187E+05   4.340
  3.00  0.1860E+05   4.269      7.00  0.6645E+05   4.822      3.00  0.1557E+05   4.192
  2.75  0.1593E+05   4.202      6.75  0.6471E+05   4.811      2.75  0.1596E+05   4.203
  2.50  0.1145E+05   4.059      6.50  0.6277E+05   4.798      2.50  0.1029E+05   4.012
  2.25  0.1123E+05   4.050      6.25  0.6144E+05   4.788      2.25  0.1069E+05   4.029
  2.00  0.9789E+04   3.991      6.00  0.5887E+05   4.770      2.00  0.9307E+04   3.969
  1.75  0.5299E+04   3.724      5.75  0.5815E+05   4.765      1.75  0.5018E+04   3.700
  1.50  0.4395E+04   3.643      5.50  0.5381E+05   4.731      1.50  0.4254E+04   3.629
  1.25  0.3005E+04   3.478      5.25  0.5040E+05   4.702      1.25  0.2899E+04   3.462
  1.00  0.1834E+04   3.263      5.00  0.4876E+05   4.688      1.00  0.2680E+04   3.428
  0.75  0.1055E+04   3.023      4.75  0.4362E+05   4.640      0.75  0.7292E+04   3.863
  0.50  0.1236E+04   3.092      4.50  0.4021E+05   4.604      0.50  0.2474E+04   3.393
  0.25  0.8987E+04   3.954      4.25  0.3453E+05   4.538      0.25  0.7949E+03   2.900
  0.00  0.1436E+04   3.157      4.00  0.3150E+05   4.498      0.00  0.6597E+03   2.819
 -0.25  0.6415E+03   2.807      3.75  0.2625E+05   4.419     -0.25  0.5105E+03   2.708
 -0.50  0.5956E+03   2.775      3.50  0.2468E+05   4.392     -0.50  0.4405E+03   2.644
 -0.75  0.5092E+03   2.707      3.25  0.2142E+05   4.331     -0.75  0.3045E+03   2.484
 -1.00  0.4226E+03   2.626      3.00  0.1698E+05   4.230     -1.00  0.1552E+03   2.191
 -1.25  0.3500E+03   2.544      2.75  0.1574E+05   4.197     -1.25  0.1677E+03   2.224
 -1.50  0.2575E+03   2.411      2.50  0.1066E+05   4.028     -1.50  0.4455E+02   1.649
 -1.75  0.2147E+03   2.332      2.25  0.1139E+05   4.057     -1.75  0.1787E+02   1.252
 -2.00  0.1805E+03   2.257      2.00  0.9502E+04   3.978     -2.00  0.1709E+02   1.233
 -2.25  0.1523E+03   2.183      1.75  0.5300E+04   3.724     -2.25  0.8265E+00  -0.083
 -2.50  0.1161E+03   2.065      1.50  0.4351E+04   3.639     -2.50  0.0000E+00   0.000
 -2.75  0.9643E+02   1.984      1.25  0.3171E+04   3.501     -2.75  0.0000E+00   0.000
 -3.00  0.6954E+02   1.842      1.00  0.2053E+04   3.312     -3.00  0.0000E+00   0.000
 -3.25  0.6167E+02   1.790      0.75  0.6344E+04   3.802     -3.25  0.0000E+00   0.000
 -3.50  0.5278E+02   1.723      0.50  0.4229E+04   3.626     -3.50  0.0000E+00   0.000
 -3.75  0.2722E+02   1.435      0.25  0.7916E+03   2.899     -3.75  0.0000E+00   0.000
 -4.00  0.1515E+02   1.180      0.00  0.7241E+03   2.860     -4.00  0.0000E+00   0.000
 -4.25  0.1323E+02   1.121     -0.25  0.5403E+03   2.733     -4.25  0.0000E+00   0.000
 -4.50  0.1145E+02   1.059     -0.50  0.4507E+03   2.654     -4.50  0.0000E+00   0.000
 -4.75  0.9550E+01   0.980     -0.75  0.3720E+03   2.571     -4.75  0.0000E+00   0.000
 -5.00  0.7865E+01   0.896     -1.00  0.1801E+03   2.256     -5.00  0.0000E+00   0.000
 -5.25  0.5543E+01   0.744     -1.25  0.1673E+03   2.223     -5.25  0.0000E+00   0.000
 -5.50  0.1242E+01   0.094     -1.50  0.8447E+05   4.927     -5.50  0.0000E+00   0.000
 -5.75  0.0000E+00   0.000     -1.75 -0.4873E+04   0.000     -5.75  0.0000E+00   0.000
 -6.00  0.0000E+00   0.000     -2.00  0.8220E+06   5.915     -6.00  0.0000E+00   0.000
 -6.25  0.0000E+00   0.000     -2.25  0.3773E+06   5.577     -6.25  0.0000E+00   0.000
 -6.50  0.0000E+00   0.000     -2.50  0.7589E+06   5.880     -6.50  0.0000E+00   0.000
 -6.75  0.0000E+00   0.000     -2.75  0.6291E+06   5.799     -6.75  0.0000E+00   0.000
 -7.00  0.0000E+00   0.000     -3.00  0.1364E+07   6.135     -7.00  0.0000E+00   0.000
 -7.25  0.0000E+00   0.000     -3.25  0.1177E+07   6.071     -7.25  0.0000E+00   0.000
 -7.50  0.0000E+00   0.000     -3.50  0.1023E+07   6.010     -7.50  0.0000E+00   0.000
 -7.75  0.0000E+00   0.000     -3.75  0.1158E+07   6.064     -7.75  0.0000E+00   0.000
 -8.00  0.0000E+00   0.000     -4.00  0.1173E+07   6.069     -8.00  0.0000E+00   0.000
 -8.25  0.0000E+00   0.000     -4.25  0.1031E+07   6.013     -8.25  0.0000E+00   0.000
 -8.50  0.0000E+00   0.000     -4.50  0.4968E+06   5.696     -8.50  0.0000E+00   0.000
 -8.75  0.0000E+00   0.000     -4.75  0.1719E+07   6.235     -8.75  0.0000E+00   0.000
 -9.00  0.0000E+00   0.000     -5.00  0.5923E+06   5.773     -9.00  0.0000E+00   0.000
 -9.25  0.0000E+00   0.000     -5.25  0.1054E+07   6.023     -9.25  0.0000E+00   0.000
 -9.50  0.0000E+00   0.000     -5.50  0.8385E+06   5.924     -9.50  0.0000E+00   0.000
( Z, Y, Age) = 0.039617   0.336   1.995
 Mbol       dN       log dN    V       dN       log dN     I         dN       log dN
 12.75  0.5411E+06   5.733     16.75  0.3570E+06   5.553     12.75  0.1010E+07   6.004
 12.50  0.1417E+07   6.151     16.50  0.4144E+06   5.617     12.50  0.2478E+06   5.394
 12.25  0.1668E+07   6.222     16.25  0.6157E+06   5.789     12.25  0.6436E+06   5.809
 12.00  0.1717E+07   6.235     16.00  0.6687E+06   5.825     12.00  0.5344E+06   5.728
 11.75  0.1863E+07   6.270     15.75  0.9462E+06   5.976     11.75  0.5737E+06   5.759
 11.50  0.1920E+07   6.283     15.50  0.1129E+07   6.053     11.50  0.4752E+06   5.677
 11.25  0.1948E+07   6.290     15.25  0.1275E+07   6.106     11.25  0.5154E+06   5.712
 11.00  0.1894E+07   6.277     15.00  0.1304E+07   6.115     11.00  0.4744E+06   5.676
 10.75  0.1739E+07   6.240     14.75  0.1190E+07   6.076     10.75  0.4794E+06   5.681
 10.50  0.1488E+07   6.173     14.50  0.1183E+07   6.073     10.50  0.3889E+06   5.590
 10.25  0.1322E+07   6.121     14.25  0.1320E+07   6.121     10.25  0.3226E+06   5.509
 10.00  0.1160E+07   6.065     14.00  0.1006E+07   6.002     10.00  0.3014E+06   5.479
  9.75  0.9561E+06   5.981     13.75  0.1324E+07   6.122      9.75  0.2467E+06   5.392
  9.50  0.7941E+06   5.900     13.50  0.1077E+07   6.032      9.50  0.2079E+06   5.318
  9.25  0.6630E+06   5.822     13.25  0.1018E+07   6.008      9.25  0.1875E+06   5.273
  9.00  0.5521E+06   5.742     13.00  0.1012E+07   6.005      9.00  0.1580E+06   5.199
  8.75  0.4483E+06   5.652     12.75  0.7604E+06   5.881      8.75  0.1341E+06   5.127
  8.50  0.3637E+06   5.561     12.50  0.7910E+06   5.898      8.50  0.1180E+06   5.072
  8.25  0.3034E+06   5.482     12.25  0.6022E+06   5.780      8.25  0.1046E+06   5.019
  8.00  0.2470E+06   5.393     12.00  0.5181E+06   5.714      8.00  0.9531E+05   4.979
  7.75  0.2028E+06   5.307     11.75  0.5936E+06   5.773      7.75  0.8157E+05   4.912
  7.50  0.1689E+06   5.228     11.50  0.4826E+06   5.684      7.50  0.7681E+05   4.885
  7.25  0.1389E+06   5.143     11.25  0.5559E+06   5.745      7.25  0.7458E+05   4.873
  7.00  0.1250E+06   5.097     11.00  0.4962E+06   5.696      7.00  0.7303E+05   4.863
  6.75  0.1105E+06   5.043     10.75  0.4707E+06   5.673      6.75  0.7236E+05   4.860
  6.50  0.1035E+06   5.015     10.50  0.3964E+06   5.598      6.50  0.6881E+05   4.838
  6.25  0.9533E+05   4.979     10.25  0.3655E+06   5.563      6.25  0.7023E+05   4.847
  6.00  0.8996E+05   4.954     10.00  0.3217E+06   5.507      6.00  0.6717E+05   4.827
  5.75  0.8401E+05   4.924      9.75  0.2421E+06   5.384      5.75  0.6432E+05   4.808
  5.50  0.7261E+05   4.861      9.50  0.2303E+06   5.362      5.50  0.6009E+05   4.779
  5.25  0.7196E+05   4.857      9.25  0.1999E+06   5.301      5.25  0.5987E+05   4.777
  5.00  0.5994E+05   4.778      9.00  0.1656E+06   5.219      5.00  0.5244E+05   4.720
  4.75  0.5352E+05   4.729      8.75  0.1461E+06   5.165      4.75  0.4861E+05   4.687
  4.50  0.4926E+05   4.693      8.50  0.1248E+06   5.096      4.50  0.4611E+05   4.664
  4.25  0.4449E+05   4.648      8.25  0.1097E+06   5.040      4.25  0.3949E+05   4.596
  4.00  0.3887E+05   4.590      8.00  0.9412E+05   4.974      4.00  0.3668E+05   4.564
  3.75  0.3421E+05   4.534      7.75  0.8774E+05   4.943      3.75  0.3013E+05   4.479
  3.50  0.3047E+05   4.484      7.50  0.7984E+05   4.902      3.50  0.2854E+05   4.455
  3.25  0.2765E+05   4.442      7.25  0.7631E+05   4.883      3.25  0.2800E+05   4.447
  3.00  0.2195E+05   4.341      7.00  0.7459E+05   4.873      3.00  0.1918E+05   4.283
  2.75  0.1846E+05   4.266      6.75  0.7285E+05   4.862      2.75  0.1776E+05   4.249
  2.50  0.1421E+05   4.153      6.50  0.7091E+05   4.851      2.50  0.1335E+05   4.125
  2.25  0.1317E+05   4.120      6.25  0.6994E+05   4.845      2.25  0.1166E+05   4.067
  2.00  0.1021E+05   4.009      6.00  0.6845E+05   4.835      2.00  0.9642E+04   3.984
  1.75  0.5660E+04   3.753      5.75  0.6665E+05   4.824      1.75  0.5292E+04   3.724
  1.50  0.4687E+04   3.671      5.50  0.6157E+05   4.789      1.50  0.4486E+04   3.652
  1.25  0.3264E+04   3.514      5.25  0.5764E+05   4.761      1.25  0.3093E+04   3.490
  1.00  0.2035E+04   3.308      5.00  0.5557E+05   4.745      1.00  0.3573E+04   3.553
  0.75  0.1244E+04   3.095      4.75  0.4999E+05   4.699      0.75  0.8456E+04   3.927
  0.50  0.1374E+04   3.138      4.50  0.4635E+05   4.666      0.50  0.2620E+04   3.418
  0.25  0.1040E+05   4.017      4.25  0.4064E+05   4.609      0.25  0.9190E+03   2.963
  0.00  0.2018E+04   3.305      4.00  0.3724E+05   4.571      0.00  0.7964E+03   2.901
 -0.25  0.7458E+03   2.873      3.75  0.3137E+05   4.497     -0.25  0.6329E+03   2.801
 -0.50  0.6886E+03   2.838      3.50  0.2989E+05   4.476     -0.50  0.4494E+03   2.653
 -0.75  0.5835E+03   2.766      3.25  0.2785E+05   4.445     -0.75  0.3045E+03   2.484
 -1.00  0.4891E+03   2.689      3.00  0.2109E+05   4.324     -1.00  0.1552E+03   2.191
 -1.25  0.4022E+03   2.604      2.75  0.1740E+05   4.241     -1.25  0.1677E+03   2.224
 -1.50  0.3025E+03   2.481      2.50  0.1365E+05   4.135     -1.50  0.4455E+02   1.649
 -1.75  0.2540E+03   2.405      2.25  0.1279E+05   4.107     -1.75  0.1787E+02   1.252
 -2.00  0.2142E+03   2.331      2.00  0.9840E+04   3.993     -2.00  0.1709E+02   1.233
 -2.25  0.1802E+03   2.256      1.75  0.5593E+04   3.748     -2.25  0.8265E+00  -0.083
 -2.50  0.1406E+03   2.148      1.50  0.4599E+04   3.663     -2.50  0.0000E+00   0.000
 -2.75  0.1178E+03   2.071      1.25  0.3372E+04   3.528     -2.75  0.0000E+00   0.000
 -3.00  0.8874E+02   1.948      1.00  0.2447E+04   3.389     -3.00  0.0000E+00   0.000
 -3.25  0.7936E+02   1.900      0.75  0.8012E+04   3.904     -3.25  0.0000E+00   0.000
 -3.50  0.6873E+02   1.837      0.50  0.4375E+04   3.641     -3.50  0.0000E+00   0.000
 -3.75  0.3201E+02   1.505      0.25  0.9244E+03   2.966     -3.75  0.0000E+00   0.000
 -4.00  0.1774E+02   1.249      0.00  0.8461E+03   2.927     -4.00  0.0000E+00   0.000
 -4.25  0.1548E+02   1.190     -0.25  0.6817E+03   2.834     -4.25  0.0000E+00   0.000
 -4.50  0.1341E+02   1.128     -0.50  0.4935E+03   2.693     -4.50  0.0000E+00   0.000
 -4.75  0.1126E+02   1.052     -0.75  0.3720E+03   2.571     -4.75  0.0000E+00   0.000
 -5.00  0.9350E+01   0.971     -1.00  0.1801E+03   2.256     -5.00  0.0000E+00   0.000
 -5.25  0.5884E+01   0.770     -1.25  0.1673E+03   2.223     -5.25  0.0000E+00   0.000
 -5.50  0.1242E+01   0.094     -1.50  0.1580E+06   5.199     -5.50  0.0000E+00   0.000
 -5.75  0.0000E+00   0.000     -1.75 -0.7352E+04   0.000     -5.75  0.0000E+00   0.000
 -6.00  0.0000E+00   0.000     -2.00  0.1018E+07   6.008     -6.00  0.0000E+00   0.000
 -6.25  0.0000E+00   0.000     -2.25  0.3175E+06   5.502     -6.25  0.0000E+00   0.000
 -6.50  0.0000E+00   0.000     -2.50  0.1017E+07   6.007     -6.50  0.0000E+00   0.000
 -6.75  0.0000E+00   0.000     -2.75  0.6976E+06   5.844     -6.75  0.0000E+00   0.000
 -7.00  0.0000E+00   0.000     -3.00  0.1323E+07   6.121     -7.00  0.0000E+00   0.000
 -7.25  0.0000E+00   0.000     -3.25  0.1473E+07   6.168     -7.25  0.0000E+00   0.000
 -7.50  0.0000E+00   0.000     -3.50  0.1189E+07   6.075     -7.50  0.0000E+00   0.000
 -7.75  0.0000E+00   0.000     -3.75  0.1334E+07   6.125     -7.75  0.0000E+00   0.000
 -8.00  0.0000E+00   0.000     -4.00  0.1340E+07   6.127     -8.00  0.0000E+00   0.000
 -8.25  0.0000E+00   0.000     -4.25  0.1142E+07   6.058     -8.25  0.0000E+00   0.000
 -8.50  0.0000E+00   0.000     -4.50  0.4888E+06   5.689     -8.50  0.0000E+00   0.000
 -8.75  0.0000E+00   0.000     -4.75  0.2025E+07   6.306     -8.75  0.0000E+00   0.000
 -9.00  0.0000E+00   0.000     -5.00  0.6798E+06   5.832     -9.00  0.0000E+00   0.000
 -9.25  0.0000E+00   0.000     -5.25  0.1031E+07   6.013     -9.25  0.0000E+00   0.000
 -9.50  0.0000E+00   0.000     -5.50  0.1094E+07   6.039     -9.50  0.0000E+00   0.000
( Z, Y, Age) = 0.039617   0.336   5.012
 Mbol       dN       log dN    V       dN       log dN     I         dN       log dN
 12.75  0.6195E+06   5.792     16.75  0.4681E+06   5.670     12.75  0.1087E+07   6.036
 12.50  0.1585E+07   6.200     16.50  0.4824E+06   5.683     12.50  0.3195E+06   5.504
 12.25  0.1872E+07   6.272     16.25  0.7120E+06   5.852     12.25  0.7096E+06   5.851
 12.00  0.1906E+07   6.280     16.00  0.7483E+06   5.874     12.00  0.5868E+06   5.769
 11.75  0.2104E+07   6.323     15.75  0.1026E+07   6.011     11.75  0.6420E+06   5.808
 11.50  0.2129E+07   6.328     15.50  0.1257E+07   6.099     11.50  0.5057E+06   5.704
 11.25  0.2166E+07   6.336     15.25  0.1423E+07   6.153     11.25  0.5517E+06   5.742
 11.00  0.2114E+07   6.325     15.00  0.1459E+07   6.164     11.00  0.5181E+06   5.714
 10.75  0.1913E+07   6.282     14.75  0.1350E+07   6.130     10.75  0.5053E+06   5.704
 10.50  0.1642E+07   6.216     14.50  0.1315E+07   6.119     10.50  0.4207E+06   5.624
 10.25  0.1457E+07   6.164     14.25  0.1484E+07   6.172     10.25  0.3500E+06   5.544
 10.00  0.1277E+07   6.106     14.00  0.1130E+07   6.053     10.00  0.3247E+06   5.512
  9.75  0.1056E+07   6.024     13.75  0.1445E+07   6.160      9.75  0.2668E+06   5.426
  9.50  0.8785E+06   5.944     13.50  0.1193E+07   6.077      9.50  0.2256E+06   5.353
  9.25  0.7342E+06   5.866     13.25  0.1135E+07   6.055      9.25  0.2032E+06   5.308
  9.00  0.6144E+06   5.788     13.00  0.1133E+07   6.054      9.00  0.1710E+06   5.233
  8.75  0.5026E+06   5.701     12.75  0.8455E+06   5.927      8.75  0.1448E+06   5.161
  8.50  0.4025E+06   5.605     12.50  0.8705E+06   5.940      8.50  0.1278E+06   5.106
  8.25  0.3400E+06   5.532     12.25  0.6755E+06   5.830      8.25  0.1134E+06   5.054
  8.00  0.2707E+06   5.433     12.00  0.6044E+06   5.781      8.00  0.1033E+06   5.014
  7.75  0.2237E+06   5.350     11.75  0.6318E+06   5.801      7.75  0.8943E+05   4.952
  7.50  0.1845E+06   5.266     11.50  0.5185E+06   5.715      7.50  0.8454E+05   4.927
  7.25  0.1519E+06   5.182     11.25  0.6150E+06   5.789      7.25  0.8294E+05   4.919
  7.00  0.1379E+06   5.140     11.00  0.5189E+06   5.715      7.00  0.8150E+05   4.911
  6.75  0.1226E+06   5.088     10.75  0.5004E+06   5.699      6.75  0.8032E+05   4.905
  6.50  0.1159E+06   5.064     10.50  0.4353E+06   5.639      6.50  0.7783E+05   4.891
  6.25  0.1080E+06   5.033     10.25  0.3949E+06   5.596      6.25  0.7784E+05   4.891
  6.00  0.1014E+06   5.006     10.00  0.3463E+06   5.539      6.00  0.7542E+05   4.877
  5.75  0.9409E+05   4.974      9.75  0.2632E+06   5.420      5.75  0.7173E+05   4.856
  5.50  0.8136E+05   4.910      9.50  0.2487E+06   5.396      5.50  0.6662E+05   4.824
  5.25  0.7998E+05   4.903      9.25  0.2162E+06   5.335      5.25  0.6648E+05   4.823
  5.00  0.6714E+05   4.827      9.00  0.1794E+06   5.254      5.00  0.5921E+05   4.772
  4.75  0.6020E+05   4.780      8.75  0.1578E+06   5.198      4.75  0.5466E+05   4.738
  4.50  0.5535E+05   4.743      8.50  0.1353E+06   5.131      4.50  0.5169E+05   4.713
  4.25  0.4925E+05   4.692      8.25  0.1191E+06   5.076      4.25  0.4342E+05   4.638
  4.00  0.4263E+05   4.630      8.00  0.1026E+06   5.011      4.00  0.4073E+05   4.610
  3.75  0.3818E+05   4.582      7.75  0.9589E+05   4.982      3.75  0.3553E+05   4.551
  3.50  0.3514E+05   4.546      7.50  0.8783E+05   4.944      3.50  0.3176E+05   4.502
  3.25  0.2954E+05   4.470      7.25  0.8413E+05   4.925      3.25  0.2864E+05   4.457
  3.00  0.2244E+05   4.351      7.00  0.8303E+05   4.919      3.00  0.1961E+05   4.292
  2.75  0.1896E+05   4.278      6.75  0.8200E+05   4.914      2.75  0.1817E+05   4.259
  2.50  0.1472E+05   4.168      6.50  0.7879E+05   4.896      2.50  0.1366E+05   4.135
  2.25  0.1352E+05   4.131      6.25  0.7898E+05   4.898      2.25  0.1195E+05   4.078
  2.00  0.1050E+05   4.021      6.00  0.7572E+05   4.879      2.00  0.9844E+04   3.993
  1.75  0.5934E+04   3.773      5.75  0.7494E+05   4.875      1.75  0.5474E+04   3.738
  1.50  0.4882E+04   3.689      5.50  0.6834E+05   4.835      1.50  0.4671E+04   3.669
  1.25  0.3426E+04   3.535      5.25  0.6401E+05   4.806      1.25  0.3286E+04   3.517
  1.00  0.2196E+04   3.342      5.00  0.6203E+05   4.793      1.00  0.4108E+04   3.614
  0.75  0.1361E+04   3.134      4.75  0.5656E+05   4.753      0.75  0.9016E+04   3.955
  0.50  0.1534E+04   3.186      4.50  0.5216E+05   4.717      0.50  0.2758E+04   3.441
  0.25  0.1100E+05   4.041      4.25  0.4464E+05   4.650      0.25  0.1035E+04   3.015
  0.00  0.2479E+04   3.394      4.00  0.4135E+05   4.617      0.00  0.8047E+03   2.906
 -0.25  0.8191E+03   2.913      3.75  0.3629E+05   4.560     -0.25  0.6329E+03   2.801
 -0.50  0.7580E+03   2.880      3.50  0.3413E+05   4.533     -0.50  0.4494E+03   2.653
 -0.75  0.6345E+03   2.802      3.25  0.2852E+05   4.455     -0.75  0.3045E+03   2.484
 -1.00  0.5382E+03   2.731      3.00  0.2167E+05   4.336     -1.00  0.1552E+03   2.191
 -1.25  0.4392E+03   2.643      2.75  0.1777E+05   4.250     -1.25  0.1677E+03   2.224
 -1.50  0.3372E+03   2.528      2.50  0.1403E+05   4.147     -1.50  0.4455E+02   1.649
 -1.75  0.2817E+03   2.450      2.25  0.1306E+05   4.116     -1.75  0.1787E+02   1.252
 -2.00  0.2389E+03   2.378      2.00  0.1008E+05   4.003     -2.00  0.1709E+02   1.233
 -2.25  0.2022E+03   2.306      1.75  0.5776E+04   3.762     -2.25  0.8265E+00  -0.083
 -2.50  0.1586E+03   2.200      1.50  0.4766E+04   3.678     -2.50  0.0000E+00   0.000
 -2.75  0.1354E+03   2.132      1.25  0.3586E+04   3.555     -2.75  0.0000E+00   0.000
 -3.00  0.1031E+03   2.013      1.00  0.2735E+04   3.437     -3.00  0.0000E+00   0.000
 -3.25  0.9219E+02   1.965      0.75  0.8823E+04   3.946     -3.25  0.0000E+00   0.000
 -3.50  0.8126E+02   1.910      0.50  0.4506E+04   3.654     -3.50  0.0000E+00   0.000
 -3.75  0.4105E+02   1.613      0.25  0.1058E+04   3.024     -3.75  0.0000E+00   0.000
 -4.00  0.1915E+02   1.282      0.00  0.8883E+03   2.949     -4.00  0.0000E+00   0.000
 -4.25  0.1641E+02   1.215     -0.25  0.6817E+03   2.834     -4.25  0.0000E+00   0.000
 -4.50  0.1419E+02   1.152     -0.50  0.4935E+03   2.693     -4.50  0.0000E+00   0.000
 -4.75  0.1193E+02   1.077     -0.75  0.3720E+03   2.571     -4.75  0.0000E+00   0.000
 -5.00  0.9669E+01   0.985     -1.00  0.1801E+03   2.256     -5.00  0.0000E+00   0.000
 -5.25  0.5884E+01   0.770     -1.25  0.1673E+03   2.223     -5.25  0.0000E+00   0.000
 -5.50  0.1242E+01   0.094     -1.50  0.2196E+06   5.342     -5.50  0.0000E+00   0.000
 -5.75  0.0000E+00   0.000     -1.75 -0.7526E+04   0.000     -5.75  0.0000E+00   0.000
 -6.00  0.0000E+00   0.000     -2.00  0.1211E+07   6.083     -6.00  0.0000E+00   0.000
 -6.25  0.0000E+00   0.000     -2.25  0.3918E+06   5.593     -6.25  0.0000E+00   0.000
 -6.50  0.0000E+00   0.000     -2.50  0.9835E+06   5.993     -6.50  0.0000E+00   0.000
 -6.75  0.0000E+00   0.000     -2.75  0.9311E+06   5.969     -6.75  0.0000E+00   0.000
 -7.00  0.0000E+00   0.000     -3.00  0.1415E+07   6.151     -7.00  0.0000E+00   0.000
 -7.25  0.0000E+00   0.000     -3.25  0.1613E+07   6.208     -7.25  0.0000E+00   0.000
 -7.50  0.0000E+00   0.000     -3.50  0.1345E+07   6.129     -7.50  0.0000E+00   0.000
 -7.75  0.0000E+00   0.000     -3.75  0.1507E+07   6.178     -7.75  0.0000E+00   0.000
 -8.00  0.0000E+00   0.000     -4.00  0.1515E+07   6.180     -8.00  0.0000E+00   0.000
 -8.25  0.0000E+00   0.000     -4.25  0.1271E+07   6.104     -8.25  0.0000E+00   0.000
 -8.50  0.0000E+00   0.000     -4.50  0.6123E+06   5.787     -8.50  0.0000E+00   0.000
 -8.75  0.0000E+00   0.000     -4.75  0.2001E+07   6.301     -8.75  0.0000E+00   0.000
 -9.00  0.0000E+00   0.000     -5.00  0.9799E+06   5.991     -9.00  0.0000E+00   0.000
 -9.25  0.0000E+00   0.000     -5.25  0.1131E+07   6.054     -9.25  0.0000E+00   0.000
 -9.50  0.0000E+00   0.000     -5.50  0.1177E+07   6.071     -9.50  0.0000E+00   0.000
( Z, Y, Age) = 0.039617   0.336  10.000
 Mbol       dN       log dN    V       dN       log dN     I         dN       log dN
 12.75  0.6371E+06   5.804     16.75  0.4855E+06   5.686     12.75  0.1170E+07   6.068
 12.50  0.1707E+07   6.232     16.50  0.5441E+06   5.736     12.50  0.3924E+06   5.594
 12.25  0.2034E+07   6.308     16.25  0.7942E+06   5.900     12.25  0.7729E+06   5.888
 12.00  0.2102E+07   6.323     16.00  0.8185E+06   5.913     12.00  0.6328E+06   5.801
 11.75  0.2312E+07   6.364     15.75  0.1100E+07   6.041     11.75  0.6871E+06   5.837
 11.50  0.2399E+07   6.380     15.50  0.1358E+07   6.133     11.50  0.5499E+06   5.740
 11.25  0.2404E+07   6.381     15.25  0.1563E+07   6.194     11.25  0.5767E+06   5.761
 11.00  0.2367E+07   6.374     15.00  0.1619E+07   6.209     11.00  0.5433E+06   5.735
 10.75  0.2140E+07   6.330     14.75  0.1528E+07   6.184     10.75  0.5390E+06   5.732
 10.50  0.1817E+07   6.259     14.50  0.1484E+07   6.171     10.50  0.4462E+06   5.650
 10.25  0.1601E+07   6.204     14.25  0.1641E+07   6.215     10.25  0.3727E+06   5.571
 10.00  0.1394E+07   6.144     14.00  0.1288E+07   6.110     10.00  0.3445E+06   5.537
  9.75  0.1149E+07   6.060     13.75  0.1600E+07   6.204      9.75  0.2841E+06   5.453
  9.50  0.9541E+06   5.980     13.50  0.1340E+07   6.127      9.50  0.2412E+06   5.382
  9.25  0.8012E+06   5.904     13.25  0.1279E+07   6.107      9.25  0.2174E+06   5.337
  9.00  0.6623E+06   5.821     13.00  0.1256E+07   6.099      9.00  0.1835E+06   5.264
  8.75  0.5420E+06   5.734     12.75  0.9399E+06   5.973      8.75  0.1558E+06   5.193
  8.50  0.4376E+06   5.641     12.50  0.9532E+06   5.979      8.50  0.1377E+06   5.139
  8.25  0.3699E+06   5.568     12.25  0.7468E+06   5.873      8.25  0.1224E+06   5.088
  8.00  0.2945E+06   5.469     12.00  0.6619E+06   5.821      8.00  0.1124E+06   5.051
  7.75  0.2442E+06   5.388     11.75  0.6884E+06   5.838      7.75  0.9700E+05   4.987
  7.50  0.2029E+06   5.307     11.50  0.5475E+06   5.738      7.50  0.9162E+05   4.962
  7.25  0.1666E+06   5.222     11.25  0.6447E+06   5.809      7.25  0.9011E+05   4.955
  7.00  0.1507E+06   5.178     11.00  0.5596E+06   5.748      7.00  0.8913E+05   4.950
  6.75  0.1340E+06   5.127     10.75  0.5192E+06   5.715      6.75  0.8686E+05   4.939
  6.50  0.1263E+06   5.101     10.50  0.4639E+06   5.666      6.50  0.8433E+05   4.926
  6.25  0.1174E+06   5.070     10.25  0.4201E+06   5.623      6.25  0.8513E+05   4.930
  6.00  0.1099E+06   5.041     10.00  0.3681E+06   5.566      6.00  0.8147E+05   4.911
  5.75  0.1028E+06   5.012      9.75  0.2822E+06   5.451      5.75  0.7773E+05   4.891
  5.50  0.8802E+05   4.945      9.50  0.2657E+06   5.424      5.50  0.7304E+05   4.864
  5.25  0.8759E+05   4.942      9.25  0.2315E+06   5.364      5.25  0.7242E+05   4.860
  5.00  0.7306E+05   4.864      9.00  0.1927E+06   5.285      5.00  0.6411E+05   4.807
  4.75  0.6516E+05   4.814      8.75  0.1695E+06   5.229      4.75  0.5856E+05   4.768
  4.50  0.5903E+05   4.771      8.50  0.1458E+06   5.164      4.50  0.5580E+05   4.747
  4.25  0.5344E+05   4.728      8.25  0.1284E+06   5.109      4.25  0.4856E+05   4.686
  4.00  0.4624E+05   4.665      8.00  0.1111E+06   5.046      4.00  0.4224E+05   4.626
  3.75  0.3971E+05   4.599      7.75  0.1042E+06   5.018      3.75  0.3602E+05   4.557
  3.50  0.3551E+05   4.550      7.50  0.9592E+05   4.982      3.50  0.3225E+05   4.509
  3.25  0.3000E+05   4.477      7.25  0.9114E+05   4.960      3.25  0.2906E+05   4.463
  3.00  0.2290E+05   4.360      7.00  0.8994E+05   4.954      3.00  0.1990E+05   4.299
  2.75  0.1933E+05   4.286      6.75  0.8984E+05   4.953      2.75  0.1848E+05   4.267
  2.50  0.1502E+05   4.177      6.50  0.8521E+05   4.931      2.50  0.1385E+05   4.141
  2.25  0.1379E+05   4.140      6.25  0.8549E+05   4.932      2.25  0.1214E+05   4.084
  2.00  0.1070E+05   4.029      6.00  0.8282E+05   4.918      2.00  0.9990E+04   4.000
  1.75  0.6097E+04   3.785      5.75  0.8095E+05   4.908      1.75  0.5666E+04   3.753
  1.50  0.5019E+04   3.701      5.50  0.7428E+05   4.871      1.50  0.4803E+04   3.682
  1.25  0.3559E+04   3.551      5.25  0.6992E+05   4.845      1.25  0.3395E+04   3.531
  1.00  0.2306E+04   3.363      5.00  0.6758E+05   4.830      1.00  0.4391E+04   3.643
  0.75  0.1511E+04   3.179      4.75  0.6078E+05   4.784      0.75  0.9389E+04   3.973
  0.50  0.1619E+04   3.209      4.50  0.5610E+05   4.749      0.50  0.2792E+04   3.446
  0.25  0.1128E+05   4.052      4.25  0.4954E+05   4.695      0.25  0.1041E+04   3.017
  0.00  0.2763E+04   3.441      4.00  0.4377E+05   4.641      0.00  0.8047E+03   2.906
 -0.25  0.8698E+03   2.939      3.75  0.3682E+05   4.566     -0.25  0.6329E+03   2.801
 -0.50  0.8074E+03   2.907      3.50  0.3462E+05   4.539     -0.50  0.4494E+03   2.653
 -0.75  0.6711E+03   2.827      3.25  0.2894E+05   4.461     -0.75  0.3045E+03   2.484
 -1.00  0.5713E+03   2.757      3.00  0.2202E+05   4.343     -1.00  0.1552E+03   2.191
 -1.25  0.4671E+03   2.669      2.75  0.1805E+05   4.256     -1.25  0.1677E+03   2.224
 -1.50  0.3605E+03   2.557      2.50  0.1427E+05   4.155     -1.50  0.4455E+02   1.649
 -1.75  0.3030E+03   2.481      2.25  0.1323E+05   4.121     -1.75  0.1787E+02   1.252
 -2.00  0.2563E+03   2.409      2.00  0.1025E+05   4.011     -2.00  0.1709E+02   1.233
 -2.25  0.2185E+03   2.340      1.75  0.5943E+04   3.774     -2.25  0.8265E+00  -0.083
 -2.50  0.1724E+03   2.237      1.50  0.4931E+04   3.693     -2.50  0.0000E+00   0.000
 -2.75  0.1480E+03   2.170      1.25  0.3692E+04   3.567     -2.75  0.0000E+00   0.000
 -3.00  0.1145E+03   2.059      1.00  0.2888E+04   3.461     -3.00  0.0000E+00   0.000
 -3.25  0.1019E+03   2.008      0.75  0.9319E+04   3.969     -3.25  0.0000E+00   0.000
 -3.50  0.9080E+02   1.958      0.50  0.4578E+04   3.661     -3.50  0.0000E+00   0.000
 -3.75  0.4872E+02   1.688      0.25  0.1070E+04   3.029     -3.75  0.0000E+00   0.000
 -4.00  0.2037E+02   1.309      0.00  0.8885E+03   2.949     -4.00  0.0000E+00   0.000
 -4.25  0.1682E+02   1.226     -0.25  0.6817E+03   2.834     -4.25  0.0000E+00   0.000
 -4.50  0.1455E+02   1.163     -0.50  0.4935E+03   2.693     -4.50  0.0000E+00   0.000
 -4.75  0.1223E+02   1.087     -0.75  0.3720E+03   2.571     -4.75  0.0000E+00   0.000
 -5.00  0.9727E+01   0.988     -1.00  0.1801E+03   2.256     -5.00  0.0000E+00   0.000
 -5.25  0.5884E+01   0.770     -1.25  0.1673E+03   2.223     -5.25  0.0000E+00   0.000
 -5.50  0.1242E+01   0.094     -1.50  0.2196E+06   5.342     -5.50  0.0000E+00   0.000
 -5.75  0.0000E+00   0.000     -1.75 -0.7526E+04   0.000     -5.75  0.0000E+00   0.000
 -6.00  0.0000E+00   0.000     -2.00  0.1345E+07   6.129     -6.00  0.0000E+00   0.000
 -6.25  0.0000E+00   0.000     -2.25  0.4574E+06   5.660     -6.25  0.0000E+00   0.000
 -6.50  0.0000E+00   0.000     -2.50  0.1056E+07   6.023     -6.50  0.0000E+00   0.000
 -6.75  0.0000E+00   0.000     -2.75  0.9112E+06   5.960     -6.75  0.0000E+00   0.000
 -7.00  0.0000E+00   0.000     -3.00  0.1615E+07   6.208     -7.00  0.0000E+00   0.000
 -7.25  0.0000E+00   0.000     -3.25  0.1869E+07   6.272     -7.25  0.0000E+00   0.000
 -7.50  0.0000E+00   0.000     -3.50  0.1408E+07   6.149     -7.50  0.0000E+00   0.000
 -7.75  0.0000E+00   0.000     -3.75  0.1692E+07   6.229     -7.75  0.0000E+00   0.000
 -8.00  0.0000E+00   0.000     -4.00  0.1690E+07   6.228     -8.00  0.0000E+00   0.000
 -8.25  0.0000E+00   0.000     -4.25  0.1433E+07   6.156     -8.25  0.0000E+00   0.000
 -8.50  0.0000E+00   0.000     -4.50  0.6018E+06   5.779     -8.50  0.0000E+00   0.000
 -8.75  0.0000E+00   0.000     -4.75  0.2360E+07   6.373     -8.75  0.0000E+00   0.000
 -9.00  0.0000E+00   0.000     -5.00  0.1120E+07   6.049     -9.00  0.0000E+00   0.000
 -9.25  0.0000E+00   0.000     -5.25  0.1251E+07   6.097     -9.25  0.0000E+00   0.000
 -9.50  0.0000E+00   0.000     -5.50  0.1271E+07   6.104     -9.50  0.0000E+00   0.000
( Z, Y, Age) = 0.039617   0.336  17.783
 Mbol       dN       log dN    V       dN       log dN     I         dN       log dN
 12.75  0.6854E+06   5.836     16.75  0.5604E+06   5.748     12.75  0.1258E+07   6.100
 12.50  0.1840E+07   6.265     16.50  0.5913E+06   5.772     12.50  0.4684E+06   5.671
 12.25  0.2191E+07   6.341     16.25  0.8591E+06   5.934     12.25  0.8377E+06   5.923
 12.00  0.2292E+07   6.360     16.00  0.9013E+06   5.955     12.00  0.6812E+06   5.833
 11.75  0.2545E+07   6.406     15.75  0.1177E+07   6.071     11.75  0.7249E+06   5.860
 11.50  0.2633E+07   6.421     15.50  0.1449E+07   6.161     11.50  0.5940E+06   5.774
 11.25  0.2680E+07   6.428     15.25  0.1711E+07   6.233     11.25  0.6080E+06   5.784
 11.00  0.2596E+07   6.414     15.00  0.1790E+07   6.253     11.00  0.5669E+06   5.753
 10.75  0.2366E+07   6.374     14.75  0.1704E+07   6.231     10.75  0.5666E+06   5.753
 10.50  0.2004E+07   6.302     14.50  0.1635E+07   6.213     10.50  0.4728E+06   5.675
 10.25  0.1742E+07   6.241     14.25  0.1799E+07   6.255     10.25  0.3954E+06   5.597
 10.00  0.1508E+07   6.178     14.00  0.1450E+07   6.161     10.00  0.3641E+06   5.561
  9.75  0.1241E+07   6.094     13.75  0.1759E+07   6.245      9.75  0.3012E+06   5.479
  9.50  0.1037E+07   6.016     13.50  0.1504E+07   6.177      9.50  0.2569E+06   5.410
  9.25  0.8593E+06   5.934     13.25  0.1413E+07   6.150      9.25  0.2311E+06   5.364
  9.00  0.7090E+06   5.851     13.00  0.1367E+07   6.136      9.00  0.1955E+06   5.291
  8.75  0.5844E+06   5.767     12.75  0.1038E+07   6.016      8.75  0.1664E+06   5.221
  8.50  0.4708E+06   5.673     12.50  0.1038E+07   6.016      8.50  0.1473E+06   5.168
  8.25  0.3980E+06   5.600     12.25  0.8189E+06   5.913      8.25  0.1312E+06   5.118
  8.00  0.3175E+06   5.502     12.00  0.7148E+06   5.854      8.00  0.1213E+06   5.084
  7.75  0.2653E+06   5.424     11.75  0.7442E+06   5.872      7.75  0.1042E+06   5.018
  7.50  0.2196E+06   5.342     11.50  0.5823E+06   5.765      7.50  0.9836E+05   4.993
  7.25  0.1808E+06   5.257     11.25  0.6727E+06   5.828      7.25  0.9767E+05   4.990
  7.00  0.1631E+06   5.212     11.00  0.5881E+06   5.769      7.00  0.9528E+05   4.979
  6.75  0.1449E+06   5.161     10.75  0.5509E+06   5.741      6.75  0.9290E+05   4.968
  6.50  0.1359E+06   5.133     10.50  0.4884E+06   5.689      6.50  0.9086E+05   4.958
  6.25  0.1260E+06   5.100     10.25  0.4445E+06   5.648      6.25  0.9067E+05   4.957
  6.00  0.1175E+06   5.070     10.00  0.3891E+06   5.590      6.00  0.8714E+05   4.940
  5.75  0.1098E+06   5.041      9.75  0.3004E+06   5.478      5.75  0.8358E+05   4.922
  5.50  0.9457E+05   4.976      9.50  0.2816E+06   5.450      5.50  0.7758E+05   4.890
  5.25  0.9286E+05   4.968      9.25  0.2461E+06   5.391      5.25  0.7609E+05   4.881
  5.00  0.7680E+05   4.885      9.00  0.2056E+06   5.313      5.00  0.6809E+05   4.833
  4.75  0.6903E+05   4.839      8.75  0.1819E+06   5.260      4.75  0.6263E+05   4.797
  4.50  0.6194E+05   4.792      8.50  0.1560E+06   5.193      4.50  0.5647E+05   4.752
  4.25  0.5472E+05   4.738      8.25  0.1373E+06   5.138      4.25  0.4895E+05   4.690
  4.00  0.4666E+05   4.669      8.00  0.1192E+06   5.076      4.00  0.4277E+05   4.631
  3.75  0.4007E+05   4.603      7.75  0.1127E+06   5.052      3.75  0.3641E+05   4.561
  3.50  0.3592E+05   4.555      7.50  0.1033E+06   5.014      3.50  0.3255E+05   4.513
  3.25  0.3042E+05   4.483      7.25  0.9771E+05   4.990      3.25  0.2935E+05   4.468
  3.00  0.2323E+05   4.366      7.00  0.9725E+05   4.988      3.00  0.2011E+05   4.304
  2.75  0.1961E+05   4.293      6.75  0.9593E+05   4.982      2.75  0.1865E+05   4.271
  2.50  0.1523E+05   4.183      6.50  0.9123E+05   4.960      2.50  0.1399E+05   4.146
  2.25  0.1395E+05   4.145      6.25  0.9190E+05   4.963      2.25  0.1227E+05   4.089
  2.00  0.1084E+05   4.035      6.00  0.8832E+05   4.946      2.00  0.1015E+05   4.007
  1.75  0.6212E+04   3.793      5.75  0.8631E+05   4.936      1.75  0.5769E+04   3.761
  1.50  0.5128E+04   3.710      5.50  0.7965E+05   4.901      1.50  0.4891E+04   3.689
  1.25  0.3650E+04   3.562      5.25  0.7387E+05   4.868      1.25  0.3482E+04   3.542
  1.00  0.2429E+04   3.385      5.00  0.7132E+05   4.853      1.00  0.4457E+04   3.649
  0.75  0.1589E+04   3.201      4.75  0.6495E+05   4.813      0.75  0.9575E+04   3.981
  0.50  0.1671E+04   3.223      4.50  0.5740E+05   4.759      0.50  0.2845E+04   3.454
  0.25  0.1138E+05   4.056      4.25  0.4994E+05   4.698      0.25  0.1045E+04   3.019
  0.00  0.2984E+04   3.475      4.00  0.4421E+05   4.646      0.00  0.8047E+03   2.906
 -0.25  0.9044E+03   2.956      3.75  0.3730E+05   4.572     -0.25  0.6329E+03   2.801
 -0.50  0.8381E+03   2.923      3.50  0.3495E+05   4.543     -0.50  0.4494E+03   2.653
 -0.75  0.6989E+03   2.844      3.25  0.2920E+05   4.465     -0.75  0.3045E+03   2.484
 -1.00  0.5921E+03   2.772      3.00  0.2228E+05   4.348     -1.00  0.1552E+03   2.191
 -1.25  0.4872E+03   2.688      2.75  0.1821E+05   4.260     -1.25  0.1677E+03   2.224
 -1.50  0.3766E+03   2.576      2.50  0.1442E+05   4.159     -1.50  0.4455E+02   1.649
 -1.75  0.3170E+03   2.501      2.25  0.1336E+05   4.126     -1.75  0.1787E+02   1.252
 -2.00  0.2696E+03   2.431      2.00  0.1040E+05   4.017     -2.00  0.1709E+02   1.233
 -2.25  0.2290E+03   2.360      1.75  0.6069E+04   3.783     -2.25  0.8265E+00  -0.083
 -2.50  0.1832E+03   2.263      1.50  0.5018E+04   3.701     -2.50  0.0000E+00   0.000
 -2.75  0.1561E+03   2.193      1.25  0.3771E+04   3.576     -2.75  0.0000E+00   0.000
 -3.00  0.1232E+03   2.091      1.00  0.2979E+04   3.474     -3.00  0.0000E+00   0.000
 -3.25  0.1085E+03   2.035      0.75  0.9452E+04   3.976     -3.25  0.0000E+00   0.000
 -3.50  0.9791E+02   1.991      0.50  0.4694E+04   3.672     -3.50  0.0000E+00   0.000
 -3.75  0.5439E+02   1.736      0.25  0.1078E+04   3.033     -3.75  0.0000E+00   0.000
 -4.00  0.2137E+02   1.330      0.00  0.8885E+03   2.949     -4.00  0.0000E+00   0.000
 -4.25  0.1704E+02   1.231     -0.25  0.6817E+03   2.834     -4.25  0.0000E+00   0.000
 -4.50  0.1474E+02   1.169     -0.50  0.4935E+03   2.693     -4.50  0.0000E+00   0.000
 -4.75  0.1236E+02   1.092     -0.75  0.3720E+03   2.571     -4.75  0.0000E+00   0.000
 -5.00  0.9732E+01   0.988     -1.00  0.1801E+03   2.256     -5.00  0.0000E+00   0.000
 -5.25  0.5884E+01   0.770     -1.25  0.1673E+03   2.223     -5.25  0.0000E+00   0.000
 -5.50  0.1242E+01   0.094     -1.50  0.2196E+06   5.342     -5.50  0.0000E+00   0.000
 -5.75  0.0000E+00   0.000     -1.75  0.6446E+05   4.809     -5.75  0.0000E+00   0.000
 -6.00  0.0000E+00   0.000     -2.00  0.1440E+07   6.158     -6.00  0.0000E+00   0.000
 -6.25  0.0000E+00   0.000     -2.25  0.5237E+06   5.719     -6.25  0.0000E+00   0.000
 -6.50  0.0000E+00   0.000     -2.50  0.1129E+07   6.053     -6.50  0.0000E+00   0.000
 -6.75  0.0000E+00   0.000     -2.75  0.9915E+06   5.996     -6.75  0.0000E+00   0.000
 -7.00  0.0000E+00   0.000     -3.00  0.1711E+07   6.233     -7.00  0.0000E+00   0.000
 -7.25  0.0000E+00   0.000     -3.25  0.2011E+07   6.303     -7.25  0.0000E+00   0.000
 -7.50  0.0000E+00   0.000     -3.50  0.1570E+07   6.196     -7.50  0.0000E+00   0.000
 -7.75  0.0000E+00   0.000     -3.75  0.1873E+07   6.272     -7.75  0.0000E+00   0.000
 -8.00  0.0000E+00   0.000     -4.00  0.1885E+07   6.275     -8.00  0.0000E+00   0.000
 -8.25  0.0000E+00   0.000     -4.25  0.1601E+07   6.205     -8.25  0.0000E+00   0.000
 -8.50  0.0000E+00   0.000     -4.50  0.7704E+06   5.887     -8.50  0.0000E+00   0.000
 -8.75  0.0000E+00   0.000     -4.75  0.2519E+07   6.401     -8.75  0.0000E+00   0.000
 -9.00  0.0000E+00   0.000     -5.00  0.1262E+07   6.101     -9.00  0.0000E+00   0.000
 -9.25  0.0000E+00   0.000     -5.25  0.1374E+07   6.138     -9.25  0.0000E+00   0.000
 -9.50  0.0000E+00   0.000     -5.50  0.1372E+07   6.137     -9.50  0.0000E+00   0.000
