Composition Z =  0.03962   Age = 17.783
 i  mass   log L    log Te    dN    lostmass   timespent(Myr)  cum. time    Mdot in Mo per yr
 81  0.895  1.374  3.6193   0.726E+02   0.0000183  34.8766785  34.8766785   0.262E-11
 82  0.895  1.458  3.6145   0.852E+02   0.0000245  33.5812416  68.4579163   0.364E-11
 83  0.896  1.513  3.6117   0.768E+02   0.0000449  46.7859421 115.2438583   0.480E-11
 84  0.896  1.578  3.6076   0.498E+02   0.0000314  25.7773266 141.0211792   0.610E-11
 85  0.896  1.656  3.6025   0.441E+02   0.0000346  21.2964897 162.3176727   0.813E-11
 86  0.896  1.732  3.5973   0.402E+02   0.0000452  20.4203491 182.7380219   0.111E-10
 87  0.897  1.808  3.5920   0.346E+02   0.0000532  17.6354713 200.3734894   0.151E-10
 88  0.897  1.884  3.5867   0.297E+02   0.0000621  15.1572428 215.5307312   0.205E-10
 89  0.897  1.959  3.5812   0.256E+02   0.0000719  12.9606314 228.4913635   0.277E-10
 90  0.897  2.033  3.5757   0.223E+02   0.0000848  11.3147383 239.8061066   0.375E-10
 91  0.897  2.107  3.5702   0.195E+02   0.0000997   9.8440723 249.6501770   0.506E-10
 92  0.897  2.180  3.5646   0.170E+02   0.0001180   8.6362486 258.2864380   0.683E-10
 93  0.897  2.253  3.5588   0.150E+02   0.0001383   7.5222979 265.8087463   0.919E-10
 94  0.897  2.325  3.5531   0.133E+02   0.0001648   6.6711893 272.4799500   0.123E-09
 95  0.897  2.397  3.5473   0.118E+02   0.0001970   5.9452438 278.4252014   0.166E-09
 96  0.897  2.469  3.5414   0.104E+02   0.0002317   5.2192984 283.6445007   0.222E-09
 97  0.897  2.539  3.5354   0.941E+01   0.0002780   4.6873555 288.3318481   0.297E-09
 98  0.897  2.609  3.5294   0.852E+01   0.0003351   4.2367687 292.5686035   0.395E-09
 99  0.897  2.679  3.5233   0.776E+01   0.0004047   3.8425050 296.4111023   0.527E-09
100  0.897  2.748  3.5171   0.708E+01   0.0004924   3.5170810 299.9281921   0.700E-09
101  0.898  2.816  3.5109   0.656E+01   0.0005948   3.2041736 303.1323547   0.928E-09
102  0.898  2.885  3.5047   0.601E+01   0.0007423   3.0164289 306.1487732   0.123E-08
103  0.898  2.953  3.4985   0.547E+01   0.0008760   2.6847470 308.8335266   0.163E-08
104  0.898  3.020  3.4921   0.511E+01   0.0010821   2.5095189 311.3430481   0.216E-08
105  0.898  3.087  3.4857   0.475E+01   0.0013307   2.3405488 313.6835938   0.284E-08
106  0.898  3.155  3.4795   0.452E+01   0.0016259   2.1653204 315.8489075   0.375E-08
107  0.898  3.224  3.4731   0.430E+01   0.0021093   2.1215134 317.9704285   0.497E-08
108  0.898  3.291  3.4672   0.416E+01   0.0025849   1.9650595 319.9354858   0.658E-08
109  0.898  3.368  3.4609   0.438E+01   0.0035059   1.9838340 321.9193115   0.884E-08
110  0.898  3.420  3.4581   0.229E+01   0.0049927   2.1778367 324.0971375   0.115E-07
Original Mass of star  =   0.8977
Total mass lost on RGB =   0.0224
121  0.875  2.350  3.5744   0.127E+01   0.0001511   5.8463092  81.8629761   0.129E-09
122  0.875  2.401  3.5663   0.119E+01   0.0001759   5.4494286  87.3124084   0.161E-09
123  0.875  2.452  3.5583   0.111E+01   0.0002047   5.0794888  92.3918991   0.201E-09
124  0.875  2.502  3.5503   0.103E+01   0.0002382   4.7346649  97.1265640   0.252E-09
125  0.875  2.553  3.5423   0.962E+00   0.0002772   4.4132490 101.5398102   0.314E-09
126  0.875  2.604  3.5342   0.897E+00   0.0003226   4.1136527 105.6534653   0.392E-09
127  0.875  2.655  3.5262   0.836E+00   0.0003754   3.8343935 109.4878616   0.489E-09
128  0.875  2.706  3.5210   0.779E+00   0.0004346   3.5740931 113.0619583   0.608E-09
129  0.875  2.757  3.5162   0.726E+00   0.0005000   3.3314633 116.3934250   0.750E-09
130  0.875  2.808  3.5117   0.677E+00   0.0005747   3.1053050 119.4987335   0.925E-09
131  0.875  2.859  3.5071   0.631E+00   0.0006602   2.8944993 122.3932343   0.114E-08
132  0.875  2.910  3.5027   0.588E+00   0.0007582   2.6980035 125.0912399   0.141E-08
133  0.875  2.960  3.4978   0.548E+00   0.0008714   2.5148478 127.6060867   0.173E-08
134  0.875  3.011  3.4930   0.511E+00   0.0010022   2.3441257 129.9502106   0.214E-08
135  0.875  3.062  3.4880   0.476E+00   0.0011528   2.1849930 132.1352081   0.264E-08
136  0.875  3.113  3.4834   0.444E+00   0.0013255   2.0366635 134.1718750   0.325E-08
137  0.875  3.164  3.4784   0.414E+00   0.0015242   1.8984027 136.0702820   0.401E-08
138  0.875  3.215  3.4739   0.386E+00   0.0017524   1.7695283 137.8398132   0.495E-08
139  0.875  3.266  3.4692   0.360E+00   0.0020133   1.6494029 139.4892120   0.610E-08
140  0.875  3.317  3.4638   0.335E+00   0.0023172   1.5374320 141.0266418   0.754E-08
141  0.875  3.367  3.4610   0.312E+00   0.0026579   1.4330621 142.4597015   0.927E-08
142  0.875  3.420  3.4581   0.147E+00   0.0001618   0.0710783 142.5307770   0.114E-07
143  0.875  3.473  3.4543   0.136E+00   0.0001858   0.0660211 142.5968018   0.141E-07
144  0.875  3.526  3.4505   0.127E+00   0.0002141   0.0613238 142.6581268   0.175E-07
145  0.875  3.580  3.4467   0.118E+00   0.0002468   0.0569606 142.7150879   0.217E-07
146  0.875  3.633  3.4428   0.109E+00   0.0002845   0.0529079 142.7679901   0.269E-07
147  0.875  3.687  3.4390   0.101E+00   0.0003279   0.0491436 142.8171387   0.334E-07
148  0.875  3.740  3.4352   0.942E-01   0.0003780   0.0456471 142.8627930   0.414E-07
149  0.875  3.794  3.4314   0.875E-01   0.0004357   0.0423993 142.9051971   0.514E-07
Total mass lost on AGB =   0.0222
