#( [Fe/H], Y, Age) =   -0.530   0.242   1.000
# W   mass       log L    log Te       dN        F284W   U       B       V      R       I       J       H       K      L       Lp      M       Kp       B-V     (R-I)c     V-K   J-K    BCv  V-K(K92)   V(K92)    V-I  Bolenerg   284energ    Uenerg     Benerg     Venerg     Ienerg     Kenerg     log g
#( [Fe/H], Y, Age) =   -0.530   0.242   1.995
# W   mass       log L    log Te       dN        F284W   U       B       V      R       I       J       H       K      L       Lp      M       Kp       B-V     (R-I)c     V-K   J-K    BCv  V-K(K92)   V(K92)    V-I  Bolenerg   284energ    Uenerg     Benerg     Venerg     Ienerg     Kenerg     log g
#( [Fe/H], Y, Age) =   -0.530   0.242   5.012
# W   mass       log L    log Te       dN        F284W   U       B       V      R       I       J       H       K      L       Lp      M       Kp       B-V     (R-I)c     V-K   J-K    BCv  V-K(K92)   V(K92)    V-I  Bolenerg   284energ    Uenerg     Benerg     Venerg     Ienerg     Kenerg     log g
#( [Fe/H], Y, Age) =   -0.530   0.242  10.000
# W   mass       log L    log Te       dN        F284W   U       B       V      R       I       J       H       K      L       Lp      M       Kp       B-V     (R-I)c     V-K   J-K    BCv  V-K(K92)   V(K92)    V-I  Bolenerg   284energ    Uenerg     Benerg     Venerg     Ienerg     Kenerg     log g
#( [Fe/H], Y, Age) =   -0.530   0.242  17.783
# W   mass       log L    log Te       dN        F284W   U       B       V      R       I       J       H       K      L       Lp      M       Kp       B-V     (R-I)c     V-K   J-K    BCv  V-K(K92)   V(K92)    V-I  Bolenerg   284energ    Uenerg     Benerg     Venerg     Ienerg     Kenerg     log g
#( [Fe/H], Y, Age) =    0.000   0.274   1.000
# W   mass       log L    log Te       dN        F284W   U       B       V      R       I       J       H       K      L       Lp      M       Kp       B-V     (R-I)c     V-K   J-K    BCv  V-K(K92)   V(K92)    V-I  Bolenerg   284energ    Uenerg     Benerg     Venerg     Ienerg     Kenerg     log g
#( [Fe/H], Y, Age) =    0.000   0.274   1.995
# W   mass       log L    log Te       dN        F284W   U       B       V      R       I       J       H       K      L       Lp      M       Kp       B-V     (R-I)c     V-K   J-K    BCv  V-K(K92)   V(K92)    V-I  Bolenerg   284energ    Uenerg     Benerg     Venerg     Ienerg     Kenerg     log g
#( [Fe/H], Y, Age) =    0.000   0.274   5.012
# W   mass       log L    log Te       dN        F284W   U       B       V      R       I       J       H       K      L       Lp      M       Kp       B-V     (R-I)c     V-K   J-K    BCv  V-K(K92)   V(K92)    V-I  Bolenerg   284energ    Uenerg     Benerg     Venerg     Ienerg     Kenerg     log g
#( [Fe/H], Y, Age) =    0.000   0.274  10.000
# W   mass       log L    log Te       dN        F284W   U       B       V      R       I       J       H       K      L       Lp      M       Kp       B-V     (R-I)c     V-K   J-K    BCv  V-K(K92)   V(K92)    V-I  Bolenerg   284energ    Uenerg     Benerg     Venerg     Ienerg     Kenerg     log g
#( [Fe/H], Y, Age) =    0.000   0.274  17.783
# W   mass       log L    log Te       dN        F284W   U       B       V      R       I       J       H       K      L       Lp      M       Kp       B-V     (R-I)c     V-K   J-K    BCv  V-K(K92)   V(K92)    V-I  Bolenerg   284energ    Uenerg     Benerg     Venerg     Ienerg     Kenerg     log g
#( [Fe/H], Y, Age) =    0.370   0.336   1.000
# W   mass       log L    log Te       dN        F284W   U       B       V      R       I       J       H       K      L       Lp      M       Kp       B-V     (R-I)c     V-K   J-K    BCv  V-K(K92)   V(K92)    V-I  Bolenerg   284energ    Uenerg     Benerg     Venerg     Ienerg     Kenerg     log g
#( [Fe/H], Y, Age) =    0.370   0.336   1.995
# W   mass       log L    log Te       dN        F284W   U       B       V      R       I       J       H       K      L       Lp      M       Kp       B-V     (R-I)c     V-K   J-K    BCv  V-K(K92)   V(K92)    V-I  Bolenerg   284energ    Uenerg     Benerg     Venerg     Ienerg     Kenerg     log g
#( [Fe/H], Y, Age) =    0.370   0.336   5.012
# W   mass       log L    log Te       dN        F284W   U       B       V      R       I       J       H       K      L       Lp      M       Kp       B-V     (R-I)c     V-K   J-K    BCv  V-K(K92)   V(K92)    V-I  Bolenerg   284energ    Uenerg     Benerg     Venerg     Ienerg     Kenerg     log g
#( [Fe/H], Y, Age) =    0.370   0.336  10.000
# W   mass       log L    log Te       dN        F284W   U       B       V      R       I       J       H       K      L       Lp      M       Kp       B-V     (R-I)c     V-K   J-K    BCv  V-K(K92)   V(K92)    V-I  Bolenerg   284energ    Uenerg     Benerg     Venerg     Ienerg     Kenerg     log g
#( [Fe/H], Y, Age) =    0.370   0.336  17.783
# W   mass       log L    log Te       dN        F284W   U       B       V      R       I       J       H       K      L       Lp      M       Kp       B-V     (R-I)c     V-K   J-K    BCv  V-K(K92)   V(K92)    V-I  Bolenerg   284energ    Uenerg     Benerg     Venerg     Ienerg     Kenerg     log g
