#( [Fe/H], Y, Age[Gyr]) =   -0.530   0.242   1.0000000
# W   mass       log L    log Te       dN        F284W   U       B       V      R       I       K       300w    336w    547m    555w    606w    814w   606W-814W  V-I  STIS_LP NIC_110 NIC_160 LP-160w
#( [Fe/H], Y, Age[Gyr]) =   -0.530   0.242   1.9953001
# W   mass       log L    log Te       dN        F284W   U       B       V      R       I       K       300w    336w    547m    555w    606w    814w   606W-814W  V-I  STIS_LP NIC_110 NIC_160 LP-160w
#( [Fe/H], Y, Age[Gyr]) =   -0.530   0.242   5.0118999
# W   mass       log L    log Te       dN        F284W   U       B       V      R       I       K       300w    336w    547m    555w    606w    814w   606W-814W  V-I  STIS_LP NIC_110 NIC_160 LP-160w
#( [Fe/H], Y, Age[Gyr]) =   -0.530   0.242  10.0000000
# W   mass       log L    log Te       dN        F284W   U       B       V      R       I       K       300w    336w    547m    555w    606w    814w   606W-814W  V-I  STIS_LP NIC_110 NIC_160 LP-160w
#( [Fe/H], Y, Age[Gyr]) =   -0.530   0.242  17.7828007
# W   mass       log L    log Te       dN        F284W   U       B       V      R       I       K       300w    336w    547m    555w    606w    814w   606W-814W  V-I  STIS_LP NIC_110 NIC_160 LP-160w
#( [Fe/H], Y, Age[Gyr]) =    0.000   0.274   1.0000000
# W   mass       log L    log Te       dN        F284W   U       B       V      R       I       K       300w    336w    547m    555w    606w    814w   606W-814W  V-I  STIS_LP NIC_110 NIC_160 LP-160w
#( [Fe/H], Y, Age[Gyr]) =    0.000   0.274   1.9953001
# W   mass       log L    log Te       dN        F284W   U       B       V      R       I       K       300w    336w    547m    555w    606w    814w   606W-814W  V-I  STIS_LP NIC_110 NIC_160 LP-160w
#( [Fe/H], Y, Age[Gyr]) =    0.000   0.274   5.0118999
# W   mass       log L    log Te       dN        F284W   U       B       V      R       I       K       300w    336w    547m    555w    606w    814w   606W-814W  V-I  STIS_LP NIC_110 NIC_160 LP-160w
#( [Fe/H], Y, Age[Gyr]) =    0.000   0.274  10.0000000
# W   mass       log L    log Te       dN        F284W   U       B       V      R       I       K       300w    336w    547m    555w    606w    814w   606W-814W  V-I  STIS_LP NIC_110 NIC_160 LP-160w
#( [Fe/H], Y, Age[Gyr]) =    0.000   0.274  17.7828007
# W   mass       log L    log Te       dN        F284W   U       B       V      R       I       K       300w    336w    547m    555w    606w    814w   606W-814W  V-I  STIS_LP NIC_110 NIC_160 LP-160w
#( [Fe/H], Y, Age[Gyr]) =    0.370   0.336   1.0000000
# W   mass       log L    log Te       dN        F284W   U       B       V      R       I       K       300w    336w    547m    555w    606w    814w   606W-814W  V-I  STIS_LP NIC_110 NIC_160 LP-160w
#( [Fe/H], Y, Age[Gyr]) =    0.370   0.336   1.9953001
# W   mass       log L    log Te       dN        F284W   U       B       V      R       I       K       300w    336w    547m    555w    606w    814w   606W-814W  V-I  STIS_LP NIC_110 NIC_160 LP-160w
#( [Fe/H], Y, Age[Gyr]) =    0.370   0.336   5.0118999
# W   mass       log L    log Te       dN        F284W   U       B       V      R       I       K       300w    336w    547m    555w    606w    814w   606W-814W  V-I  STIS_LP NIC_110 NIC_160 LP-160w
#( [Fe/H], Y, Age[Gyr]) =    0.370   0.336  10.0000000
# W   mass       log L    log Te       dN        F284W   U       B       V      R       I       K       300w    336w    547m    555w    606w    814w   606W-814W  V-I  STIS_LP NIC_110 NIC_160 LP-160w
#( [Fe/H], Y, Age[Gyr]) =    0.370   0.336  17.7828007
# W   mass       log L    log Te       dN        F284W   U       B       V      R       I       K       300w    336w    547m    555w    606w    814w   606W-814W  V-I  STIS_LP NIC_110 NIC_160 LP-160w
