#( [Fe/H], Y, Age[Gyr]) =   -0.530   0.242   1.0000000
# W   mass       log L    log Te       dN        3.6um   4.5um  5.8um  8.0um  24um     70um     160um     fuv   nuv
#( [Fe/H], Y, Age[Gyr]) =   -0.530   0.242   1.9953001
# W   mass       log L    log Te       dN        3.6um   4.5um  5.8um  8.0um  24um     70um     160um     fuv   nuv
#( [Fe/H], Y, Age[Gyr]) =   -0.530   0.242   5.0118999
# W   mass       log L    log Te       dN        3.6um   4.5um  5.8um  8.0um  24um     70um     160um     fuv   nuv
#( [Fe/H], Y, Age[Gyr]) =   -0.530   0.242  10.0000000
# W   mass       log L    log Te       dN        3.6um   4.5um  5.8um  8.0um  24um     70um     160um     fuv   nuv
#( [Fe/H], Y, Age[Gyr]) =   -0.530   0.242  17.7828007
# W   mass       log L    log Te       dN        3.6um   4.5um  5.8um  8.0um  24um     70um     160um     fuv   nuv
#( [Fe/H], Y, Age[Gyr]) =    0.000   0.274   1.0000000
# W   mass       log L    log Te       dN        3.6um   4.5um  5.8um  8.0um  24um     70um     160um     fuv   nuv
#( [Fe/H], Y, Age[Gyr]) =    0.000   0.274   1.9953001
# W   mass       log L    log Te       dN        3.6um   4.5um  5.8um  8.0um  24um     70um     160um     fuv   nuv
#( [Fe/H], Y, Age[Gyr]) =    0.000   0.274   5.0118999
# W   mass       log L    log Te       dN        3.6um   4.5um  5.8um  8.0um  24um     70um     160um     fuv   nuv
#( [Fe/H], Y, Age[Gyr]) =    0.000   0.274  10.0000000
# W   mass       log L    log Te       dN        3.6um   4.5um  5.8um  8.0um  24um     70um     160um     fuv   nuv
#( [Fe/H], Y, Age[Gyr]) =    0.000   0.274  17.7828007
# W   mass       log L    log Te       dN        3.6um   4.5um  5.8um  8.0um  24um     70um     160um     fuv   nuv
#( [Fe/H], Y, Age[Gyr]) =    0.370   0.336   1.0000000
# W   mass       log L    log Te       dN        3.6um   4.5um  5.8um  8.0um  24um     70um     160um     fuv   nuv
#( [Fe/H], Y, Age[Gyr]) =    0.370   0.336   1.9953001
# W   mass       log L    log Te       dN        3.6um   4.5um  5.8um  8.0um  24um     70um     160um     fuv   nuv
#( [Fe/H], Y, Age[Gyr]) =    0.370   0.336   5.0118999
# W   mass       log L    log Te       dN        3.6um   4.5um  5.8um  8.0um  24um     70um     160um     fuv   nuv
#( [Fe/H], Y, Age[Gyr]) =    0.370   0.336  10.0000000
# W   mass       log L    log Te       dN        3.6um   4.5um  5.8um  8.0um  24um     70um     160um     fuv   nuv
#( [Fe/H], Y, Age[Gyr]) =    0.370   0.336  17.7828007
# W   mass       log L    log Te       dN        3.6um   4.5um  5.8um  8.0um  24um     70um     160um     fuv   nuv
