#( [Fe/H], Y, Age) =   -0.530   0.242   1.000
# W   mass       log L    log Te       dN        F284W   U       B       V      R       I       K       3360    3890    4210    4550    4925    5270    5795    6075    6660    7215    8020    8480    9190    9745
#( [Fe/H], Y, Age) =   -0.530   0.242   1.995
# W   mass       log L    log Te       dN        F284W   U       B       V      R       I       K       3360    3890    4210    4550    4925    5270    5795    6075    6660    7215    8020    8480    9190    9745
#( [Fe/H], Y, Age) =   -0.530   0.242   5.012
# W   mass       log L    log Te       dN        F284W   U       B       V      R       I       K       3360    3890    4210    4550    4925    5270    5795    6075    6660    7215    8020    8480    9190    9745
#( [Fe/H], Y, Age) =   -0.530   0.242  10.000
# W   mass       log L    log Te       dN        F284W   U       B       V      R       I       K       3360    3890    4210    4550    4925    5270    5795    6075    6660    7215    8020    8480    9190    9745
#( [Fe/H], Y, Age) =   -0.530   0.242  17.783
# W   mass       log L    log Te       dN        F284W   U       B       V      R       I       K       3360    3890    4210    4550    4925    5270    5795    6075    6660    7215    8020    8480    9190    9745
#( [Fe/H], Y, Age) =    0.000   0.274   1.000
# W   mass       log L    log Te       dN        F284W   U       B       V      R       I       K       3360    3890    4210    4550    4925    5270    5795    6075    6660    7215    8020    8480    9190    9745
#( [Fe/H], Y, Age) =    0.000   0.274   1.995
# W   mass       log L    log Te       dN        F284W   U       B       V      R       I       K       3360    3890    4210    4550    4925    5270    5795    6075    6660    7215    8020    8480    9190    9745
#( [Fe/H], Y, Age) =    0.000   0.274   5.012
# W   mass       log L    log Te       dN        F284W   U       B       V      R       I       K       3360    3890    4210    4550    4925    5270    5795    6075    6660    7215    8020    8480    9190    9745
#( [Fe/H], Y, Age) =    0.000   0.274  10.000
# W   mass       log L    log Te       dN        F284W   U       B       V      R       I       K       3360    3890    4210    4550    4925    5270    5795    6075    6660    7215    8020    8480    9190    9745
#( [Fe/H], Y, Age) =    0.000   0.274  17.783
# W   mass       log L    log Te       dN        F284W   U       B       V      R       I       K       3360    3890    4210    4550    4925    5270    5795    6075    6660    7215    8020    8480    9190    9745
#( [Fe/H], Y, Age) =    0.370   0.336   1.000
# W   mass       log L    log Te       dN        F284W   U       B       V      R       I       K       3360    3890    4210    4550    4925    5270    5795    6075    6660    7215    8020    8480    9190    9745
#( [Fe/H], Y, Age) =    0.370   0.336   1.995
# W   mass       log L    log Te       dN        F284W   U       B       V      R       I       K       3360    3890    4210    4550    4925    5270    5795    6075    6660    7215    8020    8480    9190    9745
#( [Fe/H], Y, Age) =    0.370   0.336   5.012
# W   mass       log L    log Te       dN        F284W   U       B       V      R       I       K       3360    3890    4210    4550    4925    5270    5795    6075    6660    7215    8020    8480    9190    9745
#( [Fe/H], Y, Age) =    0.370   0.336  10.000
# W   mass       log L    log Te       dN        F284W   U       B       V      R       I       K       3360    3890    4210    4550    4925    5270    5795    6075    6660    7215    8020    8480    9190    9745
#( [Fe/H], Y, Age) =    0.370   0.336  17.783
# W   mass       log L    log Te       dN        F284W   U       B       V      R       I       K       3360    3890    4210    4550    4925    5270    5795    6075    6660    7215    8020    8480    9190    9745
