#( [Fe/H], Y, Age[Gyr]) =   -0.530   0.242   1.0000000
# W   mass       log L    log Te       dN         u       g       r       i       z       u       v       b       y      b-y     m1      c1       C       M       T1       T2      ddo_35  ddo_38  ddo_41  ddo_42  ddo_45  ddo_48
#( [Fe/H], Y, Age[Gyr]) =   -0.530   0.242   1.9953001
# W   mass       log L    log Te       dN         u       g       r       i       z       u       v       b       y      b-y     m1      c1       C       M       T1       T2      ddo_35  ddo_38  ddo_41  ddo_42  ddo_45  ddo_48
#( [Fe/H], Y, Age[Gyr]) =   -0.530   0.242   5.0118999
# W   mass       log L    log Te       dN         u       g       r       i       z       u       v       b       y      b-y     m1      c1       C       M       T1       T2      ddo_35  ddo_38  ddo_41  ddo_42  ddo_45  ddo_48
#( [Fe/H], Y, Age[Gyr]) =   -0.530   0.242  10.0000000
# W   mass       log L    log Te       dN         u       g       r       i       z       u       v       b       y      b-y     m1      c1       C       M       T1       T2      ddo_35  ddo_38  ddo_41  ddo_42  ddo_45  ddo_48
#( [Fe/H], Y, Age[Gyr]) =   -0.530   0.242  17.7828007
# W   mass       log L    log Te       dN         u       g       r       i       z       u       v       b       y      b-y     m1      c1       C       M       T1       T2      ddo_35  ddo_38  ddo_41  ddo_42  ddo_45  ddo_48
#( [Fe/H], Y, Age[Gyr]) =    0.000   0.274   1.0000000
# W   mass       log L    log Te       dN         u       g       r       i       z       u       v       b       y      b-y     m1      c1       C       M       T1       T2      ddo_35  ddo_38  ddo_41  ddo_42  ddo_45  ddo_48
#( [Fe/H], Y, Age[Gyr]) =    0.000   0.274   1.9953001
# W   mass       log L    log Te       dN         u       g       r       i       z       u       v       b       y      b-y     m1      c1       C       M       T1       T2      ddo_35  ddo_38  ddo_41  ddo_42  ddo_45  ddo_48
#( [Fe/H], Y, Age[Gyr]) =    0.000   0.274   5.0118999
# W   mass       log L    log Te       dN         u       g       r       i       z       u       v       b       y      b-y     m1      c1       C       M       T1       T2      ddo_35  ddo_38  ddo_41  ddo_42  ddo_45  ddo_48
#( [Fe/H], Y, Age[Gyr]) =    0.000   0.274  10.0000000
# W   mass       log L    log Te       dN         u       g       r       i       z       u       v       b       y      b-y     m1      c1       C       M       T1       T2      ddo_35  ddo_38  ddo_41  ddo_42  ddo_45  ddo_48
#( [Fe/H], Y, Age[Gyr]) =    0.000   0.274  17.7828007
# W   mass       log L    log Te       dN         u       g       r       i       z       u       v       b       y      b-y     m1      c1       C       M       T1       T2      ddo_35  ddo_38  ddo_41  ddo_42  ddo_45  ddo_48
#( [Fe/H], Y, Age[Gyr]) =    0.370   0.336   1.0000000
# W   mass       log L    log Te       dN         u       g       r       i       z       u       v       b       y      b-y     m1      c1       C       M       T1       T2      ddo_35  ddo_38  ddo_41  ddo_42  ddo_45  ddo_48
#( [Fe/H], Y, Age[Gyr]) =    0.370   0.336   1.9953001
# W   mass       log L    log Te       dN         u       g       r       i       z       u       v       b       y      b-y     m1      c1       C       M       T1       T2      ddo_35  ddo_38  ddo_41  ddo_42  ddo_45  ddo_48
#( [Fe/H], Y, Age[Gyr]) =    0.370   0.336   5.0118999
# W   mass       log L    log Te       dN         u       g       r       i       z       u       v       b       y      b-y     m1      c1       C       M       T1       T2      ddo_35  ddo_38  ddo_41  ddo_42  ddo_45  ddo_48
#( [Fe/H], Y, Age[Gyr]) =    0.370   0.336  10.0000000
# W   mass       log L    log Te       dN         u       g       r       i       z       u       v       b       y      b-y     m1      c1       C       M       T1       T2      ddo_35  ddo_38  ddo_41  ddo_42  ddo_45  ddo_48
#( [Fe/H], Y, Age[Gyr]) =    0.370   0.336  17.7828007
# W   mass       log L    log Te       dN         u       g       r       i       z       u       v       b       y      b-y     m1      c1       C       M       T1       T2      ddo_35  ddo_38  ddo_41  ddo_42  ddo_45  ddo_48
