#( [Fe/H], Y, Age[Gyr]) =   -0.530   0.242   1.0000000
# W   mass       log L    log Te       dN        f218w   f225w   f275w   f336w   f390w   f438w   f469w   f475w   f555w   f606w   f635w   f775w   f814w  f3501p  f6001p  f8501p   f105w   f110w   f125w   f140w   f160w
#( [Fe/H], Y, Age[Gyr]) =   -0.530   0.242   1.9953001
# W   mass       log L    log Te       dN        f218w   f225w   f275w   f336w   f390w   f438w   f469w   f475w   f555w   f606w   f635w   f775w   f814w  f3501p  f6001p  f8501p   f105w   f110w   f125w   f140w   f160w
#( [Fe/H], Y, Age[Gyr]) =   -0.530   0.242   5.0118999
# W   mass       log L    log Te       dN        f218w   f225w   f275w   f336w   f390w   f438w   f469w   f475w   f555w   f606w   f635w   f775w   f814w  f3501p  f6001p  f8501p   f105w   f110w   f125w   f140w   f160w
#( [Fe/H], Y, Age[Gyr]) =   -0.530   0.242  10.0000000
# W   mass       log L    log Te       dN        f218w   f225w   f275w   f336w   f390w   f438w   f469w   f475w   f555w   f606w   f635w   f775w   f814w  f3501p  f6001p  f8501p   f105w   f110w   f125w   f140w   f160w
#( [Fe/H], Y, Age[Gyr]) =   -0.530   0.242  17.7828007
# W   mass       log L    log Te       dN        f218w   f225w   f275w   f336w   f390w   f438w   f469w   f475w   f555w   f606w   f635w   f775w   f814w  f3501p  f6001p  f8501p   f105w   f110w   f125w   f140w   f160w
#( [Fe/H], Y, Age[Gyr]) =    0.000   0.274   1.0000000
# W   mass       log L    log Te       dN        f218w   f225w   f275w   f336w   f390w   f438w   f469w   f475w   f555w   f606w   f635w   f775w   f814w  f3501p  f6001p  f8501p   f105w   f110w   f125w   f140w   f160w
#( [Fe/H], Y, Age[Gyr]) =    0.000   0.274   1.9953001
# W   mass       log L    log Te       dN        f218w   f225w   f275w   f336w   f390w   f438w   f469w   f475w   f555w   f606w   f635w   f775w   f814w  f3501p  f6001p  f8501p   f105w   f110w   f125w   f140w   f160w
#( [Fe/H], Y, Age[Gyr]) =    0.000   0.274   5.0118999
# W   mass       log L    log Te       dN        f218w   f225w   f275w   f336w   f390w   f438w   f469w   f475w   f555w   f606w   f635w   f775w   f814w  f3501p  f6001p  f8501p   f105w   f110w   f125w   f140w   f160w
#( [Fe/H], Y, Age[Gyr]) =    0.000   0.274  10.0000000
# W   mass       log L    log Te       dN        f218w   f225w   f275w   f336w   f390w   f438w   f469w   f475w   f555w   f606w   f635w   f775w   f814w  f3501p  f6001p  f8501p   f105w   f110w   f125w   f140w   f160w
#( [Fe/H], Y, Age[Gyr]) =    0.000   0.274  17.7828007
# W   mass       log L    log Te       dN        f218w   f225w   f275w   f336w   f390w   f438w   f469w   f475w   f555w   f606w   f635w   f775w   f814w  f3501p  f6001p  f8501p   f105w   f110w   f125w   f140w   f160w
#( [Fe/H], Y, Age[Gyr]) =    0.370   0.336   1.0000000
# W   mass       log L    log Te       dN        f218w   f225w   f275w   f336w   f390w   f438w   f469w   f475w   f555w   f606w   f635w   f775w   f814w  f3501p  f6001p  f8501p   f105w   f110w   f125w   f140w   f160w
#( [Fe/H], Y, Age[Gyr]) =    0.370   0.336   1.9953001
# W   mass       log L    log Te       dN        f218w   f225w   f275w   f336w   f390w   f438w   f469w   f475w   f555w   f606w   f635w   f775w   f814w  f3501p  f6001p  f8501p   f105w   f110w   f125w   f140w   f160w
#( [Fe/H], Y, Age[Gyr]) =    0.370   0.336   5.0118999
# W   mass       log L    log Te       dN        f218w   f225w   f275w   f336w   f390w   f438w   f469w   f475w   f555w   f606w   f635w   f775w   f814w  f3501p  f6001p  f8501p   f105w   f110w   f125w   f140w   f160w
#( [Fe/H], Y, Age[Gyr]) =    0.370   0.336  10.0000000
# W   mass       log L    log Te       dN        f218w   f225w   f275w   f336w   f390w   f438w   f469w   f475w   f555w   f606w   f635w   f775w   f814w  f3501p  f6001p  f8501p   f105w   f110w   f125w   f140w   f160w
#( [Fe/H], Y, Age[Gyr]) =    0.370   0.336  17.7828007
# W   mass       log L    log Te       dN        f218w   f225w   f275w   f336w   f390w   f438w   f469w   f475w   f555w   f606w   f635w   f775w   f814w  f3501p  f6001p  f8501p   f105w   f110w   f125w   f140w   f160w
