This run is done.
     3.96175E-02
    0.335835
     17.7828
     2.35000
   0.
   0.
     1.05000
   0.
   0.
    -2.70000
   -0.600000
   -0.600000
     1.00000
     1.00000
   0.
   0.
     1.69000E-02
    0.274000
    0.228000
     1.00000E-01
    100.0000
    1000000.
    0.200000
   0.
     2.00000
     1.00000
   0.
     1.00000
     5.00000
     1.00000
   0.
   0.
   0.
   0.
 salpeter                                                    
 no                                                          
 detail.out                                                  
 niew                                                        
 /one/color/hb.dat                                           
 /one/color/eagb.input                                       
 /usr/a/theory/mods                                          
 no                                                          
 KBBSW                                                       
 yes                                                         
 hess.out                                                    
 ss                                                          
