This is pdfTeXk, Version 3.141592-1.40.3 (Web2C 7.5.6) (format=latex 2011.5.13)  10 AUG 2011 10:59
entering extended mode
 %&-line parsing enabled.
**mn2eguide
(./mn2eguide.tex
LaTeX2e <2005/12/01>
Babel <v3.8h> and hyphenation patterns for english, usenglishmax, dumylang, noh
yphenation, arabic, basque, bulgarian, coptic, welsh, czech, slovak, german, ng
erman, danish, esperanto, spanish, catalan, galician, estonian, farsi, finnish,
 french, greek, monogreek, ancientgreek, croatian, hungarian, interlingua, ibyc
us, indonesian, icelandic, italian, latin, mongolian, dutch, norsk, polish, por
tuguese, pinyin, romanian, russian, slovenian, uppersorbian, serbian, swedish, 
turkish, ukenglish, ukrainian, loaded.
(./mn2e.cls
Document Class: mn2e 2001/02/06 v2.2 LaTeX2e MN document class
Document Style `MN' v2.2, released 2001 February 20
\math@groups=\toks14
LaTeX Font Info:    Overwriting symbol font `symbols' in version `bold'
(Font)                  OMS/cmsy/b/n --> OMS/cmsy/b/n on input line 223.
\symbmisymbols=\mathgroup4
\symUPM=\mathgroup5
LaTeX Font Info:    Overwriting symbol font `UPM' in version `bold'
(Font)                  U/eur/m/n --> U/eur/b/n on input line 260.
\symAMSa=\mathgroup6
\SFB@measure=\dimen102
\realparindent=\skip41
\c@part=\count79
\c@section=\count80
\c@subsection=\count81
\c@subsubsection=\count82
\c@paragraph=\count83
\c@subparagraph=\count84
\@indentskip=\skip42
\smallindent=\skip43
\@footindent=\skip44
\@leftskip=\skip45
\c@dummy=\count85
(/usr/share/texmf/tex/latex/natbib/natbib.sty
Package: natbib 2007/02/05 8.0 (PWD)
\bibhang=\skip46
\bibsep=\skip47
LaTeX Info: Redefining \cite on input line 602.
\c@NAT@ctr=\count86
)
\c@table=\count87
\c@figure=\count88
\mathindent=\dimen103
)
\c@theorem=\count89
 (./mn2eguide.aux)
\openout1 = `mn2eguide.aux'.

LaTeX Font Info:    Checking defaults for OML/cmm/m/it on input line 47.
LaTeX Font Info:    ... okay on input line 47.
LaTeX Font Info:    Checking defaults for T1/cmr/m/n on input line 47.
LaTeX Font Info:    ... okay on input line 47.
LaTeX Font Info:    Checking defaults for OT1/cmr/m/n on input line 47.
LaTeX Font Info:    ... okay on input line 47.
LaTeX Font Info:    Checking defaults for OMS/cmsy/m/n on input line 47.
LaTeX Font Info:    ... okay on input line 47.
LaTeX Font Info:    Checking defaults for OMX/cmex/m/n on input line 47.
LaTeX Font Info:    ... okay on input line 47.
LaTeX Font Info:    Checking defaults for U/cmr/m/n on input line 47.
LaTeX Font Info:    ... okay on input line 47.
LaTeX Font Info:    External font `cmex10' loaded for size
(Font)              <17.28> on input line 51.
LaTeX Font Info:    External font `cmex10' loaded for size
(Font)              <12> on input line 51.
LaTeX Font Info:    Try loading font information for U+eur on input line 51.

(/usr/share/texmf/tex/latex/amsfonts/ueur.fd
File: ueur.fd 2002/01/19 v2.2g AMS font definitions
)
LaTeX Font Info:    Try loading font information for U+msa on input line 51.

(/usr/share/texmf/tex/latex/amsfonts/umsa.fd
File: umsa.fd 2002/01/19 v2.2g AMS font definitions
)
LaTeX Font Info:    External font `cmex10' loaded for size
(Font)              <14.4> on input line 51.
LaTeX Font Info:    External font `cmex10' loaded for size
(Font)              <7> on input line 51.
LaTeX Font Info:    External font `cmex10' loaded for size
(Font)              <8> on input line 51.
LaTeX Font Info:    External font `cmex10' loaded for size
(Font)              <6> on input line 51.
LaTeX Font Info:    External font `cmex10' loaded for size
(Font)              <5> on input line 51.
LaTeX Font Info:    External font `cmex10' loaded for size
(Font)              <9> on input line 66.
LaTeX Font Info:    Try loading font information for OMS+cmr on input line 134.


(/usr/share/texmf/tex/latex/base/omscmr.fd
File: omscmr.fd 1999/05/25 v2.5h Standard LaTeX font definitions
)
LaTeX Font Info:    Font shape `OMS/cmr/m/n' in size <8> not available
(Font)              Font shape `OMS/cmsy/m/n' tried instead on input line 134.
 [1


]
Underfull \hbox (badness 10000) in paragraph at lines 166--173

 []

[2]
Overfull \hbox (0.9722pt too wide) in paragraph at lines 330--330
[]\OT1/cmtt/m/n/9 \title[Monthly Notices: \LaTeXe\ guide for authors][] 
 []


Underfull \hbox (badness 1014) in paragraph at lines 407--412
\OT1/cmr/m/n/9 The \OT1/cmtt/m/n/9 mn2e \OT1/cmr/m/n/9 class file pro-vides num
-bered lists us-ing the
 []

[3] [4]
Overfull \hbox (0.9722pt too wide) in paragraph at lines 655--655
[] \OT1/cmtt/m/n/9 \sum_{i=1}^p \lambda_i = \rmn{trace}(\mathbfss{S})[] 
 []

[5]
Underfull \hbox (badness 10000) in paragraph at lines 831--837
\OT1/cmr/m/n/9 For three-author pa-pers, a full au-thor list can
 []


Underfull \hbox (badness 10000) in paragraph at lines 831--837
\OT1/cmr/m/n/9 be forced by putting a []\OT1/cmtt/m/n/9 * \OT1/cmr/m/n/9 just b
e-fore the []\OT1/cmtt/m/n/9 {\OT1/cmr/m/n/9 .
 []


Underfull \hbox (badness 7613) in paragraph at lines 831--837
\OT1/cmr/m/n/9 To add notes within the ci-ta-tion, use the form
 []


Overfull \hbox (15.14703pt too wide) in paragraph at lines 916--916
[]  \OT1/cmtt/m/n/9 \bibitem[\protect\citeauthoryear{Butcher}{1992}]{bu}[] 
 []


Overfull \hbox (19.87198pt too wide) in paragraph at lines 916--916
[]  \OT1/cmtt/m/n/9 \bibitem[\protect\citeauthoryear{The Chicago Manual}%[] 
 []


Overfull \hbox (10.42209pt too wide) in paragraph at lines 916--916
[]  \OT1/cmtt/m/n/9 \bibitem[\protect\citeauthoryear{Blanco}{1991}]{bl}[] 
 []


Overfull \hbox (0.9722pt too wide) in paragraph at lines 916--916
[]  \OT1/cmtt/m/n/9 \bibitem[\protect\citeauthoryear{Brown \& Jones}%[] 
 []


Overfull \hbox (15.14703pt too wide) in paragraph at lines 916--916
[]  \OT1/cmtt/m/n/9 \bibitem[\protect\citeauthoryear{Edelson}{1987}]{ed}[] 
 []


Overfull \hbox (5.69714pt too wide) in paragraph at lines 916--916
[]  \OT1/cmtt/m/n/9 \bibitem[\protect\citeauthoryear{Knuth}{1998}]{kn}[] 
 []


Overfull \hbox (10.42209pt too wide) in paragraph at lines 916--916
[]    \OT1/cmtt/m/n/9 Knuth D. E., 1998, The \TeX book. Addison-Wesley,[] 
 []

[6]
Overfull \hbox (0.9722pt too wide) in paragraph at lines 916--916
[]    \OT1/cmtt/m/n/9 {1999}]{kd} Kopka H., Daly P. W., 1999, A Guide[] 
 []


Overfull \hbox (15.14703pt too wide) in paragraph at lines 916--916
[]  \OT1/cmtt/m/n/9 \bibitem[\protect\citeauthoryear{Lamport}{1986}]{la}[] 
 []


Overfull \hbox (19.87198pt too wide) in paragraph at lines 916--916
[]  \OT1/cmtt/m/n/9 \bibitem[\protect\citeauthoryear{Mirabel \& Sanders}%[] 
 []


Overfull \hbox (0.9722pt too wide) in paragraph at lines 916--916
[]    \OT1/cmtt/m/n/9 {1989}]{ms} Mirabel I. F., Sanders D. B., 1989,[] 
 []


Overfull \hbox (15.14703pt too wide) in paragraph at lines 916--916
[]  \OT1/cmtt/m/n/9 \bibitem[\protect\citeauthoryear{Sopp \& Alexander}%[] 
 []


Overfull \hbox (15.14703pt too wide) in paragraph at lines 916--916
[]  \OT1/cmtt/m/n/9 \bibitem[\protect\citeauthoryear{Stella \& Campana}%[] 
 []


Underfull \vbox (badness 3375) has occurred while \output is active []

 [7]
Overfull \hbox (19.96646pt too wide) in paragraph at lines 1059--1080
[][] 
 []


Overfull \hbox (9.08646pt too wide) in paragraph at lines 1209--1213
[]
 []


Overfull \hbox (9.08646pt too wide) in paragraph at lines 1221--1225
[]
 []

[8]
Overfull \hbox (9.08646pt too wide) in paragraph at lines 1236--1240
[]
 []


Overfull \hbox (9.08646pt too wide) in paragraph at lines 1247--1251
[]
 []


Overfull \hbox (9.08646pt too wide) in paragraph at lines 1261--1265
[]
 []


Overfull \hbox (9.08646pt too wide) in paragraph at lines 1272--1276
[]
 []


Overfull \hbox (9.08646pt too wide) in paragraph at lines 1283--1287
[]
 []


Overfull \hbox (9.08646pt too wide) in paragraph at lines 1294--1298
[]
 []


Overfull \hbox (9.08646pt too wide) in paragraph at lines 1310--1314
[]
 []


Underfull \hbox (badness 1845) in paragraph at lines 1332--1332
\OT1/cmr/bx/n/17.28 strength of low-$[]$ so-lar p
 []


Underfull \hbox (badness 1142) in paragraph at lines 1332--1332
\OT1/cmr/bx/n/14.4 New, C. C. Speake and S. J.
 []


Overfull \hbox (9.08646pt too wide) in paragraph at lines 1332--1336
[]
 []

[9] [10] (./mn2eguide.aux) ) 
Here is how much of TeX's memory you used:
 893 strings out of 256217
 9491 string characters out of 1917095
 69333 words of memory out of 1500000
 4196 multiletter control sequences out of 10000+200000
 27225 words of font info for 95 fonts, out of 1200000 for 2000
 645 hyphenation exceptions out of 8191
 31i,18n,34p,167b,366s stack positions out of 5000i,500n,6000p,200000b,15000s

Output written on mn2eguide.dvi (10 pages, 66328 bytes).
