This is pdfTeXk, Version 3.141592-1.40.3 (Web2C 7.5.6) (format=latex 2011.5.13)  10 AUG 2011 10:52
entering extended mode
 %&-line parsing enabled.
**stellar12.tex
(./stellar12.tex
LaTeX2e <2005/12/01>
Babel <v3.8h> and hyphenation patterns for english, usenglishmax, dumylang, noh
yphenation, arabic, basque, bulgarian, coptic, welsh, czech, slovak, german, ng
erman, danish, esperanto, spanish, catalan, galician, estonian, farsi, finnish,
 french, greek, monogreek, ancientgreek, croatian, hungarian, interlingua, ibyc
us, indonesian, icelandic, italian, latin, mongolian, dutch, norsk, polish, por
tuguese, pinyin, romanian, russian, slovenian, uppersorbian, serbian, swedish, 
turkish, ukenglish, ukrainian, loaded.
(./mn2e.cls
Document Class: mn2e 2001/02/06 v2.2 LaTeX2e MN document class
Document Style `MN' v2.2, released 2001 February 20
\math@groups=\toks14
LaTeX Font Info:    Overwriting symbol font `symbols' in version `bold'
(Font)                  OMS/cmsy/b/n --> OMS/cmsy/b/n on input line 223.
\symbmisymbols=\mathgroup4
\symUPM=\mathgroup5
LaTeX Font Info:    Overwriting symbol font `UPM' in version `bold'
(Font)                  U/eur/m/n --> U/eur/b/n on input line 260.
\symAMSa=\mathgroup6
\SFB@measure=\dimen102
\realparindent=\skip41
\c@part=\count79
\c@section=\count80
\c@subsection=\count81
\c@subsubsection=\count82
\c@paragraph=\count83
\c@subparagraph=\count84
\@indentskip=\skip42
\smallindent=\skip43
\@footindent=\skip44
\@leftskip=\skip45
\c@dummy=\count85
(/usr/share/texmf/tex/latex/natbib/natbib.sty
Package: natbib 2007/02/05 8.0 (PWD)
\bibhang=\skip46
\bibsep=\skip47
LaTeX Info: Redefining \cite on input line 602.
\c@NAT@ctr=\count86
)
\c@table=\count87
\c@figure=\count88
\mathindent=\dimen103
) (./stellar12.aux)
\openout1 = `stellar12.aux'.

LaTeX Font Info:    Checking defaults for OML/cmm/m/it on input line 12.
LaTeX Font Info:    ... okay on input line 12.
LaTeX Font Info:    Checking defaults for T1/cmr/m/n on input line 12.
LaTeX Font Info:    ... okay on input line 12.
LaTeX Font Info:    Checking defaults for OT1/cmr/m/n on input line 12.
LaTeX Font Info:    ... okay on input line 12.
LaTeX Font Info:    Checking defaults for OMS/cmsy/m/n on input line 12.
LaTeX Font Info:    ... okay on input line 12.
LaTeX Font Info:    Checking defaults for OMX/cmex/m/n on input line 12.
LaTeX Font Info:    ... okay on input line 12.
LaTeX Font Info:    Checking defaults for U/cmr/m/n on input line 12.
LaTeX Font Info:    ... okay on input line 12.
LaTeX Font Info:    External font `cmex10' loaded for size
(Font)              <14.4> on input line 18.
LaTeX Font Info:    External font `cmex10' loaded for size
(Font)              <7> on input line 18.
LaTeX Font Info:    Try loading font information for U+eur on input line 18.

(/usr/share/texmf/tex/latex/amsfonts/ueur.fd
File: ueur.fd 2002/01/19 v2.2g AMS font definitions
)
LaTeX Font Info:    Try loading font information for U+msa on input line 18.

(/usr/share/texmf/tex/latex/amsfonts/umsa.fd
File: umsa.fd 2002/01/19 v2.2g AMS font definitions
)
LaTeX Font Info:    External font `cmex10' loaded for size
(Font)              <8> on input line 18.
LaTeX Font Info:    External font `cmex10' loaded for size
(Font)              <6> on input line 18.
LaTeX Font Info:    External font `cmex10' loaded for size
(Font)              <5> on input line 18.

Underfull \hbox (badness 10000) in paragraph at lines 39--39
$[]$ []\OT1/cmr/m/n/8 E-mail: email@address (AVR); oth-ere-mail@otheraddress
 []

LaTeX Font Info:    External font `cmex10' loaded for size
(Font)              <9> on input line 57.
LaTeX Font Info:    Try loading font information for OMS+cmr on input line 152.

(/usr/share/texmf/tex/latex/base/omscmr.fd
File: omscmr.fd 1999/05/25 v2.5h Standard LaTeX font definitions
)
LaTeX Font Info:    Font shape `OMS/cmr/m/n' in size <8> not available
(Font)              Font shape `OMS/cmsy/m/n' tried instead on input line 152.
 [1


]
Underfull \vbox (badness 1231) has occurred while \output is active []

 [2]
[3] [4]
Underfull \vbox (badness 10000) has occurred while \output is active []

 [5]
[6] [7] (./stellar12.aux) ) 
Here is how much of TeX's memory you used:
 833 strings out of 256217
 8720 string characters out of 1917095
 70640 words of memory out of 1500000
 4152 multiletter control sequences out of 10000+200000
 17561 words of font info for 61 fonts, out of 1200000 for 2000
 645 hyphenation exceptions out of 8191
 31i,17n,34p,676b,385s stack positions out of 5000i,500n,6000p,200000b,15000s

Output written on stellar12.dvi (7 pages, 43396 bytes).
