  i   Ebol     E_V      E_I      E_K      cum Ebol cum E_V  cum E_I  cum E_K  log L     log dN   log Te   CN       G band   H beta   Mg 1      Mg 2     Fe 5270  Fe 5335  Na D     TiO 1    TiO 2 
   1 475.4379   0.4147   6.8724  74.9197 475.4379   0.4147   6.8724  74.9197  -2.7659   5.4430   3.4943  -0.1560   2.3180  -1.2978   0.2765   0.4755   5.0022   2.5579   2.1755  11.5593   0.2905   0.5756
   2 845.7687   0.7409  12.2409 133.15961321.2065   1.1556  19.1133 208.0793  -2.6299   5.5572   3.4946  -0.1559   2.3213  -1.3057   0.2767   0.4752   4.9932   2.5599   2.1789  11.5519   0.2898   0.5742
   3 706.3664   0.6289  10.2705 110.85292027.5730   1.7845  29.3838 318.9322  -2.5230   5.3720   3.4957  -0.1554   2.3337  -1.3341   0.2775   0.4744   4.9605   2.5672   2.1918  11.5246   0.2875   0.5690
   4 588.9791   0.5400   8.6350  91.88292616.5520   2.3245  38.0189 410.8150  -2.4414   5.2115   3.4977  -0.1546   2.3574  -1.3836   0.2789   0.4728   4.9023   2.5819   2.2163  11.4742   0.2831   0.5595
   5 524.3295   0.4965   7.7567  81.25563140.8813   2.8209  45.7756 492.0706  -2.3746   5.0942   3.4999  -0.1536   2.3849  -1.4347   0.2806   0.4712   4.8405   2.5999   2.2450  11.4179   0.2782   0.5488
   6 500.9233   0.4890   7.4734  77.12973641.8047   3.3100  53.2490 569.2003  -2.3151   5.0149   3.5020  -0.1526   2.4125  -1.4799   0.2822   0.4698   4.7840   2.6189   2.2740  11.3636   0.2734   0.5385
   7 503.0471   0.5041   7.5590  77.02394144.8516   3.8141  60.8079 646.2242  -2.2589   4.9605   3.5038  -0.1517   2.4371  -1.5156   0.2836   0.4687   4.7377   2.6364   2.2999  11.3168   0.2692   0.5295
   8 519.9025   0.5374   7.8712  79.16144664.7539   4.3515  68.6791 725.3856  -2.2038   4.9197   3.5058  -0.1507   2.4654  -1.5518   0.2851   0.4675   4.6887   2.6572   2.3298  11.2646   0.2645   0.5196
   9 600.9187   0.6446   9.1622  91.09735265.6729   4.9961  77.8414 816.4828  -2.1487   4.9275   3.5079  -0.1496   2.4962  -1.5861   0.2867   0.4664   4.6401   2.6806   2.3624  11.2098   0.2595   0.5090
  10 670.7495   0.7532  10.3152 101.11715936.4224   5.7494  88.1565 917.5999  -2.0823   4.9089   3.5105  -0.1482   2.5359  -1.6234   0.2888   0.4652   4.5835   2.7118   2.4048  11.1413   0.2533   0.4959
  11 537.8536   0.6333   8.3440  80.59796474.2759   6.3827  96.5005 998.1978  -2.0191   4.7498   3.5132  -0.1467   2.5796  -1.6564   0.2910   0.4641   4.5285   2.7472   2.4515  11.0688   0.2465   0.4819
  12 315.8697   0.3825   4.9252  47.16096790.1455   6.7651 101.42571045.3586  -1.9835   4.4830   3.5148  -0.1458   2.6069  -1.6733   0.2924   0.4635   4.4975   2.7699   2.4808  11.0249   0.2424   0.4734
  13 185.8673   0.2286   2.9063  27.69306976.0127   6.9937 104.33201073.0516  -1.9659   4.2351   3.5157  -0.1453   2.6228  -1.6818   0.2931   0.4632   4.4806   2.7833   2.4978  10.9998   0.2401   0.4685
  14 187.2354   0.2327   2.9332  27.85777163.2480   7.2264 107.26521100.9093  -1.9531   4.2255   3.5163  -0.1449   2.6336  -1.6872   0.2937   0.4630   4.4696   2.7924   2.5094  10.9829   0.2385   0.4652
  15 181.3018   0.2293   2.8491  26.91117344.5498   7.4557 110.11431127.8204  -1.9359   4.1943   3.5173  -0.1443   2.6521  -1.6954   0.2945   0.4627   4.4515   2.8082   2.5293  10.9543   0.2358   0.4597
  16 121.7928   0.1559   1.9180  18.04787466.3428   7.6117 112.03231145.8683  -1.9219   4.0075   3.5180  -0.1439   2.6653  -1.7006   0.2952   0.4624   4.4391   2.8196   2.5436  10.9340   0.2338   0.4557
  17 131.6923   0.1698   2.0765  19.49607598.0352   7.7814 114.10881165.3643  -1.9122   4.0318   3.5184  -0.1436   2.6730  -1.7034   0.2955   0.4623   4.4321   2.8263   2.5519  10.9223   0.2327   0.4534
  18 207.1900   0.2699   3.2729  30.62827805.2251   8.0513 117.38161195.9924  -1.8984   4.2148   3.5190  -0.1432   2.6847  -1.7074   0.2961   0.4622   4.4217   2.8365   2.5645  10.9046   0.2310   0.4500
  19 455.9834   0.6044   7.2247  67.24178261.2080   8.6557 124.60631263.2341  -1.8767   4.5356   3.5200  -0.1426   2.7047  -1.7132   0.2970   0.4619   4.4049   2.8540   2.5861  10.8747   0.2282   0.4442
  20 733.8775   1.0262  11.7346 107.38108995.0859   9.6820 136.34101370.6152  -1.8161   4.6817   3.5231  -0.1405   2.7695  -1.7246   0.3000   0.4614   4.3569   2.9119   2.6563  10.7805   0.2190   0.4257
  211008.2882   1.5963  16.0008 143.5391*********  11.2782 152.34181514.1543  -1.7336   4.7372   3.5282  -0.1369   2.8788  -1.7221   0.3048   0.4610   4.2956   3.0125   2.7751  10.6292   0.2042   0.3960
  22 964.9490   1.9347  14.7209 129.1488*********  13.2129 167.06271643.3031  -1.6171   4.6016   3.5366  -0.1322   3.0292  -1.6822   0.3112   0.4616   4.2439   3.1562   2.9394  10.4340   0.1846   0.3574
  23 625.9347   1.4794   9.2535  79.9627*********  14.6924 176.31621723.2657  -1.5465   4.3430   3.5426  -0.1297   3.1069  -1.6479   0.3144   0.4623   4.2294   3.2324   3.0247  10.3378   0.1748   0.3383
  24 491.7860   1.2613   7.3563  61.7476*********  15.9537 183.67251785.0134  -1.4945   4.1863   3.5474  -0.1280   3.1622  -1.6187   0.3166   0.4629   4.2234   3.2873   3.0855  10.2710   0.1679   0.3250
  25 438.6229   1.1906   6.7392  54.6326*********  17.1443 190.41171839.6461  -1.4499   4.0920   3.5519  -0.1263   3.2182  -1.5854   0.3188   0.4637   4.2206   3.3434   3.1471  10.2048   0.1610   0.3117
  26 411.2425   1.1780   6.4807  50.8076*********  18.3223 196.89251890.4537  -1.4088   4.0229   3.5562  -0.2400   2.3897  -0.6086   0.2672   0.4010   3.1579   4.4502   3.9002  12.1499   0.1729   0.3377
  27 401.0706   1.2090   6.4730  49.1484*********  19.5313 203.36551939.6022  -1.3704   3.9736   3.5603  -0.2088   2.6324  -0.7103   0.2961   0.4294   3.4394   4.5261   3.9274  11.9896   0.1527   0.3012
  28 408.7076   1.2976   6.7578  49.6430*********  20.8290 210.12321989.2451  -1.3324   3.9438   3.5645  -0.1781   2.8724  -0.7954   0.3220   0.4558   3.7152   4.5952   3.9540  11.8207   0.1342   0.2677
  29 426.2982   1.4286   7.2276  51.2710*********  22.2576 217.35082040.5161  -1.2942   3.9239   3.5689  -0.1474   3.1143  -0.8652   0.3453   0.4805   3.9904   4.6587   3.9804  11.6399   0.1170   0.2365
  30 446.0495   1.5789   7.7551  53.0809*********  23.8365 225.10602093.5972  -1.2551   3.9045   3.5734  -0.1173   3.3524  -0.9159   0.3652   0.5029   4.2581   4.7140   4.0060  11.4448   0.1016   0.2082
  31 458.6900   1.7055   8.1548  54.0447*********  25.5420 233.26082147.6418  -1.2157   3.8772   3.5781  -0.0876   3.5905  -0.9487   0.3821   0.5232   4.5221   4.7622   4.0310  11.2358   0.0875   0.1821
  32 468.2564   1.8283   8.5107  54.5846*********  27.3703 241.77152202.2266  -1.1768   3.8473   3.5829  -0.0588   3.8225  -0.9622   0.3954   0.5408   4.7753   4.8017   5.7945  11.0167   0.0751   0.1588
  33 478.6880   1.9621   8.8924  55.1636*********  29.3325 250.66392257.3901  -1.1384   3.8185   3.5877  -0.0317   4.0436  -0.9563   0.4049   0.5555   5.0120   4.8314   5.6977  10.7892   0.0645   0.1383
  34 486.6845   2.0936   9.2383  55.3989*********  31.4261 259.90222312.7891  -1.1006   3.7878   3.5925  -0.0062   4.2539  -0.9324   0.4109   0.5672   5.2321   4.8518   5.6009  10.5542   0.0555   0.1205
  35 402.7846   1.8197   7.8144  45.2313*********  33.2458 267.71662358.0203  -1.0638   3.6689   3.5974   0.0180   4.4568  -0.8916   0.4137   0.5764   5.4395   4.8639   5.5027  10.3109   0.0477   0.1047
  36 312.0499   1.4524   6.1343  34.7379*********  34.6982 273.85092392.7583  -1.0412   3.5354   3.6004   0.0321   4.5756  -0.8585   0.4138   0.5806   5.5578   4.8668   5.4425  10.1570   0.0437   0.0961
  37 316.3515   1.5151   6.2947  34.8803*********  36.2133 280.14562427.6387  -1.0188   3.5190   3.6034   0.0455   4.6902  -0.8197   0.4127   0.5839   5.6694   4.8664   5.3823  10.0006   0.0401   0.0882
  38 318.0652   1.5668   6.4003  34.6840*********  37.7801 286.54592462.3228  -0.9967   3.4992   3.6065   0.0586   4.8038  -0.7746   0.4106   0.5862   5.7778   4.8630   5.3205   9.8389   0.0368   0.0808
  39 313.5335   1.5869   6.3771  33.8160*********  39.3670 292.92302496.1387  -0.9751   3.4714   3.6095   0.0707   4.9097  -0.7255   0.4074   0.5875   5.8758   4.8565   5.2606   9.6784   0.0341   0.0743
  40 307.0033   1.5962   6.3107  32.7365*********  40.9633 299.23372528.8752  -0.9544   3.4415   3.6125   0.0821   5.0111  -0.6722   0.4033   0.5880   5.9672   4.8473   5.2009   9.5176   0.0317   0.0684
  41 304.3831   1.6240   6.3202  32.0918*********  42.5872 305.55392560.9670  -0.9343   3.4177   3.6154   0.0926   5.1053  -0.6165   0.3985   0.5875   6.0490   4.8356   5.1432   9.3588   0.0298   0.0633
  42 306.0343   1.6767   6.4202  31.8777*********  44.2639 311.97412592.8447  -0.9145   3.4003   3.6184   0.1027   5.1983  -0.5552   0.3926   0.5863   6.1272   4.8211   5.0838   9.1946   0.0281   0.0584
  43 312.3415   1.7569   6.6190  32.1321*********  46.0208 318.59312624.9768  -0.8949   3.3895   3.6214   0.1122   5.2872  -0.4903   0.3860   0.5842   6.1985   4.8040   5.0245   9.0280   0.0267   0.0541
  44 323.5226   1.8662   6.9219  32.8746*********  47.8870 325.51502657.8513  -0.8753   3.3852   3.6243   0.1209   5.3694  -0.4239   0.3789   0.5814   6.2604   4.7846   4.9669   8.8628   0.0256   0.0503
  45 339.7253   2.0128   7.3419  34.0552*********  49.8998 332.85692691.9065  -0.8552   3.3863   3.6274   0.1295   5.4529  -0.3502   0.3705   0.5776   6.3197   4.7617   4.9056   8.6857   0.0248   0.0467
  46 361.3279   2.1964   7.8749  35.6902*********  52.0962 340.73182727.5967  -0.8346   3.3925   3.6305   0.1375   5.5321  -0.2733   0.3615   0.5730   6.3709   4.7359   4.8441   8.5048   0.0241   0.0435
  47 389.3050   2.4303   8.5531  37.8243*********  54.5266 349.28492765.4209  -0.8132   3.4035   3.6338   0.1452   5.6114  -0.1889   0.3512   0.5673   6.4172   4.7060   4.7788   8.3109   0.0237   0.0405
  48 418.5555   2.6849   9.2695  39.9657*********  57.2115 358.55442805.3865  -0.7905   3.4123   3.6372   0.1524   5.6882  -0.0990   0.3399   0.5604   6.4550   4.6721   4.7113   8.1067   0.0234   0.0378
  49 441.5606   2.9167   9.8611  41.3519*********  60.1282 368.41552846.7385  -0.7669   3.4119   3.6409   0.1594   5.7654   0.0007   0.3269   0.5520   6.4860   4.6326   4.6382   7.8843   0.0234   0.0353
  50 456.3857   3.1008  10.2717  41.9217*********  63.2290 378.68712888.6602  -0.7430   3.4023   3.6445   0.1653   5.8349   0.0999   0.3137   0.5429   6.5044   4.5908   4.5668   7.6629   0.0236   0.0331
  51 462.6603   3.2349  10.4926  41.6402*********  66.4639 389.17972930.3003  -0.7191   3.3844   3.6482   0.1704   5.8999   0.2029   0.2997   0.5326   6.5121   4.5453   4.4935   7.4343   0.0239   0.0312
  52 459.2534   3.2983  10.4870  40.5247*********  69.7622 399.66672970.8250  -0.6961   3.3582   3.6517   0.1744   5.9558   0.3010   0.2860   0.5220   6.5082   4.4997   4.4241   7.2151   0.0242   0.0297
  53 445.5818   3.2798  10.2319  38.5716*********  73.0420 409.89863009.3965  -0.6742   3.3231   3.6551   0.1774   6.0046   0.3963   0.2724   0.5111   6.4944   4.4534   4.3568   7.0013   0.0247   0.0283
  54 423.0185   3.1787   9.7542  36.0052*********  76.2207 419.65273045.4016  -0.6539   3.2803   3.6581   0.1796   6.0436   0.4802   0.2603   0.5008   6.4729   4.4106   4.2971   6.8094   0.0250   0.0272
  55 399.9194   3.0652   9.2564  33.4788*********  79.2859 428.90913078.8804  -0.6353   3.2373   3.6610   0.1810   6.0771   0.5604   0.2485   0.4905   6.4452   4.3681   4.2397   6.6249   0.0254   0.0263
  56 381.3714   2.9729   8.8539  31.4657*********  82.2589 437.76313110.3459  -0.6180   3.1993   3.6635   0.1818   6.1031   0.6292   0.2383   0.4811   6.4141   4.3301   4.1897   6.4627   0.0257   0.0254
  57 365.5695   2.8960   8.5104  29.7384*********  85.1549 446.27343140.0845  -0.6017   3.1647   3.6659   0.1822   6.1253   0.6942   0.2285   0.4718   6.3790   4.2928   4.1419   6.3071   0.0260   0.0247
  58 352.4393   2.8333   8.2240  28.2962*********  87.9882 454.49753168.3806  -0.5863   3.1334   3.6681   0.1822   6.1435   0.7531   0.2195   0.4631   6.3416   4.2579   4.0979   6.1633   0.0262   0.0240
  59 342.4421   2.7932   8.0084  27.1304*********  90.7813 462.50583195.5110  -0.5715   3.1061   3.6703   0.1819   6.1593   0.8108   0.2106   0.4541   6.3003   4.2225   4.0540   6.0201   0.0263   0.0233
  60 335.4390   2.7722   7.8592  26.2522*********  93.5535 470.36513221.7632  -0.5573   3.0829   3.6723   0.1813   6.1719   0.8625   0.2026   0.4457   6.2579   4.1895   4.0139   5.8885   0.0264   0.0226
  61 331.9352   2.7792   7.7907  25.6583*********  96.3327 478.15573247.4214  -0.5434   3.0645   3.6743   0.1805   6.1826   0.9131   0.1947   0.4372   6.2121   4.1563   3.9739   5.7572   0.0264   0.0219
  62 331.4625   2.8095   7.7914  25.3186*********  99.1422 485.94713272.7400  -0.5299   3.0503   3.6762   0.1795   6.1910   0.9602   0.1872   0.4290   6.1647   4.1242   3.9357   5.6320   0.0264   0.0212
  63 333.6702   2.8600   7.8540  25.2033********* 102.0023 493.80113297.9434  -0.5164   3.0397   3.6781   0.1782   6.1978   1.0062   0.1798   0.4206   6.1137   4.0917   3.8976   5.5066   0.0263   0.0205
  64 338.7477   2.9349   7.9833  25.3064********* 104.9372 501.78443323.2498  -0.5030   3.0329   3.6800   0.1767   6.2030   1.0510   0.1725   0.4121   6.0594   4.0590   3.8594   5.3815   0.0262   0.0197
  65 351.2816   3.0745   8.2876  25.9676********* 108.0117 510.07203349.2173  -0.4897   3.0354   3.6818   0.1751   6.2063   1.0923   0.1658   0.4038   6.0041   4.0275   3.8231   5.2621   0.0260   0.0190
  66 367.0638   3.2468   8.6689  26.8312********* 111.2585 518.74103376.0483  -0.4758   3.0405   3.6837   0.1731   6.2082   1.1346   0.1588   0.3951   5.9423   3.9940   3.7848   5.1364   0.0257   0.0181
  67 377.5778   3.3751   8.9255  27.2885********* 114.6336 527.66653403.3369  -0.4618   3.0388   3.6856   0.1709   6.2085   1.1755   0.1519   0.3862   5.8769   3.9603   3.7464   5.0107   0.0253   0.0171
  68 384.8825   3.4745   9.1054  27.5163********* 118.1082 536.77193430.8533  -0.4478   3.0331   3.6874   0.1686   6.2072   1.2129   0.1456   0.3776   5.8108   3.9278   3.7098   4.8909   0.0249   0.0162
  69 390.9200   3.5637   9.2546  27.6439********* 121.6719 546.02643458.4971  -0.4338   3.0259   3.6892   0.1661   6.2044   1.2488   0.1394   0.3690   5.7415   3.8952   3.6732   4.7713   0.0244   0.0152
  70 396.2870   3.6479   9.3872  27.7157********* 125.3198 555.41363486.2126  -0.4198   3.0178   3.6910   0.1634   6.2000   1.2832   0.1334   0.3602   5.6689   3.8624   3.6366   4.6520   0.0238   0.0141
  71 400.5991   3.7231   9.4940  27.7068********* 129.0429 564.90773513.9194  -0.4060   3.0087   3.6928   0.1604   6.1942   1.3160   0.1276   0.3515   5.5932   3.8296   3.6000   4.5332   0.0231   0.0129
  72 404.0063   3.7868   9.5781  27.6644********* 132.8297 574.48583541.5837  -0.3923   2.9987   3.6944   0.1576   6.1878   1.3439   0.1226   0.3435   5.5216   3.7997   3.5670   4.4264   0.0224   0.0118
  73 406.3683   3.8431   9.6369  27.5298********* 136.6728 584.12263569.1135  -0.3788   2.9877   3.6961   0.1545   6.1795   1.3719   0.1175   0.3351   5.4439   3.7684   3.5323   4.3144   0.0216   0.0106
  74 407.9688   3.8905   9.6766  27.3585********* 140.5633 593.79923596.4722  -0.3655   2.9761   3.6977   0.1513   6.1706   1.3968   0.1129   0.3271   5.3673   3.7386   3.4995   4.2087   0.0207   0.0093
  75 408.5956   3.9262   9.6927  27.1424********* 144.4895 603.49193623.6145  -0.3524   2.9637   3.6992   0.1483   6.1611   1.4189   0.1087   0.3195   5.2925   3.7103   3.4684   4.1094   0.0199   0.0081
  76 408.2115   3.9490   9.6862  26.8820********* 148.4385 613.17813650.4966  -0.3395   2.9504   3.7007   0.1450   6.1505   1.4396   0.1047   0.3119   5.2155   3.6821   3.4374   4.0107   0.0189   0.0067
  77 407.1494   3.9634   9.6630  26.5936********* 152.4019 622.84113677.0901  -0.3269   2.9367   3.7021   0.1419   6.1397   1.4578   0.1011   0.3048   5.1410   3.6556   3.4083   3.9184   0.0179   0.0055
  78 405.6182   3.9730   9.6282  26.2764********* 156.3748 632.46933703.3665  -0.3145   2.9226   3.7035   0.1386   6.1279   1.4746   0.0977   0.2976   5.0646   3.6292   3.3793   3.8267   0.0169   0.0041
  79 402.9626   3.9696   9.5660  25.9042********* 160.3444 642.03533729.2705  -0.3023   2.9076   3.7048   0.1355   6.1161   1.4891   0.0947   0.2909   4.9911   3.6043   3.3520   3.7413   0.0159   0.0028
  80 399.3634   3.9564   9.4810  25.4747********* 164.3008 651.51643754.7454  -0.2904   2.8918   3.7061   0.1322   6.1035   1.5025   0.0918   0.2842   4.9162   3.5796   3.3249   3.6565   0.0148   0.0014
  81 397.1649   3.9551   9.4289  25.1529********* 168.2560 660.94533779.8982  -0.2788   2.8778   3.7073   0.1291   6.0911   1.5138   0.0893   0.2780   4.8447   3.5566   3.2997   3.5782   0.0137   0.0001
  82 396.5287   3.9692   9.4135  24.9315********* 172.2251 670.35883804.8298  -0.2674   2.8657   3.7085  -0.0099   6.8420   1.5256   0.0723   0.2483   4.7220   2.9006   2.7797   2.4591   0.0134   0.0025
  83 396.1961   3.9845   9.4050  24.7448********* 176.2097 679.76373829.5747  -0.2561   2.8540   3.7096  -0.0101   6.8187   1.5469   0.0710   0.2451   4.6707   2.8827   2.7615   2.4401   0.0134   0.0024
  84 396.2848   4.0024   9.4062  24.5996********* 180.2120 689.16993854.1743  -0.2451   2.8431   3.7106  -0.0103   6.7967   1.5665   0.0698   0.2421   4.6228   2.8665   2.7451   2.4229   0.0134   0.0024
  85 396.7916   4.0261   9.4170  24.4656********* 184.2381 698.58693878.6399  -0.2342   2.8328   3.7117  -0.0105   6.7715   1.5881   0.0685   0.2390   4.5730   2.8487   2.7271   2.4042   0.0134   0.0023
  86 397.5735   4.0493   9.4343  24.3779********* 188.2874 708.02123903.0178  -0.2235   2.8229   3.7126  -0.0107   6.7502   1.6062   0.0674   0.2363   4.5288   2.8342   2.7125   2.3889   0.0134   0.0022
  87 398.7875   4.0785   9.4615  24.3014********* 192.3659 717.48273927.3193  -0.2130   2.8137   3.7136  -0.0110   6.7257   1.6262   0.0662   0.2334   4.4828   2.8182   2.6963   2.3721   0.0134   0.0022
  88 400.3183   4.1095   9.4960  24.2583********* 196.4754 726.97873951.5776  -0.2027   2.8051   3.7145  -0.0112   6.7030   1.6445   0.0652   0.2308   4.4399   2.8039   2.6817   2.3571   0.0134   0.0021
  89 401.8219   4.1385   9.5300  24.2276********* 200.6139 736.50873975.8052  -0.1925   2.7965   3.7153  -0.0115   6.6822   1.6611   0.0643   0.2285   4.3999   2.7912   2.6689   2.3438   0.0134   0.0021
  90 402.5831   4.1600   9.5461  24.1516********* 204.7739 746.05473999.9568  -0.1825   2.7874   3.7161  -0.0117   6.6610   1.6778   0.0634   0.2261   4.3606   2.7785   2.6561   2.3306   0.0134   0.0020
  91 401.8140   4.1656   9.5258  23.9840********* 208.9394 755.58054023.9407  -0.1726   2.7766   3.7169  -0.0120   6.6393   1.6945   0.0625   0.2238   4.3217   2.7659   2.6433   2.3174   0.0134   0.0020
  92 396.0361   4.1174   9.3869  23.5342********* 213.0568 764.96734047.4749  -0.1629   2.7606   3.7176  -0.0123   6.6199   1.7094   0.0617   0.2218   4.2858   2.7550   2.6322   2.3059   0.0134   0.0019
  93 385.7113   4.0214   9.1401  22.8187********* 217.0781 774.10754070.2935  -0.1534   2.7397   3.7183  -0.0126   6.6001   1.7243   0.0610   0.2197   4.2505   2.7440   2.6211   2.2945   0.0134   0.0019
  94 486.4887   5.0863  11.5255  28.6521********* 222.1644 785.63304098.9458  -0.1440   2.8311   3.7190  -0.0129   6.5800   1.7393   0.0602   0.2177   4.2154   2.7331   2.6100   2.2832   0.0134   0.0018
  95 527.8790   5.5411  12.5015  30.8905********* 227.7056 798.13454129.8364  -0.1292   2.8517   3.7200  -0.0133   6.5507   1.7611   0.0591   0.2148   4.1630   2.7175   2.5942   2.2671   0.0134   0.0018
  96 459.5942   4.8367  10.8823  26.7810********* 232.5422 809.01684156.6172  -0.1179   2.7803   3.7207  -0.0136   6.5298   1.7767   0.0584   0.2127   4.1247   2.7067   2.5833   2.2558   0.0134   0.0017
  97 468.1687   4.9391  11.0833  27.1673********* 237.4813 820.10014183.7847  -0.1064   2.7768   3.7214  -0.0140   6.5085   1.7923   0.0576   0.2106   4.0862   2.6959   2.5723   2.2447   0.0134   0.0017
  98 477.1415   5.0461  11.2935  27.5725********* 242.5275 831.39364211.3574  -0.0947   2.7733   3.7221  -0.0143   6.4869   1.8081   0.0569   0.2085   4.0476   2.6851   2.5614   2.2336   0.0134   0.0017
  99 482.7931   5.1184  11.4249  27.7824********* 247.6459 842.81854239.1396  -0.0828   2.7666   3.7228  -0.0147   6.4649   1.8240   0.0562   0.2064   4.0089   2.6744   2.5505   2.2225   0.0134   0.0016
 100 488.3016   5.1894  11.5528  27.9814********* 252.8353 854.37134267.1211  -0.0707   2.7594   3.7235  -0.0150   6.4426   1.8400   0.0555   0.2043   3.9700   2.6637   2.5397   2.2115   0.0134   0.0016
 101 500.2352   5.3292  11.8324  28.5445********* 258.1645 866.20374295.6655  -0.0584   2.7576   3.7242  -0.0154   6.4200   1.8561   0.0547   0.2022   3.9310   2.6531   2.5289   2.2005   0.0134   0.0015
 102 513.5267   5.4822  12.1442  29.1962********* 263.6466 878.34794324.8618  -0.0460   2.7566   3.7248  -0.0158   6.4004   1.8703   0.0541   0.2004   3.8944   2.6439   2.5196   2.1912   0.0134   0.0015
 103 525.9696   5.6248  12.4363  29.8121********* 269.2715 890.78424354.6738  -0.0336   2.7546   3.7253  -0.0161   6.3838   1.8825   0.0536   0.1987   3.8605   2.6364   2.5119   2.1834   0.0134   0.0015
 104 671.6138   7.1949  15.8770  37.9503********* 276.4663 906.66124392.6240  -0.0210   2.8481   3.7258  -0.0164   6.3672   1.8948   0.0531   0.1970   3.8264   2.6288   2.5043   2.1756   0.0134   0.0014
 105 828.8719   8.8983  19.5902  46.6617********* 285.3646 926.25144439.2856  -0.0020   2.9205   3.7264  -0.0167   6.3469   1.9104   0.0525   0.1948   3.7792   2.6198   2.4951   2.1664   0.0134   0.0014
 106 850.3838   9.1426  20.0955  47.7504********* 294.5072 946.34694487.0361   0.0172   2.9124   3.7268  -0.0170   6.3333   1.9220   0.0521   0.1929   3.7367   2.6138   2.4890   2.1602   0.0134   0.0014
 107 870.9879   9.3718  20.5809  48.8402********* 303.8789 966.92794535.8765   0.0367   2.9033   3.7270  -0.0171   6.3265   1.9296   0.0519   0.1914   3.6988   2.6108   2.4859   2.1572   0.0134   0.0014
 108 743.8405   8.0051  17.5766  41.7027********* 311.8840 984.50454577.5791   0.0564   2.8151   3.7270  -0.0171   6.3265   1.9333   0.0519   0.1902   3.6655   2.6108   2.4859   2.1572   0.0134   0.0014
 109 602.8164   6.4840  14.2456  33.8324********* 318.3681 998.75014611.4116   0.0697   2.7105   3.7268  -0.0170   6.3333   1.9317   0.0521   0.1898   3.6478   2.6138   2.4890   2.1602   0.0134   0.0014
 110 612.2697   6.5781  14.4713  34.4404********* 324.94611013.22144645.8521   0.0830   2.7039   3.7264  -0.0167   6.3469   1.9261   0.0525   0.1897   3.6347   2.6198   2.4951   2.1664   0.0134   0.0014
 111 622.1083   6.6717  14.7073  35.1141********* 331.61791027.92874680.9663   0.0963   2.6976   3.7258  -0.0164   6.3672   1.9165   0.0531   0.1899   3.6262   2.6288   2.5043   2.1756   0.0134   0.0014
 112 634.6738   6.7898  15.0088  35.9887********* 338.40761042.93754716.9551   0.1097   2.6929   3.7250  -0.0159   6.3938   1.9030   0.0539   0.1904   3.6221   2.6409   2.5165   2.1880   0.0134   0.0015
 113 486.9834   5.1918  11.5205  27.7898********* 343.59951054.45804744.7451   0.1231   2.5644   3.7239  -0.0153   6.4298   1.8836   0.0550   0.1915   3.6247   2.6576   2.5335   2.2052   0.0134   0.0015
 114 329.4422   3.5033   7.7955  18.8869********* 347.10281062.25344763.6318   0.1298   2.3880   3.7231  -0.0148   6.4554   1.8690   0.0559   0.1924   3.6316   2.6698   2.5459   2.2178   0.0134   0.0016
 115 335.1911   3.5553   7.9333  19.3053********* 350.65811070.18684782.9370   0.1364   2.3889   3.7223  -0.0144   6.4806   1.8546   0.0567   0.1933   3.6385   2.6821   2.5583   2.2304   0.0134   0.0016
 116 341.1255   3.6065   8.0759  19.7605********* 354.26461078.26274802.6973   0.1431   2.3898   3.7213  -0.0139   6.5115   1.8363   0.0577   0.1946   3.6497   2.6974   2.5739   2.2463   0.0134   0.0017
 117 348.8586   3.6737   8.2613  20.3487********* 357.93831086.52404823.0459   0.1497   2.3929   3.7201  -0.0134   6.5477   1.8143   0.0590   0.1961   3.6653   2.7160   2.5927   2.2655   0.0134   0.0018
 118 357.9328   3.7483   8.4802  21.0750********* 361.68661095.00434844.1211   0.1561   2.3977   3.7186  -0.0127   6.5916   1.7868   0.0606   0.1982   3.6878   2.7393   2.6163   2.2897   0.0134   0.0019
 119 368.7088   3.8350   8.7396  21.9539********* 365.52151103.74394866.0752   0.1625   2.4042   3.7168  -0.0120   6.6420   1.7540   0.0626   0.2008   3.7167   2.7675   2.6449   2.3190   0.0134   0.0020
 120 377.9910   3.8970   8.9637  22.8279********* 369.41851112.70754888.9033   0.1686   2.4089   3.7145  -0.0112   6.7030   1.7124   0.0652   0.2043   3.7568   2.8039   2.6817   2.3571   0.0134   0.0021
 121 379.0480   3.8639   8.9917  23.3000********* 373.28241121.69924912.2031   0.1742   2.4045   3.7116  -0.0105   6.7738   1.6608   0.0686   0.2089   3.8104   2.8503   2.7288   2.4059   0.0134   0.0023
 122 339.2323   3.4102   8.0477  21.2956********* 376.69261129.74684933.4985   0.1792   2.3513   3.7081  -0.0099   6.8502   1.5999   0.0728   0.2145   3.8776   2.9072   2.7863   2.4660   0.0134   0.0025
 123 300.7152   2.9789   7.1317  19.2840********* 379.67151136.87854952.7827   0.1817   2.2965   3.7045   0.1599   6.1139   1.5542   0.0865   0.2560   4.4226   3.4397   3.1840   3.3855   0.0163   0.0033
 124 301.1819   2.9318   7.1371  19.7908********* 382.60331144.01564972.5737   0.1858   2.2930   3.7003   0.1726   6.1590   1.5181   0.0939   0.2725   4.6017   3.5052   3.2568   3.5823   0.0190   0.0069
 125 300.1036   2.8559   7.1051  20.3069********* 385.45931151.12074992.8809   0.1913   2.2860   3.6955   0.1859   6.2023   1.4654   0.1038   0.2909   4.7857   3.5798   3.3399   3.8018   0.0214   0.0104
 126 293.5939   2.7265   6.9406  20.4705********* 388.18581158.06135013.3516   0.2001   2.2676   3.6906   0.1981   6.2376   1.4008   0.1154   0.3091   4.9485   3.6544   3.4235   4.0171   0.0231   0.0133
 127 280.0073   2.5403   6.6054  20.0653********* 390.72621164.66665033.4170   0.2139   2.2333   3.6860   0.2086   6.2630   1.3324   0.1272   0.3252   5.0759   3.7219   3.5000   4.2070   0.0241   0.0155
 128 263.5360   2.3460   6.2032  19.2955********* 393.07211170.86985052.7124   0.2323   2.1885   3.6823   0.2165   6.2786   1.2739   0.1370   0.3372   5.1569   3.7731   3.5589   4.3463   0.0245   0.0171
 129 250.4337   2.1987   5.8836  18.6202********* 395.27081176.75345071.3325   0.2538   2.1449   3.6796   0.2223   6.2881   1.2308   0.1442   0.3449   5.1994   3.8075   3.5990   4.4348   0.0247   0.0181
 130 243.3581   2.1149   5.7084  18.2975********* 397.38571182.46195089.6299   0.2773   2.1089   3.6776   0.2268   6.2947   1.2000   0.1493   0.3498   5.2181   3.8305   3.6261   4.4890   0.0247   0.0188
 131 242.1726   2.0879   5.6736  18.3652********* 399.47361188.13555107.9951   0.3018   2.0823   3.6761   0.2304   6.3000   1.1783   0.1528   0.3528   5.2219   3.8456   3.6440   4.5198   0.0246   0.0193
 132 245.5968   2.1029   5.7479  18.7589********* 401.57651193.88345126.7539   0.3269   2.0633   3.6749   0.2336   6.3046   1.1623   0.1554   0.3546   5.2171   3.8561   3.6564   4.5368   0.0246   0.0197
 133 252.4531   2.1521   5.9040  19.3727********* 403.72871199.78755146.1265   0.3524   2.0498   3.6741   0.2362   6.3090   1.1542   0.1568   0.3549   5.2027   3.8606   3.6617   4.5370   0.0245   0.0199
 134 261.9238   2.2245   6.1214  20.1804********* 405.95311205.90895166.3066   0.3782   2.0400   3.6734   0.2386   6.3134   1.1481   0.1578   0.3549   5.1856   3.8637   3.6651   4.5328   0.0244   0.0201
 135 273.3378   2.3141   6.3843  21.1314********* 408.26721212.29325187.4380   0.4041   2.0326   3.6728   0.2409   6.3177   1.1439   0.1585   0.3545   5.1661   3.8654   3.6668   4.5245   0.0243   0.0203
 136 286.5254   2.4211   6.6894  22.1988********* 410.68831218.98275209.6367   0.4301   2.0271   3.6724   0.2430   6.3221   1.1438   0.1586   0.3534   5.1424   3.8642   3.6650   4.5086   0.0242   0.0204
 137 299.7896   2.5268   6.9954  23.2906********* 413.21511225.97805232.9272   0.4561   2.0207   3.6719   0.2452   6.3266   1.1417   0.1589   0.3527   5.1207   3.8647   3.6650   4.4965   0.0242   0.0205
 138 312.6161   2.6298   7.2915  24.3392********* 415.84491233.26955257.2666   0.4823   2.0127   3.6715   0.2472   6.3311   1.1417   0.1590   0.3516   5.0968   3.8638   3.6633   4.4807   0.0241   0.0206
 139 325.9029   2.7381   7.5986  25.4126********* 418.58291240.86825282.6792   0.5085   2.0046   3.6712   0.2492   6.3356   1.1436   0.1587   0.3502   5.0708   3.8617   3.6598   4.4615   0.0240   0.0206
 140 339.5102   2.8488   7.9130  26.5142********* 421.43171248.78125309.1934   0.5349   1.9960   3.6709   0.2511   6.3403   1.1456   0.1584   0.3488   5.0446   3.8596   3.6564   4.4423   0.0239   0.0207
 141 352.2808   2.9503   8.2069  27.5699********* 424.38201256.98825336.7632   0.5614   1.9855   3.6705   0.2531   6.3450   1.1457   0.1584   0.3477   5.0204   3.8590   3.6547   4.4268   0.0238   0.0208
 142 277.4053   2.3185   6.4599  21.7563********* 426.70051263.44805358.5195   0.5880   1.8551   3.6701   0.2552   6.3498   1.1459   0.1584   0.3466   4.9962   3.8586   3.6531   4.4114   0.0238   0.0209
 143 190.8402   1.5924   4.4427  14.9920********* 428.29301267.89065373.5117   0.6016   1.6791   3.6698   0.2563   6.3523   1.1442   0.1587   0.3464   4.9858   3.8599   3.6541   4.4069   0.0237   0.0210
 144 195.7617   1.6319   4.5562  15.3948********* 429.92481272.44695388.9067   0.6155   1.6762   3.6696   0.2573   6.3549   1.1445   0.1587   0.3458   4.9729   3.8596   3.6531   4.3987   0.0237   0.0210
 145 201.4822   1.6769   4.6879  15.8707********* 431.60171277.13485404.7773   0.6300   1.6742   3.6693   0.2585   6.3575   1.1431   0.1589   0.3455   4.9614   3.8607   3.6538   4.3933   0.0236   0.0211
 146 206.8491   1.7199   4.8117  16.3103********* 433.32151281.94645421.0874   0.6451   1.6706   3.6691   0.2596   6.3603   1.1437   0.1589   0.3448   4.9472   3.8603   3.6525   4.3840   0.0236   0.0211
 147 211.1441   1.7517   4.9095  16.6858********* 435.07321286.85585437.7734   0.6612   1.6634   3.6687   0.2610   6.3634   1.1409   0.1593   0.3447   4.9358   3.8626   3.6545   4.3803   0.0235   0.0213
 148 217.0385   1.7978   5.0449  17.1791********* 436.87101291.90065454.9526   0.6787   1.6578   3.6684   0.2623   6.3666   1.1404   0.1594   0.3441   4.9207   3.8632   3.6543   4.3719   0.0235   0.0213
 149 221.9525   1.8345   5.1568  17.6064********* 438.70561297.05745472.5591   0.6967   1.6496   3.6680   0.2638   6.3701   1.1381   0.1598   0.3438   4.9070   3.8652   3.6557   4.3663   0.0234   0.0215
 150 228.3610   1.8835   5.3033  18.1539********* 440.58901302.36065490.7129   0.7165   1.6421   3.6676   0.2653   6.3738   1.1364   0.1601   0.3433   4.8912   3.8669   3.6566   4.3589   0.0233   0.0216
 151 236.0661   1.9417   5.4791  18.8179********* 442.53071307.83975509.5308   0.7367   1.6363   3.6671   0.2670   6.3777   1.1330   0.1607   0.3432   4.8769   3.8700   3.6592   4.3544   0.0232   0.0218
 152 242.4715   1.9889   5.6245  19.3810********* 444.51961313.46425528.9116   0.7580   1.6267   3.6666   0.2687   6.3818   1.1299   0.1612   0.3429   4.8613   3.8730   3.6615   4.3489   0.0232   0.0219
 153 250.1371   2.0449   5.7983  20.0595********* 446.56451319.26265548.9712   0.7803   1.6179   3.6660   0.2706   6.3861   1.1252   0.1620   0.3429   4.8465   3.8773   3.6654   4.3456   0.0231   0.0222
 154 258.3863   2.1054   5.9852  20.7887********* 448.66991325.24785569.7598   0.8034   1.6089   3.6654   0.2724   6.3905   1.1208   0.1628   0.3428   4.8308   3.8815   3.6690   4.3416   0.0230   0.0224
 155 267.3779   2.1701   6.1883  21.5944********* 450.84001331.43605591.3540   0.8275   1.5996   3.6647   0.2744   6.3952   1.1148   0.1637   0.3429   4.8159   3.8870   3.6743   4.3398   0.0229   0.0227
 156 275.6966   2.2288   6.3753  22.3510********* 453.06881337.81135613.7051   0.8522   1.5882   3.6640   0.2764   6.3999   1.1090   0.1647   0.3430   4.8004   3.8926   3.6794   4.3374   0.0228   0.0230
 157 284.1027   2.2864   6.5631  23.1328********* 455.35521344.37445636.8379   0.8780   1.5755   3.6632   0.2785   6.4048   1.1017   0.1659   0.3433   4.7855   3.8994   3.6860   4.3371   0.0227   0.0233
 158 294.4408   2.3574   6.7941  24.0920********* 457.71261351.16855660.9297   0.9045   1.5645   3.6623   0.2807   6.4097   1.0928   0.1674   0.3439   4.7717   3.9076   3.6943   4.3391   0.0226   0.0238
 159 304.8500   2.4282   7.0260  25.0651********* 460.14081358.19455685.9946   0.9319   1.5522   3.6614   0.2829   6.4147   1.0842   0.1689   0.3444   4.7570   3.9157   3.7025   4.3404   0.0225   0.0242
 160 314.1906   2.4882   7.2316  25.9727********* 462.62891365.42605711.9673   0.9600   1.5372   3.6604   0.2851   6.4198   1.0741   0.1706   0.3452   4.7434   3.9251   3.7123   4.3439   0.0224   0.0247
 161 323.9772   2.5493   7.4457  26.9406********* 465.17831372.87175738.9077   0.9889   1.5216   3.6593   0.2874   6.4247   1.0623   0.1725   0.3462   4.7308   3.9359   3.7238   4.3497   0.0224   0.0253
 162 335.2821   2.6214   7.6936  28.0451********* 467.79961380.56535766.9526   1.0186   1.5068   3.6582   0.2896   6.4297   1.0509   0.1745   0.3471   4.7174   3.9466   3.7352   4.3547   0.0223   0.0260
 163 347.0591   2.6938   7.9502  29.2188********* 470.49341388.51555796.1714   1.0489   1.4915   3.6570   0.2919   6.4345   1.0380   0.1767   0.3484   4.7053   3.9586   3.7483   4.3621   0.0222   0.0268
 164 358.1830   2.7582   8.1893  30.3668********* 473.25171396.70485826.5381   1.0798   1.4743   3.6557   0.2941   6.4390   1.0235   0.1791   0.3498   4.6944   3.9718   3.7632   4.3717   0.0222   0.0277
 165 370.8041   2.8329   8.4611  31.6556********* 476.08461405.16605858.1938   1.1114   1.4577   3.6544   0.2962   6.4435   1.0094   0.1816   0.3513   4.6830   3.9850   3.7780   4.3808   0.0222   0.0286
 166 384.9515   2.9153   8.7644  33.1130********* 478.99981413.93045891.3066   1.1434   1.4420   3.6530   0.2983   6.4476   0.9939   0.1843   0.3530   4.6732   3.9993   3.7946   4.3922   0.0222   0.0297
 167 398.4352   2.9854   9.0474  34.5772********* 481.98521422.97785925.8838   1.1760   1.4244   3.6515   0.3004   6.4511   0.9769   0.1873   0.3549   4.6647   4.0148   3.8130   4.4059   0.0223   0.0310
 168 414.9059   3.0757   9.3959  36.3230********* 485.06091432.37375962.2070   1.2090   1.4089   3.6500   0.3023   6.4544   0.9605   0.1902   0.3569   4.6563   4.0302   3.8315   4.4194   0.0224   0.0324
 169 438.2948   3.2120   9.8962  38.7274********* 488.27291442.26996000.9346   1.2424   1.3994   3.6484   0.3041   6.4570   0.9427   0.1934   0.3592   4.6496   4.0466   3.8518   4.4352   0.0226   0.0339
 170 481.9342   3.4887  10.8467  43.0006********* 491.76161453.11666043.9351   1.2759   1.4071   3.6467   0.3057   6.4587   0.9237   0.1969   0.3617   4.6450   4.0640   3.8741   4.4535   0.0229   0.0358
 1711420.6530  10.1501  31.8630 128.0597********* 501.91171484.97956171.9946   1.3098   1.8427   3.6449   0.3071   6.4595   0.9035   0.2006   0.3646   4.6423   4.0823   3.8982   4.4740   0.0233   0.0379
 1721363.2673   9.8293  30.6454 122.0282********* 511.74111515.62496294.0229   1.3106   1.8240   3.6461   0.3074   6.4663   0.9248   0.1969   0.3610   4.6213   4.0687   3.8763   4.4456   0.0230   0.0365
 173 449.4280   3.1983  10.0675  40.6400********* 514.93931525.69246334.6631   1.3457   1.3070   3.6443   0.3089   6.4675   0.9054   0.2006   0.3638   4.6183   4.0870   3.9002   4.4662   0.0234   0.0387
 174 324.7097   2.2788   7.2463  29.6758********* 517.21811532.93866364.3389   1.3808   1.1307   3.6424   0.3100   6.4674   0.8850   0.2045   0.3669   4.6178   4.1061   3.9262   4.4893   0.0240   0.0412
 175 173.9022   1.2151   3.8761  15.9460********* 518.43321536.81476380.2847   1.3937   0.8466   3.6418   0.3105   6.4679   0.8794   0.2056   0.3678   4.6162   4.1120   3.9340   4.4957   0.0242   0.0420
 176 179.3496   1.2458   3.9910  16.5186********* 519.67901540.80576396.8032   1.4068   0.8469   3.6410   0.3108   6.4670   0.8705   0.2073   0.3692   4.6180   4.1199   3.9454   4.5065   0.0245   0.0432
 177 182.5781   1.2617   4.0570  16.8807********* 520.94071544.86276413.6841   1.4200   0.8414   3.6403   0.3111   6.4667   0.8636   0.2088   0.3704   4.6181   4.1267   3.9550   4.5150   0.0247   0.0442
 178 185.5833   1.2758   4.1178  17.2244********* 522.21651548.98056430.9082   1.4333   0.8352   3.6396   0.3114   6.4664   0.8567   0.2101   0.3715   4.6183   4.1335   3.9646   4.5236   0.0250   0.0453
 179 513.1061   3.5064  11.3660  47.8291********* 525.72291560.34646478.7373   1.4468   1.2634   3.6388   0.3116   6.4653   0.8485   0.2118   0.3729   4.6203   4.1412   3.9760   4.5343   0.0254   0.0466
 180 909.6415   6.0500  19.9947  86.4246********* 531.77291580.34116565.1621   1.5102   1.4487   3.6352   0.3123   6.4597   0.8146   0.2190   0.3793   4.6293   4.1747   4.0270   4.5818   0.0272   0.0528
 181 910.0767   5.8803  19.8340  88.1889********* 537.65321600.17506653.3511   1.5727   1.3864   3.6314   0.3118   6.4492   0.7815   0.2266   0.3865   4.6476   4.2081   4.0825   4.6354   0.0297   0.0605
 182 907.4881   5.6945  19.5947  89.6542********* 543.34771619.76986743.0054   1.6326   1.3252   3.6277   0.3105   6.4356   0.7538   0.2337   0.3937   4.6720   4.2382   4.1372   4.6896   0.0328   0.0692
 183 914.6625   5.5523  19.5116  92.2955********* 548.90001639.28146835.3008   1.6919   1.2694   3.6240   0.3082   6.4189   0.7311   0.2405   0.4011   4.7034   4.2659   4.1926   4.7459   0.0366   0.0791
 184 911.4741   5.3453  19.1995  93.9407********* 554.24531658.48086929.2412   1.7498   1.2099   3.6202   0.3048   6.3972   0.7129   0.2471   0.4091   4.7450   4.2913   4.2506   4.8065   0.0413   0.0908
 185 908.5971   5.1507  18.9017  95.5383********* 559.39601677.38267024.7793   1.8058   1.1526   3.6165   0.3006   6.3727   0.7014   0.2531   0.4171   4.7937   4.3131   4.3077   4.8678   0.0468   0.1039
 186 913.5447   4.9975  18.7556  98.0239********* 564.39351696.13827122.8032   1.8613   1.0994   3.6127   0.2952   6.3434   0.6962   0.2588   0.4257   4.8537   4.3320   4.3672   4.9334   0.0533   0.1190
 187 914.4101   4.8179  18.5107 100.1555********* 569.21141714.64887222.9585   1.9154   1.0457   3.6088   0.2886   6.3083   0.6980   0.2641   0.4348   4.9265   4.3473   4.4292   5.0030   0.0612   0.1367
 188 913.8648   4.6358  18.2359 102.1176********* 573.84721732.88487325.0762   1.9684   0.9925   3.6049   0.2809   6.2689   0.7085   0.2686   0.4443   5.0105   4.3585   4.4920   5.0750   0.0703   0.1568
 189 915.4528   4.4638  17.9666 104.3699********* 578.31101750.85137429.4463   2.0203   0.9413   3.6011   0.2724   6.2271   0.7281   0.2723   0.4537   5.1035   4.3653   4.5535   5.1482   0.0805   0.1790
 190 910.9343   4.2341  17.4456 106.3004********* 582.54501768.29697535.7466   2.0706   0.8889   3.5972   0.2626   6.1788   0.7574   0.2754   0.4637   5.2116   4.3674   4.6175   5.2248   0.0925   0.2047
 191 913.4228   4.0504  17.0795 108.9341********* 586.59551785.37637644.6807   2.1204   0.8403   3.5934   0.2521   6.1285   0.7969   0.2774   0.4738   5.3296   4.3650   4.6802   5.3031   0.1058   0.2330
 192 912.1967   3.8574  16.6518 111.0857********* 590.45281802.02817755.7661   2.1688   0.7913   3.5896   0.2406   6.0737   0.8471   0.2784   0.4841   5.4607   4.3575   4.7434   5.3835   0.1208   0.2648
 193 912.6951   3.6792  16.2645 113.4030********* 594.13201818.29267869.1689   2.2161   0.7442   3.5858   0.2281   6.0146   0.9085   0.2785   0.4947   5.6057   4.3449   4.8073   5.4661   0.1378   0.3007
 194 916.4764   3.5196  15.9422 116.0677********* 597.65161834.23477985.2368   2.2626   0.6995   3.5820   0.2145   5.9512   0.9821   0.2775   0.5055   5.7650   4.3270   4.0504   5.5512   0.1569   0.3411
 195 924.6011   3.3814  15.6995 119.2627********* 601.03301849.93428104.4995   2.3079   0.6581   3.5782   0.1999   5.8832   1.0682   0.2753   0.5166   5.9391   4.3034   4.0315   5.6381   0.1784   0.3866
 196 921.3281   3.2121  15.2806 120.8987********* 604.24521865.21488225.3984   2.3522   0.6122   3.5745   0.1848   5.8135   1.1653   0.2720   0.5278   6.1240   4.2750   4.0120   5.7263   0.2019   0.4366
 197 905.0403   2.8679  14.6099 121.1244********* 607.11311879.82488346.5225   2.3957   0.5610   3.5707   0.1682   5.7367   1.2784   0.2673   0.5394   6.3292   4.2396   3.9909   5.8172   0.2288   0.4944
 198 897.3512   2.5493  14.2131 122.0202********* 609.66241894.03808468.5430   2.4377   0.5153   3.5671   0.1516   5.6609   1.3995   0.2616   0.5507   6.5399   4.2007   3.9698   5.9077   0.2575   0.5562
 199 905.3520   2.2754  14.1682 124.6818********* 611.93771908.20628593.2246   2.4791   0.4777   3.5635   0.1340   5.5813   1.5344   0.2545   0.5623   6.7662   4.1560   3.9477   6.0005   0.2893   0.6259
 200 932.3826   2.0461  14.5114 129.6282********* 613.98381922.71758722.8525   2.5194   0.4502   3.5599   0.1156   5.4973   1.6834   0.2461   0.5741   7.0083   4.1053   3.9248   6.0943   0.3249   0.7043
 201 921.1877   1.7419  14.3502 128.8679********* 615.72571937.06768851.7207   2.5590   0.4053   3.5563   0.0962   5.4092   1.8472   0.2363   0.5860   7.2668   4.0484   3.9009   6.1899   0.3645   0.7928
 202 901.3867   1.4614  14.1197 126.4722********* 617.18711951.18748978.1934   2.5975   0.3574   3.5528   0.0765   5.3201   2.0214   0.2253   0.5979   7.5351   3.9871   3.8768   6.2858   0.4075   0.8902
 203 943.0920   1.3646  14.6385 132.7575********* 618.55171965.82599110.9512   2.6351   0.3395   3.5493  -0.0439   4.7014   3.4655   0.0270   0.4442  11.2009   4.3698   3.8519   4.4821   0.3748   0.7066
 204 939.6428   1.2174  14.4550 132.5236********* 619.76911980.28099243.4746   2.6718   0.3012   3.5458  -0.0565   4.5341   3.6740   0.0091   0.4413  11.7275   4.3777   3.8263   4.4622   0.3913   0.7338
 205 882.0981   0.9705  13.0423 125.7597********* 620.73961993.32329369.2344   2.7076   0.2379   3.5423  -0.0685   4.3688   3.8725  -0.0078   0.4385  12.2323   4.3819   3.7998   4.4495   0.4072   0.7598
 206 904.9481   0.8040  12.5052 131.3058********* 621.54362005.82859500.5400   2.7425   0.2141   3.5389  -0.0796   4.2101   4.0559  -0.0234   0.4359  12.7023   4.3823   3.7734   4.4440   0.4220   0.7839
 207 923.9578   0.6608  11.9385 136.0922********* 622.20452017.76709636.6318   2.7767   0.1890   3.5355  -0.0903   4.0533   4.2301  -0.0380   0.4334  13.1525   4.3792   3.7463   4.4450   0.4362   0.8070
 208 937.8508   0.5419  11.3613 139.8646********* 622.74642029.12829776.4961   2.8099   0.1622   3.5322  -0.1001   3.9028   4.3906  -0.0514   0.4312  13.5709   4.3730   3.7194   4.4521   0.4495   0.8284
 209 950.3666   0.4424  10.8021 143.2475********* 623.18882039.93039919.7432   2.8424   0.1355   3.5289  -0.1094   3.7539   4.5429  -0.0640   0.4290  13.9716   4.3637   3.6919   4.4650   0.4621   0.8488
 210 884.1782   0.3329   9.4563 134.4489********* 623.52172049.3867*********   2.8740   0.0725   3.5257  -0.1181   3.6112   4.6828  -0.0755   0.4271  14.3434   4.3517   3.6646   4.4831   0.4739   0.8678
 211 875.3326   0.2681   8.5410 134.7921********* 623.78972057.9277*********   2.9049   0.0373   3.5225  -0.1263   3.4700   4.8153  -0.0862   0.4252  14.6990   4.3370   3.6368   4.5064   0.4852   0.8858
 212 943.0226   0.2330   8.3011 147.0824********* 624.02282066.2288*********   2.9351   0.0394   3.5193  -0.1341   3.3304   4.9405  -0.0963   0.4235  15.0389   4.3195   3.6085   4.5348   0.4960   0.9031
 213 919.3530   0.1813   7.2765 145.0752********* 624.20402073.5051*********   2.9646  -0.0011   3.5161  -0.1415   3.1923   5.0585  -0.1056   0.4218  15.3633   4.2994   3.5796   4.5683   0.5063   0.9195
 214 891.4061   0.1399   6.3450 142.1198********* 624.34392079.8501*********   2.9933  -0.0432   3.5130  -0.1483   3.0599   5.1662  -0.1140   0.4204  15.6630   4.2773   3.5512   4.6055   0.5159   0.9345
 215 956.6724   0.1182   6.1059 153.9656********* 624.46212085.9561*********   3.0214  -0.0406   3.5099  -0.1547   2.9289   5.2674  -0.1200   0.4190  15.9487   4.2529   3.5223   4.6472   0.5250   0.9489
 216 915.8528   0.0882   5.2265 148.6657********* 624.55042091.1826*********   3.0488  -0.0870   3.5068  -0.1608   2.7992   5.3623  -0.1200   0.4177  16.2207   4.2261   3.4930   4.6933   0.5337   0.9625
 217 864.4687   0.0699   4.5074 141.4940********* 624.62022095.6899*********   3.0756  -0.1389   3.5037  -0.1665   2.6709   5.4510  -0.1200   0.4164  16.4793   4.1971   3.4632   4.7437   0.5420   0.9754
 218 924.8562   0.0686   4.5146 152.6823********* 624.68892100.2046*********   3.1017  -0.1356   3.5006  -0.1719   2.5440   5.5336  -0.1200   0.4153  16.7246   4.1658   3.4330   4.7984   0.5498   0.9876
 219 980.7759   0.0667   4.4672 163.2875********* 624.75562104.6719*********   3.1272  -0.1356   3.4975  -0.1769   2.4183   5.6102  -0.1200   0.4143  16.9570   4.1323   3.4024   4.8572   0.5573   0.9990
 220 900.3634   0.0562   3.8239 151.0939********* 624.81182108.4958*********   3.1522  -0.1978   3.4945  -0.1815   2.2980   5.6788  -0.1200   0.4134  17.1699   4.0978   3.3725   4.9179   0.5642   1.0095
 221 813.6334   0.0469   3.2339 137.5045********* 624.85872111.7297*********   3.1764  -0.2660   3.4916  -0.1856   2.1828   5.7401  -0.1200   0.4125  17.3645   4.0627   3.3432   4.9801   0.5705   1.0190
 2221005.5686   0.0533   3.7169 171.1998********* 624.91202115.4465*********   3.2002  -0.1978   3.4886  -0.1896   2.0649   5.7982  -0.1200   0.4118  17.5546   4.0244   3.3125   5.0481   0.5766   1.0283
 223 915.8892   0.0445   3.1445 157.0260********* 624.95652118.5911*********   3.2235  -0.2617   3.4857  -0.1931   1.9520   5.8495  -0.1200   0.4111  17.7276   3.9856   3.2825   5.1171   0.5823   1.0366
 224 802.4143   0.0357   2.5521 138.5035********* 624.99212121.1431*********   3.2461  -0.3417   3.4828  -0.1964   1.8401   5.8961  -0.1200   0.4105  17.8904   3.9451   3.2522   5.1894   0.5876   1.0444
 2251015.4012   0.0412   2.9853 176.3851********* 625.03342124.1284*********   3.2683  -0.2617   3.4799  -0.1994   1.7294   5.9381  -0.1200   0.4100  18.0431   3.9030   3.2217   5.2648   0.5926   1.0517
 226 887.5493   0.0330   2.4156 155.0399********* 625.06642126.5439*********   3.2899  -0.3417   3.4771  -0.2021   1.6235   5.9743  -0.1200   0.4095  18.1810   3.8607   3.1919   5.3406   0.5971   1.0582
 227 931.7308   0.0328   2.4787 163.1676********* 625.09922129.0227*********   3.3110  -0.3417   3.4742  -0.2046   1.5149   6.0073  -0.1200   0.4091  18.3143   3.8153   3.1607   5.4220   0.6015   1.0645
 228 977.2086   0.0326   2.5412 171.5657********* 625.13182131.5640*********   3.3317  -0.3417   3.4714  -0.2069   1.4109   6.0351  -0.1200   0.4088  18.4340   3.7700   3.1304   5.5035   0.6055   1.0700
 229 816.1702   0.0258   2.0732 143.6933********* 625.15752133.6372*********   3.3517  -0.4399   3.4685  -0.2089   1.3043   6.0597  -0.1200   0.4085  18.5486   3.7216   3.0987   5.5907   0.6093   1.0752
 230 853.4507   0.0255   2.1181 150.6738********* 625.18302135.7554*********   3.3711  -0.4399   3.4657  -0.2106   1.2024   6.0794  -0.1200   0.4083  18.6506   3.6735   3.0679   5.6776   0.6128   1.0798
 2311116.8141   0.0318   2.7108 197.6856********* 625.21482138.4661*********   3.3897  -0.3417   3.4631  -0.2121   1.1086   6.0942  -0.1200   0.4081  18.7377   3.6275   3.0391   5.7606   0.6157   1.0837
 232 703.1833   0.0192   1.6736 124.7654********* 625.23402140.1396*********   3.4055  -0.5584   3.4608  -0.2132   1.0263   6.1046  -0.1200   0.4081  18.8088   3.5859   3.0134   5.8359   0.6182   1.0867
 233 125.4096   0.0115   0.6841  20.6426********* 625.24552140.8237*********   2.8509  -0.7525   3.5054  -0.1633   2.7423   5.4022  -0.1200   0.4171  16.3367   4.2136   3.4799   4.7151   0.5374   0.9683
 234 649.2717   0.0556   3.4810 106.2813********* 625.30112144.3047*********   2.9599  -0.1475   3.5054  -0.1633   2.7423   5.4022  -0.1200   0.4171  16.3367   4.2136   3.4799   4.7151   0.5374   0.9683
 2353854.0864   0.3061  20.1918 627.8088********* 625.60722164.4966*********   3.0689   0.5170   3.5054  -0.1633   2.7423   5.4022  -0.1200   0.4171  16.3367   4.2136   3.4799   4.7151   0.5374   0.9683
 2365333.0391   0.4068  27.8459 861.2755********* 626.01402192.3425*********   3.1779   0.5491   3.5054  -0.1633   2.7423   5.4022  -0.1200   0.4171  16.3367   4.2136   3.4799   4.7151   0.5374   0.9683
 237   5.9635   0.0004   0.0304   0.9577********* 626.01452192.3730*********   3.2869  -2.5114   3.5054  -0.1633   2.7423   5.4022  -0.1200   0.4171  16.3367   4.2136   3.4799   4.7151   0.5374   0.9683
 238   0.0882   0.0000   0.0007   0.0142********* 626.01452192.3738*********   2.6328  -3.6875   3.5166  -0.1403   3.2142   5.0401  -0.1041   0.4221  15.3125   4.3028   3.5842   4.5627   0.5047   0.9169
 239 387.4423   0.0788   3.0757  61.7767********* 626.09332195.4495*********   2.7418  -0.1536   3.5166  -0.1403   3.2142   5.0401  -0.1041   0.4221  15.3125   4.3028   3.5842   4.5627   0.5047   0.9169
 240 473.9638   0.0951   3.7709  75.0587********* 626.18842199.2202*********   2.8509  -0.1751   3.5166  -0.1403   3.2142   5.0401  -0.1041   0.4221  15.3125   4.3028   3.5842   4.5627   0.5047   0.9169
 2413268.6377   0.6417  25.9818 514.3526********* 626.83012225.2019*********   2.9599   0.5545   3.5166  -0.1403   3.2142   5.0401  -0.1041   0.4221  15.3125   4.3028   3.5842   4.5627   0.5047   0.9169
 2421899.8508   0.3618  15.0349 297.2155********* 627.19182240.2368*********   3.0689   0.2098   3.5166  -0.1403   3.2142   5.0401  -0.1041   0.4221  15.3125   4.3028   3.5842   4.5627   0.5047   0.9169
 243   0.3093   0.0001   0.0024   0.0480********* 627.19192240.2393*********   3.1779  -3.6875   3.5166  -0.1403   3.2142   5.0401  -0.1041   0.4221  15.3125   4.3028   3.5842   4.5627   0.5047   0.9169
 244 331.5696   0.1311   3.5393  51.2904********* 627.32302243.7786*********   2.5238  -0.0032   3.5278  -0.1125   3.7044   4.5921  -0.0681   0.4284  14.1021   4.3599   3.6825   4.4707   0.4663   0.8555
 245 556.5750   0.2269   6.0323  85.3602********* 627.54992249.8108*********   2.6328   0.1127   3.5278  -0.1125   3.7044   4.5921  -0.0681   0.4284  14.1021   4.3599   3.6825   4.4707   0.4663   0.8555
 246 226.0741   0.0945   2.4847  34.3848********* 627.64452252.2954*********   2.7418  -0.3876   3.5278  -0.1125   3.7044   4.5921  -0.0681   0.4284  14.1021   4.3599   3.6825   4.4707   0.4663   0.8555
 2472707.3037   1.1544  30.1320 408.4803********* 628.79882282.4275*********   2.8509   0.5817   3.5278  -0.1125   3.7044   4.5921  -0.0681   0.4284  14.1021   4.3599   3.6825   4.4707   0.4663   0.8555
 2482370.5532   1.0238  26.6767 354.9405********* 629.82262309.1042*********   2.9599   0.4150   3.5278  -0.1125   3.7044   4.5921  -0.0681   0.4284  14.1021   4.3599   3.6825   4.4707   0.4663   0.8555
 249   3.3690   0.0015   0.0383   0.5007********* 629.82412309.1426*********   3.0689  -2.5414   3.5278  -0.1125   3.7044   4.5921  -0.0681   0.4284  14.1021   4.3599   3.6825   4.4707   0.4663   0.8555
 250 105.6614   0.1007   1.3227  15.9366********* 629.92492310.4653*********   2.3058  -0.2818   3.5390  -0.0794   4.2136   4.0519  -0.0231   0.4359  12.6921   4.3823   3.7740   4.4440   0.4217   0.7834
 251 572.2222   0.5032   7.5022  85.1708********* 630.42802317.9675*********   2.4148   0.3428   3.5390  -0.0794   4.2136   4.0519  -0.0231   0.4359  12.6921   4.3823   3.7740   4.4440   0.4217   0.7834
 252 282.3898   0.2372   3.8317  41.5389********* 630.66532321.7991*********   2.5238  -0.0729   3.5390  -0.0794   4.2136   4.0519  -0.0231   0.4359  12.6921   4.3823   3.7740   4.4440   0.4217   0.7834
 253 268.2809   0.2330   3.6823  39.1279********* 630.89832325.4814*********   2.6328  -0.2042   3.5390  -0.0794   4.2136   4.0519  -0.0231   0.4359  12.6921   4.3823   3.7740   4.4440   0.4217   0.7834
 2542313.3215   2.0705  32.0979 334.5930********* 632.96882357.5793*********   2.7418   0.6224   3.5390  -0.0794   4.2136   4.0519  -0.0231   0.4359  12.6921   4.3823   3.7740   4.4440   0.4217   0.7834
 2552231.1548   2.0509  31.2729 320.1169********* 635.01972388.8523*********   2.8509   0.4977   3.5390  -0.0794   4.2136   4.0519  -0.0231   0.4359  12.6921   4.3823   3.7740   4.4440   0.4217   0.7834
 256   5.9910   0.0056   0.0848   0.8529********* 635.02532388.9370*********   2.9599  -2.1824   3.5390  -0.0794   4.2136   4.0519  -0.0231   0.4359  12.6921   4.3823   3.7740   4.4440   0.4217   0.7834
 257 564.8381   1.0539   7.4073  83.4372********* 636.07922396.3442*********   2.1967   0.5552   3.5502  -0.0408   4.7427   3.4128   0.0316   0.4450  11.0686   4.3672   3.8581   4.4881   0.3706   0.6998
 258 492.1868   0.8525   6.8188  71.6713********* 636.93182403.1631*********   2.3058   0.3864   3.5502  -0.0408   4.7427   3.4128   0.0316   0.4450  11.0686   4.3672   3.8581   4.4881   0.3706   0.6998
 259 394.4677   0.5815   6.0849  55.7682********* 637.51332409.2480*********   2.5238   0.0722   3.5502  -0.0408   4.7427   3.4128   0.0316   0.4450  11.0686   4.3672   3.8581   4.4881   0.3706   0.6998
 2602536.6348   3.8077  39.5974 355.6072********* 641.32102448.8455*********   2.6328   0.7714   3.5502  -0.0408   4.7427   3.4128   0.0316   0.4450  11.0686   4.3672   3.8581   4.4881   0.3706   0.6998
 2612341.3118   3.6054  36.8434 325.7031********* 644.92652485.6890*********   2.7418   0.6276   3.5502  -0.0408   4.7427   3.4128   0.0316   0.4450  11.0686   4.3672   3.8581   4.4881   0.3706   0.6998
 262   6.4089   0.0101   0.1016   0.8849********* 644.93662485.7905*********   2.8509  -2.0441   3.5502  -0.0408   4.7427   3.4128   0.0316   0.4450  11.0686   4.3672   3.8581   4.4881   0.3706   0.6998
 263  19.1991   0.0506   0.2672   2.7429********* 644.98722486.0579*********   1.9787  -0.6954   3.5613   0.1032   5.1573   1.4351   0.2526   0.5366   6.4616   4.0230   3.9341   5.3245   0.2868   0.6137
 2641097.1919   2.8960  15.3965 156.3108********* 647.88322501.4543*********   2.0877   0.9526   3.5613   0.1084   5.2432   1.4814   0.2518   0.5437   6.5645   4.0425   3.9341   5.4544   0.2921   0.6268
 265  91.9917   0.2340   1.3323  12.9989********* 648.11722502.7866*********   2.1967  -0.2330   3.5613   0.1132   5.3291   1.5257   0.2511   0.5511   6.6674   4.0645   3.9341   5.6071   0.2975   0.6400
 266 444.3087   1.0447   6.8482  61.7568********* 649.16192509.6348*********   2.4148   0.2329   3.5613   0.1217   5.5009   1.6083   0.2498   0.5665   6.8732   4.1161   3.9341   5.9809   0.3083   0.6670
 2672906.8931   6.5494  46.1919 400.7709********* 655.71142555.8267*********   2.5238   0.9396   3.5613   0.1254   5.5868   1.6467   0.2493   0.5746   6.9761   4.1457   3.9341   6.2017   0.3137   0.6806
 2682866.0132   6.3643  46.3578 392.3757********* 662.07562602.1846*********   2.6328   0.8245   3.5613   0.1288   5.6726   1.6831   0.2488   0.5829   7.0790   4.1778   3.9341   6.4449   0.3192   0.6945
 269   6.9125   0.0156   0.1125   0.9408********* 662.09122602.2971*********   2.7418  -1.9022   3.5613   0.1318   5.7585   1.7175   0.2484   0.5914   7.1819   4.2125   3.9341   6.7103   0.3248   0.7085
 270 428.0899   1.4248   6.8500  57.2858********* 663.51602609.1472*********   1.8697   0.7619   3.5725   0.1559   5.4437   1.0398   0.2784   0.5154   5.9582   4.1741   4.0011   5.2630   0.1996   0.4279
 271  32.3569   0.1080   0.5197   4.3227********* 663.62402609.6667*********   1.9787  -0.4687   3.5725   0.1613   5.5228   1.0864   0.2762   0.5194   6.0230   4.1900   4.0011   5.3513   0.2034   0.4369
 272  43.9932   0.1471   0.7133   5.8529********* 663.77112610.3801*********   2.1967  -0.5534   3.5725   0.1711   5.6809   1.1742   0.2720   0.5282   6.1526   4.2294   4.0011   5.5921   0.2110   0.4550
 273 559.1956   1.8642   9.1285  74.1866********* 665.63522619.5085*********   2.3058   0.4418   3.5725   0.1755   5.7600   1.2153   0.2700   0.5329   6.2174   4.2529   4.0011   5.7443   0.2149   0.4642
 2743097.6204  10.2930  50.9109 409.8033********* 675.92822670.4194*********   2.4148   1.0762   3.5725   0.1796   5.8391   1.2547   0.2681   0.5379   6.2822   4.2789   4.0011   5.9176   0.2187   0.4735
 2753032.5522  10.0417  50.1789 400.0862********* 685.96992720.5984*********   2.5238   0.9580   3.5725   0.1833   5.9182   1.2922   0.2663   0.5431   6.3470   4.3075   4.0011   6.1117   0.2226   0.4828
 276   9.4335   0.0311   0.1571   1.2411********* 686.00102720.7554*********   2.6328  -1.6581   3.5725   0.1866   5.9973   1.3279   0.2645   0.5486   6.4118   4.3386   4.0011   6.3267   0.2265   0.4923
 277 150.0158   0.5839   2.6066  18.9830********* 686.58492723.3618*********   1.6516   0.5245   3.5837   0.1943   5.6219   0.7251   0.2943   0.4932   5.5438   4.2623   4.9325   5.1629   0.1348   0.2917
 278 447.2281   1.7441   7.7905  56.5034********* 688.32902731.1523*********   1.7607   0.8899   3.5837   0.2003   5.6942   0.7733   0.2909   0.4942   5.5737   4.2721   4.9121   5.1940   0.1375   0.2978
 279  69.5737   0.2718   1.2148   8.7771********* 688.60082732.3672*********   1.8697  -0.0272   3.5837   0.2060   5.7664   0.8198   0.2876   0.4955   5.6035   4.2845   4.8929   5.2452   0.1401   0.3040
 280 147.5873   0.5784   2.5894  18.5632********* 689.17922734.9565*********   2.0877   0.0813   3.5837   0.2162   5.9110   0.9078   0.2811   0.4987   5.6633   4.3167   4.8579   5.4074   0.1455   0.3164
 281 557.1506   2.1869   9.7981  69.9614********* 691.36602744.7546*********   2.1967   0.5492   3.5837   0.2209   5.9833   0.9494   0.2779   0.5007   5.6931   4.3366   4.8420   5.5180   0.1482   0.3227
 2823139.4502  12.3345  55.3387 393.4171********* 703.70052800.0933*********   2.3058   1.1911   3.5837   0.2252   6.0555   0.9892   0.2748   0.5029   5.7230   4.3591   4.8273   5.6483   0.1509   0.3290
 2832527.1592   9.9384  44.6491 316.0379********* 713.63892844.7424*********   2.4148   0.9879   3.5837   0.2292   6.1278   1.0275   0.2718   0.5054   5.7529   4.3841   4.8138   5.7979   0.1536   0.3354
 284   2.0577   0.0081   0.0364   0.2568********* 713.64702844.7788*********   2.5238  -2.2104   3.5837   0.2328   6.2001   1.0640   0.2689   0.5081   5.7827   4.4116   4.8014   5.9669   0.1564   0.3418
 2856961.1250  31.3078 130.7288 827.5677********* 744.95492975.5076*********   1.6516   2.1910   3.5949   0.2366   5.9087   0.6191   0.2921   0.4729   5.2891   4.3221   4.7264   5.1143   0.0936   0.2060
 286   1.7988   0.0081   0.0338   0.2135********* 744.96302975.5415*********   1.7607  -1.5057   3.5949   0.2424   5.9741   0.6651   0.2878   0.4718   5.2871   4.3308   4.7056   5.1329   0.0955   0.2102
 287 230.3303   1.0397   4.3438  27.2636********* 746.00272979.8853*********   1.9787   0.3837   3.5949   0.2531   6.1051   0.7525   0.2794   0.4701   5.2832   4.3559   4.6673   5.2253   0.0992   0.2187
 288 950.4088   4.2941  17.9453 112.3480********* 750.29682997.8306*********   2.0877   0.8902   3.5949   0.2579   6.1706   0.7940   0.2753   0.4697   5.2813   4.3723   4.6499   5.2989   0.1010   0.2229
 2893691.3606  16.6927  69.7824 435.7722********* 766.98963067.6130*********   2.1967   1.3704   3.5949   0.2625   6.2360   0.8340   0.2713   0.4695   5.2794   4.3911   4.6336   5.3905   0.1029   0.2272
 2902204.2329   9.9710  41.7139 259.7541********* 776.96053109.3269*********   2.3058   1.0375   3.5949   0.2667   6.3015   0.8724   0.2673   0.4695   5.2774   4.4126   4.6185   5.5001   0.1047   0.2315
 291   0.2135   0.0010   0.0040   0.0251********* 776.96153109.3311*********   2.4148  -3.0855   3.5949   0.2706   6.3670   0.9094   0.2634   0.4698   5.2755   4.4365   4.6044   5.6275   0.1066   0.2359
 292 345.3568   1.7676   6.9103  38.4908********* 778.72913116.2415*********   1.6516   0.8866   3.6061   0.2708   6.1459   0.6058   0.2786   0.4481   5.0547   4.3341   4.5205   5.0110   0.0646   0.1440
 293  59.2457   0.3039   1.1872   6.5834********* 779.03303117.4287*********   1.8697  -0.0970   3.6061   0.2817   6.2632   0.6918   0.2688   0.4422   4.9935   4.3520   4.4791   5.0425   0.0671   0.1497
 294 460.8365   2.3651   9.2375  51.1519********* 781.39813126.6663*********   1.9787   0.6848   3.6061   0.2867   6.3219   0.7327   0.2640   0.4397   4.9629   4.3648   4.4600   5.0835   0.0683   0.1525
 2955418.0835  27.8176 108.6368 600.7271********* 809.21573235.3030*********   2.0877   1.6461   3.6061   0.2915   6.3806   0.7724   0.2593   0.4374   4.9323   4.3801   4.4422   5.1410   0.0695   0.1554
 2961940.5144   9.9669  38.9195 214.9118********* 819.18263274.2224*********   2.1967   1.0912   3.6061   0.2959   6.4392   0.8106   0.2546   0.4353   4.9017   4.3980   4.4254   5.2150   0.0707   0.1582
 297   0.1246   0.0006   0.0025   0.0138********* 819.18323274.2249*********   2.3058  -3.2104   3.6061   0.3000   6.4979   0.8475   0.2500   0.4335   4.8711   4.4183   4.4098   5.3052   0.0720   0.1611
 298   2.5503   0.0145   0.0532   0.2675********* 819.19783274.2781*********   1.6516  -1.2451   3.6172   0.2968   6.3336   0.6679   0.2565   0.4194   4.8312   4.3034   4.3148   4.8583   0.0450   0.0996
 299 224.3951   1.2812   4.6803  23.4946********* 820.47893278.9585*********   1.7607   0.5904   3.6172   0.3023   6.3855   0.7091   0.2511   0.4149   4.7750   4.3100   4.2930   4.8558   0.0457   0.1014
 300 329.7679   1.8844   6.8788  34.4841********* 822.36343285.8374*********   1.8697   0.6485   3.6172   0.3074   6.4373   0.7491   0.2458   0.4105   4.7189   4.3193   4.2724   4.8686   0.0464   0.1032
 3017723.6992  44.1503 161.0836 806.9126********* 866.51373446.9209*********   1.9787   1.9091   3.6172   0.3123   6.4892   0.7879   0.2406   0.4065   4.6628   4.3310   4.2529   4.8964   0.0472   0.1050
 3022649.4590  15.1495  55.2460 276.5311********* 881.66333502.1670*********   2.0877   1.3354   3.6172   0.3169   6.5410   0.8256   0.2354   0.4026   4.6067   4.3453   4.2346   4.9392   0.0479   0.1068
 303 167.4904   1.0591   3.6246  16.4580********* 882.72243505.7917*********   1.6516   0.5724   3.6284   0.3148   6.4718   0.7880   0.2282   0.3878   4.6088   4.2350   4.1093   4.6619   0.0324   0.0681
 304 486.4458   3.0812  10.5259  47.7224********* 885.80353516.3176*********   1.7607   0.9264   3.6284   0.3201   6.5168   0.8266   0.2226   0.3821   4.5303   4.2406   4.0871   4.6509   0.0328   0.0692
 3051587.7839  10.0708  34.3489 155.5464********* 895.87433550.6665*********   1.8697   1.3311   3.6284   0.3250   6.5619   0.8642   0.2171   0.3766   4.4518   4.2488   4.0660   4.6535   0.0331   0.0702
 306 156.4080   0.9923   3.3815  15.3110********* 896.86663554.0481*********   1.9787   0.2156   3.6284   0.3297   6.6069   0.9008   0.2116   0.3713   4.3734   4.2595   4.0460   4.6696   0.0335   0.0712
 3076118.5078  42.2235 135.7136 565.7506********* 939.09013689.7617*********   1.6516   2.1350   3.6396   0.3248   6.5604   0.9489   0.1961   0.3542   4.3782   4.1339   3.9039   4.4270   0.0252   0.0465
 3084283.1870  29.6026  94.9893 395.4429********* 968.69273784.7510*********   1.7607   1.8711   3.6396   0.3298   6.5986   0.9848   0.1905   0.3475   4.2804   4.1385   3.8813   4.4089   0.0253   0.0470
 309 882.5400   6.1088  19.5690  81.3550********* 974.80153804.3201*********   1.8697   1.0761   3.6396   0.3345   6.6368   1.0198   0.1850   0.3411   4.1827   4.1456   3.8597   4.4028   0.0254   0.0474
 3108704.8398  65.3686 197.1702 754.5054*********1040.17004001.4902*********   1.6516   2.2881   3.6508   0.3266   6.5994   1.1331   0.1628   0.3192   4.1295   4.0052   3.6988   4.1594   0.0219   0.0321
 311 734.7219   5.5247  16.6388  63.5927*********1045.69484018.1292*********   1.7607   1.1055   3.6508   0.3314   6.6308   1.1661   0.1574   0.3120   4.0157   4.0087   3.6757   4.1354   0.0218   0.0322
 312********* 754.56972151.47247597.6270*********1800.26456169.6016*********   1.6516   3.3187   3.6620   0.3204   6.5889   1.3233   0.1307   0.2837   3.8534   3.8537   3.4939   3.8643   0.0210   0.0228
 313   0.0737   0.0006   0.0017   0.0056*********1800.26516169.6035*********   1.6516  -2.7844   3.6732   0.3062   6.5289   1.5023   0.1023   0.2486   3.5401   3.6846   3.2891   3.5473   0.0212   0.0169
