  i   Ebol     E_V      E_I      E_K      cum Ebol cum E_V  cum E_I  cum E_K  log L     log dN   log Te   CN       G band   H beta   Mg 1      Mg 2     Fe 5270  Fe 5335  Na D     TiO 1    TiO 2 
   1  27.4854   0.0080   0.3845   4.1543  27.4854   0.0080   0.3845   4.1543  -3.1985   4.6376   3.4146  -0.1697   2.1997   2.8472   0.2378   0.5964   8.7862   3.0368   2.1429  13.1827   0.4020   0.8648
   2  60.8785   0.0204   0.8469   9.3956  88.3638   0.0284   1.2314  13.5499  -3.1429   4.9274   3.4221  -0.1698   2.1428   2.1500   0.2409   0.5763   8.1944   2.8858   2.0650  13.0165   0.3937   0.8371
   3  70.8338   0.0273   0.9784  11.1516 159.1977   0.0557   2.2098  24.7015  -3.0872   4.9374   3.4297  -0.1696   2.1063   1.5547   0.2441   0.5592   7.6821   2.7679   2.0116  12.8578   0.3850   0.8102
   4  85.6924   0.0380   1.1729  13.7466 244.8901   0.0937   3.3827  38.4482  -3.0311   4.9640   3.4372  -0.1691   2.0864   1.0451   0.2473   0.5445   7.2369   2.6774   1.9781  12.7062   0.3760   0.7841
   5 106.4564   0.0545   1.4413  17.3804 351.3465   0.1482   4.8239  55.8286  -2.9744   5.0015   3.4446  -0.1682   2.0801   0.6068   0.2506   0.5317   6.8477   2.6095   1.9611  12.5608   0.3668   0.7586
   6 134.2208   0.0750   1.8101  22.0755 485.5673   0.2232   6.6341  77.9041  -2.9168   5.0446   3.4520  -0.1672   2.0850   0.2270   0.2538   0.5207   6.5045   2.5602   1.9577  12.4202   0.3573   0.7338
   7 170.2245   0.1006   2.2946  28.0552 655.7917   0.3238   8.9287 105.9593  -2.8581   5.0891   3.4594  -0.1659   2.0997  -0.1048   0.2572   0.5110   6.1985   2.5267   1.9659  12.2830   0.3477   0.7092
   8 215.6272   0.1346   2.9019  35.5881 871.4189   0.4584  11.8306 141.5474  -2.7980   5.1317   3.4666  -0.1645   2.1233  -0.3974   0.2606   0.5024   5.9225   2.5069   1.9848  12.1472   0.3378   0.6846
   9 271.4198   0.1785   3.6426  44.82881142.8387   0.6369  15.4732 186.3762  -2.7362   5.1698   3.4736  -0.1628   2.1555  -0.6574   0.2641   0.4947   5.6707   2.4996   2.0138  12.0108   0.3274   0.6597
  10 338.8989   0.2404   4.6098  55.49761481.7377   0.8773  20.0830 241.8738  -2.6721   5.2022   3.4804  -0.1609   2.1966  -0.8889   0.2678   0.4878   5.4393   2.5045   2.0531  11.8721   0.3164   0.6341
  11 418.3213   0.3275   5.8605  67.29591900.0590   1.2048  25.9436 309.1698  -2.6054   5.2269   3.4870  -0.1588   2.2470  -1.0934   0.2717   0.4817   5.2267   2.5218   2.1031  11.7301   0.3049   0.6077
  12 501.8680   0.4311   7.2229  79.32202401.9270   1.6359  33.1665 388.4918  -2.5354   5.2360   3.4933  -0.1565   2.3068  -1.2704   0.2758   0.4763   5.0332   2.5516   2.1640  11.5845   0.2926   0.5803
  13 577.9399   0.5410   8.5224  89.77822979.8669   2.1769  41.6889 478.2700  -2.4621   5.2240   3.4991  -0.1539   2.3749  -1.4169   0.2800   0.4718   4.8624   2.5933   2.2346  11.4382   0.2800   0.5527
  14 640.1710   0.6486   9.6482  97.78663620.0378   2.8255  51.3371 576.0566  -2.3858   5.1921   3.5046  -0.1513   2.4477  -1.5297   0.2841   0.4682   4.7188   2.6441   2.3111  11.2970   0.2674   0.5258
  15 687.3420   0.7603  10.5405 103.81274307.3799   3.5857  61.8775 679.8693  -2.3071   5.1443   3.5096  -0.1487   2.5225  -1.6117   0.2881   0.4656   4.6019   2.7011   2.3905  11.1641   0.2554   0.5003
  16 720.9806   0.8672  11.2284 107.73995028.3604   4.4529  73.1059 787.6091  -2.2266   5.0845   3.5144  -0.1460   2.6004  -1.6695   0.2920   0.4636   4.5048   2.7644   2.4737  11.0354   0.2434   0.4754
  17 743.3802   0.9684  11.7427 109.89175771.7407   5.4213  84.8486 897.5008  -2.1449   5.0161   3.5190  -0.1432   2.6847  -1.7073   0.2961   0.4622   4.4218   2.8365   2.5645  10.9046   0.2310   0.4500
  18 757.4076   1.0663  12.1247 110.71226529.1484   6.4876  96.97331008.2130  -2.0627   4.9420   3.5235  -0.1402   2.7779  -1.7254   0.3004   0.4613   4.3514   2.9195   2.6654  10.7685   0.2179   0.4234
  19 766.5025   1.2152  12.2478 108.94887295.6509   7.7028 109.22111117.1617  -1.9806   4.8652   3.5280  -0.1371   2.8750  -1.7226   0.3047   0.4610   4.2974   3.0090   2.7710  10.6343   0.2047   0.3970
  20 773.9913   1.4138  12.2195 105.89058069.6421   9.1166 121.44061223.0522  -1.8992   4.7880   3.5327  -0.1342   2.9660  -1.7035   0.3086   0.4612   4.2616   3.0952   2.8702  10.5144   0.1927   0.3734
  21 781.4261   1.6480  12.1495 102.65508851.0684  10.7646 133.59011325.7073  -1.8187   4.7116   3.5375  -0.1318   3.0417  -1.6772   0.3117   0.4617   4.2411   3.1684   2.9531  10.4183   0.1830   0.3543
  22 788.9180   1.9254  12.0363  99.23079639.9863  12.6900 145.62631424.9380  -1.7394   4.6364   3.5425  -0.1298   3.1053  -1.6487   0.3143   0.4623   4.2296   3.2308   3.0229  10.3397   0.1750   0.3387
  23 796.5049   2.1265  12.3152  98.1474*********  14.8165 157.94161523.0853  -1.6614   4.5626   3.5477  -0.1279   3.1652  -1.6170   0.3167   0.4630   4.2231   3.2903   3.0887  10.2675   0.1675   0.3243
  24 802.8705   2.2880  12.7916  97.9597*********  17.1044 170.73321621.0450  -1.5849   4.4896   3.5531  -0.2981   2.1383  -0.6213   0.2383   0.3654   2.7079   4.3694   3.8787  12.5632   0.1815   0.3474
  25 805.1708   2.4554  13.2328  97.1654*********  19.5598 183.96601718.2104  -1.5103   4.4162   3.5587  -0.2522   2.4903  -0.7633   0.2815   0.4082   3.1361   4.4749   3.9170  12.2718   0.1532   0.2975
  26 801.5067   2.6234  13.6051  95.5251*********  22.1832 197.57101813.7356  -1.4379   4.3418   3.5646  -0.2069   2.8412  -0.8764   0.3193   0.4474   3.5552   4.5695   3.9548  11.9691   0.1278   0.2524
  27 791.6583   2.7899  13.8975  93.0138*********  24.9731 211.46861906.7494  -1.3682   4.2667   3.5709  -0.1623   3.1896  -0.9583   0.3514   0.4826   3.9633   4.6519   3.9918  11.6544   0.1052   0.2120
  28 776.2357   2.9339  14.0563  89.9470*********  27.9069 225.52481996.6964  -1.3014   4.1914   3.5774  -0.1189   3.5333  -1.0062   0.3771   0.5133   4.3575   4.7206   4.0276  11.3261   0.0855   0.1760
  29 756.1311   3.0536  14.0899  86.4213*********  30.9605 239.61472083.1177  -1.2378   4.1164   3.5843  -0.0772   3.8689  -1.0175   0.3961   0.5390   4.7337   4.7737   5.7015  10.9827   0.0686   0.1446
  30 732.3607   3.1679  14.0574  82.3550*********  34.1285 253.67222165.4727  -1.1772   4.0420   3.5914  -0.0376   4.1928  -0.9906   0.4078   0.5594   5.0870   4.8094   5.5565  10.6222   0.0546   0.1176
  31 706.2104   3.2782  13.9721  77.9256*********  37.4066 267.64432243.3982  -1.1198   3.9688   3.5988  -0.0007   4.5015  -0.9251   0.4122   0.5739   5.4128   4.8266   5.4076  10.2432   0.0435   0.0950
  32 679.0876   3.3778  13.8104  73.2018*********  40.7844 281.45482316.6001  -1.0654   3.8973   3.6065   0.0330   4.7914  -0.8223   0.4093   0.5825   5.7058   4.8244   5.2554   9.8443   0.0350   0.0764
  33 657.2399   3.4984  13.7065  68.9259*********  44.2828 295.16132385.5259  -1.0137   3.8314   3.6143   0.0632   5.0596  -0.6846   0.3996   0.5851   5.9613   4.8027   5.1005   9.4249   0.0290   0.0615
  34 657.9910   3.7476  14.0624  66.9473*********  48.0304 309.22372452.4731  -0.9642   3.7824   3.6223   0.0894   5.3030  -0.5163   0.3836   0.5818   6.1740   4.7617   4.9437   8.9848   0.0252   0.0500
  35 692.9794   4.2168  15.1454  68.1681*********  52.2472 324.36912520.6411  -0.9154   3.7561   3.6303   0.1114   5.5187  -0.3236   0.3623   0.5727   6.3380   4.7024   4.7863   8.5248   0.0233   0.0415
  36 745.4512   4.8311  16.5832  70.5156*********  57.0783 340.95232591.1567  -0.8661   3.7386   3.6382   0.1291   5.7051  -0.1139   0.3367   0.5583   6.4490   4.6266   4.6290   8.0478   0.0228   0.0354
  37 792.9603   5.4655  17.9257  71.9746*********  62.5438 358.87802663.1313  -0.8169   3.7162   3.6462   0.1425   5.8626   0.1069   0.3079   0.5391   6.5064   4.5360   4.4718   7.5563   0.0233   0.0310
  38 849.8351   6.2192  19.4850  73.8321*********  68.7630 378.36302736.9634  -0.7686   3.6979   3.6543   0.1515   5.9918   0.3334   0.2767   0.5155   6.5091   4.4323   4.3138   7.0519   0.0243   0.0279
  39 934.4294   7.2184  21.6454  77.6264*********  75.9814 400.00842814.5898  -0.7189   3.6895   3.6622   0.1564   6.0913   0.5564   0.2446   0.4882   6.4532   4.3180   4.1568   6.5390   0.0255   0.0254
  401021.5019   8.3107  23.8572  81.0466*********  84.2921 423.86562895.6365  -0.6670   3.6763   3.6700   0.1571   6.1615   0.7686   0.2127   0.4579   6.3379   4.1955   4.0014   6.0228   0.0263   0.0232
  411107.1603   9.4656  26.0200  83.7654*********  93.7577 449.88572979.4019  -0.6152   3.6594   3.6778   0.1538   6.2038   0.9671   0.1817   0.4248   6.1642   4.0659   3.8457   5.5031   0.0264   0.0206
  421210.9517  10.8085  28.5824  87.5634********* 104.5662 478.46803066.9653  -0.5622   3.6453   3.6855   0.1464   6.2183   1.1444   0.1528   0.3897   5.9315   3.9315   3.6910   4.9852   0.0255   0.0173
  431334.8101  12.4089  31.5840  92.1787********* 116.9751 510.05203159.1440  -0.5065   3.6320   3.6931   0.1356   6.2060   1.2939   0.1271   0.3534   5.6416   3.7951   3.5383   4.4766   0.0231   0.0128
  441504.5854  14.5227  35.6340  99.2221********* 131.4978 545.68603258.3662  -0.4492   3.6266   3.7005   0.1212   6.1680   1.4122   0.1053   0.3163   5.2963   3.6580   3.3871   3.9791   0.0190   0.0069
  451728.0826  17.2153  40.9406 109.1932********* 148.7131 586.62663367.5593  -0.3894   3.6269   3.7077  -0.0109   6.7718   1.4910   0.0718   0.2568   4.9342   2.8728   2.7181   2.4310   0.0134   0.0026
  461986.4869  20.3731  47.0140 120.2990********* 169.0863 633.64063487.8584  -0.3263   3.6244   3.7147  -0.0123   6.6143   1.6262   0.0637   0.2366   4.6174   2.7608   2.6057   2.3152   0.0134   0.0021
  472319.6909  24.4146  54.7856 134.7964********* 193.5008 688.42613622.6548  -0.2597   3.6251   3.7213  -0.0149   6.4291   1.7634   0.0565   0.2180   4.3119   2.6573   2.5018   2.2097   0.0134   0.0017
  482697.6611  28.9528  63.5792 151.4292********* 222.4536 752.00543774.0840  -0.1860   3.6170   3.7270  -0.0181   6.2432   1.8912   0.0507   0.2018   4.0242   2.5697   2.4138   2.1215   0.0134   0.0014
  493054.2041  33.2586  71.8273 166.8267********* 255.7122 823.83263940.9106  -0.1026   3.5875   3.7314  -0.0211   6.0875   1.9973   0.0465   0.1885   3.7621   2.5044   2.3481   2.0564   0.0134   0.0011
  502661.2861  29.1781  62.5188 143.4757********* 284.8903 886.35154084.3862  -0.0110   3.4360   3.7334  -0.0225   6.0132   2.0567   0.0447   0.1797   3.5535   2.4751   2.3187   2.0274   0.0134   0.0010
  511778.0923  19.4657  41.7887  96.1860********* 304.3560 928.14034180.5723   0.0368   3.2131   3.7328  -0.0221   6.0366   2.0527   0.0453   0.1781   3.4877   2.4842   2.3279   2.0364   0.0134   0.0010
  521488.8411  16.2031  35.0327  81.5245********* 320.5591 963.17294262.0967   0.0802   3.0927   3.7307  -0.0206   6.1125   2.0180   0.0472   0.1791   3.4631   2.5145   2.3583   2.0664   0.0134   0.0011
  531124.8995  12.1206  26.5120  62.8214********* 332.6797 989.68494324.9180   0.1152   2.9359   3.7274  -0.0184   6.2298   1.9566   0.0503   0.1825   3.4801   2.5639   2.4079   2.1156   0.0134   0.0013
  54 837.1584   8.9053  19.7609  47.8903********* 341.58501009.44594372.8081   0.1401   2.7827   3.7233  -0.0160   6.3652   1.8794   0.0544   0.1877   3.5298   2.6258   2.4702   2.1778   0.0134   0.0016
  55 636.1573   6.6655  15.0360  37.3761********* 348.25041024.48184410.1841   0.1571   2.6465   3.7188  -0.0138   6.5011   1.7955   0.0591   0.1940   3.6002   2.6951   2.5398   2.2481   0.0134   0.0019
  56 498.5998   5.1334  11.7974  30.1483********* 353.38391036.27934440.3325   0.1687   2.5291   3.7142  -0.0121   6.6263   1.7108   0.0642   0.2009   3.6815   2.7683   2.6133   2.3229   0.0134   0.0021
  57 401.7310   4.0608   9.5093  24.9955********* 357.44471045.78864465.3281   0.1768   2.4272   3.7095  -0.0111   6.7360   1.6275   0.0697   0.2083   3.7693   2.8443   2.6895   2.4014   0.0134   0.0024
  58 342.1490   3.3932   8.0972  21.8966********* 360.83791053.88594487.2246   0.1828   2.3514   3.7047   0.1412   6.1280   1.5492   0.0838   0.2493   4.3438   3.3637   3.0820   3.2273   0.0161   0.0031
  59 301.3284   2.9301   7.1253  19.8242********* 363.76801061.01124507.0488   0.1882   2.2909   3.7000   0.1557   6.1797   1.5087   0.0919   0.2676   4.5431   3.4378   3.1644   3.4437   0.0192   0.0072
  60 252.0758   2.3968   5.9556  17.0762********* 366.16481066.96684524.1250   0.1937   2.2078   3.6952   0.1687   6.2227   1.4563   0.1016   0.2855   4.7214   3.5118   3.2467   3.6546   0.0215   0.0105
  61 205.3348   1.9070   4.8443  14.3198********* 368.07181071.81104538.4448   0.2005   2.1120   3.6905   0.1805   6.2570   1.3934   0.1127   0.3030   4.8782   3.5846   3.3282   3.8585   0.0231   0.0133
  62 191.4788   1.7366   4.5077  13.7336********* 369.80841076.31874552.1782   0.2098   2.0723   3.6858   0.1909   6.2827   1.3226   0.1247   0.3196   5.0116   3.6551   3.4081   4.0518   0.0241   0.0155
  63 215.4088   1.9081   5.0570  15.8691********* 371.71651081.37574568.0474   0.2234   2.1098   3.6812   0.2000   6.3004   1.2470   0.1372   0.3350   5.1196   3.7215   3.4846   4.2292   0.0245   0.0174
  64 265.9609   2.3033   6.2237  20.0839********* 374.01981087.59954588.1313   0.2434   2.1815   3.6768   0.2079   6.3111   1.1718   0.1495   0.3484   5.1986   3.7809   3.5546   4.3818   0.0246   0.0189
  65 325.2886   2.7519   7.5878  25.1588********* 376.77171095.18744613.2900   0.2709   2.2414   3.6729   0.2147   6.3167   1.1030   0.1605   0.3593   5.2472   3.8305   3.6146   4.5013   0.0245   0.0202
  66 370.8913   3.0759   8.6246  29.2594********* 379.84761103.81204642.5493   0.3055   2.2638   3.6696   0.2205   6.3196   1.0463   0.1696   0.3671   5.2674   3.8684   3.6615   4.5823   0.0242   0.0213
  67 376.6110   3.0745   8.7332  30.1724********* 382.92201112.54524672.7217   0.3455   2.2304   3.6669   0.2255   6.3222   1.0042   0.1763   0.3719   5.2646   3.8947   3.6949   4.6268   0.0239   0.0222
  68 341.4492   2.7541   7.8992  27.6775********* 385.67611120.44434700.3994   0.3888   2.1446   3.6648   0.2298   6.3256   0.9754   0.1809   0.3743   5.2461   3.9117   3.7168   4.6429   0.0236   0.0229
  69 375.8577   3.0015   8.6768  30.7619********* 388.67761129.12124731.1611   0.4335   2.1415   3.6631   0.2339   6.3298   0.9541   0.1843   0.3756   5.2199   3.9238   3.7326   4.6439   0.0234   0.0235
  70 873.9475   6.9192  20.1362  72.1263********* 395.59681149.25744803.2876   0.4789   2.4626   3.6616   0.2377   6.3345   0.9375   0.1870   0.3761   5.1896   3.9331   3.7446   4.6363   0.0232   0.0241
  711437.1210  11.1881  32.9853 120.4809********* 406.78491182.24274923.7686   0.5659   2.5916   3.6587   0.2445   6.3432   0.9069   0.1919   0.3770   5.1316   3.9514   3.7682   4.6199   0.0228   0.0255
  721438.7031  11.0075  32.8837 122.5304********* 417.79241215.12635046.2988   0.6528   2.5052   3.6557   0.2509   6.3510   0.8764   0.1970   0.3780   5.0750   3.9711   3.7937   4.6039   0.0225   0.0271
  731390.7793  10.4334  31.6297 120.5183********* 428.22571246.75615166.8169   0.7388   2.4045   3.6525   0.2567   6.3565   0.8421   0.2028   0.3798   5.0233   3.9944   3.8247   4.5947   0.0224   0.0291
  741358.1985   9.9612  30.7046 119.9501********* 438.18691277.46075286.7671   0.8245   2.3084   3.6492   0.2619   6.3606   0.8084   0.2086   0.3819   4.9742   4.0188   3.8580   4.5869   0.0224   0.0317
  751367.2289   9.7873  30.7067 123.1492********* 447.97421308.16745409.9160   0.9095   2.2263   3.6457   0.2664   6.3619   0.7732   0.2149   0.3846   4.9305   4.0454   3.8957   4.5844   0.0228   0.0350
  761376.8197   9.5975  30.6966 126.6078********* 457.57171338.86395536.5239   0.9936   2.1453   3.6421   0.2699   6.3595   0.7366   0.2216   0.3881   4.8935   4.0739   3.9386   4.5879   0.0235   0.0391
  771396.0193   9.4602  30.8758 131.1255********* 467.03201369.73975667.6494   1.0769   2.0679   3.6382   0.2724   6.3535   0.7007   0.2286   0.3921   4.8632   4.1032   3.9854   4.5960   0.0247   0.0444
  781456.0848   9.5793  31.9251 139.7370********* 476.61121401.66495807.3862   1.1596   2.0035   3.6342   0.2739   6.3434   0.6669   0.2357   0.3968   4.8406   4.1323   4.0359   4.6083   0.0265   0.0508
  791524.6486   9.7218  33.1129 149.5543********* 486.33301434.77785956.9404   1.2415   1.9417   3.6301   0.2741   6.3283   0.6358   0.2429   0.4021   4.8274   4.1611   4.0906   4.6259   0.0291   0.0588
  801573.7654   9.6824  33.7492 158.1449********* 496.01541468.52706115.0854   1.3227   1.8743   3.6258   0.2729   6.3081   0.6093   0.2500   0.4080   4.8246   4.1883   4.1489   4.6483   0.0326   0.0687
  811820.6223  10.7503  38.4426 187.7927********* 506.76571506.96966302.8779   1.4029   1.8573   3.6212   0.2701   6.2800   0.5872   0.2572   0.4149   4.8364   4.2142   4.2135   4.6781   0.0374   0.0810
  822612.9158  14.7760  54.2781 276.5916********* 521.54171561.24786579.4697   1.4899   1.9273   3.6165   0.2659   6.2482   0.5765   0.2636   0.4222   4.8593   4.2367   4.2805   4.7106   0.0437   0.0964
  832187.3254  12.2494  45.2702 232.8526********* 533.79111606.51796812.3223   1.5126   1.8273   3.6154   0.2649   6.2420   0.5769   0.2647   0.4238   4.8651   4.2412   4.2951   4.7177   0.0454   0.1002
  841689.2252   9.0406  34.3660 184.5015********* 542.83171640.88396996.8237   1.5904   1.6372   3.6105   0.2581   6.1979   0.5764   0.2707   0.4324   4.9138   4.2582   4.3679   4.7606   0.0538   0.1195
  852032.8900  10.3794  40.6232 227.7549********* 553.21111681.50727224.5786   1.6674   1.6407   3.6055   0.2493   6.1457   0.5894   0.2756   0.4417   4.9820   4.2694   4.4441   4.8090   0.0644   0.1428
  862140.7812  10.3679  41.8100 246.4327********* 563.57891723.31717471.0112   1.7436   1.5870   3.6004   0.2385   6.0850   0.6184   0.2794   0.4517   5.0724   4.2737   4.5235   4.8629   0.0774   0.1709
  872194.2222   9.9712  41.4665 260.4331********* 573.55021764.78377731.4443   1.8193   1.5220   3.5952   0.2258   6.0165   0.6660   0.2816   0.4623   5.1865   4.2702   4.6051   4.9222   0.0933   0.2046
  882239.8877   9.5317  40.9284 273.8081********* 583.08191805.71228005.2524   1.8945   1.4557   3.5899   0.2109   5.9395   0.7346   0.2821   0.4736   5.3273   4.2578   4.6892   4.9878   0.1125   0.2449
  892297.2881   9.1323  40.5490 288.9774********* 592.21421846.26128294.2295   1.9687   1.3925   3.5845   0.1935   5.8518   0.8274   0.2805   0.4858   5.4995   4.2352   4.7768   5.0599   0.1360   0.2939
  902373.8381   8.8047  40.4623 306.8682********* 601.01891886.72358601.0977   2.0426   1.3328   3.5791   0.1740   5.7554   0.9467   0.2766   0.4986   5.7037   4.2018   4.0359   5.1388   0.1640   0.3526
  912453.5129   8.4577  40.2867 325.7722********* 609.47661927.01038926.8701   2.1163   1.2735   3.5736   0.1523   5.6511   1.0946   0.2701   0.5122   5.9422   4.1569   4.0070   5.2253   0.1975   0.4227
  922543.8721   7.7691  39.3792 348.9822********* 617.24571966.38959275.8525   2.1894   1.2161   3.5680   0.1280   5.5359   1.2751   0.2607   0.5265   6.2204   4.0986   3.9753   5.3196   0.2377   0.5080
  932639.8726   6.9035  39.2522 371.3324********* 624.14922005.64179647.1846   2.2616   1.1600   3.5624   0.1011   5.4091   1.4921   0.2479   0.5418   6.5425   4.0255   3.9405   5.4218   0.2862   0.6123
  942755.2463   5.9717  40.1091 394.1586********* 630.12092045.7509*********   2.3337   1.1064   3.5567   0.0718   5.2735   1.7462   0.2316   0.5579   6.9085   3.9380   3.9034   5.5331   0.3441   0.7389
  952877.0620   4.9863  41.7530 415.1879********* 635.10722087.5039*********   2.4053   1.0536   3.5509  -0.0379   4.7797   3.3652   0.0357   0.4457  10.9491   4.3647   3.8636   4.4938   0.3655   0.6895
  963006.4731   4.0139  44.2818 433.8469********* 639.12112131.7856*********   2.4762   1.0018   3.5451  -0.0590   4.5004   3.7151   0.0056   0.4407  11.8317   4.3789   3.8210   4.4590   0.3933   0.7350
  973168.7051   2.8196  43.6368 466.4286********* 641.94072175.4224*********   2.5465   0.9544   3.5392  -0.0787   4.2232   4.0410  -0.0221   0.4361  12.6640   4.3824   3.7756   4.4442   0.4195   0.7778
  983386.4316   2.0786  41.5566 510.8051********* 644.01932216.9790*********   2.6161   0.9136   3.5332  -0.0972   3.9481   4.3429  -0.0475   0.4318  13.4462   4.3752   3.7276   4.4493   0.4442   0.8179
  993616.1860   1.5200  39.6597 555.5749********* 645.53942256.6387*********   2.6857   0.8725   3.5272  -0.1141   3.6783   4.6178  -0.0702   0.4280  14.1701   4.3577   3.6775   4.4739   0.4671   0.8548
 1003821.8589   1.1082  36.0247 599.3128********* 646.64762292.6633*********   2.7543   0.8280   3.5211  -0.1297   3.4090   4.8707  -0.0907   0.4245  14.8490   4.3297   3.6245   4.5181   0.4886   0.8893
 1014138.5688   0.8050  32.4300 662.5167********* 647.45262325.0933*********   2.8225   0.7943   3.5150  -0.1440   3.1433   5.0990  -0.1088   0.4213  15.4753   4.2915   3.5692   4.5815   0.5085   0.9209
 1024436.5908   0.5548  28.5658 722.6383********* 648.00742353.6592*********   2.8910   0.7561   3.5088  -0.1568   2.8845   5.3005  -0.1200   0.4185  16.0431   4.2440   3.5123   4.6624   0.5267   0.9495
 1034737.5879   0.4147  25.6914 783.6140********* 648.42212379.3506*********   2.9589   0.7166   3.5027  -0.1683   2.6283   5.4793  -0.1200   0.4161  16.5628   4.1869   3.4532   4.7615   0.5433   0.9754
 1045139.7158   0.3747  24.4392 863.7542********* 648.79682403.7898*********   3.0255   0.6855   3.4963  -0.1787   2.3717   5.6373  -0.1200   0.4139  17.0406   4.1192   3.3909   4.8802   0.5587   0.9990
 1055527.3271   0.3319  22.6675 943.3174********* 649.12862426.4573*********   3.0924   0.6501   3.4900  -0.1877   2.1211   5.7710  -0.1200   0.4121  17.4651   4.0429   3.3272   5.0151   0.5724   1.0198
 1066155.7856   0.3058  21.66981065.2201********* 649.43442448.1270*********   3.1598   0.6295   3.4839  -0.1952   1.8812   5.8795  -0.1200   0.4107  17.8317   3.9602   3.2634   5.1624   0.5843   1.0375
 1076738.0176   0.2711  19.93941181.4089********* 649.70552468.0664*********   3.2280   0.6005   3.4775  -0.2017   1.6402   5.9688  -0.1200   0.4096  18.1597   3.8675   3.1966   5.3284   0.5951   1.0531
 1087596.8926   0.2667  21.02801337.4166********* 649.97222489.0945*********   3.2944   0.5863   3.4717  -0.2067   1.4205   6.0327  -0.1200   0.4088  18.4233   3.7743   3.1332   5.4959   0.6038   1.0653
 1099605.2148   0.2907  24.75721698.7542********* 650.26292513.8516*********   3.3715   0.6110   3.4653  -0.2109   1.1872   6.0820  -0.1200   0.4083  18.6651   3.6661   3.0633   5.6908   0.6119   1.0763
 1105551.4106   0.1551  13.7357 983.5537********* 650.41802527.5872*********   3.4211   0.3233   3.4624  -0.2124   1.0837   6.0976  -0.1200   0.4081  18.7597   3.6151   3.0314   5.7831   0.6151   1.0805
 111********* 115.1828 344.58801314.0614********* 765.60082872.1750*********   1.8339   2.3485   3.6513   0.3143   6.6638   1.1813   0.1499   0.3005   3.8802   3.9400   3.5652   3.9409   0.0212   0.0308
 112 165.2859   1.2169   3.7181  14.5898********* 766.81772875.8931*********   1.8592   0.3591   3.6476   0.3159   6.6682   1.1266   0.1596   0.3109   3.9474   3.9887   3.6296   4.0325   0.0220   0.0350
 113 173.1556   1.2053   3.8396  15.9509********* 768.02302879.7327*********   1.9097   0.3288   3.6400   0.3164   6.6632   1.0226   0.1791   0.3319   4.0831   4.0785   3.7588   4.2119   0.0247   0.0456
 114 181.4000   1.1912   3.9573  17.4177********* 769.21422883.6899*********   1.9602   0.2985   3.6325   0.3132   6.6399   0.9302   0.1983   0.3531   4.2246   4.1570   3.8887   4.3860   0.0293   0.0598
 115 190.0368   1.1708   4.0629  19.0341********* 770.38502887.7529*********   2.0107   0.2682   3.6249   0.3065   6.5983   0.8546   0.2165   0.3746   4.3767   4.2227   4.0191   4.5548   0.0363   0.0786
 116 199.0849   1.1433   4.1545  20.8185********* 771.52842891.9075*********   2.0612   0.2379   3.6174   0.2960   6.5384   0.8010   0.2330   0.3962   4.5446   4.2739   4.1502   4.7180   0.0463   0.1029
 117 208.5639   1.1148   4.2421  22.7217********* 772.64322896.1497*********   2.1117   0.2076   3.6098   0.2819   6.4602   0.7745   0.2474   0.4178   4.7330   4.3092   4.2820   4.8755   0.0600   0.1340
 118 218.4941   1.0855   4.3259  24.7490********* 773.72872900.4756*********   2.1622   0.1773   3.6023   0.2642   6.3637   0.7803   0.2588   0.4396   4.9469   4.3271   4.4143   5.0273   0.0781   0.1734
 119 228.8971   1.0384   4.3329  27.1122********* 774.76712904.8086*********   2.2127   0.1470   3.5948   0.2427   6.2489   0.8236   0.2668   0.4614   5.1913   4.3259   4.5473   5.1731   0.1015   0.2231
 120 239.7955   0.9902   4.3326  29.6128********* 775.75732909.1411*********   2.2632   0.1167   3.5872   0.2175   6.1158   0.9095   0.2707   0.4831   5.4711   4.3041   4.6808   5.3128   0.1313   0.2857
 121 251.2127   0.9425   4.3286  32.2486********* 776.69982913.4697*********   2.3137   0.0864   3.5797   0.1885   5.9644   1.0433   0.2698   0.5048   5.7912   4.2603   4.0389   5.4463   0.1688   0.3645
 122 263.1735   0.8734   4.3143  35.0789********* 777.57322917.7839*********   2.3642   0.0561   3.5721   0.1558   5.7947   1.2301   0.2636   0.5263   6.1565   4.1929   3.9989   5.5734   0.2159   0.4639
 123 275.7038   0.7325   4.3303  38.0131********* 778.30572922.1143*********   2.4147   0.0258   3.5646   0.1194   5.6067   1.4751   0.2515   0.5477   6.5720   4.1002   3.9544   5.6941   0.2748   0.5901
 124 288.8308   0.5903   4.4330  40.7081********* 778.89602926.5474*********   2.4652  -0.0045   3.5570   0.0791   5.4003   1.7834   0.2327   0.5689   7.0427   3.9809   3.9058   5.8081   0.3485   0.7511
 125 302.5828   0.4569   4.6277  43.0746********* 779.35292931.1750*********   2.5157  -0.0348   3.5495  -0.0433   4.7102   3.4543   0.0280   0.4444  11.1729   4.3692   3.8532   4.4833   0.3725   0.7010
 126 316.9894   0.3397   4.6314  45.8121********* 779.69262935.8064*********   2.5662  -0.0651   3.5419  -0.0697   4.3518   3.8925  -0.0095   0.4382  12.2834   4.3821   3.7970   4.4486   0.4075   0.7582
 127 332.0820   0.2206   4.1778  49.7931********* 779.91312939.9841*********   2.6167  -0.0954   3.5344  -0.0936   4.0025   4.2849  -0.0426   0.4327  13.2950   4.3775   3.7374   4.4467   0.4394   0.8101
 128 347.8932   0.1623   3.9358  53.1764********* 780.07542943.9199*********   2.6672  -0.1257   3.5289  -0.1096   3.7521   4.5447  -0.0642   0.4290  13.9765   4.3636   3.6915   4.4652   0.4610   0.8449
 129 364.4572   0.1283   3.7744  56.4133********* 780.20372947.6943*********   2.7177  -0.1560   3.5244  -0.1214   3.5541   4.7371  -0.0799   0.4263  14.4888   4.3461   3.6534   4.4918   0.4772   0.8710
 130 381.8100   0.1017   3.4614  60.1313********* 780.30542951.1558*********   2.7682  -0.1863   3.5198  -0.1329   3.3525   4.9211  -0.0947   0.4238  14.9859   4.3225   3.6130   4.5300   0.4930   0.8962
 131 399.9889   0.0791   3.1607  63.9486********* 780.38452954.3164*********   2.8187  -0.2166   3.5153  -0.1433   3.1579   5.0870  -0.1078   0.4215  15.4421   4.2939   3.5723   4.5775   0.5075   0.9193
 132 419.0333   0.0602   2.8692  67.8818********* 780.44472957.1855*********   2.8692  -0.2469   3.5108  -0.1528   2.9678   5.2379  -0.1195   0.4194  15.8649   4.2605   3.5310   4.6343   0.5210   0.9405
 133 438.9845   0.0449   2.5898  71.9345********* 780.48962959.7754*********   2.9197  -0.2772   3.5064  -0.1615   2.7822   5.3743  -0.1200   0.4175  16.2557   4.2224   3.4891   4.6997   0.5335   0.9601
 134 459.8855   0.0385   2.4259  76.2848********* 780.52812962.2014*********   2.9702  -0.3075   3.5016  -0.1702   2.5828   5.5088  -0.1200   0.4157  16.6507   4.1756   3.4423   4.7812   0.5461   0.9797
 135 481.7819   0.0351   2.2988  80.8824********* 780.56322964.5002*********   3.0207  -0.3378   3.4968  -0.1780   2.3898   5.6269  -0.1200   0.4141  17.0084   4.1243   3.3954   4.8712   0.5576   0.9974
 136 504.7206   0.0318   2.1553  85.7504********* 780.59502966.6555*********   3.0712  -0.3682   3.4920  -0.1851   2.1975   5.7325  -0.1200   0.4126  17.3402   4.0673   3.3469   4.9720   0.5683   1.0137
 137 528.7516   0.0291   2.0262  90.7704********* 780.62412968.6816*********   3.1217  -0.3985   3.4874  -0.1911   2.0181   5.8200  -0.1200   0.4115  17.6273   4.0086   3.3002   5.0762   0.5777   1.0276
 138 553.9268   0.0261   1.8719  96.1539********* 780.65032970.5535*********   3.1722  -0.4288   3.4825  -0.1967   1.8286   5.9007  -0.1200   0.4104  17.9067   3.9408   3.2491   5.1970   0.5868   1.0411
 139 580.3005   0.0235   1.7308 101.6493********* 780.67382972.2842*********   3.2227  -0.4591   3.4780  -0.2013   1.6581   5.9629  -0.1200   0.4097  18.1368   3.8747   3.2017   5.3154   0.5943   1.0520
 140 607.9301   0.0220   1.7046 106.8969********* 780.69582973.9888*********   3.2732  -0.4894   3.4734  -0.2053   1.4853   6.0156  -0.1200   0.4090  18.3492   3.8026   3.1522   5.4449   0.6014   1.0619
 141 636.8751   0.0206   1.6961 112.4581********* 780.71642975.6848*********   3.3237  -0.5197   3.4681  -0.2092   1.2882   6.0631  -0.1200   0.4085  18.5653   3.7141   3.0939   5.6043   0.6086   1.0718
 142 359.0428   0.0111   0.9295  63.2959********* 780.72752976.6143*********   3.3761  -0.8209   3.4678  -0.2094   1.2775   6.0652  -0.1200   0.4084  18.5762   3.7091   3.0907   5.6133   0.6089   1.0723
 143 377.4269   0.0103   0.9206  66.9024********* 780.73782977.5349*********   3.4303  -0.8535   3.4617  -0.2127   1.0601   6.1006  -0.1200   0.4081  18.7802   3.6032   3.0240   5.8046   0.6158   1.0813
 144 396.7522   0.0098   0.9211  70.5396********* 780.74762978.4561*********   3.4845  -0.8860   3.4579  -0.2144   0.9225   6.1142  -0.1200   0.4080  18.8913   3.5317   2.9806   5.9339   0.6197   1.0861
 145 417.0671   0.0093   0.9212  74.3767********* 780.75682979.3772*********   3.5387  -0.9185   3.4540  -0.2156   0.7866   6.1208  -0.1200   0.4080  18.9870   3.4578   2.9367   6.0679   0.6230   1.0900
 146 438.4221   0.0088   0.9213  78.4148********* 780.76572980.2986*********   3.5929  -0.9510   3.4501  -0.2165   0.6525   6.1205  -0.1200   0.4081  19.0678   3.3815   2.8924   6.2063   0.6259   1.0931
 147 460.8706   0.0084   0.9271  82.5949********* 780.77402981.2256*********   3.6471  -0.9836   3.4463  -0.2170   0.5201   6.1137  -0.1200   0.4083  19.1341   3.3029   2.8478   6.3492   0.6284   1.0954
 148 484.4685   0.0079   0.9463  86.7731********* 780.78192982.1719*********   3.7014  -1.0161   3.4424  -0.2171   0.3893   6.1003  -0.1200   0.4086  19.1862   3.2221   2.8028   6.4962   0.6304   1.0970
 149 509.2747   0.0074   0.9661  91.1789********* 780.78932983.1379*********   3.7556  -1.0486   3.4385  -0.2169   0.2602   6.0807  -0.1200   0.4090  19.2245   3.1391   2.7575   6.6473   0.6320   1.0979
