(age, [Fe/H])  8.00 -0.250  V-I@X=-2.4:    1.578 N bright =  263.27  125.35   97.96   86.43   74.81
(age, [Fe/H])  9.00 -0.250  V-I@X=-2.4:    1.642 N bright =  259.60  122.59   95.46   84.08   72.67
(age, [Fe/H]) 10.00 -0.250  V-I@X=-2.4:    1.709 N bright =  256.34  107.35   93.14   81.90   70.69
(age, [Fe/H]) 11.00 -0.250  V-I@X=-2.4:    1.764 N bright =  220.35  102.33   88.76   76.81   59.78
(age, [Fe/H]) 12.00 -0.250  V-I@X=-2.4:    1.830 N bright =  210.29   97.09   84.19   72.77   55.61
(age, [Fe/H]) 13.00 -0.250  V-I@X=-2.4:    1.889 N bright =  201.78   92.68   80.34   61.62   52.95
(age, [Fe/H]) 14.00 -0.250  V-I@X=-2.4:    1.943 N bright =  194.70   89.03   77.17   59.15   50.80
(age, [Fe/H]) 15.00 -0.250  V-I@X=-2.4:    1.997 N bright =  187.41   85.32   65.76   56.64   48.59
(age, [Fe/H]) 16.00 -0.250  V-I@X=-2.4:    2.044 N bright =  180.49   81.78   63.01   54.27   46.51
(age, [Fe/H]) 17.00 -0.250  V-I@X=-2.4:    2.091 N bright =  173.22   69.56   60.19   51.85   44.40
(age, [Fe/H])  8.00  0.000  V-I@X=-2.4:    2.445 N bright =  334.74  159.43  125.25  109.11   86.11
(age, [Fe/H])  9.00  0.000  V-I@X=-2.4:    2.560 N bright =  315.76  134.68  117.62  102.48   80.78
(age, [Fe/H]) 10.00  0.000  V-I@X=-2.4:    2.641 N bright =  264.09  125.26  109.33   85.28   75.06
(age, [Fe/H]) 11.00  0.000  V-I@X=-2.4:    2.681 N bright =  257.85  121.54  106.04   82.54   72.59
(age, [Fe/H]) 12.00  0.000  V-I@X=-2.4:    2.723 N bright =  251.44  117.71  102.65   79.74   70.05
(age, [Fe/H]) 13.00  0.000  V-I@X=-2.4:    2.762 N bright =  244.65  113.91   88.78   77.01   67.62
(age, [Fe/H]) 14.00  0.000  V-I@X=-2.4:    2.800 N bright =  237.53  110.17   85.75   74.39   65.31
(age, [Fe/H]) 15.00  0.000  V-I@X=-2.4:    2.838 N bright =  229.97   95.00   82.59   71.63   62.90
(age, [Fe/H]) 16.00  0.000  V-I@X=-2.4:    2.872 N bright =  198.33   91.55   79.57   69.01   60.61
(age, [Fe/H]) 17.00  0.000  V-I@X=-2.4:    2.905 N bright =  191.33   87.94   76.41   66.26   58.20
(age, [Fe/H])  8.00  0.250  V-I@X=-2.4:    3.336 N bright =  357.95  152.03  135.12  119.97  106.25
(age, [Fe/H])  9.00  0.250  V-I@X=-2.4:    3.407 N bright =  318.32  150.13  133.33  118.30  104.69
(age, [Fe/H]) 10.00  0.250  V-I@X=-2.4:    3.433 N bright =  303.58  143.28  127.23  112.88   99.92
(age, [Fe/H]) 11.00  0.250  V-I@X=-2.4:    3.459 N bright =  287.76  135.90  120.68  107.05   94.80
(age, [Fe/H]) 12.00  0.250  V-I@X=-2.4:    3.486 N bright =  270.32  127.75  113.47  100.68   89.21
(age, [Fe/H]) 13.00  0.250  V-I@X=-2.4:    3.507 N bright =  260.94  123.13  109.35   97.02   85.94
(age, [Fe/H]) 14.00  0.250  V-I@X=-2.4:    3.527 N bright =  251.03  118.25  104.99   93.16   82.50
(age, [Fe/H]) 15.00  0.250  V-I@X=-2.4:    3.548 N bright =  215.27  112.97  100.28   88.98   78.80
(age, [Fe/H]) 16.00  0.250  V-I@X=-2.4:    3.570 N bright =  211.52  112.09   98.47   87.34   68.15
(age, [Fe/H]) 17.00  0.250  V-I@X=-2.4:    3.591 N bright =  207.72   98.68   96.63   85.66   66.80
