Composition Z =  0.03005   Age = 17.000
 i  mass   log L    log Te    dN    lostmass   timespent(Myr)  cum. time    Mdot in Mo per yr
 81  0.925  1.403  3.6212   0.720E+02   0.0000188  32.1885147  32.1885147   0.292E-11
 82  0.925  1.490  3.6165   0.846E+02   0.0000290  35.5606461  67.7491608   0.408E-11
 83  0.926  1.513  3.6154   0.672E+02   0.0000447  44.1037636 111.8529205   0.507E-11
 84  0.926  1.590  3.6105   0.434E+02   0.0000239  19.2494850 131.1024017   0.620E-11
 85  0.926  1.667  3.6055   0.437E+02   0.0000367  21.6730232 152.7754211   0.846E-11
 86  0.926  1.744  3.6004   0.386E+02   0.0000451  19.6023140 172.3777313   0.115E-10
 87  0.926  1.819  3.5952   0.333E+02   0.0000528  16.8895721 189.2673035   0.156E-10
 88  0.927  1.894  3.5899   0.286E+02   0.0000616  14.5412273 203.8085327   0.212E-10
 89  0.927  1.969  3.5845   0.247E+02   0.0000714  12.4531670 216.2617035   0.287E-10
 90  0.927  2.043  3.5791   0.215E+02   0.0000842  10.8914604 227.1531677   0.387E-10
 91  0.927  2.116  3.5736   0.188E+02   0.0000987   9.4627876 236.6159515   0.521E-10
 92  0.927  2.189  3.5680   0.164E+02   0.0001165   8.2943993 244.9103546   0.702E-10
 93  0.927  2.262  3.5624   0.145E+02   0.0001371   7.2706137 252.1809692   0.943E-10
 94  0.927  2.334  3.5567   0.128E+02   0.0001621   6.4087825 258.5897522   0.127E-09
 95  0.927  2.405  3.5509   0.113E+02   0.0001927   5.6857700 264.2755127   0.169E-09
 96  0.927  2.476  3.5451   0.100E+02   0.0002278   5.0263829 269.3019104   0.227E-09
 97  0.927  2.546  3.5392   0.900E+01   0.0002711   4.4826775 273.7845764   0.302E-09
 98  0.927  2.616  3.5332   0.820E+01   0.0003255   4.0430861 277.8276672   0.403E-09
 99  0.927  2.686  3.5272   0.746E+01   0.0003982   3.7191763 281.5468445   0.535E-09
100  0.927  2.754  3.5211   0.673E+01   0.0004752   3.3432097 284.8900452   0.711E-09
101  0.927  2.823  3.5150   0.623E+01   0.0005706   3.0308683 287.9208984   0.941E-09
102  0.927  2.891  3.5088   0.570E+01   0.0007152   2.8689137 290.7898254   0.125E-08
103  0.927  2.959  3.5027   0.521E+01   0.0008360   2.5334358 293.3232727   0.165E-08
104  0.928  3.025  3.4963   0.485E+01   0.0010450   2.4004014 295.7236633   0.218E-08
105  0.928  3.092  3.4900   0.447E+01   0.0012569   2.1921740 297.9158325   0.287E-08
106  0.928  3.160  3.4839   0.426E+01   0.0015440   2.0417874 299.9576111   0.378E-08
107  0.928  3.228  3.4775   0.399E+01   0.0019952   1.9955145 301.9531250   0.500E-08
108  0.928  3.294  3.4717   0.386E+01   0.0023489   1.7815027 303.7346191   0.659E-08
109  0.928  3.372  3.4653   0.408E+01   0.0033143   1.8740484 305.6086731   0.884E-08
110  0.928  3.421  3.4624   0.211E+01   0.0045606   1.9955145 307.6041870   0.114E-07
Original Mass of star  =   0.9276
Total mass lost on RGB =   0.0211
121  0.907  2.314  3.5797   0.122E+01   0.0001198   5.3792963  75.1216354   0.111E-09
122  0.907  2.364  3.5721   0.114E+01   0.0001391   5.0167737  80.1384125   0.139E-09
123  0.907  2.415  3.5646   0.106E+01   0.0001614   4.6786819  84.8170929   0.173E-09
124  0.907  2.465  3.5570   0.990E+00   0.0001873   4.3633761  89.1804657   0.215E-09
125  0.907  2.516  3.5495   0.923E+00   0.0002174   4.0693188  93.2497864   0.267E-09
126  0.907  2.566  3.5419   0.861E+00   0.0002523   3.7950780  97.0448608   0.332E-09
127  0.907  2.617  3.5344   0.803E+00   0.0002929   3.5393193 100.5841827   0.414E-09
128  0.907  2.667  3.5289   0.749E+00   0.0003386   3.3007967 103.8849792   0.513E-09
129  0.907  2.718  3.5244   0.698E+00   0.0003893   3.0783486 106.9633255   0.632E-09
130  0.907  2.768  3.5198   0.651E+00   0.0004467   2.8708928 109.8342209   0.778E-09
131  0.907  2.819  3.5153   0.607E+00   0.0005128   2.6774168 112.5116348   0.958E-09
132  0.907  2.869  3.5108   0.566E+00   0.0005884   2.4969797 115.0086136   0.118E-08
133  0.907  2.920  3.5064   0.528E+00   0.0006751   2.3287027 117.3373184   0.145E-08
134  0.907  2.970  3.5016   0.493E+00   0.0007751   2.1717660 119.5090866   0.178E-08
135  0.907  3.021  3.4968   0.459E+00   0.0008904   2.0254066 121.5344925   0.220E-08
136  0.907  3.071  3.4920   0.428E+00   0.0010229   1.8889098 123.4234009   0.271E-08
137  0.907  3.122  3.4874   0.400E+00   0.0011747   1.7616119 125.1850128   0.333E-08
138  0.907  3.172  3.4825   0.373E+00   0.0013491   1.6428931 126.8279037   0.411E-08
139  0.907  3.223  3.4780   0.347E+00   0.0015493   1.5321747 128.3600769   0.506E-08
140  0.907  3.273  3.4734   0.324E+00   0.0017782   1.4289184 129.7890015   0.622E-08
141  0.907  3.324  3.4681   0.302E+00   0.0020442   1.3326204 131.1216278   0.767E-08
142  0.907  3.376  3.4678   0.151E+00   0.0001389   0.0737969 131.1954193   0.941E-08
143  0.907  3.430  3.4617   0.140E+00   0.0001595   0.0684712 131.2638855   0.116E-07
144  0.907  3.485  3.4579   0.130E+00   0.0001849   0.0635299 131.3274078   0.146E-07
145  0.907  3.539  3.4540   0.121E+00   0.0002136   0.0589452 131.3863525   0.181E-07
146  0.907  3.593  3.4501   0.112E+00   0.0002468   0.0546914 131.4410400   0.226E-07
147  0.907  3.647  3.4463   0.104E+00   0.0002850   0.0507445 131.4917908   0.281E-07
148  0.907  3.701  3.4424   0.964E-01   0.0003292   0.0470824 131.5388794   0.350E-07
149  0.907  3.756  3.4385   0.894E-01   0.0003803   0.0436847 131.5825653   0.435E-07
Total mass lost on AGB =   0.0174
