#( [Fe/H], Y, Age[Gyr]) =   -0.530   0.242   1.0000000
# W   mass       log L    log Te       dN        3.6um   4.5um  5.8um  8.0um  24um     70um     160um     fuv   nuv
#( [Fe/H], Y, Age[Gyr]) =   -0.530   0.242   1.9953001
# W   mass       log L    log Te       dN        3.6um   4.5um  5.8um  8.0um  24um     70um     160um     fuv   nuv
#( [Fe/H], Y, Age[Gyr]) =   -0.530   0.242   5.0118999
# W   mass       log L    log Te       dN        3.6um   4.5um  5.8um  8.0um  24um     70um     160um     fuv   nuv
#( [Fe/H], Y, Age[Gyr]) =   -0.530   0.242  10.0000000
# W   mass       log L    log Te       dN        3.6um   4.5um  5.8um  8.0um  24um     70um     160um     fuv   nuv
#( [Fe/H], Y, Age[Gyr]) =   -0.530   0.242  17.7828007
# W   mass       log L    log Te       dN        3.6um   4.5um  5.8um  8.0um  24um     70um     160um     fuv   nuv
#( [Fe/H], Y, Age[Gyr]) =    0.000   0.274   1.0000000
# W   mass       log L    log Te       dN        3.6um   4.5um  5.8um  8.0um  24um     70um     160um     fuv   nuv
  1  0.114865 -2.777200  3.504800  0.25473E+06   8.421   8.337   8.238   8.142   7.966   7.872   7.827  29.833  21.425
  2  0.133228 -2.648700  3.504800  0.53460E+06   8.100   8.016   7.917   7.820   7.645   7.551   7.505  29.512  21.103
  3  0.169472 -2.451700  3.507500  0.37233E+06   7.619   7.540   7.442   7.346   7.172   7.078   7.033  28.887  20.540
  4  0.200174 -2.331250  3.512350  0.23092E+06   7.344   7.268   7.171   7.077   6.905   6.813   6.768  28.354  20.119
  5  0.230876 -2.210800  3.517200  0.26267E+06   7.070   6.997   6.902   6.809   6.640   6.548   6.503  27.821  19.698
  6  0.297847 -2.014100  3.526300  0.12398E+06   6.627   6.567   6.474   6.383   6.224   6.140   6.098  27.409  19.162
  7  0.314759 -1.967100  3.528400  0.30417E+05   6.518   6.469   6.375   6.283   6.135   6.061   6.023  28.048  19.288
  8  0.321278 -1.947900  3.529200  0.12761E+05   6.474   6.428   6.334   6.242   6.099   6.027   5.991  28.289  19.331
  9  0.325074 -1.935900  3.529700  0.87056E+04   6.446   6.403   6.309   6.216   6.076   6.007   5.971  28.440  19.358
 10  0.328512 -1.924700  3.530100  0.84238E+04   6.420   6.379   6.284   6.191   6.053   5.986   5.951  28.557  19.376
 11  0.332249 -1.912800  3.530500  0.97118E+04   6.392   6.353   6.258   6.165   6.029   5.964   5.930  28.673  19.391
 12  0.337007 -1.898200  3.531100  0.13386E+05   6.358   6.322   6.228   6.134   6.001   5.939   5.906  28.854  19.422
 13  0.344356 -1.877200  3.532000  0.52174E+05   6.310   6.279   6.184   6.090   5.962   5.903   5.872  29.128  19.470
 14  0.386649 -1.767200  3.538950  0.67714E+05   6.071   6.076   5.979   5.881   5.790   5.764   5.746  31.363  19.932
 15  0.428941 -1.657200  3.545900  0.36631E+05   5.838   5.871   5.774   5.673   5.611   5.608   5.599  32.860  20.118
 16  0.445047 -1.612900  3.549200  0.19426E+05   5.746   5.781   5.686   5.586   5.526   5.522   5.513  32.600  19.912
 17  0.462713 -1.563500  3.553200  0.17475E+05   5.647   5.683   5.590   5.492   5.434   5.429   5.420  32.294  19.674
 18  0.478337 -1.518900  3.556900  0.14356E+05   5.558   5.596   5.505   5.408   5.352   5.347   5.337  32.017  19.458
 19  0.492281 -1.478400  3.560500  0.12130E+05   5.479   5.518   5.429   5.334   5.280   5.274   5.264  31.755  19.256
 20  0.505065 -1.441200  3.564000  0.99334E+04   5.408   5.449   5.362   5.268   5.216   5.210   5.199  31.505  19.064
 21  0.515529 -1.410400  3.567000  0.79550E+04   5.351   5.393   5.307   5.215   5.165   5.157   5.146  31.294  18.904
 22  0.524602 -1.383500  3.569800  0.71942E+04   5.302   5.345   5.261   5.170   5.121   5.114   5.102  31.102  18.759
 23  0.533937 -1.355700  3.572800  0.78024E+04   5.253   5.297   5.215   5.125   5.078   5.070   5.057  30.898  18.606
 24  0.545411 -1.321500  3.576600  0.96532E+04   5.191   5.238   5.158   5.069   5.024   5.015   5.003  30.698  18.443
 25  0.561001 -1.275000  3.582000  0.11642E+05   5.107   5.159   5.081   4.995   4.953   4.943   4.930  30.457  18.234
 26  0.580285 -1.216800  3.589000  0.12406E+05   5.005   5.062   4.989   4.904   4.867   4.856   4.843  30.150  17.970
 27  0.601235 -1.153400  3.597000  0.11583E+05   4.898   4.961   4.892   4.811   4.778   4.765   4.752  29.808  17.678
 28  0.621116 -1.093500  3.605100  0.11344E+05   4.800   4.870   4.805   4.727   4.698   4.684   4.671  29.483  17.391
 29  0.644401 -1.023500  3.615100  0.13274E+05   4.689   4.766   4.706   4.631   4.606   4.591   4.580  29.114  17.041
 30  0.676189 -0.929400  3.629300  0.12396E+05   4.549   4.635   4.582   4.513   4.492   4.476   4.467  28.585  16.540
 31  0.701993 -0.861856  3.640178  0.10172E+05   4.454   4.540   4.493   4.427   4.407   4.391   4.385  28.014  15.983
 32  0.727797 -0.794311  3.651056  0.93449E+04   4.363   4.450   4.406   4.344   4.325   4.310   4.306  27.446  15.422
 33  0.753601 -0.726767  3.661933  0.86102E+04   4.271   4.354   4.315   4.256   4.238   4.224   4.221  26.393  14.650
 34  0.779405 -0.659222  3.672811  0.79552E+04   4.182   4.261   4.225   4.169   4.152   4.140   4.138  25.213  13.814
 35  0.805209 -0.591678  3.683689  0.73690E+04   4.092   4.166   4.133   4.081   4.065   4.054   4.052  23.951  13.009
 36  0.831013 -0.524133  3.694567  0.68426E+04   4.002   4.072   4.042   3.993   3.978   3.968   3.967  22.643  12.220
 37  0.856817 -0.456589  3.705445  0.63681E+04   3.912   3.977   3.950   3.904   3.890   3.881   3.880  21.512  11.521
 38  0.882621 -0.389044  3.716322  0.59392E+04   3.822   3.882   3.858   3.816   3.802   3.793   3.792  20.503  10.886
 39  0.908425 -0.321500  3.727200  0.46148E+04   3.731   3.785   3.765   3.727   3.714   3.705   3.704  19.591  10.303
 40  0.925530 -0.281800  3.733000  0.34552E+04   3.674   3.724   3.706   3.671   3.658   3.650   3.648  19.124   9.997
 41  0.941992 -0.244200  3.738400  0.31924E+04   3.619   3.667   3.650   3.617   3.605   3.597   3.596  18.688   9.707
 42  0.957856 -0.208400  3.743400  0.29369E+04   3.566   3.610   3.595   3.565   3.553   3.546   3.545  18.288   9.448
 43  0.972921 -0.174900  3.748000  0.27564E+04   3.515   3.556   3.542   3.514   3.504   3.498   3.497  17.922   9.216
 44  0.987968 -0.141800  3.752400  0.27331E+04   3.464   3.502   3.489   3.464   3.454   3.449   3.449  17.569   8.988
 45  1.003875 -0.107300  3.756800  0.27809E+04   3.410   3.445   3.434   3.411   3.402   3.398   3.398  17.212   8.753
 46  1.020668 -0.071300  3.761300  0.27820E+04   3.352   3.385   3.375   3.354   3.346   3.343   3.344  16.838   8.516
 47  1.037889 -0.034800  3.765800  0.27075E+04   3.293   3.322   3.314   3.295   3.288   3.285   3.286  16.450   8.290
 48  1.055099  0.001200  3.770100  0.25985E+04   3.234   3.261   3.253   3.237   3.230   3.227   3.228  16.076   8.069
 49  1.072236  0.036700  3.774100  0.25168E+04   3.174   3.199   3.192   3.178   3.172   3.169   3.170  15.723   7.857
 50  1.089649  0.072300  3.778100  0.24389E+04   3.115   3.137   3.132   3.119   3.113   3.111   3.112  15.369   7.642
 51  1.107009  0.107400  3.781900  0.20796E+04   3.054   3.074   3.070   3.059   3.053   3.051   3.051  14.993   7.451
 52  1.120421  0.134800  3.784800  0.19515E+04   3.006   3.025   3.021   3.011   3.005   3.003   3.003  14.704   7.304
 53  1.136715  0.167400  3.788300  0.42467E+04   2.950   2.967   2.964   2.955   2.950   2.948   2.948  14.356   7.125
 54  1.187295  0.262950  3.798250  0.57993E+04   2.783   2.796   2.796   2.790   2.785   2.783   2.783  13.345   6.616
 55  1.237875  0.358500  3.808200  0.67349E+04   2.616   2.625   2.627   2.624   2.620   2.618   2.618  12.295   6.133
 56  1.316876  0.487900  3.821700  0.71009E+04   2.390   2.397   2.400   2.401   2.398   2.397   2.397  10.886   5.497
 57  1.395878  0.617300  3.835200  0.49101E+04   2.166   2.171   2.176   2.178   2.176   2.177   2.177   9.608   4.894
 58  1.442163  0.687000  3.842700  0.37342E+04   2.047   2.052   2.058   2.060   2.059   2.060   2.061   8.992   4.581
 59  1.498752  0.766300  3.852200  0.30713E+04   1.919   1.924   1.930   1.933   1.933   1.935   1.936   8.310   4.224
 60  1.534784  0.817200  3.857900  0.27829E+04   1.835   1.840   1.846   1.849   1.850   1.852   1.853   7.907   4.005
 61  1.587493  0.888500  3.866000  0.32259E+04   1.723   1.727   1.731   1.734   1.734   1.738   1.739   7.355   3.698
 62  1.646149  0.965200  3.873800  0.18194E+04   1.598   1.602   1.604   1.605   1.606   1.609   1.611   6.807   3.379
 63  1.655891  0.977800  3.874900  0.51016E+03   1.577   1.580   1.582   1.583   1.583   1.587   1.589   6.724   3.329
 64  1.665596  0.990200  3.876000  0.49314E+03   1.554   1.558   1.560   1.560   1.561   1.564   1.566   6.648   3.284
 65  1.674949  1.002300  3.877000  0.49111E+03   1.532   1.535   1.537   1.538   1.538   1.542   1.544   6.577   3.241
 66  1.684827  1.014800  3.878000  0.49928E+03   1.508   1.511   1.514   1.514   1.514   1.518   1.521   6.505   3.198
 67  1.694772  1.027300  3.879000  0.49677E+03   1.485   1.488   1.490   1.490   1.491   1.495   1.497   6.433   3.154
 68  1.704825  1.039900  3.879900  0.49219E+03   1.461   1.463   1.465   1.466   1.466   1.471   1.473   6.364   3.111
 69  1.714863  1.052500  3.880700  0.49059E+03   1.435   1.438   1.440   1.440   1.441   1.445   1.448   6.298   3.070
 70  1.725129  1.065100  3.881600  0.48198E+03   1.411   1.414   1.416   1.416   1.417   1.421   1.423   6.229   3.027
 71  1.735092  1.077500  3.882300  0.47190E+03   1.386   1.388   1.390   1.390   1.391   1.396   1.398   6.168   2.988
 72  1.745205  1.089800  3.883000  0.46088E+03   1.361   1.363   1.365   1.365   1.366   1.370   1.373   6.107   2.949
 73  1.754969  1.101900  3.883700  0.44641E+03   1.336   1.339   1.340   1.340   1.341   1.346   1.348   6.047   2.910
 74  1.764712  1.113700  3.884200  0.43454E+03   1.311   1.313   1.315   1.315   1.316   1.320   1.323   5.995   2.875
 75  1.774206  1.125300  3.884600  0.42783E+03   1.285   1.288   1.289   1.289   1.290   1.295   1.297   5.948   2.841
 76  1.783892  1.137000  3.884900  0.43126E+03   1.259   1.261   1.262   1.262   1.263   1.268   1.271   5.905   2.809
 77  1.793789  1.149100  3.885200  0.43952E+03   1.231   1.233   1.234   1.234   1.236   1.240   1.243   5.861   2.776
 78  1.804111  1.161600  3.885500  0.45593E+03   1.202   1.205   1.206   1.206   1.207   1.211   1.214   5.816   2.741
 79  1.815048  1.174900  3.885800  0.45568E+03   1.172   1.174   1.175   1.175   1.176   1.181   1.183   5.768   2.705
 80  1.825662  1.188100  3.886000  0.45113E+03   1.141   1.143   1.144   1.144   1.145   1.150   1.152   5.725   2.671
 81  1.836678  1.201600  3.886100  0.45193E+03   1.108   1.110   1.111   1.111   1.112   1.117   1.119   5.686   2.637
 82  1.847639  1.215200  3.886100  0.44421E+03   1.075   1.076   1.077   1.077   1.078   1.083   1.085   5.650   2.605
 83  1.858584  1.228700  3.886100  0.43375E+03   1.041   1.043   1.044   1.043   1.044   1.049   1.052   5.614   2.574
 84  1.869328  1.241900  3.885900  0.41994E+03   1.006   1.008   1.009   1.009   1.010   1.014   1.017   5.587   2.547
 85  1.879869  1.254800  3.885600  0.40489E+03   0.972   0.974   0.975   0.974   0.975   0.980   0.982   5.566   2.522
 86  1.890123  1.267200  3.885100  0.38954E+03   0.937   0.939   0.940   0.939   0.940   0.945   0.947   5.555   2.500
 87  1.900133  1.279200  3.884500  0.37589E+03   0.903   0.904   0.905   0.905   0.906   0.910   0.913   5.550   2.481
 88  1.909921  1.290900  3.883800  0.36444E+03   0.868   0.870   0.871   0.870   0.871   0.875   0.878   5.550   2.464
 89  1.919561  1.302300  3.882900  0.35386E+03   0.833   0.835   0.835   0.835   0.835   0.840   0.842   5.561   2.450
 90  1.929010  1.313500  3.881900  0.34502E+03   0.797   0.799   0.800   0.799   0.800   0.804   0.806   5.576   2.438
 91  1.938389  1.324400  3.880800  0.33635E+03   0.762   0.763   0.764   0.764   0.764   0.768   0.770   5.597   2.428
 92  1.947575  1.335000  3.879600  0.27005E+03   0.726   0.728   0.729   0.728   0.728   0.732   0.735   5.624   2.420
 93  1.953461  1.341800  3.878700  0.20877E+03   0.703   0.704   0.705   0.704   0.704   0.708   0.711   5.648   2.417
 94  1.959310  1.348500  3.877800  0.20690E+03   0.679   0.681   0.682   0.681   0.681   0.685   0.687   5.671   2.414
 95  1.965173  1.355100  3.876800  0.20495E+03   0.655   0.657   0.658   0.657   0.657   0.660   0.663   5.700   2.413
 96  1.970993  1.361600  3.875700  0.20154E+03   0.631   0.632   0.633   0.632   0.632   0.636   0.638   5.734   2.413
 97  1.976742  1.368100  3.874600  0.19871E+03   0.606   0.607   0.608   0.608   0.607   0.611   0.613   5.768   2.415
 98  1.982478  1.374500  3.873400  0.19652E+03   0.580   0.581   0.582   0.582   0.581   0.585   0.587   5.809   2.421
 99  1.988178  1.380800  3.872100  0.19460E+03   0.553   0.555   0.556   0.555   0.555   0.559   0.561   5.855   2.430
100  1.993879  1.387000  3.870700  0.19189E+03   0.526   0.527   0.529   0.529   0.528   0.532   0.534   5.905   2.439
101  1.999496  1.393100  3.869300  0.18825E+03   0.499   0.501   0.502   0.502   0.502   0.505   0.507   5.955   2.449
102  2.005056  1.399200  3.867800  0.18579E+03   0.471   0.473   0.475   0.475   0.475   0.478   0.480   6.010   2.461
103  2.010599  1.405200  3.866300  0.18341E+03   0.444   0.446   0.448   0.448   0.448   0.451   0.453   6.065   2.472
104  2.016088  1.411100  3.864700  0.18115E+03   0.417   0.419   0.421   0.421   0.421   0.424   0.426   6.125   2.485
105  2.021565  1.416800  3.863000  0.17885E+03   0.389   0.391   0.394   0.394   0.393   0.396   0.398   6.189   2.500
106  2.026984  1.422500  3.861200  0.17562E+03   0.361   0.363   0.366   0.366   0.365   0.368   0.370   6.258   2.516
107  2.032332  1.428100  3.859400  0.17220E+03   0.332   0.335   0.337   0.338   0.337   0.340   0.342   6.331   2.534
108  2.037607  1.433700  3.857500  0.16952E+03   0.303   0.305   0.308   0.309   0.308   0.311   0.312   6.414   2.556
109  2.042853  1.439100  3.855600  0.16702E+03   0.273   0.276   0.279   0.280   0.279   0.282   0.283   6.498   2.578
110  2.048036  1.444500  3.853600  0.16415E+03   0.243   0.246   0.249   0.251   0.250   0.252   0.254   6.588   2.602
111  2.053164  1.449900  3.851600  0.16171E+03   0.213   0.216   0.220   0.221   0.221   0.223   0.224   6.678   2.627
112  2.058254  1.455300  3.849600  0.16001E+03   0.183   0.186   0.190   0.192   0.192   0.194   0.195   6.769   2.651
113  2.063333  1.460700  3.847600  0.15863E+03   0.153   0.156   0.161   0.163   0.163   0.165   0.166   6.860   2.675
114  2.068394  1.466300  3.845600  0.15702E+03   0.123   0.126   0.131   0.133   0.133   0.135   0.136   6.951   2.699
115  2.073428  1.472100  3.843800  0.15486E+03   0.094   0.097   0.102   0.105   0.105   0.106   0.107   7.040   2.721
116  2.078407  1.478300  3.842200  0.15019E+03   0.066   0.070   0.074   0.077   0.077   0.078   0.079   7.119   2.737
117  2.083194  1.484900  3.841000  0.18853E+03   0.041   0.044   0.049   0.051   0.051   0.052   0.053   7.174   2.745
118  2.090733  1.498300  3.840900  0.15154E+03   0.007   0.010   0.014   0.017   0.017   0.018   0.019   7.148   2.716
119  2.093186  1.504200  3.841800  0.65109E+02  -0.001   0.002   0.006   0.009   0.009   0.010   0.011   7.081   2.685
120  2.095038  1.509600  3.843100  0.53401E+02  -0.005  -0.002   0.003   0.006   0.006   0.007   0.008   6.993   2.648
121  2.096724  1.515700  3.845000  0.40270E+02  -0.005  -0.002   0.002   0.005   0.005   0.007   0.008   6.867   2.597
122  2.097711  1.520100  3.846700  0.25957E+02  -0.002   0.001   0.005   0.007   0.007   0.009   0.010   6.766   2.555
123  2.098449  1.523900  3.848300  0.22147E+02   0.002   0.004   0.009   0.011   0.010   0.012   0.014   6.673   2.516
124  2.099184  1.528300  3.850200  0.18342E+02   0.007   0.009   0.013   0.015   0.014   0.016   0.018   6.563   2.470
125  2.099670  1.531500  3.851600  0.14548E+02   0.011   0.013   0.017   0.018   0.017   0.019   0.021   6.482   2.436
126  2.100153  1.535200  3.853400  0.10820E+02   0.017   0.019   0.022   0.023   0.022   0.025   0.026   6.379   2.394
127  2.100391  1.537400  3.854500  0.71110E+01   0.021   0.023   0.026   0.027   0.026   0.028   0.030   6.316   2.368
128  2.100627  1.539600  3.855600  0.70519E+01   0.025   0.027   0.030   0.030   0.029   0.031   0.033   6.253   2.342
129  2.100861  1.541900  3.856700  0.69750E+01   0.029   0.031   0.033   0.033   0.032   0.035   0.036   6.191   2.316
130  2.101092  1.544600  3.858100  0.68660E+01   0.034   0.036   0.038   0.038   0.037   0.039   0.041   6.111   2.284
131  2.101319  1.547300  3.859500  0.67427E+01   0.040   0.041   0.043   0.043   0.042   0.044   0.046   6.032   2.251
132  2.101542  1.550300  3.861000  0.66053E+01   0.045   0.046   0.048   0.047   0.046   0.049   0.051   5.951   2.218
133  2.101760  1.553400  3.862700  0.64251E+01   0.050   0.051   0.053   0.052   0.051   0.054   0.056   5.867   2.184
134  2.101971  1.556900  3.864500  0.62022E+01   0.055   0.056   0.058   0.057   0.056   0.059   0.061   5.777   2.147
135  2.102174  1.560700  3.866500  0.59473E+01   0.061   0.062   0.064   0.063   0.062   0.065   0.067   5.676   2.106
136  2.102368  1.564700  3.868600  0.56427E+01   0.068   0.069   0.070   0.069   0.069   0.072   0.074   5.570   2.063
137  2.102551  1.569100  3.870900  0.52669E+01   0.075   0.076   0.077   0.076   0.076   0.079   0.081   5.454   2.016
138  2.102720  1.573800  3.873300  0.48199E+01   0.083   0.084   0.085   0.084   0.083   0.087   0.089   5.331   1.966
139  2.102873  1.578800  3.875800  0.43696E+01   0.090   0.091   0.092   0.091   0.090   0.094   0.097   5.201   1.916
140  2.103012  1.584100  3.878300  0.39338E+01   0.096   0.097   0.097   0.096   0.096   0.100   0.103   5.062   1.870
141  2.103136  1.589700  3.881000  0.34697E+01   0.102   0.103   0.103   0.103   0.103   0.107   0.110   4.911   1.821
142  2.103244  1.595500  3.883600  0.30343E+01   0.108   0.109   0.109   0.108   0.109   0.113   0.116   4.762   1.772
143  2.103339  1.601400  3.886300  0.26775E+01   0.114   0.115   0.115   0.114   0.115   0.120   0.123   4.605   1.722
144  2.103423  1.607500  3.888900  0.23635E+01   0.119   0.120   0.120   0.120   0.121   0.125   0.128   4.450   1.673
145  2.103497  1.613700  3.891500  0.20781E+01   0.123   0.124   0.124   0.124   0.125   0.130   0.133   4.322   1.625
146  2.103562  1.620000  3.894000  0.18534E+01   0.126   0.127   0.127   0.127   0.128   0.134   0.137   4.199   1.578
147  2.103621  1.626300  3.896500  0.16715E+01   0.130   0.130   0.130   0.130   0.132   0.138   0.141   4.073   1.532
148  2.103674  1.632700  3.898900  0.15538E+01   0.132   0.133   0.133   0.133   0.135   0.141   0.144   3.947   1.486
149  2.103725  1.639200  3.901300  0.40376E+01   0.134   0.135   0.135   0.135   0.137   0.144   0.147   3.817   1.441
150  2.103944  1.625000  3.901200  0.35272E+01   0.169   0.170   0.170   0.170   0.172   0.178   0.182   3.861   1.474
151  2.103961  1.618200  3.899600  0.49165E+00   0.173   0.174   0.174   0.174   0.176   0.183   0.186   3.955   1.510
152  2.103977  1.611500  3.897900  0.49165E+00   0.177   0.178   0.178   0.178   0.180   0.186   0.189   4.052   1.547
153  2.103994  1.604900  3.896000  0.53795E+00   0.179   0.180   0.180   0.180   0.181   0.187   0.190   4.155   1.586
154  2.104013  1.598300  3.893700  0.64481E+00   0.178   0.179   0.179   0.179   0.180   0.186   0.189   4.273   1.631
155  2.104037  1.591700  3.890900  0.94048E+00   0.174   0.174   0.174   0.174   0.175   0.180   0.183   4.408   1.682
156  2.104076  1.586400  3.886500  0.14926E+01   0.153   0.154   0.154   0.153   0.154   0.159   0.162   4.635   1.753
157  2.104137  1.588900  3.880900  0.16136E+01   0.104   0.104   0.105   0.104   0.104   0.108   0.111   4.918   1.824
158  2.104184  1.597900  3.877100  0.17952E+01   0.053   0.053   0.054   0.053   0.053   0.057   0.059   5.088   1.855
159  2.104257  1.605900  3.872300  0.25572E+01  -0.005  -0.004  -0.003  -0.004  -0.005  -0.001   0.001   5.300   1.910
160  2.104355  1.613100  3.866800  0.34935E+01  -0.066  -0.065  -0.064  -0.065  -0.066  -0.063  -0.061   5.535   1.980
161  2.104491  1.618400  3.860200  0.45398E+01  -0.128  -0.128  -0.127  -0.128  -0.129  -0.127  -0.125   5.820   2.071
162  2.104659  1.621700  3.853300  0.53897E+01  -0.198  -0.196  -0.194  -0.193  -0.194  -0.192  -0.190   6.175   2.196
163  2.104852  1.623200  3.846500  0.59687E+01  -0.260  -0.258  -0.254  -0.251  -0.252  -0.250  -0.248   6.536   2.323
164  2.105059  1.623400  3.840200  0.63125E+01  -0.310  -0.307  -0.303  -0.301  -0.301  -0.300  -0.299   6.900   2.445
165  2.105275  1.622700  3.834300  0.65066E+01  -0.353  -0.350  -0.346  -0.344  -0.345  -0.344  -0.343   7.249   2.562
166  2.105495  1.621400  3.828700  0.66260E+01  -0.392  -0.389  -0.385  -0.383  -0.384  -0.383  -0.383   7.593   2.675
167  2.105719  1.619700  3.823400  0.67274E+01  -0.427  -0.424  -0.421  -0.419  -0.420  -0.420  -0.420   8.002   2.800
168  2.105946  1.617600  3.818500  0.67826E+01  -0.458  -0.455  -0.451  -0.450  -0.452  -0.453  -0.452   8.378   2.915
169  2.106174  1.615100  3.813800  0.67951E+01  -0.486  -0.482  -0.479  -0.479  -0.481  -0.482  -0.482   8.739   3.025
170  2.106402  1.612300  3.809300  0.67969E+01  -0.512  -0.508  -0.505  -0.506  -0.508  -0.509  -0.509   9.106   3.143
171  2.106630  1.609100  3.805100  0.67810E+01  -0.535  -0.529  -0.528  -0.529  -0.532  -0.533  -0.532   9.455   3.256
172  2.106857  1.605500  3.801200  0.67296E+01  -0.555  -0.548  -0.547  -0.549  -0.552  -0.552  -0.552   9.779   3.361
173  2.107082  1.601500  3.797700  0.66391E+01  -0.570  -0.562  -0.562  -0.565  -0.568  -0.568  -0.567  10.072   3.456
174  2.107303  1.597100  3.794300  0.64919E+01  -0.583  -0.574  -0.575  -0.579  -0.582  -0.582  -0.581  10.353   3.556
175  2.107518  1.592200  3.791000  0.62988E+01  -0.596  -0.585  -0.586  -0.592  -0.595  -0.596  -0.595  10.622   3.660
176  2.107726  1.586900  3.787900  0.60561E+01  -0.605  -0.593  -0.595  -0.601  -0.605  -0.606  -0.605  10.877   3.759
177  2.107925  1.581200  3.784900  0.64555E+01  -0.612  -0.599  -0.601  -0.609  -0.613  -0.614  -0.614  11.124   3.855
178  2.108160  1.573600  3.781400  0.69006E+01  -0.618  -0.603  -0.606  -0.615  -0.620  -0.621  -0.621  11.415   3.968
179  2.108389  1.565000  3.778000  0.67074E+01  -0.621  -0.604  -0.608  -0.618  -0.623  -0.625  -0.624  11.700   4.080
180  2.108611  1.555500  3.774600  0.64967E+01  -0.622  -0.603  -0.608  -0.620  -0.626  -0.627  -0.627  11.968   4.208
181  2.108826  1.545000  3.771300  0.62400E+01  -0.620  -0.598  -0.604  -0.618  -0.624  -0.626  -0.626  12.231   4.333
182  2.109031  1.533500  3.768100  0.59587E+01  -0.614  -0.590  -0.597  -0.613  -0.619  -0.622  -0.621  12.489   4.457
183  2.109227  1.521200  3.764900  0.56740E+01  -0.606  -0.580  -0.588  -0.605  -0.612  -0.615  -0.614  12.748   4.581
184  2.109413  1.507900  3.761800  0.53789E+01  -0.594  -0.566  -0.575  -0.594  -0.602  -0.604  -0.603  13.003   4.703
185  2.109589  1.494000  3.758800  0.51088E+01  -0.581  -0.551  -0.560  -0.581  -0.589  -0.592  -0.591  13.252   4.827
186  2.109757  1.479500  3.755900  0.48672E+01  -0.566  -0.533  -0.544  -0.567  -0.575  -0.579  -0.578  13.498   4.959
187  2.109917  1.464400  3.753000  0.46929E+01  -0.549  -0.514  -0.525  -0.551  -0.560  -0.564  -0.564  13.744   5.090
188  2.110073  1.449000  3.750200  0.45434E+01  -0.531  -0.493  -0.505  -0.533  -0.543  -0.548  -0.547  13.984   5.217
189  2.110223  1.433200  3.747400  0.44507E+01  -0.511  -0.471  -0.484  -0.514  -0.524  -0.530  -0.530  14.223   5.344
190  2.110373  1.417100  3.744700  0.44358E+01  -0.490  -0.448  -0.462  -0.493  -0.504  -0.510  -0.511  14.456   5.468
191  2.110522  1.400700  3.741700  0.45836E+01  -0.470  -0.425  -0.440  -0.473  -0.485  -0.492  -0.493  14.710   5.600
192  2.110682  1.384500  3.738700  0.48339E+01  -0.451  -0.403  -0.419  -0.455  -0.467  -0.474  -0.474  14.969   5.740
193  2.110848  1.368400  3.735400  0.52643E+01  -0.435  -0.384  -0.401  -0.440  -0.452  -0.458  -0.458  15.254   5.897
194  2.111037  1.354000  3.731900  0.59772E+01  -0.424  -0.370  -0.389  -0.430  -0.442  -0.448  -0.447  15.551   6.055
195  2.111251  1.343500  3.728000  0.67144E+01  -0.426  -0.369  -0.388  -0.432  -0.444  -0.450  -0.449  15.868   6.216
196  2.111490  1.340000  3.723800  0.69634E+01  -0.447  -0.386  -0.407  -0.454  -0.466  -0.471  -0.469  16.194   6.369
197  2.111721  1.344400  3.720100  0.64883E+01  -0.484  -0.419  -0.441  -0.491  -0.503  -0.508  -0.505  16.468   6.485
198  2.111928  1.353800  3.717000  0.58653E+01  -0.531  -0.463  -0.486  -0.538  -0.551  -0.555  -0.553  16.733   6.593
199  2.112117  1.365500  3.714500  0.54793E+01  -0.578  -0.508  -0.532  -0.586  -0.599  -0.604  -0.601  16.940   6.670
200  2.112298  1.378700  3.712300  0.52699E+01  -0.628  -0.555  -0.580  -0.636  -0.649  -0.653  -0.651  17.118   6.730
201  2.112473  1.393100  3.710300  0.51066E+01  -0.678  -0.604  -0.630  -0.687  -0.700  -0.704  -0.702  17.275   6.779
202  2.112643  1.407900  3.708600  0.49433E+01  -0.728  -0.652  -0.678  -0.736  -0.750  -0.754  -0.751  17.405   6.814
203  2.112807  1.423100  3.707000  0.47942E+01  -0.777  -0.699  -0.726  -0.786  -0.800  -0.804  -0.801  17.525   6.843
204  2.112967  1.438400  3.705500  0.47052E+01  -0.826  -0.747  -0.774  -0.835  -0.849  -0.853  -0.850  17.637   6.868
205  2.113125  1.454000  3.704200  0.46444E+01  -0.875  -0.794  -0.822  -0.884  -0.898  -0.902  -0.899  17.730   6.884
206  2.113281  1.469700  3.702900  0.45978E+01  -0.923  -0.841  -0.869  -0.932  -0.946  -0.950  -0.947  17.823   6.899
207  2.113436  1.485300  3.701600  0.45688E+01  -0.971  -0.888  -0.916  -0.981  -0.995  -0.999  -0.996  17.917   6.914
208  2.113590  1.501100  3.700500  0.44341E+01  -1.019  -0.934  -0.963  -1.028  -1.042  -1.046  -1.043  17.992   6.920
209  2.113736  1.517200  3.699300  0.44192E+01  -1.068  -0.981  -1.010  -1.077  -1.091  -1.095  -1.092  18.076   6.930
210  2.113889  1.533100  3.698100  0.44925E+01  -1.116  -1.029  -1.058  -1.126  -1.140  -1.144  -1.141  18.208   6.957
211  2.114040  1.548800  3.697000  0.44635E+01  -1.164  -1.075  -1.105  -1.173  -1.188  -1.192  -1.188  18.343   6.984
212  2.114191  1.564700  3.695800  0.43289E+01  -1.212  -1.123  -1.153  -1.222  -1.237  -1.241  -1.237  18.495   7.017
213  2.114333  1.580100  3.694800  0.26272E+01  -1.258  -1.168  -1.198  -1.268  -1.283  -1.287  -1.284  18.620   7.038
214  2.114369  1.583900  3.694500  0.30427E+01  -1.270  -1.179  -1.210  -1.280  -1.295  -1.299  -1.295  18.659   7.047
215  2.114539  1.601900  3.693200  0.48026E+01  -1.325  -1.232  -1.264  -1.335  -1.350  -1.354  -1.350  18.828   7.079
216  2.114694  1.618400  3.692100  0.48440E+01  -1.374  -1.280  -1.312  -1.385  -1.399  -1.404  -1.400  18.970   7.104
217  2.114867  1.637200  3.690800  0.47234E+01  -1.431  -1.336  -1.368  -1.441  -1.456  -1.460  -1.456  19.142   7.134
218  2.115014  1.653000  3.689700  0.46206E+01  -1.478  -1.382  -1.415  -1.489  -1.504  -1.508  -1.504  19.289   7.159
219  2.115180  1.671300  3.688500  0.45142E+01  -1.532  -1.435  -1.468  -1.544  -1.559  -1.563  -1.559  19.450   7.184
220  2.115320  1.686200  3.687500  0.41617E+01  -1.577  -1.478  -1.512  -1.588  -1.604  -1.608  -1.603  19.587   7.205
221  2.115462  1.702100  3.686400  0.51776E+01  -1.625  -1.525  -1.559  -1.636  -1.651  -1.655  -1.651  19.740   7.230
222  2.115671  1.724400  3.685000  0.50427E+01  -1.690  -1.589  -1.624  -1.702  -1.718  -1.722  -1.717  19.934   7.255
223  2.115804  1.738700  3.684100  0.49260E+01  -1.732  -1.630  -1.665  -1.744  -1.760  -1.764  -1.759  20.060   7.272
224  2.116005  1.759800  3.682700  0.47913E+01  -1.795  -1.691  -1.727  -1.807  -1.823  -1.827  -1.822  20.261   7.300
225  2.116129  1.773300  3.681800  0.44813E+01  -1.835  -1.730  -1.766  -1.848  -1.863  -1.867  -1.862  20.391   7.318
226  2.116309  1.792600  3.680600  0.54398E+01  -1.892  -1.786  -1.822  -1.904  -1.920  -1.924  -1.919  20.566   7.338
227  2.116498  1.812400  3.679300  0.51294E+01  -1.950  -1.843  -1.880  -1.963  -1.979  -1.983  -1.978  20.758   7.363
228  2.116657  1.829400  3.678200  0.48756E+01  -2.001  -1.892  -1.929  -2.014  -2.029  -2.033  -2.028  20.923   7.382
229  2.116829  1.848100  3.677000  0.47588E+01  -2.056  -1.945  -1.983  -2.069  -2.085  -2.088  -2.083  21.105   7.403
230  2.116980  1.864300  3.676000  0.44771E+01  -2.104  -1.992  -2.030  -2.117  -2.133  -2.136  -2.131  21.252   7.438
231  2.117133  1.880600  3.674900  0.53575E+01  -2.153  -2.040  -2.078  -2.166  -2.182  -2.186  -2.180  21.414   7.489
232  2.117344  1.903300  3.673400  0.55213E+01  -2.221  -2.106  -2.145  -2.234  -2.251  -2.254  -2.249  21.636   7.557
233  2.117508  1.921000  3.672200  0.47131E+01  -2.274  -2.158  -2.198  -2.288  -2.304  -2.308  -2.302  21.818   7.613
234  2.117664  1.938000  3.671000  0.46070E+01  -2.325  -2.208  -2.248  -2.339  -2.356  -2.360  -2.354  22.004   7.672
235  2.117821  1.954900  3.669900  0.46483E+01  -2.376  -2.257  -2.298  -2.390  -2.407  -2.410  -2.405  22.175   7.723
236  2.117980  1.972600  3.668600  0.51491E+01  -2.429  -2.310  -2.351  -2.444  -2.461  -2.465  -2.459  22.378   7.787
237  2.118171  1.993400  3.667100  0.48990E+01  -2.492  -2.371  -2.412  -2.507  -2.524  -2.528  -2.522  22.614   7.860
238  2.118313  2.009000  3.666000  0.46318E+01  -2.539  -2.417  -2.459  -2.554  -2.571  -2.575  -2.569  22.787   7.912
239  2.118486  2.028200  3.664700  0.47465E+01  -2.597  -2.472  -2.515  -2.612  -2.629  -2.633  -2.627  22.992   7.971
240  2.118636  2.045000  3.663400  0.45285E+01  -2.648  -2.522  -2.565  -2.663  -2.681  -2.685  -2.679  23.199   8.035
241  2.118794  2.062700  3.662200  0.45417E+01  -2.701  -2.574  -2.617  -2.716  -2.734  -2.738  -2.732  23.389   8.089
242  2.118945  2.080000  3.660900  0.46145E+01  -2.753  -2.625  -2.669  -2.769  -2.787  -2.790  -2.785  23.597   8.151
243  2.119108  2.098500  3.659500  0.44105E+01  -2.810  -2.679  -2.724  -2.825  -2.843  -2.847  -2.841  23.821   8.218
244  2.119245  2.114300  3.658400  0.44799E+01  -2.857  -2.725  -2.770  -2.872  -2.890  -2.894  -2.888  23.997   8.266
245  2.119413  2.133700  3.657000  0.45070E+01  -2.915  -2.782  -2.827  -2.931  -2.949  -2.953  -2.947  24.222   8.329
246  2.119552  2.149800  3.655700  0.41422E+01  -2.964  -2.830  -2.876  -2.980  -2.999  -3.003  -2.996  24.431   8.391
247  2.119695  2.166800  3.654500  0.41730E+01  -3.015  -2.879  -2.925  -3.031  -3.050  -3.054  -3.047  24.623   8.443
248  2.119836  2.183400  3.653200  0.42599E+01  -3.065  -2.928  -2.975  -3.082  -3.100  -3.104  -3.098  24.831   8.503
249  2.119985  2.201000  3.651900  0.39477E+01  -3.119  -2.980  -3.028  -3.136  -3.154  -3.159  -3.152  24.883   8.572
250  2.120105  2.215100  3.650900  0.39472E+01  -3.162  -3.022  -3.070  -3.179  -3.198  -3.202  -3.196  24.922   8.624
251  2.120254  2.233100  3.649500  0.39186E+01  -3.217  -3.076  -3.125  -3.235  -3.253  -3.258  -3.252  24.977   8.701
252  2.120372  2.247400  3.648400  0.34913E+01  -3.261  -3.119  -3.168  -3.279  -3.298  -3.302  -3.296  25.020   8.761
253  2.120492  2.261800  3.647300  0.34628E+01  -3.305  -3.162  -3.211  -3.323  -3.342  -3.347  -3.341  25.063   8.822
254  2.120608  2.276100  3.646300  0.35358E+01  -3.348  -3.204  -3.254  -3.366  -3.386  -3.390  -3.384  25.101   8.874
255  2.120733  2.291400  3.645100  0.36787E+01  -3.395  -3.250  -3.300  -3.414  -3.433  -3.438  -3.432  25.146   8.941
256  2.120859  2.306800  3.643900  0.36502E+01  -3.443  -3.296  -3.346  -3.461  -3.481  -3.485  -3.480  25.192   9.010
257  2.120982  2.321800  3.642700  0.36078E+01  -3.489  -3.341  -3.392  -3.507  -3.527  -3.532  -3.526  25.238   9.080
258  2.121105  2.336500  3.641400  0.30795E+01  -3.535  -3.386  -3.437  -3.554  -3.574  -3.579  -3.573  25.287   9.159
259  2.121192  2.346800  3.640500  0.32399E+01  -3.567  -3.418  -3.469  -3.586  -3.606  -3.611  -3.606  25.322   9.214
260  2.121326  2.362600  3.639200  0.37392E+01  -3.616  -3.465  -3.517  -3.635  -3.655  -3.661  -3.655  25.371   9.291
261  2.121447  2.377400  3.638100  0.30783E+01  -3.661  -3.509  -3.561  -3.680  -3.700  -3.706  -3.700  25.413   9.354
262  2.121536  2.388900  3.637200  0.31793E+01  -3.696  -3.543  -3.595  -3.715  -3.736  -3.741  -3.736  25.447   9.406
263  2.121664  2.403600  3.635900  0.31649E+01  -3.742  -3.588  -3.640  -3.761  -3.782  -3.788  -3.782  25.497   9.486
264  2.121752  2.413400  3.635000  0.53476E+01  -3.772  -3.618  -3.671  -3.792  -3.813  -3.819  -3.813  25.531   9.542
265  2.122029  2.427200  3.634100  0.40575E+01  -3.813  -3.658  -3.711  -3.833  -3.854  -3.860  -3.854  25.564   9.590
266  2.017223  3.042253  3.558697  0.23976E+01  -5.881  -5.809  -5.892  -6.016  -6.112  -6.165  -6.191  20.108   8.565
267  2.017223  3.136556  3.558697  0.50946E+01  -6.115  -6.043  -6.126  -6.251  -6.346  -6.399  -6.425  19.945   8.370
268  2.017223  3.230860  3.558697  0.22683E-02  -6.350  -6.277  -6.360  -6.486  -6.581  -6.634  -6.660  19.782   8.175
269  2.017223  2.947950  3.567290  0.19326E+01  -5.592  -5.447  -5.525  -5.672  -5.731  -5.765  -5.780  24.103  10.084
270  2.017223  3.042253  3.567290  0.18373E+01  -5.827  -5.683  -5.761  -5.908  -5.968  -6.002  -6.018  23.886   9.881
271  2.017223  2.853647  3.575883  0.20483E+01  -5.295  -5.099  -5.172  -5.333  -5.365  -5.384  -5.392  26.863  11.091
272  2.017223  2.947950  3.575883  0.24815E+01  -5.531  -5.334  -5.407  -5.569  -5.600  -5.619  -5.627  26.813  10.946
273  2.017223  2.759343  3.584477  0.26403E+01  -5.001  -4.810  -4.881  -5.036  -5.066  -5.083  -5.088  26.692  11.075
274  2.017223  2.853647  3.584477  0.32572E+01  -5.237  -5.045  -5.115  -5.272  -5.301  -5.318  -5.323  26.646  10.933
275  2.017223  2.665040  3.593071  0.43460E+01  -4.703  -4.517  -4.585  -4.734  -4.763  -4.778  -4.781  26.511  11.056
276  2.017223  2.759343  3.593071  0.47112E+01  -4.939  -4.752  -4.819  -4.970  -4.998  -5.012  -5.016  26.470  10.916
277  2.017223  2.570736  3.601664  0.54552E+01  -4.401  -4.220  -4.285  -4.429  -4.455  -4.468  -4.470  26.328  11.036
278  2.017223  2.665040  3.601664  0.81409E+01  -4.637  -4.455  -4.520  -4.665  -4.691  -4.703  -4.705  26.286  10.895
279  2.017223  2.476433  3.610257  0.70634E+01  -4.107  -3.932  -3.995  -4.133  -4.157  -4.169  -4.169  26.206  10.816
280  2.017223  2.570736  3.610257  0.92115E+01  -4.342  -4.168  -4.229  -4.368  -4.393  -4.404  -4.403  26.162  10.663
281  2.017223  2.382130  3.618851  0.99101E+01  -3.810  -3.643  -3.702  -3.834  -3.857  -3.867  -3.865  26.068  10.591
282  2.017223  2.476433  3.618851  0.97581E+01  -4.046  -3.878  -3.937  -4.070  -4.093  -4.102  -4.099  26.032  10.429
283  2.017223  2.287826  3.627444  0.14574E+02  -3.511  -3.350  -3.407  -3.532  -3.554  -3.561  -3.557  25.910  10.373
284  2.017223  2.382130  3.627444  0.11226E+02  -3.746  -3.586  -3.642  -3.768  -3.790  -3.797  -3.792  25.882  10.201
285  2.017223  2.193523  3.636038  0.22454E+02  -3.215  -3.063  -3.116  -3.235  -3.256  -3.262  -3.258  25.600   9.890
286  2.017223  2.287826  3.636038  0.13768E+02  -3.451  -3.298  -3.351  -3.471  -3.491  -3.498  -3.492  25.571   9.707
287  2.017223  2.099220  3.644631  0.77795E+02  -2.918  -2.774  -2.825  -2.936  -2.956  -2.962  -2.957  25.266   9.387
288  2.017223  2.193523  3.644631  0.28272E+02  -3.154  -3.009  -3.059  -3.172  -3.192  -3.197  -3.192  25.241   9.192
289  2.017223  1.910613  3.653225  0.22683E-02  -2.383  -2.247  -2.295  -2.399  -2.418  -2.423  -2.418  24.931   9.097
290  2.017223  2.004916  3.653225  0.50378E+01  -2.619  -2.482  -2.530  -2.635  -2.654  -2.659  -2.653  24.912   8.894
291  2.017223  2.099220  3.653225  0.12090E+01  -2.855  -2.718  -2.765  -2.871  -2.890  -2.894  -2.888  24.894   8.691
292  2.017223  1.816310  3.661818  0.22683E-02  -2.087  -1.961  -2.006  -2.102  -2.120  -2.125  -2.120  23.591   8.659
293  2.017223  1.910613  3.661818  0.59438E+02  -2.323  -2.196  -2.241  -2.338  -2.356  -2.361  -2.355  23.552   8.453
294  2.017223  2.004916  3.661818  0.21515E+02  -2.559  -2.432  -2.476  -2.574  -2.592  -2.596  -2.590  23.518   8.250
295  2.017223  1.816310  3.670412  0.58640E+02  -2.025  -1.908  -1.949  -2.039  -2.056  -2.060  -2.055  22.222   7.996
296  2.017223  1.910613  3.670412  0.22846E+02  -2.261  -2.143  -2.184  -2.275  -2.292  -2.296  -2.290  22.156   7.785
297  2.017223  1.816310  3.679005  0.18512E+04  -1.962  -1.854  -1.891  -1.975  -1.991  -1.995  -1.989  20.834   7.374
#( [Fe/H], Y, Age[Gyr]) =    0.000   0.274   1.9953001
# W   mass       log L    log Te       dN        3.6um   4.5um  5.8um  8.0um  24um     70um     160um     fuv   nuv
#( [Fe/H], Y, Age[Gyr]) =    0.000   0.274   5.0118999
# W   mass       log L    log Te       dN        3.6um   4.5um  5.8um  8.0um  24um     70um     160um     fuv   nuv
#( [Fe/H], Y, Age[Gyr]) =    0.000   0.274  10.0000000
# W   mass       log L    log Te       dN        3.6um   4.5um  5.8um  8.0um  24um     70um     160um     fuv   nuv
  1  0.115639 -2.769200  3.504800  0.27904E+06   8.401   8.317   8.218   8.122   7.946   7.852   7.807  29.813  21.405
  2  0.136074 -2.628000  3.504900  0.43706E+06   8.048   7.965   7.866   7.769   7.594   7.500   7.454  29.454  21.048
  3  0.162556 -2.479100  3.506700  0.32401E+06   7.684   7.603   7.505   7.409   7.235   7.141   7.096  28.993  20.629
  4  0.188899 -2.355800  3.511000  0.19655E+06   7.398   7.321   7.224   7.129   6.957   6.864   6.819  28.479  20.214
  5  0.208164 -2.274900  3.514000  0.11984E+06   7.212   7.137   7.041   6.947   6.777   6.684   6.639  28.134  19.937
  6  0.223836 -2.213800  3.516400  0.88221E+05   7.073   6.999   6.904   6.811   6.641   6.549   6.505  27.867  19.725
  7  0.238666 -2.159600  3.518600  0.76960E+05   6.949   6.877   6.783   6.691   6.522   6.431   6.386  27.627  19.536
  8  0.254774 -2.104700  3.520800  0.79227E+05   6.825   6.754   6.660   6.569   6.402   6.310   6.266  27.385  19.344
  9  0.275799 -2.038900  3.523700  0.68334E+05   6.677   6.608   6.516   6.425   6.259   6.169   6.124  27.083  19.109
 10  0.293362 -1.987200  3.526000  0.42407E+05   6.559   6.497   6.404   6.313   6.153   6.067   6.025  27.236  19.061
 11  0.303485 -1.957800  3.527300  0.23720E+05   6.491   6.435   6.342   6.250   6.097   6.017   5.977  27.634  19.140
 12  0.310133 -1.938800  3.528100  0.15453E+05   6.446   6.395   6.301   6.209   6.061   5.984   5.946  27.876  19.186
 13  0.314982 -1.925100  3.528600  0.11034E+05   6.414   6.366   6.272   6.179   6.033   5.959   5.922  28.024  19.210
 14  0.318647 -1.914700  3.529100  0.11336E+05   6.390   6.344   6.250   6.158   6.014   5.943   5.906  28.180  19.241
 15  0.323970 -1.899700  3.529700  0.13002E+05   6.355   6.313   6.218   6.125   5.985   5.916   5.881  28.360  19.272
 16  0.329365 -1.885700  3.530400  0.10729E+05   6.323   6.285   6.190   6.097   5.960   5.894   5.860  28.580  19.317
 17  0.333164 -1.876600  3.530800  0.10602E+05   6.302   6.266   6.171   6.077   5.943   5.879   5.846  28.702  19.339
 18  0.338699 -1.864100  3.531500  0.15921E+05   6.274   6.241   6.146   6.052   5.922   5.861   5.829  28.925  19.386
 19  0.347734 -1.843900  3.532600  0.53799E+05   6.229   6.202   6.106   6.012   5.887   5.831   5.801  29.273  19.457
 20  0.391075 -1.728800  3.540000  0.67561E+05   5.980   5.992   5.895   5.796   5.711   5.689   5.673  31.669  19.952
 21  0.434415 -1.613700  3.547400  0.40361E+05   5.737   5.772   5.676   5.575   5.514   5.510   5.501  32.714  19.978
 22  0.457366 -1.548900  3.552500  0.22637E+05   5.605   5.642   5.549   5.450   5.392   5.387   5.378  32.323  19.671
 23  0.476377 -1.493600  3.557100  0.17025E+05   5.495   5.534   5.443   5.346   5.291   5.285   5.275  31.980  19.404
 24  0.492095 -1.446800  3.561300  0.13431E+05   5.405   5.445   5.357   5.262   5.208   5.202   5.191  31.677  19.170
 25  0.505947 -1.405100  3.565200  0.10776E+05   5.325   5.368   5.281   5.188   5.136   5.130   5.118  31.402  18.958
 26  0.517419 -1.369900  3.568700  0.88768E+04   5.260   5.304   5.220   5.127   5.078   5.071   5.059  31.160  18.774
 27  0.527936 -1.337200  3.572200  0.83605E+04   5.202   5.247   5.165   5.074   5.027   5.019   5.006  30.923  18.596
 28  0.539132 -1.302000  3.576000  0.90365E+04   5.138   5.186   5.105   5.016   4.971   4.962   4.949  30.711  18.425
 29  0.552591 -1.259500  3.580800  0.10012E+05   5.061   5.113   5.035   4.947   4.905   4.895   4.882  30.497  18.238
 30  0.568077 -1.209900  3.586700  0.10302E+05   4.973   5.030   4.955   4.869   4.831   4.820   4.807  30.239  18.016
 31  0.584373 -1.156800  3.593200  0.97829E+04   4.881   4.944   4.872   4.789   4.754   4.742   4.729  29.962  17.776
 32  0.600333 -1.104600  3.600000  0.88282E+04   4.794   4.863   4.795   4.714   4.683   4.670   4.657  29.678  17.534
 33  0.615384 -1.055100  3.606700  0.79553E+04   4.713   4.787   4.723   4.644   4.616   4.601   4.589  29.420  17.296
 34  0.629952 -1.006700  3.613600  0.73998E+04   4.636   4.715   4.654   4.578   4.553   4.537   4.526  29.167  17.054
 35  0.644492 -0.958300  3.620600  0.69428E+04   4.562   4.644   4.588   4.514   4.491   4.475   4.465  28.912  16.811
 36  0.658767 -0.910800  3.627800  0.63580E+04   4.492   4.579   4.526   4.456   4.435   4.418   4.409  28.654  16.565
 37  0.672274 -0.865500  3.634900  0.57370E+04   4.426   4.514   4.465   4.396   4.376   4.359   4.352  28.292  16.208
 38  0.685060 -0.822600  3.641700  0.51894E+04   4.366   4.454   4.407   4.341   4.321   4.305   4.300  27.936  15.854
 39  0.697134 -0.782100  3.648300  0.37056E+04   4.312   4.400   4.356   4.292   4.273   4.257   4.253  27.593  15.510
 40  0.703556 -0.760700  3.651700  0.25074E+04   4.284   4.372   4.329   4.266   4.247   4.232   4.228  27.415  15.331
 41  0.709922 -0.739400  3.655200  0.24340E+04   4.255   4.343   4.301   4.239   4.220   4.206   4.202  27.121  15.102
 42  0.716235 -0.718200  3.658600  0.23613E+04   4.226   4.312   4.271   4.210   4.192   4.178   4.175  26.752  14.842
 43  0.722481 -0.697300  3.662100  0.22900E+04   4.199   4.283   4.244   4.183   4.165   4.152   4.149  26.371  14.576
 44  0.728666 -0.676700  3.665400  0.22230E+04   4.171   4.254   4.216   4.156   4.139   4.126   4.123  26.010  14.321
 45  0.734792 -0.656200  3.668800  0.21589E+04   4.145   4.227   4.189   4.131   4.113   4.101   4.099  25.639  14.058
 46  0.740860 -0.636000  3.672000  0.20954E+04   4.118   4.199   4.162   4.105   4.088   4.075   4.074  25.287  13.807
 47  0.746858 -0.616100  3.675200  0.20356E+04   4.093   4.172   4.136   4.080   4.063   4.051   4.050  24.935  13.556
 48  0.752806 -0.596400  3.678300  0.19804E+04   4.066   4.144   4.109   4.054   4.037   4.026   4.025  24.576  13.322
 49  0.758699 -0.576800  3.681300  0.19233E+04   4.038   4.115   4.081   4.026   4.010   3.999   3.998  24.213  13.104
 50  0.764518 -0.557500  3.684300  0.18662E+04   4.011   4.086   4.053   4.000   3.984   3.973   3.972  23.849  12.887
 51  0.770269 -0.538300  3.687200  0.18116E+04   3.984   4.058   4.026   3.973   3.957   3.947   3.946  23.496  12.674
 52  0.775949 -0.519500  3.690100  0.17575E+04   3.958   4.031   3.999   3.948   3.932   3.922   3.922  23.144  12.461
 53  0.781552 -0.500900  3.692800  0.17067E+04   3.931   4.003   3.972   3.921   3.906   3.897   3.896  22.813  12.260
 54  0.787093 -0.482700  3.695500  0.16582E+04   3.906   3.976   3.946   3.896   3.882   3.872   3.872  22.483  12.059
 55  0.792560 -0.464800  3.698100  0.16098E+04   3.880   3.950   3.921   3.872   3.857   3.848   3.848  22.164  11.864
 56  0.797955 -0.447300  3.700600  0.15633E+04   3.855   3.923   3.895   3.846   3.832   3.823   3.823  21.902  11.701
 57  0.803278 -0.430100  3.703100  0.15223E+04   3.829   3.896   3.869   3.821   3.807   3.798   3.798  21.666  11.552
 58  0.808556 -0.413300  3.705400  0.14861E+04   3.803   3.870   3.843   3.796   3.782   3.773   3.772  21.446  11.412
 59  0.813788 -0.396700  3.707700  0.14471E+04   3.778   3.843   3.817   3.771   3.757   3.748   3.747  21.227  11.273
 60  0.818946 -0.380500  3.709900  0.14043E+04   3.753   3.818   3.792   3.747   3.733   3.724   3.723  21.017  11.139
 61  0.824022 -0.364500  3.712000  0.13608E+04   3.729   3.792   3.767   3.722   3.708   3.699   3.699  20.815  11.009
 62  0.829008 -0.348800  3.714100  0.13166E+04   3.705   3.767   3.742   3.699   3.685   3.676   3.675  20.614  10.880
 63  0.833896 -0.333400  3.716100  0.12704E+04   3.681   3.742   3.718   3.675   3.661   3.652   3.651  20.421  10.755
 64  0.838668 -0.318200  3.718000  0.12242E+04   3.657   3.718   3.694   3.652   3.638   3.629   3.628  20.237  10.635
 65  0.843330 -0.303300  3.719900  0.11780E+04   3.634   3.694   3.671   3.629   3.615   3.606   3.605  20.053  10.516
 66  0.847865 -0.288700  3.721700  0.11330E+04   3.610   3.669   3.647   3.606   3.592   3.583   3.582  19.899  10.414
 67  0.852288 -0.274200  3.723400  0.10886E+04   3.586   3.643   3.622   3.581   3.568   3.559   3.558  19.756  10.319
 68  0.856578 -0.260100  3.725100  0.10476E+04   3.563   3.619   3.598   3.558   3.545   3.536   3.535  19.613  10.224
 69  0.860772 -0.246100  3.726800  0.10130E+04   3.540   3.595   3.574   3.536   3.522   3.514   3.513  19.471  10.130
 70  0.864877 -0.232400  3.728300  0.98051E+03   3.516   3.571   3.550   3.512   3.499   3.491   3.489  19.342  10.042
 71  0.868895 -0.218900  3.729900  0.94959E+03   3.494   3.547   3.528   3.490   3.477   3.469   3.468  19.207   9.952
 72  0.872830 -0.205600  3.731300  0.92125E+03   3.471   3.523   3.504   3.467   3.454   3.446   3.445  19.085   9.869
 73  0.876693 -0.192500  3.732800  0.89502E+03   3.449   3.501   3.482   3.446   3.433   3.425   3.424  18.958   9.783
 74  0.880485 -0.179500  3.734100  0.86943E+03   3.426   3.477   3.458   3.423   3.410   3.402   3.401  18.843   9.704
 75  0.884205 -0.166800  3.735500  0.84540E+03   3.405   3.455   3.436   3.402   3.389   3.381   3.380  18.723   9.622
 76  0.887862 -0.154300  3.736800  0.82316E+03   3.383   3.432   3.414   3.380   3.368   3.360   3.359  18.610   9.543
 77  0.891458 -0.141900  3.738000  0.80099E+03   3.361   3.409   3.392   3.358   3.346   3.338   3.337  18.503   9.469
 78  0.894987 -0.129700  3.739200  0.77922E+03   3.339   3.387   3.370   3.337   3.325   3.317   3.316  18.397   9.395
 79  0.898454 -0.117700  3.740300  0.75893E+03   3.318   3.365   3.348   3.316   3.303   3.296   3.294  18.297   9.325
 80  0.901863 -0.105900  3.741400  0.73809E+03   3.296   3.342   3.326   3.294   3.282   3.274   3.273  18.200   9.260
 81  0.905201 -0.094300  3.742400  0.71675E+03   3.274   3.319   3.303   3.272   3.260   3.253   3.252  18.110   9.200
 82  0.908472 -0.083000  3.743400  0.69564E+03   3.252   3.297   3.282   3.251   3.239   3.232   3.231  18.020   9.140
 83  0.911670 -0.071800  3.744400  0.67499E+03   3.231   3.276   3.260   3.230   3.219   3.212   3.211  17.931   9.080
 84  0.914801 -0.060800  3.745300  0.65592E+03   3.210   3.254   3.239   3.209   3.198   3.191   3.191  17.848   9.024
 85  0.917870 -0.050000  3.746100  0.63766E+03   3.189   3.232   3.217   3.188   3.177   3.170   3.170  17.772   8.971
 86  0.920876 -0.039400  3.747000  0.62060E+03   3.169   3.211   3.197   3.168   3.157   3.151   3.150  17.690   8.916
 87  0.923828 -0.029000  3.747800  0.60488E+03   3.149   3.190   3.176   3.148   3.137   3.131   3.131  17.615   8.864
 88  0.926727 -0.018800  3.748500  0.59008E+03   3.128   3.169   3.155   3.127   3.117   3.111   3.111  17.546   8.816
 89  0.929578 -0.008700  3.749200  0.57707E+03   3.108   3.148   3.135   3.107   3.097   3.091   3.091  17.478   8.769
 90  0.932391  0.001200  3.749900  0.56591E+03   3.088   3.128   3.115   3.087   3.077   3.072   3.072  17.410   8.721
 91  0.935172  0.010900  3.750600  0.55563E+03   3.069   3.108   3.095   3.068   3.058   3.053   3.053  17.343   8.674
 92  0.937922  0.020500  3.751200  0.54672E+03   3.049   3.088   3.075   3.049   3.039   3.034   3.034  17.282   8.631
 93  0.940652  0.030000  3.751700  0.53864E+03   3.029   3.068   3.055   3.029   3.019   3.014   3.014  17.228   8.591
 94  0.943358  0.039300  3.752300  0.52990E+03   3.010   3.049   3.036   3.010   3.000   2.995   2.995  17.168   8.548
 95  0.946036  0.048600  3.752800  0.51935E+03   2.990   3.029   3.016   2.990   2.981   2.976   2.976  17.114   8.508
 96  0.948670  0.057700  3.753200  0.74286E+03   2.971   3.008   2.996   2.971   2.961   2.956   2.957  17.067   8.473
 97  0.953684  0.075500  3.754100  0.84912E+03   2.933   2.970   2.958   2.933   2.923   2.919   2.919  16.967   8.399
 98  0.957521  0.089600  3.754800  0.78118E+03   2.903   2.939   2.927   2.903   2.894   2.889   2.890  16.889   8.340
 99  0.961904  0.106300  3.755500  0.82249E+03   2.866   2.902   2.890   2.866   2.857   2.853   2.853  16.805   8.276
100  0.966269  0.123400  3.756100  0.81025E+03   2.828   2.863   2.852   2.828   2.819   2.815   2.816  16.726   8.213
101  0.970614  0.140800  3.756700  0.79217E+03   2.789   2.824   2.812   2.789   2.780   2.776   2.777  16.646   8.150
102  0.974875  0.158600  3.757300  0.77559E+03   2.748   2.783   2.772   2.749   2.740   2.737   2.737  16.565   8.086
103  0.979127  0.176500  3.757800  0.76716E+03   2.707   2.742   2.731   2.708   2.700   2.696   2.697  16.491   8.025
104  0.983382  0.194600  3.758100  0.75831E+03   2.664   2.698   2.688   2.665   2.657   2.653   2.654  16.428   7.971
105  0.987622  0.212900  3.758300  0.74679E+03   2.620   2.654   2.643   2.621   2.612   2.609   2.610  16.372   7.919
106  0.991833  0.231400  3.758400  0.73402E+03   2.575   2.608   2.598   2.575   2.567   2.563   2.564  16.322   7.870
107  0.996012  0.250100  3.758200  0.72127E+03   2.526   2.560   2.550   2.527   2.519   2.515   2.516  16.291   7.831
108  1.000159  0.269000  3.757900  0.59158E+03   2.477   2.511   2.500   2.478   2.469   2.465   2.466  16.267   7.795
109  1.002908  0.281700  3.757500  0.46836E+03   2.442   2.477   2.466   2.443   2.434   2.430   2.431  16.263   7.778
110  1.005654  0.294500  3.757000  0.46495E+03   2.406   2.441   2.430   2.407   2.398   2.394   2.395  16.266   7.764
111  1.008398  0.307400  3.756200  0.46265E+03   2.368   2.404   2.392   2.369   2.360   2.356   2.356  16.289   7.759
112  1.011152  0.320400  3.755300  0.46261E+03   2.329   2.365   2.354   2.329   2.320   2.316   2.316  16.319   7.758
113  1.013931  0.333500  3.754000  0.34758E+03   2.287   2.324   2.312   2.287   2.277   2.273   2.273  16.375   7.770
114  1.015336  0.340000  3.753200  0.23392E+03   2.265   2.303   2.290   2.264   2.255   2.250   2.250  16.414   7.781
115  1.016756  0.346600  3.752300  0.23670E+03   2.242   2.280   2.268   2.241   2.231   2.227   2.227  16.459   7.795
116  1.018204  0.353100  3.751200  0.24109E+03   2.218   2.257   2.244   2.217   2.207   2.202   2.202  16.518   7.815
117  1.019687  0.359500  3.750000  0.24724E+03   2.193   2.233   2.220   2.192   2.182   2.176   2.176  16.584   7.839
118  1.021220  0.365900  3.748400  0.25616E+03   2.166   2.207   2.193   2.164   2.153   2.148   2.148  16.677   7.876
119  1.022823  0.372000  3.746400  0.26801E+03   2.136   2.179   2.165   2.134   2.123   2.117   2.117  16.798   7.926
120  1.024513  0.377500  3.743800  0.27678E+03   2.104   2.149   2.134   2.102   2.090   2.083   2.083  16.961   7.996
121  1.026237  0.381700  3.740300  0.26559E+03   2.069   2.117   2.101   2.066   2.054   2.046   2.045  17.188   8.097
122  1.027802  0.383700  3.736200  0.22143E+03   2.034   2.085   2.067   2.030   2.017   2.010   2.009  17.467   8.243
123  1.028989  0.383100  3.732300  0.18954E+03   2.007   2.061   2.042   2.002   1.989   1.982   1.981  17.740   8.385
124  1.030164  0.381900  3.727600  0.18695E+03   1.976   2.034   2.013   1.971   1.957   1.950   1.949  18.071   8.555
125  1.031325  0.379900  3.722100  0.18533E+03   1.942   2.005   1.982   1.936   1.922   1.915   1.915  18.462   8.752
126  1.032486  0.379000  3.716000  0.18524E+03   1.900   1.967   1.942   1.893   1.879   1.872   1.872  18.955   8.997
127  1.033652  0.382100  3.709700  0.17992E+03   1.846   1.918   1.891   1.838   1.824   1.817   1.818  19.488   9.253
128  1.034752  0.391700  3.704200  0.16308E+03   1.783   1.859   1.830   1.774   1.760   1.753   1.754  19.945   9.457
129  1.035711  0.407000  3.700100  0.14170E+03   1.716   1.796   1.765   1.706   1.692   1.686   1.687  20.273   9.588
130  1.036545  0.424900  3.697300  0.12509E+03   1.651   1.733   1.701   1.640   1.626   1.620   1.621  20.547   9.686
131  1.037297  0.443900  3.695100  0.11441E+03   1.587   1.671   1.638   1.576   1.562   1.555   1.556  20.790   9.764
132  1.037998  0.463600  3.693600  0.10723E+03   1.526   1.612   1.578   1.515   1.501   1.494   1.496  20.946   9.801
133  1.038661  0.483700  3.692300  0.10213E+03   1.466   1.553   1.519   1.455   1.441   1.434   1.435  21.077   9.825
134  1.039299  0.504100  3.691300  0.98452E+02   1.408   1.496   1.462   1.397   1.382   1.375   1.377  21.170   9.831
135  1.039917  0.524600  3.690400  0.95655E+02   1.350   1.439   1.405   1.339   1.324   1.317   1.319  21.251   9.831
136  1.040521  0.545200  3.689700  0.93568E+02   1.293   1.384   1.348   1.282   1.267   1.260   1.262  21.308   9.819
137  1.041114  0.565800  3.689100  0.92037E+02   1.237   1.329   1.293   1.226   1.211   1.204   1.206  21.352   9.802
138  1.041700  0.586400  3.688600  0.90754E+02   1.182   1.274   1.239   1.171   1.156   1.149   1.151  21.384   9.779
139  1.042278  0.607100  3.688100  0.89541E+02   1.127   1.220   1.184   1.116   1.100   1.094   1.095  21.416   9.756
140  1.042850  0.627700  3.687700  0.88489E+02   1.072   1.166   1.130   1.061   1.046   1.039   1.041  21.435   9.727
141  1.043416  0.648300  3.687300  0.87052E+02   1.018   1.112   1.076   1.007   0.991   0.985   0.987  21.455   9.698
142  1.043971  0.668900  3.686900  0.70346E+02   0.964   1.058   1.022   0.952   0.937   0.930   0.932  21.476   9.670
143  1.044323  0.682200  3.686600  0.54492E+02   0.928   1.023   0.987   0.917   0.901   0.895   0.897  21.496   9.655
144  1.044674  0.695700  3.686300  0.54440E+02   0.892   0.988   0.951   0.881   0.865   0.859   0.861  21.517   9.640
145  1.045026  0.709300  3.686100  0.54397E+02   0.857   0.952   0.916   0.845   0.830   0.823   0.825  21.524   9.619
146  1.045377  0.723200  3.685800  0.54206E+02   0.820   0.916   0.879   0.808   0.793   0.786   0.788  21.544   9.602
147  1.045727  0.737500  3.685500  0.53850E+02   0.782   0.878   0.842   0.770   0.755   0.748   0.751  21.564   9.585
148  1.046074  0.752600  3.685200  0.53266E+02   0.742   0.839   0.802   0.730   0.715   0.708   0.711  21.583   9.566
149  1.046417  0.768400  3.684800  0.52526E+02   0.700   0.797   0.760   0.688   0.672   0.666   0.668  21.614   9.550
150  1.046755  0.785100  3.684500  0.51567E+02   0.656   0.753   0.716   0.644   0.628   0.622   0.624  21.632   9.527
151  1.047086  0.803200  3.684100  0.50757E+02   0.607   0.706   0.669   0.596   0.580   0.574   0.576  21.661   9.506
152  1.047414  0.821800  3.683600  0.49949E+02   0.557   0.656   0.619   0.546   0.530   0.524   0.526  21.704   9.489
153  1.047735  0.841500  3.683100  0.48767E+02   0.504   0.604   0.567   0.493   0.477   0.471   0.473  21.746   9.470
154  1.048048  0.862300  3.682600  0.47734E+02   0.449   0.549   0.512   0.437   0.421   0.415   0.418  21.788   9.447
155  1.048356  0.883700  3.682000  0.46694E+02   0.391   0.492   0.454   0.379   0.363   0.357   0.360  21.843   9.429
156  1.048656  0.906000  3.681400  0.45666E+02   0.331   0.433   0.395   0.319   0.303   0.297   0.300  21.898   9.409
157  1.048951  0.929100  3.680700  0.44721E+02   0.268   0.371   0.333   0.256   0.240   0.234   0.237  21.967   9.391
158  1.049239  0.952800  3.680000  0.43459E+02   0.204   0.308   0.269   0.192   0.176   0.170   0.173  22.036   9.373
159  1.049518  0.977400  3.679200  0.42208E+02   0.137   0.242   0.203   0.125   0.109   0.103   0.106  22.119   9.357
160  1.049790  1.002700  3.678400  0.41114E+02   0.068   0.174   0.135   0.056   0.040   0.034   0.037  22.203   9.339
161  1.050055  1.028600  3.677500  0.40014E+02  -0.003   0.104   0.065  -0.015  -0.031  -0.037  -0.034  22.302   9.325
162  1.050313  1.055200  3.676500  0.38687E+02  -0.076   0.032  -0.008  -0.089  -0.105  -0.111  -0.107  22.416   9.319
163  1.050561  1.082400  3.675500  0.37299E+02  -0.152  -0.042  -0.083  -0.165  -0.181  -0.187  -0.183  22.531   9.332
164  1.050801  1.110300  3.674500  0.36132E+02  -0.229  -0.118  -0.159  -0.242  -0.259  -0.265  -0.261  22.646   9.343
165  1.051034  1.138600  3.673300  0.34811E+02  -0.309  -0.197  -0.238  -0.322  -0.339  -0.345  -0.341  22.801   9.373
166  1.051257  1.167600  3.672100  0.33348E+02  -0.390  -0.277  -0.319  -0.404  -0.421  -0.426  -0.423  22.957   9.401
167  1.051471  1.197200  3.670900  0.32104E+02  -0.473  -0.358  -0.401  -0.487  -0.504  -0.510  -0.506  23.114   9.428
168  1.051678  1.227100  3.669500  0.30799E+02  -0.558  -0.442  -0.485  -0.572  -0.589  -0.595  -0.591  23.304   9.469
169  1.051875  1.257600  3.668100  0.29414E+02  -0.645  -0.527  -0.570  -0.659  -0.676  -0.682  -0.678  23.495   9.508
170  1.052064  1.288500  3.666700  0.28257E+02  -0.732  -0.613  -0.657  -0.747  -0.764  -0.770  -0.766  23.688   9.546
171  1.052246  1.319700  3.665200  0.27111E+02  -0.821  -0.700  -0.744  -0.836  -0.853  -0.859  -0.855  23.898   9.591
172  1.052420  1.351200  3.663700  0.26112E+02  -0.911  -0.788  -0.833  -0.926  -0.943  -0.949  -0.945  24.110   9.635
173  1.052589  1.383000  3.662100  0.25258E+02  -1.002  -0.877  -0.922  -1.017  -1.035  -1.040  -1.036  24.339   9.684
174  1.052752  1.415100  3.660500  0.24714E+02  -1.093  -0.967  -1.013  -1.109  -1.127  -1.132  -1.128  24.570   9.733
175  1.052914  1.447100  3.658900  0.25086E+02  -1.185  -1.056  -1.103  -1.200  -1.218  -1.224  -1.220  24.803   9.781
176  1.053082  1.479000  3.657200  0.47345E+02  -1.276  -1.146  -1.193  -1.292  -1.310  -1.316  -1.312  25.054   9.836
177  1.053537  1.476700  3.658000  0.54356E+02  -1.265  -1.135  -1.182  -1.281  -1.299  -1.305  -1.300  24.929   9.781
178  1.053798  1.466000  3.659000  0.40287E+02  -1.231  -1.102  -1.149  -1.247  -1.265  -1.271  -1.266  24.777   9.731
179  1.054068  1.532700  3.655400  0.38066E+02  -1.423  -1.290  -1.338  -1.439  -1.458  -1.463  -1.459  25.312   9.848
180  1.054300  1.595400  3.651800  0.33050E+02  -1.606  -1.469  -1.518  -1.622  -1.641  -1.647  -1.642  25.708   9.986
181  1.054504  1.656600  3.648100  0.28944E+02  -1.786  -1.646  -1.696  -1.804  -1.823  -1.829  -1.824  25.860  10.148
182  1.054682  1.715900  3.644500  0.25285E+02  -1.961  -1.817  -1.868  -1.979  -1.999  -2.005  -2.000  26.004  10.311
183  1.054838  1.774200  3.640800  0.22100E+02  -2.133  -1.986  -2.038  -2.152  -2.172  -2.179  -2.174  26.148  10.487
184  1.054974  1.830100  3.637200  0.19378E+02  -2.299  -2.147  -2.201  -2.318  -2.339  -2.345  -2.341  26.284  10.663
185  1.055094  1.885200  3.633600  0.16947E+02  -2.461  -2.307  -2.362  -2.482  -2.503  -2.510  -2.505  26.416  10.843
186  1.055198  1.938200  3.630000  0.15049E+02  -2.618  -2.460  -2.517  -2.639  -2.661  -2.668  -2.664  26.544  11.029
187  1.055293  1.991000  3.626300  0.13468E+02  -2.777  -2.616  -2.673  -2.799  -2.821  -2.829  -2.825  26.644  11.156
188  1.055376  2.042400  3.622600  0.11870E+02  -2.933  -2.769  -2.828  -2.956  -2.979  -2.988  -2.985  26.710  11.229
189  1.055450  2.092400  3.619000  0.10580E+02  -3.085  -2.918  -2.977  -3.109  -3.132  -3.141  -3.139  26.771  11.302
190  1.055516  2.141600  3.615300  0.95241E+01  -3.234  -3.064  -3.125  -3.259  -3.283  -3.293  -3.292  26.830  11.384
191  1.055576  2.189800  3.611700  0.85408E+01  -3.380  -3.207  -3.269  -3.406  -3.430  -3.441  -3.441  26.883  11.464
192  1.055629  2.236700  3.608100  0.76389E+01  -3.522  -3.346  -3.409  -3.549  -3.574  -3.585  -3.586  26.932  11.548
193  1.055677  2.282600  3.604600  0.68725E+01  -3.661  -3.481  -3.546  -3.688  -3.714  -3.726  -3.727  26.977  11.630
194  1.055720  2.327600  3.601100  0.61874E+01  -3.798  -3.616  -3.681  -3.826  -3.852  -3.865  -3.867  27.026  11.691
195  1.055759  2.371200  3.597600  0.55925E+01  -3.934  -3.750  -3.817  -3.964  -3.991  -4.005  -4.007  27.101  11.692
196  1.055794  2.414300  3.594100  0.50607E+01  -4.068  -3.883  -3.950  -4.100  -4.127  -4.142  -4.145  27.174  11.694
197  1.055826  2.456400  3.590700  0.46102E+01  -4.199  -4.011  -4.080  -4.231  -4.260  -4.275  -4.279  27.244  11.695
198  1.055855  2.497100  3.587300  0.41597E+01  -4.325  -4.136  -4.205  -4.359  -4.388  -4.404  -4.409  27.313  11.697
199  1.055881  2.537100  3.583900  0.38533E+01  -4.449  -4.258  -4.328  -4.484  -4.514  -4.531  -4.537  27.381  11.700
200  1.055906  2.576200  3.580600  0.35470E+01  -4.570  -4.376  -4.448  -4.606  -4.637  -4.654  -4.661  27.445  11.701
201  1.055928  2.614200  3.577400  0.31688E+01  -4.686  -4.491  -4.563  -4.724  -4.755  -4.774  -4.781  27.506  11.702
202  1.055948  2.651800  3.574100  0.29436E+01  -4.802  -4.605  -4.678  -4.841  -4.873  -4.892  -4.900  27.568  11.704
203  1.055967  2.687900  3.570900  0.27184E+01  -4.917  -4.743  -4.819  -4.975  -5.019  -5.046  -5.057  26.256  11.235
204  1.055984  2.723500  3.567700  0.24933E+01  -5.028  -4.881  -4.960  -5.107  -5.165  -5.199  -5.214  24.816  10.715
205  1.056000  2.758300  3.564500  0.22592E+01  -5.137  -5.016  -5.096  -5.236  -5.307  -5.348  -5.367  23.384  10.185
206  1.056014  2.792200  3.561300  0.21151E+01  -5.242  -5.148  -5.230  -5.361  -5.446  -5.493  -5.516  21.929   9.632
207  1.056028  2.825200  3.558200  0.20430E+01  -5.343  -5.275  -5.358  -5.482  -5.579  -5.634  -5.660  20.495   9.072
208  1.056041  2.857400  3.555100  0.18090E+01  -5.441  -5.400  -5.484  -5.600  -5.710  -5.771  -5.802  19.039   8.486
209  1.056052  2.888900  3.552100  0.16649E+01  -5.536  -5.521  -5.607  -5.714  -5.836  -5.905  -5.939  17.607   7.890
210  1.056063  2.919800  3.549000  0.15839E+01  -5.630  -5.642  -5.728  -5.827  -5.963  -6.038  -6.075  16.107   7.246
211  1.056073  2.949600  3.546100  0.15029E+01  -5.719  -5.758  -5.844  -5.935  -6.082  -6.164  -6.205  14.679   6.608
212  1.056083  2.979000  3.543200  0.14399E+01  -5.810  -5.869  -5.955  -6.040  -6.197  -6.283  -6.327  13.725   6.181
213  1.056092  3.007700  3.540200  0.12868E+01  -5.910  -5.969  -6.057  -6.143  -6.300  -6.388  -6.431  13.936   6.326
214  1.056100  3.035700  3.537400  0.12058E+01  -6.003  -6.064  -6.152  -6.239  -6.398  -6.486  -6.530  14.132   6.461
215  1.056108  3.063000  3.534600  0.11338E+01  -6.094  -6.155  -6.245  -6.332  -6.493  -6.581  -6.625  14.332   6.599
216  1.056115  3.089800  3.531800  0.10528E+01  -6.181  -6.244  -6.334  -6.423  -6.584  -6.673  -6.717  14.535   6.741
217  1.056122  3.115900  3.529000  0.10528E+01  -6.266  -6.330  -6.421  -6.510  -6.673  -6.763  -6.807  14.742   6.886
218  1.056129  3.141400  3.526300  0.98980E+00  -6.347  -6.412  -6.504  -6.594  -6.759  -6.849  -6.893  14.943   7.028
219  1.056135  3.166300  3.523600  0.82782E+00  -6.430  -6.496  -6.589  -6.680  -6.845  -6.936  -6.980  15.149   7.173
220  1.056140  3.190500  3.521000  0.82781E+00  -6.512  -6.579  -6.673  -6.765  -6.932  -7.023  -7.067  15.354   7.318
221  1.056146  3.214300  3.518400  0.83680E+00  -6.593  -6.661  -6.756  -6.848  -7.016  -7.108  -7.153  15.568   7.472
222  1.056151  3.237400  3.515800  0.75581E+00  -6.671  -6.740  -6.835  -6.929  -7.098  -7.190  -7.235  15.792   7.636
223  1.056156  3.260200  3.513000  0.75580E+00  -6.748  -6.819  -6.915  -7.009  -7.180  -7.273  -7.318  16.044   7.824
224  1.056161  3.282200  3.510500  0.67482E+00  -6.821  -6.893  -6.990  -7.085  -7.257  -7.350  -7.395  16.264   7.987
225  1.056165  3.303900  3.508000  0.67481E+00  -6.892  -6.965  -7.063  -7.159  -7.333  -7.426  -7.472  16.489   8.155
226  1.056170  3.325000  3.505500  0.68380E+00  -6.962  -7.036  -7.135  -7.231  -7.406  -7.500  -7.545  16.721   8.329
227  1.056174  3.345600  3.503100  0.53084E+00  -7.021  -7.106  -7.206  -7.303  -7.480  -7.574  -7.620  16.828   8.379
228  1.056177  3.365400  3.500700  0.52184E+00  -7.078  -7.176  -7.277  -7.374  -7.552  -7.647  -7.693  16.920   8.412
229  1.056181  3.384400  3.498400  0.25642E+01  -7.133  -7.242  -7.344  -7.442  -7.621  -7.717  -7.763  17.010   8.447
230  1.056211  3.400000  3.496600  0.22671E+01  -7.179  -7.296  -7.398  -7.497  -7.677  -7.773  -7.819  17.082   8.474
231  0.912080  2.970304  3.517023  0.40133E-03  -5.991  -6.061  -6.156  -6.249  -6.418  -6.510  -6.555  16.305   8.178
232  0.912080  3.078515  3.517023  0.82112E+00  -6.264  -6.333  -6.429  -6.521  -6.691  -6.782  -6.827  16.071   7.943
233  0.912080  3.186726  3.517023  0.13332E+01  -6.538  -6.607  -6.702  -6.795  -6.964  -7.056  -7.100  15.835   7.708
234  0.912080  3.294937  3.517023  0.80265E-03  -6.811  -6.881  -6.976  -7.069  -7.238  -7.330  -7.375  15.603   7.475
235  0.912080  2.970304  3.527961  0.99810E+00  -5.910  -5.974  -6.066  -6.155  -6.319  -6.409  -6.453  15.241   7.363
236  0.912080  3.078515  3.527961  0.45751E+00  -6.181  -6.246  -6.337  -6.427  -6.590  -6.680  -6.724  14.972   7.093
237  0.912080  2.862093  3.538898  0.92466E+00  -5.558  -5.618  -5.706  -5.793  -5.951  -6.039  -6.082  14.450   6.812
238  0.912080  2.970304  3.538898  0.86847E+00  -5.829  -5.889  -5.977  -6.063  -6.222  -6.309  -6.353  14.170   6.532
239  0.912080  2.753882  3.549836  0.98044E+00  -5.212  -5.218  -5.304  -5.405  -5.536  -5.610  -5.646  16.894   7.816
240  0.912080  2.862093  3.549836  0.10756E+01  -5.482  -5.487  -5.573  -5.675  -5.806  -5.880  -5.916  16.649   7.557
241  0.912080  2.645671  3.560774  0.14829E+01  -4.880  -4.791  -4.873  -5.003  -5.090  -5.139  -5.162  21.990   9.876
242  0.912080  2.753882  3.560774  0.14572E+01  -5.150  -5.060  -5.142  -5.273  -5.359  -5.408  -5.431  21.819   9.663
243  0.912080  2.537460  3.571712  0.21937E+01  -4.535  -4.353  -4.428  -4.586  -4.626  -4.650  -4.660  26.993  11.703
244  0.912080  2.645671  3.571712  0.23771E+01  -4.805  -4.626  -4.701  -4.858  -4.900  -4.924  -4.935  26.712  11.461
245  0.912080  2.429249  3.582650  0.31043E+01  -4.188  -3.997  -4.068  -4.224  -4.255  -4.272  -4.278  27.593  11.949
246  0.912080  2.537460  3.582650  0.31757E+01  -4.459  -4.266  -4.337  -4.494  -4.524  -4.541  -4.547  27.540  11.785
247  0.912080  2.321038  3.593587  0.42990E+01  -3.839  -3.653  -3.721  -3.870  -3.898  -3.913  -3.917  27.359  11.907
248  0.912080  2.429249  3.593587  0.34422E+01  -4.110  -3.923  -3.990  -4.141  -4.169  -4.183  -4.186  27.313  11.746
249  0.912080  2.212827  3.604525  0.65898E+01  -3.487  -3.307  -3.372  -3.514  -3.540  -3.552  -3.553  27.140  11.802
250  0.912080  2.321038  3.604525  0.39342E+01  -3.757  -3.577  -3.641  -3.785  -3.810  -3.822  -3.822  27.090  11.637
251  0.912080  1.996405  3.615463  0.20066E-02  -2.870  -2.701  -2.762  -2.895  -2.919  -2.929  -2.928  27.019  11.672
252  0.912080  2.104616  3.615463  0.12350E+02  -3.141  -2.970  -3.031  -3.165  -3.189  -3.199  -3.198  26.974  11.490
253  0.912080  2.212827  3.615463  0.45049E+01  -3.411  -3.240  -3.300  -3.436  -3.459  -3.469  -3.467  26.929  11.308
254  0.912080  1.888193  3.626401  0.12040E-02  -2.519  -2.359  -2.416  -2.541  -2.563  -2.571  -2.568  26.812  11.381
255  0.912080  1.996405  3.626401  0.26370E+02  -2.790  -2.629  -2.685  -2.812  -2.834  -2.841  -2.837  26.779  11.185
256  0.912080  2.104616  3.626401  0.88810E+01  -3.061  -2.899  -2.955  -3.082  -3.104  -3.111  -3.107  26.746  10.988
257  0.912080  1.779983  3.637339  0.51370E-01  -2.172  -2.021  -2.075  -2.192  -2.212  -2.219  -2.215  26.431  10.784
258  0.912080  1.888193  3.637339  0.60095E+01  -2.443  -2.291  -2.344  -2.462  -2.483  -2.489  -2.484  26.395  10.568
259  0.912080  1.996405  3.637339  0.33992E+00  -2.713  -2.561  -2.614  -2.733  -2.753  -2.759  -2.753  26.365  10.361
260  0.912080  1.671772  3.648277  0.14729E+00  -1.823  -1.682  -1.732  -1.840  -1.860  -1.865  -1.860  25.991  10.128
261  0.912080  1.779983  3.648277  0.23230E+02  -2.094  -1.952  -2.001  -2.111  -2.130  -2.135  -2.130  25.965   9.900
262  0.912080  1.888193  3.648277  0.48448E+01  -2.364  -2.222  -2.271  -2.382  -2.401  -2.405  -2.399  25.939   9.672
263  0.912080  1.671772  3.659214  0.23706E+02  -1.745  -1.614  -1.659  -1.760  -1.778  -1.782  -1.777  24.802   9.285
264  0.912080  1.779983  3.659214  0.45972E+01  -2.015  -1.884  -1.929  -2.031  -2.049  -2.053  -2.046  24.769   9.052
265  0.912080  1.671772  3.670152  0.64810E+03  -1.666  -1.548  -1.588  -1.680  -1.697  -1.700  -1.695  23.004   8.439
266  0.912080  1.671772  3.681090  0.40133E-03  -1.587  -1.480  -1.515  -1.600  -1.615  -1.618  -1.612  21.145   7.678
#( [Fe/H], Y, Age[Gyr]) =    0.000   0.274  17.7828007
# W   mass       log L    log Te       dN        3.6um   4.5um  5.8um  8.0um  24um     70um     160um     fuv   nuv
#( [Fe/H], Y, Age[Gyr]) =    0.370   0.336   1.0000000
# W   mass       log L    log Te       dN        3.6um   4.5um  5.8um  8.0um  24um     70um     160um     fuv   nuv
#( [Fe/H], Y, Age[Gyr]) =    0.370   0.336   1.9953001
# W   mass       log L    log Te       dN        3.6um   4.5um  5.8um  8.0um  24um     70um     160um     fuv   nuv
#( [Fe/H], Y, Age[Gyr]) =    0.370   0.336   5.0118999
# W   mass       log L    log Te       dN        3.6um   4.5um  5.8um  8.0um  24um     70um     160um     fuv   nuv
#( [Fe/H], Y, Age[Gyr]) =    0.370   0.336  10.0000000
# W   mass       log L    log Te       dN        3.6um   4.5um  5.8um  8.0um  24um     70um     160um     fuv   nuv
#( [Fe/H], Y, Age[Gyr]) =    0.370   0.336  17.7828007
# W   mass       log L    log Te       dN        3.6um   4.5um  5.8um  8.0um  24um     70um     160um     fuv   nuv
