  i   Ebol     E_V      E_I      E_K      cum Ebol cum E_V  cum E_I  cum E_K  log L     log dN   log Te   CN       G band   H beta   Mg 1      Mg 2     Fe 5270  Fe 5335  Na D     TiO 1    TiO 2 
   1 316.5011   1.2243   5.8149  36.2214 316.5011   1.2243   5.8149  36.2214  -1.4127   3.9131   3.5792  -0.1150   3.5639  -1.0810   0.3874   0.5257   4.4468   4.7909   4.0367  11.6939   0.0792   0.1642
   2 619.9189   2.5091  11.6110  70.2896 936.4200   3.7333  17.4259 106.5109  -1.3620   4.1543   3.5840  -0.0857   3.7998  -1.0818   0.4001   0.5438   4.7174   4.8251   5.7611  11.4287   0.0679   0.1432
   3 603.3341   2.5402  11.4907  67.81671539.7542   6.2736  28.9166 174.3277  -1.3177   4.0982   3.5882  -0.0613   3.9972  -1.0670   0.4082   0.5570   4.9391   4.8471   5.6744  11.1904   0.0595   0.1271
   4 586.0689   2.5660  11.3472  65.27242125.8230   8.8395  40.2637 239.6001  -1.2739   4.0418   3.5924  -0.0382   4.1855  -1.0388   0.4135   0.5678   5.1456   4.8619   5.5881  10.9479   0.0522   0.1128
   5 569.9190   2.5929  11.2133  62.86422695.7419  11.4325  51.4771 302.4643  -1.2324   3.9882   3.5965  -0.0167   4.3628  -0.9988   0.4162   0.5763   5.3352   4.8698   5.5030  10.7046   0.0460   0.1004
   6 588.6767   2.7803  11.7639  64.28783284.4187  14.2127  63.2409 366.7521  -1.1918   3.9616   3.6005   0.0032   4.5285  -0.9487   0.4166   0.5826   5.5072   4.8713   5.4198  10.4619   0.0409   0.0896
   7 569.9102   2.7879  11.5438  61.54883854.3289  17.0006  74.7847 428.3010  -1.1519   3.9077   3.6045   0.0217   4.6842  -0.8897   0.4149   0.5869   5.6634   4.8671   5.3379  10.2194   0.0366   0.0802
   8 551.8314   2.8005  11.3284  58.79874406.1602  19.8011  86.1131 487.0997  -1.1138   3.8556   3.6087   0.0401   4.8424  -0.8178   0.4111   0.5897   5.8180   4.8576   5.2507   9.9637   0.0328   0.0713
   9 573.7192   3.0247  11.9414  60.22724979.8794  22.8258  98.0545 547.3269  -1.0752   3.8339   3.6132   0.0579   4.9982  -0.7330   0.4050   0.5907   5.9636   4.8415   5.1598   9.6943   0.0296   0.0632
  10 596.3920   3.2642  12.5804  61.64435576.2715  26.0899 110.6349 608.9713  -1.0372   3.8127   3.6176   0.0741   5.1430  -0.6399   0.3969   0.5896   6.0913   4.8194   5.0700   9.4232   0.0271   0.0563
  11 619.9509   3.5208  13.2489  63.04806196.2222  29.6108 123.8839 672.0192  -0.9996   3.7919   3.6220   0.0890   5.2780  -0.5395   0.3871   0.5866   6.2024   4.7916   4.9807   9.1497   0.0253   0.0504
  12 644.4342   3.7957  13.9478  64.43576840.6562  33.4065 137.8317 736.4550  -0.9624   3.7716   3.6264   0.1024   5.4034  -0.4326   0.3757   0.5818   6.2968   4.7585   4.8918   8.8741   0.0241   0.0455
  13 669.9424   4.0880  14.6616  65.72957510.5986  37.4945 152.4933 802.1845  -0.9256   3.7516   3.6307   0.1144   5.5193  -0.3206   0.3629   0.5754   6.3745   4.7205   4.8034   8.5964   0.0233   0.0413
  14 696.5619   4.3997  15.3919  66.93618207.1602  41.8942 167.8853 869.1206  -0.8891   3.7320   3.6351   0.1251   5.6263  -0.2039   0.3489   0.5674   6.4360   4.6777   4.7151   8.3161   0.0229   0.0378
  15 622.0905   4.0753  13.8828  58.41718829.2510  45.9695 181.7680 927.5377  -0.8520   3.6458   3.6397   0.1349   5.7304  -0.0757   0.3328   0.5573   6.4845   4.6275   4.6212   8.0170   0.0229   0.0347
  16 537.8264   3.6483  12.1128  49.34239367.0771  49.6178 193.8809 976.8799  -0.8225   3.5532   3.6442   0.1426   5.8204   0.0495   0.3165   0.5464   6.5175   4.5763   4.5321   7.7362   0.0232   0.0322
  17 558.0191   3.9169  12.6758  49.98889925.0967  53.5347 206.55661026.8688  -0.7932   3.5398   3.6487   0.1489   5.9006   0.1758   0.2995   0.5342   6.5327   4.5212   4.4435   7.4532   0.0236   0.0301
  18 579.0143   4.2033  13.2584  50.6127*********  57.7381 219.81501077.4814  -0.7640   3.5267   3.6532   0.1539   5.9715   0.3026   0.2820   0.5208   6.5302   4.4624   4.3551   7.1675   0.0242   0.0284
  19 600.8635   4.4976  13.8435  51.2422*********  62.2357 233.65851128.7236  -0.7349   3.5137   3.6576   0.1575   6.0331   0.4286   0.2641   0.5061   6.5100   4.4003   4.2671   6.8802   0.0249   0.0269
  20 623.6260   4.8107  14.4479  51.8580*********  67.0464 248.10641180.5817  -0.7059   3.5008   3.6621   0.1597   6.0856   0.5529   0.2460   0.4904   6.4717   4.3352   4.1793   6.5909   0.0255   0.0256
  21 647.3563   5.1435  15.0719  52.4625*********  72.1899 263.17831233.0442  -0.6770   3.4882   3.6665   0.1606   6.1289   0.6741   0.2280   0.4737   6.4154   4.2675   4.0919   6.3008   0.0261   0.0243
  22 672.1238   5.4975  15.7164  53.0533*********  77.6873 278.89461286.0974  -0.6482   3.4756   3.6709   0.1602   6.1633   0.7916   0.2101   0.4562   6.3410   4.1975   4.0046   6.0096   0.0264   0.0230
  23 697.9677   5.8737  16.3809  53.6276*********  83.5610 295.27561339.7250  -0.6194   3.4633   3.6753   0.1584   6.1888   0.9043   0.1926   0.4378   6.2481   4.1254   3.9175   5.7177   0.0266   0.0216
  24 724.9833   6.2604  17.0664  54.2815*********  89.8214 312.34191394.0065  -0.5907   3.4511   3.6797   0.1554   6.2054   1.0108   0.1756   0.4187   6.1369   4.0517   3.8307   5.4261   0.0264   0.0200
  25 753.2482   6.6643  17.7750  54.9763*********  96.4857 330.11691448.9828  -0.5621   3.4390   3.6840   0.1511   6.2133   1.1103   0.1593   0.3990   6.0073   3.9767   3.7443   5.1351   0.0258   0.0181
  26 783.4075   7.0956  18.5209  55.7276********* 103.5813 348.63781504.7103  -0.5331   3.4271   3.6883   0.1457   6.2126   1.2010   0.1440   0.3790   5.8603   3.9014   3.6590   4.8478   0.0248   0.0158
  27 815.4811   7.5543  19.3036  56.5364********* 111.1356 367.94141561.2467  -0.5039   3.4153   3.6925   0.1392   6.2038   1.2818   0.1300   0.3588   5.6974   3.8264   3.5751   4.5660   0.0233   0.0132
  28 849.1535   8.0396  20.1146  57.3609********* 119.1752 388.05601618.6075  -0.4746   3.4036   3.6967   0.1316   6.1871   1.3528   0.1172   0.3385   5.5182   3.7516   3.4920   4.2880   0.0214   0.0102
  29 884.4463   8.5424  20.9597  58.2653********* 127.7176 409.01571676.8728  -0.4454   3.3921   3.7008   0.1230   6.1628   1.4136   0.1056   0.3181   5.3232   3.6771   3.4099   4.0144   0.0189   0.0067
  301013.6694   9.9668  24.0305  65.2093********* 137.6843 433.04611742.0822  -0.4162   3.4221   3.7048   0.1134   6.1312   1.4635   0.0955   0.2977   5.1129   3.6033   3.3285   3.7456   0.0158   0.0027
  311162.2344  11.6645  27.5478  72.6545********* 149.3488 460.59391814.7366  -0.3811   3.4464   3.7096  -0.0109   6.7503   1.5186   0.0698   0.2551   4.9470   2.8503   2.7020   2.4073   0.0134   0.0024
  321222.8201  12.5154  28.9605  74.2694********* 161.8642 489.55441889.0060  -0.3459   3.4332   3.7143  -0.0120   6.6404   1.6090   0.0644   0.2420   4.7492   2.7746   2.6260   2.3290   0.0134   0.0021
  331288.6737  13.4377  30.4764  76.0317********* 175.3018 520.03081965.0376  -0.3106   3.4207   3.7189  -0.0136   6.5154   1.7014   0.0593   0.2296   4.5565   2.7019   2.5529   2.2543   0.0134   0.0018
  341358.4813  14.3959  32.0782  77.9991********* 189.6977 552.10902043.0367  -0.2750   3.4081   3.7234  -0.0158   6.3786   1.7949   0.0546   0.2179   4.3695   2.6324   2.4829   2.1835   0.0134   0.0016
  351551.0229  16.6791  36.5580  86.7315********* 206.3768 588.66702129.7683  -0.2394   3.4300   3.7278  -0.0184   6.2322   1.8892   0.0502   0.2068   4.1877   2.5659   2.4160   2.1165   0.0134   0.0013
  361780.5852  19.4197  41.8723  96.9288********* 225.7965 630.53932226.6970  -0.1968   3.4474   3.7322  -0.0214   6.0750   1.9870   0.0460   0.1957   3.9980   2.5010   2.3507   2.0517   0.0134   0.0011
  371902.3214  21.0183  44.6147 100.8788********* 246.8148 675.15402327.5759  -0.1535   3.4328   3.7364  -0.0247   5.9152   2.0834   0.0423   0.1855   3.8153   2.4404   2.2895   1.9917   0.0134   0.0008
  382183.1006  24.4114  51.0431 112.8328********* 271.2263 726.19702440.4087  -0.1093   3.4483   3.7404  -0.0281   5.7535   2.1786   0.0388   0.1760   3.6391   2.3831   2.2318   1.9354   0.0134   0.0006
  392685.9407  30.3746  62.5872 135.2746********* 301.6009 788.78422575.6833  -0.0574   3.4865   3.7447  -0.0320   5.5729   2.2834   0.0353   0.1660   3.4479   2.3232   2.1713   1.8771   0.0134   0.0004
  403586.7046  40.9896  83.2661 176.0731********* 342.5905 872.05032751.7563   0.0026   3.5521   3.7489  -0.0361   5.3911   2.3887   0.0321   0.1565   3.2529   2.2663   2.1139   1.8222   0.0134   0.0001
  417312.7886  84.3620 169.1260 350.3937********* 426.95251041.17633102.1501   0.0820   3.7820   3.7527  -0.0401   5.2183   2.4919   0.0292   0.1472   3.0440   2.2149   2.0620   1.7730   0.0134  -0.0001
  428634.4580  99.9865 199.5010 409.9693********* 526.93891240.67723512.1194   0.2569   3.6793   3.7539  -0.0414   5.1631   2.5517   0.0284   0.1394   2.7810   2.1989   2.0459   1.7578   0.0134  -0.0001
  432854.7310  32.6917  66.3085 139.6928********* 559.63061306.98573651.8123   0.3131   3.1424   3.7489  -0.0362   5.3889   2.4461   0.0320   0.1444   2.8191   2.2656   2.1132   1.8215   0.0134   0.0001
  441297.4553  14.7258  30.2413  64.9320********* 574.35631337.22713716.7441   0.3318   2.7813   3.7452  -0.0325   5.5530   2.3642   0.0349   0.1489   2.8766   2.3168   2.1649   1.8709   0.0134   0.0003
  45 910.2263  10.2213  21.2891  46.7149********* 584.57761358.51623763.4590   0.3424   2.6168   3.7409  -0.0285   5.7328   2.2712   0.0384   0.1545   2.9544   2.3761   2.2247   1.9286   0.0134   0.0006
  46 640.6848   7.1110  15.0316  33.7504********* 591.68871373.54793797.2095   0.3469   2.4597   3.7367  -0.0249   5.9019   2.1808   0.0420   0.1602   3.0378   2.4355   2.2846   1.9869   0.0134   0.0008
  47 502.9481   5.5136  11.8312  27.1954********* 597.20221385.37903824.4048   0.3481   2.3534   3.7325  -0.0217   6.0638   2.0913   0.0458   0.1663   3.1261   2.4966   2.3462   2.0474   0.0134   0.0010
  48 409.4038   4.4265   9.6529  22.7523********* 601.62871395.03193847.1572   0.3472   2.2649   3.7280  -0.0185   6.2266   1.9976   0.0500   0.1730   3.2232   2.5635   2.4136   2.1141   0.0134   0.0013
  49 361.4847   3.8544   8.5375  20.6200********* 605.48311403.56933867.7773   0.3454   2.2127   3.7236  -0.0159   6.3731   1.9091   0.0544   0.1797   3.3185   2.6298   2.4803   2.1809   0.0134   0.0016
  50 313.9177   3.2893   7.4251  18.4630********* 608.77241410.99443886.2405   0.3431   2.1537   3.7185  -0.0135   6.5277   1.8096   0.0597   0.1876   3.4290   2.7086   2.5596   2.2611   0.0134   0.0019
  51 268.0205   2.7638   6.3455  16.1823********* 611.53611417.34003902.4229   0.3423   2.0859   3.7143  -0.0120   6.6411   1.7306   0.0644   0.1942   3.5184   2.7751   2.6265   2.3294   0.0134   0.0021
  52 268.2295   2.7192   6.3531  16.6312********* 614.25531423.69303919.0540   0.3434   2.0851   3.7099  -0.0109   6.7438   1.6519   0.0695   0.2011   3.6074   2.8454   2.6971   2.4023   0.0134   0.0024
  53 270.4484   2.6947   6.4047  17.2057********* 616.95011430.09773936.2598   0.3477   2.0844   3.7056   0.1469   6.1129   1.5715   0.0812   0.2396   4.1867   3.3320   3.0497   3.1446   0.0155   0.0024
  54 251.0284   2.4606   5.9411  16.3491********* 619.41061436.03873952.6089   0.3566   2.0431   3.7016   0.1598   6.1606   1.5427   0.0872   0.2544   4.3538   3.3936   3.1178   3.3184   0.0182   0.0059
  55 306.2385   2.9646   7.2427  20.2904********* 622.37521443.28143972.8994   0.3675   2.1185   3.6986   0.1689   6.1920   1.5166   0.0923   0.2648   4.4618   3.4377   3.1664   3.4403   0.0199   0.0081
  56 478.5452   4.5437  11.3087  32.5147********* 626.91891454.59004005.4141   0.3918   2.2881   3.6945   0.1811   6.2303   1.4756   0.0998   0.2781   4.5854   3.4952   3.2298   3.5951   0.0216   0.0107
  57 769.2368   7.1631  18.1524  53.5610********* 634.08211472.74244058.9751   0.4376   2.4485   3.6905   0.1934   6.2647   1.4322   0.1076   0.2893   4.6674   3.5466   3.2858   3.7239   0.0228   0.0129
  581289.8899  11.7955  30.3791  91.8630********* 645.87761503.12154150.8379   0.5251   2.5855   3.6866   0.2069   6.2973   1.3955   0.1142   0.2958   4.6772   3.5840   3.3247   3.7979   0.0235   0.0146
  591807.9633  16.2911  42.4831 131.1851********* 662.16871545.60454282.0229   0.6676   2.5896   3.6832   0.2215   6.3309   1.3774   0.1176   0.2954   4.5922   3.6016   3.3373   3.7934   0.0236   0.0157
  601822.6616  16.2139  42.7401 134.3399********* 678.38261588.34464416.3628   0.8147   2.4460   3.6802   0.2349   6.3636   1.3675   0.1195   0.2929   4.4844   3.6153   3.3423   3.7661   0.0234   0.0164
  611549.1602  13.5931  36.2349 116.0362********* 691.97571624.57954532.3989   0.9337   2.2564   3.6772   0.2464   6.3941   1.3489   0.1227   0.2930   4.4134   3.6399   3.3597   3.7666   0.0232   0.0172
  621357.0145  11.6985  31.6514 103.6058********* 703.67421656.23084636.0049   1.0353   2.0973   3.6739   0.2569   6.4235   1.3204   0.1273   0.2954   4.3703   3.6742   3.3890   3.7902   0.0229   0.0182
  631249.2502  10.5707  29.0461  97.2377********* 714.24491685.27704733.2427   1.1214   1.9752   3.6706   0.2660   6.4496   1.2868   0.1327   0.2991   4.3450   3.7124   3.4242   3.8254   0.0225   0.0193
  641217.0985  10.0838  28.1922  96.7323********* 724.32871713.46924829.9751   1.2041   1.8813   3.6670   0.2745   6.4745   1.2466   0.1392   0.3039   4.3292   3.7562   3.4666   3.8707   0.0221   0.0207
  651156.3319   9.3817  26.6726  93.7720********* 733.71041740.14184923.7471   1.2792   1.7839   3.6634   0.2819   6.4958   1.2052   0.1459   0.3091   4.3194   3.7999   3.5106   3.9186   0.0218   0.0223
  661217.6366   9.6799  27.9614 100.6411********* 743.39031768.10335024.3882   1.3478   1.7377   3.6600   0.2880   6.5135   1.1644   0.1526   0.3144   4.3138   3.8421   3.5544   3.9665   0.0216   0.0241
  671599.2197  12.4431  36.5366 134.7898********* 755.83331804.63995159.1782   1.4177   1.7862   3.6564   0.2936   6.5295   1.1217   0.1597   0.3201   4.3099   3.8859   3.6014   4.0178   0.0215   0.0265
  681231.0497   9.6212  28.1542 103.3492********* 765.45451832.79415262.5273   1.4141   1.6762   3.6572   0.2931   6.5291   1.1334   0.1578   0.3182   4.2991   3.8766   3.5893   4.0016   0.0215   0.0260
  69 806.7264   6.3491  18.4803  67.3013********* 771.80361851.27445329.8286   1.3981   1.5086   3.6583   0.2916   6.5256   1.1490   0.1552   0.3159   4.2929   3.8621   3.5726   3.9813   0.0215   0.0252
  701031.6655   7.9579  23.5165  87.6356********* 779.76151874.79105417.4644   1.4602   1.5533   3.6550   0.2964   6.5390   1.1088   0.1620   0.3214   4.2935   3.9030   3.6174   4.0316   0.0215   0.0276
  711062.7351   8.0165  24.0909  92.0207********* 787.77811898.88205509.4849   1.5209   1.5055   3.6516   0.3004   6.5499   1.0678   0.1691   0.3274   4.2980   3.9443   3.6644   4.0850   0.0217   0.0304
  721074.8901   7.9118  24.2229  94.9176********* 795.68981923.10495604.4023   1.5795   1.4518   3.6482   0.3035   6.5578   1.0273   0.1763   0.3337   4.3066   3.9849   3.7127   4.1404   0.0222   0.0338
  731086.4661   7.8010  24.3311  97.7967********* 803.49081947.43595702.1992   1.6373   1.3987   3.6448   0.3060   6.5631   0.9884   0.1835   0.3401   4.3181   4.0242   3.7616   4.1972   0.0229   0.0379
  741097.7822   7.6877  24.4230 100.6840********* 811.17851971.85895802.8833   1.6932   1.3473   3.6414   0.3076   6.5654   0.9511   0.1907   0.3468   4.3340   4.0622   3.8113   4.2557   0.0240   0.0425
  751121.4667   7.6588  24.7779 104.7534********* 818.83721996.63675907.6367   1.7503   1.2994   3.6380   0.3085   6.5659   0.9170   0.1977   0.3534   4.3520   4.0986   3.8609   4.3153   0.0255   0.0480
  761095.1516   7.2924  24.0223 104.1407********* 826.12962020.65916011.7773   1.8053   1.2342   3.6346   0.3086   6.5632   0.8854   0.2046   0.3604   4.3758   4.1333   3.9113   4.3772   0.0274   0.0542
  771067.6578   6.9280  23.2412 103.3464********* 833.05762043.90036115.1235   1.8576   1.1708   3.6312   0.3079   6.5567   0.8557   0.2116   0.3678   4.4073   4.1664   3.9634   4.4423   0.0299   0.0614
  781085.5165   6.8505  23.4251 107.0460********* 839.90802067.32546222.1694   1.9076   1.1280   3.6277   0.3061   6.5455   0.8277   0.2188   0.3759   4.4482   4.1982   4.0186   4.5120   0.0330   0.0699
  791133.6674   6.9291  24.1938 114.1100********* 846.83712091.51936336.2793   1.9576   1.0968   3.6242   0.3035   6.5314   0.8043   0.2257   0.3841   4.4949   4.2275   4.0741   4.5836   0.0367   0.0796
  801137.3793   6.7301  23.9978 116.7958********* 853.56712115.51716453.0752   2.0102   1.0457   3.6207   0.3003   6.5159   0.7872   0.2320   0.3924   4.5458   4.2544   4.1291   4.6576   0.0412   0.0905
  811114.3677   6.3874  23.2478 116.6227********* 859.95462138.76496569.6978   2.0593   0.9877   3.6173   0.2963   6.4972   0.7753   0.2378   0.4008   4.6036   4.2777   4.1832   4.7320   0.0462   0.1025
  821126.8654   6.2442  23.2246 120.2514********* 866.19882161.98956689.9492   2.1077   0.9441   3.6137   0.2911   6.4730   0.7677   0.2437   0.4099   4.6741   4.2989   4.2411   4.8121   0.0523   0.1167
  831124.5762   6.0118  22.8775 122.4276********* 872.21062184.86696812.3770   2.1553   0.8957   3.6099   0.2846   6.4425   0.7659   0.2494   0.4199   4.7586   4.3173   4.3029   4.8978   0.0598   0.1335
  841103.2643   5.6974  22.1610 122.3586********* 877.90812207.02816934.7354   2.2015   0.8412   3.6063   0.2776   6.4104   0.7721   0.2543   0.4297   4.8482   4.3314   4.3621   4.9827   0.0680   0.1516
  851139.5334   5.6941  22.6124 128.5616********* 883.60222229.64047063.2969   2.2453   0.8114   3.6030   0.2702   6.3773   0.7852   0.2583   0.4391   4.9418   4.3414   4.4183   5.0659   0.0768   0.1707
  861181.3462   5.6586  22.9808 136.1407********* 889.26082252.62137199.4375   2.2929   0.7794   3.5993   0.2612   6.3380   0.8081   0.2619   0.4497   5.0545   4.3484   4.4798   5.1597   0.0877   0.1941
  871206.6089   5.5260  22.9592 142.0571********* 894.78682275.58067341.4946   2.3373   0.7443   3.5956   0.2513   6.2936   0.8392   0.2649   0.4606   5.1790   4.3507   4.5420   5.2541   0.0999   0.2202
  881232.8925   5.3798  22.9111 148.3489********* 900.16662298.49177489.8438   2.3849   0.7061   3.5917   0.2397   6.2428   0.8834   0.2671   0.4724   5.3245   4.3483   4.6084   5.3586   0.1147   0.2514
  891236.9626   5.1730  22.5168 151.5846********* 905.33962321.00857641.4282   2.4274   0.6649   3.5883   0.2288   6.1960   0.9321   0.2682   0.4831   5.4636   4.3423   4.6664   5.4545   0.1292   0.2821
  901240.6135   4.9303  22.0326 155.2605********* 910.26992343.04137796.6890   2.4742   0.6195   3.5842   0.2147   6.1338   1.0012   0.2685   0.4960   5.6439   4.3289   4.7364   5.5678   0.1485   0.3230
  911211.2230   4.6051  21.0572 154.2493********* 914.87512364.09847950.9385   2.5145   0.5687   3.5807   0.2016   6.0768   1.0724   0.2678   0.5075   5.8131   4.3124   4.0442   5.6692   0.1673   0.3627
  921335.7659   4.8491  22.7143 173.1103********* 919.72412386.81278124.0488   2.5580   0.5677   3.5771   0.1872   6.0152   1.1587   0.2659   0.5198   6.0042   4.2908   4.0257   5.7810   0.1892   0.4091
  931303.2079   4.3964  21.6633 172.2015********* 924.12052408.47618296.2500   2.6049   0.5101   3.5729   0.1695   5.9388   1.2717   0.2625   0.5341   6.2395   4.2590   4.0034   5.9089   0.2172   0.4689
  941220.0217   3.6544  20.0910 163.6042********* 927.77502428.56718459.8545   2.6426   0.4437   3.5694   0.1533   5.8678   1.3816   0.2583   0.5466   6.4561   4.2255   3.9831   6.0178   0.2441   0.5268
  951334.6975   3.4907  21.9038 181.0900********* 931.26572450.47098640.9443   2.6830   0.4424   3.5657   0.1357   5.7919   1.5095   0.2527   0.5599   6.6974   4.1854   3.9612   6.1369   0.2752   0.5944
  961481.1553   3.4062  24.1002 202.8520********* 934.67192474.57138843.7959   2.7269   0.4437   3.5618   0.1162   5.7093   1.6604   0.2453   0.5744   6.9715   4.1374   3.9371   6.2703   0.3119   0.6751
  971647.6381   3.2745  26.5303 227.4942********* 937.94642501.10169071.2900   2.7732   0.4437   3.5573   0.0920   5.6041   1.8561   0.2348   0.5914   7.3117   4.0714   3.9076   6.4200   0.3604   0.7830
  981541.2345   2.5981  24.5104 214.1119********* 940.54442525.61189285.4023   2.8242   0.3637   3.5520  -0.0337   4.8338   3.2950   0.0418   0.4467  10.7731   4.3608   3.8715   4.5028   0.3602   0.6812
  991332.4749   2.0267  21.0248 185.4932********* 942.57102546.63679470.8955   2.8591   0.2656   3.5486  -0.0464   4.6692   3.5062   0.0235   0.4437  11.3034   4.3716   3.8471   4.4777   0.3769   0.7086
 1001454.5770   1.9690  22.7431 202.6931********* 944.54012569.37999673.5889   2.8972   0.2656   3.5447  -0.0605   4.4805   3.7392   0.0035   0.4404  11.8928   4.3795   3.8178   4.4573   0.3955   0.7390
 1011602.8950   1.6598  23.1968 228.5512********* 946.19992592.57679902.1396   2.9374   0.2675   3.5401  -0.0759   4.2641   3.9943  -0.0182   0.4368  12.5441   4.3825   3.7825   4.4451   0.4160   0.7725
 1021765.6007   1.2885  23.0363 258.2341********* 947.48832615.6130*********   2.9794   0.2675   3.5346  -0.0930   4.0125   4.2742  -0.0417   0.4328  13.2671   4.3779   3.7391   4.4463   0.4388   0.8095
 1031963.9491   0.9729  22.9414 293.3506********* 948.46132638.5544*********   3.0256   0.2675   3.5287  -0.1099   3.7463   4.5505  -0.0647   0.4289  13.9918   4.3631   3.6904   4.4658   0.4617   0.8465
 1042198.7100   0.7379  22.4848 334.9430********* 949.19922661.0393*********   3.0747   0.2675   3.5230  -0.1250   3.4929   4.7943  -0.0845   0.4255  14.6423   4.3396   3.6413   4.5022   0.4823   0.8796
 1052463.5127   0.5496  20.9533 383.8944********* 949.74882681.9927*********   3.1260   0.2655   3.5175  -0.1382   3.2542   5.0063  -0.1015   0.4226  15.2192   4.3088   3.5926   4.5526   0.5007   0.9089
 1062102.7051   0.2696  13.9926 335.6471********* 950.01842695.9854*********   3.1816   0.1412   3.5107  -0.1530   2.9638   5.2409  -0.1197   0.4193  15.8736   4.2597   3.5301   4.6356   0.5215   0.9418
 1071503.9274   0.1377   8.6532 242.7319********* 950.15612704.6384*********   3.2108  -0.0336   3.5067  -0.1609   2.7959   5.3646  -0.1200   0.4176  16.2276   4.2254   3.4922   4.6945   0.5328   0.9595
 1081612.0219   0.1192   8.2038 263.4907********* 950.27522712.8423*********   3.2410  -0.0336   3.5020  -0.1695   2.6012   5.4970  -0.1200   0.4158  16.6154   4.1802   3.4467   4.7732   0.5453   0.9788
 1091733.5831   0.1118   7.8951 287.2693********* 950.38702720.7373*********   3.2725  -0.0336   3.4972  -0.1774   2.4055   5.6178  -0.1200   0.4142  16.9803   4.1287   3.3993   4.8635   0.5570   0.9969
 1101871.5367   0.1043   7.5606 314.2253********* 950.49132728.2979*********   3.3058  -0.0336   3.4924  -0.1844   2.2153   5.7232  -0.1200   0.4128  17.3105   4.0728   3.3515   4.9622   0.5677   1.0131
 1112026.5725   0.0952   7.0876 345.0055********* 950.58652735.3855*********   3.3404  -0.0336   3.4869  -0.1917   1.9986   5.8289  -0.1200   0.4114  17.6573   4.0019   3.2950   5.0881   0.5789   1.0299
 1122183.6636   0.0834   6.3577 377.5634********* 950.66992741.7432*********   3.3767  -0.0375   3.4801  -0.1992   1.7389   5.9346  -0.1200   0.4100  18.0303   3.9067   3.2243   5.2582   0.5911   1.0478
 1132398.8323   0.0774   6.2020 419.1275********* 950.74732747.9451*********   3.4136  -0.0336   3.4734  -0.2053   1.4847   6.0158  -0.1200   0.4090  18.3498   3.8024   3.1520   5.4453   0.6016   1.0628
 1141498.7548   0.0426   3.6606 263.6697********* 950.78992751.6057*********   3.4485  -0.2728   3.4670  -0.2099   1.2493   6.0708  -0.1200   0.4084  18.6047   3.6958   3.0821   5.6373   0.6102   1.0744
 115 232.6168   0.0110   0.8085  39.8070********* 950.80082752.4141*********   3.2695  -0.9028   3.4862  -0.1926   1.9698   5.8417  -0.1200   0.4112  17.7009   3.9919   3.2873   5.1059   0.5803   1.0320
 116 154.0460   0.0127   0.8359  25.1269********* 950.81352753.2500*********   3.0905  -0.9028   3.5053  -0.1635   2.7386   5.4048  -0.1200   0.4171  16.3441   4.2127   3.4790   4.7165   0.5366   0.9653
 117 102.0139   0.0365   1.0769  15.5566********* 950.85012754.3269*********   2.9115  -0.9029   3.5245  -0.1212   3.5585   4.7329  -0.0796   0.4264  14.4775   4.3466   3.6543   4.4911   0.4771   0.8713
 118  67.5583   0.0845   1.0366   9.5228********* 950.93462755.3635*********   2.7325  -0.9029   3.5437  -0.0638   4.4342   3.7949  -0.0012   0.4396  12.0344   4.3807   3.8104   4.4537   0.3999   0.7462
 119  47.7218   0.1142   0.7689   6.5563********* 951.04882756.1323*********   2.5535  -0.8748   3.5629   0.1189   5.6648   1.5892   0.2480   0.5642   6.8179   4.1256   3.9437   6.0426   0.2974   0.6418
 120  29.6276   0.1145   0.5187   3.7512********* 951.16332756.6511*********   2.3746  -0.9029   3.5820   0.2050   6.0686   1.0287   0.2694   0.5020   5.7334   4.3086   4.0506   5.5656   0.1588   0.3445
 121  19.6208   0.0962   0.3861   2.2348********* 951.25952757.0374*********   2.1956  -0.9029   3.6012   0.2665   6.3652   0.7987   0.2597   0.4440   4.9920   4.3471   4.4458   5.1186   0.0819   0.1818
 122  13.8600   0.0818   0.2921   1.4247********* 951.34122757.3293*********   2.0166  -0.8748   3.6204   0.3037   6.5542   0.8161   0.2283   0.3897   4.5006   4.2664   4.1185   4.6878   0.0421   0.0928
 123   8.6049   0.0596   0.1907   0.7951********* 951.40092757.5200*********   1.8376  -0.9029   3.6395   0.3172   6.6360   0.9975   0.1844   0.3384   4.1648   4.0917   3.7974   4.2595   0.0250   0.0463
 124  27.7329   0.2198   0.6354   2.3002********* 951.62072758.1555*********   1.6586  -0.2156   3.6587   0.3075   6.6104   1.2597   0.1373   0.2894   3.8908   3.8481   3.4823   3.8196   0.0209   0.0246
 125 982.7692   7.7741  22.5068  81.6656********* 959.39482780.6624*********   1.6622   1.3303   3.6584   0.3079   6.6119   1.2549   0.1381   0.2903   3.8952   3.8529   3.4877   3.8275   0.0209   0.0248
 1263291.3245  25.8970  75.2785 274.8039********* 985.29182855.9409*********   1.6781   1.8393   3.6575   0.3091   6.6173   1.2445   0.1399   0.2919   3.8991   3.8653   3.5004   3.8459   0.0209   0.0255
 1276512.4678  52.5004 149.7836 531.9500*********1037.79223005.7246*********   1.6538   2.1599   3.6614   0.3051   6.6028   1.3042   0.1300   0.2812   3.8277   3.8097   3.4337   3.7493   0.0208   0.0227
 1285569.5747  45.6026 128.5247 448.3961*********1083.39483134.2493*********   1.6474   2.0984   3.6640   0.3024   6.5929   1.3448   0.1235   0.2738   3.7695   3.7730   3.3887   3.6831   0.0208   0.0212
 1291862.5275  14.9134  42.7697 153.0759*********1098.30823177.0190*********   1.6885   1.5816   3.6603   0.3076   6.6141   1.2946   0.1316   0.2825   3.8170   3.8266   3.4471   3.7698   0.0208   0.0235
 130 725.5662   5.6785  16.5712  60.8630*********1103.98683193.5903*********   1.7288   1.1318   3.6566   0.3119   6.6315   1.2433   0.1401   0.2914   3.8656   3.8794   3.5066   3.8575   0.0208   0.0262
 131 435.2144   3.3256   9.8805  37.2676*********1107.31243203.4707*********   1.7706   0.8681   3.6528   0.3154   6.6456   1.1916   0.1490   0.3007   3.9142   3.9316   3.5674   3.9465   0.0212   0.0295
 132 274.5352   2.0414   6.1929  24.0311*********1109.35383209.6636*********   1.8137   0.6249   3.6490   0.3181   6.6561   1.1415   0.1578   0.3098   3.9616   3.9817   3.6279   4.0350   0.0218   0.0334
 133 179.7899   1.2945   4.0233  16.1367*********1110.64833213.6868*********   1.8638   0.3910   3.6446   0.3201   6.6635   1.0851   0.1682   0.3207   4.0190   4.0376   3.6989   4.1389   0.0229   0.0389
 134 117.6024   0.8144   2.6046  10.8659*********1111.46283216.2915*********   1.9218   0.1486   3.6394   0.3208   6.6650   1.0221   0.1806   0.3340   4.0928   4.0998   3.7839   4.2631   0.0251   0.0469
 135  72.0094   0.4697   1.5677   6.9393*********1111.93253217.8594*********   2.0098  -0.1524   3.6317   0.3187   6.6544   0.9407   0.1984   0.3542   4.2136   4.1834   3.9108   4.4512   0.0302   0.0624
 136  41.0324   0.2563   0.8811   4.0692*********1112.18873218.7405*********   2.0717  -0.4586   3.6265   0.3152   6.6394   0.8970   0.2097   0.3681   4.3049   4.2333   3.9966   4.5819   0.0351   0.0757
 137  48.6042   0.2874   1.0245   4.9871*********1112.47613219.7649*********   2.1350  -0.4484   3.6205   0.3088   6.6103   0.8575   0.2222   0.3847   4.4279   4.2817   4.0959   4.7321   0.0425   0.0940
 138  54.6180   0.3106   1.1357   5.7353*********1112.78673220.9006*********   2.1757  -0.4384   3.6164   0.3029   6.5823   0.8376   0.2304   0.3968   4.5266   4.3099   4.1668   4.8377   0.0490   0.1092
 139  79.7498   0.4648   1.6725   8.2543*********1113.25163222.5732*********   2.1511  -0.2493   3.6190   0.3068   6.6009   0.8494   0.2253   0.3891   4.4632   4.2928   4.1222   4.7718   0.0448   0.0994
 140 143.9514   0.8773   3.0656  14.4988*********1114.12893225.6389*********   2.1033   0.0549   3.6238   0.3127   6.6288   0.8784   0.2153   0.3754   4.3564   4.2565   4.0408   4.6504   0.0382   0.0835
 141 527.1181   3.3122  11.3422  52.0708*********1117.44123236.9812*********   2.0666   0.6553   3.6271   0.3158   6.6428   0.9029   0.2082   0.3662   4.2907   4.2276   3.9852   4.5660   0.0344   0.0739
 1421108.5806   6.8508  23.7200 110.6828*********1124.29203260.7012*********   2.0884   0.9563   3.6253   0.3143   6.6364   0.8897   0.2120   0.3711   4.3247   4.2440   4.0152   4.6127   0.0364   0.0790
 1431016.2949   6.1072  21.5397 103.2573*********1130.39923282.2407*********   2.1196   0.8874   3.6223   0.3111   6.6214   0.8687   0.2185   0.3796   4.3881   4.2689   4.0663   4.6894   0.0402   0.0883
 144 647.9235   3.7562  13.5633  67.2745*********1134.15543295.8040*********   2.1563   0.6552   3.6184   0.3060   6.5972   0.8468   0.2264   0.3908   4.4765   4.2968   4.1318   4.7864   0.0457   0.1015
 145 590.9551   3.3007  12.2104  62.7033*********1137.45613308.0144*********   2.1956   0.5760   3.6145   0.2998   6.5687   0.8319   0.2339   0.4023   4.5740   4.3217   4.1991   4.8879   0.0524   0.1170
 146 547.8199   2.9502  11.1732  59.3271*********1140.40623319.1875*********   2.2341   0.5045   3.6106   0.2929   6.5371   0.8253   0.2407   0.4137   4.6766   4.3418   4.2646   4.9880   0.0599   0.1340
 147 530.9389   2.7535  10.6829  58.6787*********1143.15983329.8704*********   2.2744   0.4507   3.6067   0.2848   6.5009   0.8273   0.2468   0.4256   4.7904   4.3582   4.3316   5.0925   0.0689   0.1538
 148 506.6923   2.5322  10.0583  57.0724*********1145.69203339.9287*********   2.3155   0.3892   3.6030   0.2762   6.4634   0.8388   0.2519   0.4372   4.9095   4.3702   4.3961   5.1976   0.0788   0.1754
 149 513.2039   2.4643  10.0023  58.9624*********1148.15643349.9309*********   2.3562   0.3541   3.5995   0.2675   6.4270   0.8584   0.2559   0.4481   5.0283   4.3779   4.4554   5.2995   0.0892   0.1977
 150 522.8319   2.3894   9.9493  61.4933*********1150.54583359.8801*********   2.4025   0.3158   3.5954   0.2562   6.3796   0.8915   0.2597   0.4612   5.1804   4.3818   4.5254   5.4211   0.1030   0.2272
 151 473.2531   2.0584   8.7939  56.9181*********1152.60423368.6741*********   2.4455   0.2296   3.5914   0.2439   6.3265   0.9352   0.2626   0.4745   5.3454   4.3796   4.5953   5.5416   0.1185   0.2601
 152 457.4891   1.9039   8.3228  56.0800*********1154.50823376.9968*********   2.4825   0.1779   3.5878   0.2321   6.2751   0.9841   0.2642   0.4865   5.5036   4.3727   4.6576   5.6496   0.1340   0.2930
 153 500.7036   1.9866   8.9035  62.5991*********1156.49483385.9004*********   2.5217   0.1779   3.5840   0.2184   6.2156   1.0481   0.2650   0.4997   5.6868   4.3600   4.7249   5.7675   0.1527   0.3325
 154 550.5929   2.0746   9.5529  70.2528*********1158.56933395.4534*********   2.5629   0.1779   3.5799   0.2025   6.1467   1.1307   0.2646   0.5141   5.8993   4.3399   4.0402   5.8960   0.1753   0.3804
 155 609.8183   2.1779  10.3154  79.3944*********1160.74723405.7688*********   2.6073   0.1779   3.5757   0.1851   6.0720   1.2326   0.2627   0.5294   6.1380   4.3128   4.0184   6.0356   0.2018   0.4370
 156 599.8683   1.8864   9.9918  79.6882*********1162.63353415.7607*********   2.6588   0.1192   3.5710   0.1641   5.9837   1.3680   0.2586   0.5472   6.4307   4.2742   3.9923   6.2013   0.2360   0.5105
 157 485.3848   1.2834   8.0016  65.5452*********1163.91693423.7625*********   2.7114  -0.0253   3.5658   0.1394   5.8783   1.5398   0.2519   0.5668   6.7764   4.2206   3.9620   6.3804   0.2788   0.6038
 158 431.3181   0.9621   7.0283  58.9533*********1164.87893430.7908*********   2.7580  -0.1232   3.5606   0.1127   5.7598   1.7395   0.2425   0.5866   7.1515   4.1527   3.9296   6.5510   0.3289   0.7143
 159 493.9837   0.8944   7.9263  68.1864*********1165.77333438.7170*********   2.8169  -0.1232   3.5541   0.0760   5.5980   2.0372   0.2263   0.6124   7.6753   4.0482   3.8857   6.7731   0.4048   0.8854
 160 443.2056   0.6329   6.9818  61.4772*********1166.40623445.6990*********   2.8900  -0.2434   3.5463  -0.0549   4.5555   3.6478   0.0114   0.4417  11.6610   4.3769   3.8296   4.4643   0.3882   0.7270
 161 168.9953   0.1940   2.5290  23.7943*********1166.60023448.2280*********   2.9299  -0.7020   3.5417  -0.0706   4.3393   3.9072  -0.0108   0.4380  12.3209   4.3822   3.7950   4.4480   0.4089   0.7610
 162  99.1657   0.1113   1.4740  13.9908*********1166.71153449.7019*********   2.9324  -0.9361   3.5413  -0.0718   4.3229   3.9263  -0.0124   0.4377  12.3698   4.3823   3.7923   4.4472   0.4105   0.7635
 163 204.0825   0.1780   2.8161  29.3803*********1166.88953452.5181*********   2.9606  -0.6508   3.5375  -0.0841   4.1448   4.1292  -0.0296   0.4349  12.8913   4.3814   3.7623   4.4436   0.4269   0.7903
 164 217.7780   0.1470   2.7902  31.8850*********1167.03653455.3083*********   2.9889  -0.6508   3.5337  -0.0958   3.9691   4.3206  -0.0456   0.4322  13.3880   4.3762   3.7314   4.4482   0.4426   0.8157
 165 223.7909   0.1164   2.6642  33.2276*********1167.15283457.9724*********   3.0171  -0.6672   3.5298  -0.1068   3.7962   4.5003  -0.0605   0.4296  13.8593   4.3667   3.6998   4.4607   0.4575   0.8398
 166 247.9940   0.0988   2.7447  37.2562*********1167.25163460.7170*********   3.0453  -0.6508   3.5260  -0.1173   3.6250   4.6696  -0.0744   0.4273  14.3081   4.3530   3.6673   4.4811   0.4717   0.8627
 167 264.6364   0.0799   2.6073  40.4271*********1167.33143463.3245*********   3.0735  -0.6509   3.5222  -0.1271   3.4560   4.8281  -0.0873   0.4251  14.7337   4.3354   3.6340   4.5090   0.4852   0.8843
 168 282.4024   0.0636   2.4306  43.8804*********1167.39503465.7551*********   3.1017  -0.6509   3.5184  -0.1363   3.2897   4.9759  -0.0991   0.4230  15.1358   4.3139   3.6000   4.5442   0.4980   0.9046
 169 301.3539   0.0503   2.2631  47.4831*********1167.44533468.0183*********   3.1299  -0.6509   3.5145  -0.1450   3.1250   5.1139  -0.1099   0.4211  15.5168   4.2885   3.5653   4.5866   0.5101   0.9239
 170 321.5772   0.0395   2.1061  51.2788*********1167.48493470.1245*********   3.1581  -0.6509   3.5107  -0.1531   2.9625   5.2419  -0.1198   0.4193  15.8763   4.2594   3.5298   4.6360   0.5216   0.9419
 171 343.1578   0.0307   1.9567  55.2965*********1167.51563472.0813*********   3.1864  -0.6509   3.5069  -0.1606   2.8021   5.3602  -0.1200   0.4177  16.2147   4.2268   3.4936   4.6922   0.5324   0.9589
 172 352.6322   0.0258   1.8037  57.4316*********1167.54143473.8850*********   3.2146  -0.6672   3.5031  -0.1676   2.6442   5.4688  -0.1200   0.4162  16.5318   4.1907   3.4569   4.7548   0.5426   0.9747
 173 390.7696   0.0257   1.8306  64.3794*********1167.56713475.7156*********   3.2428  -0.6509   3.4992  -0.1741   2.4879   5.5684  -0.1200   0.4149  16.8297   4.1511   3.4195   4.8240   0.5521   0.9894
 174 416.9934   0.0245   1.7795  69.4712*********1167.59173477.4951*********   3.2710  -0.6509   3.4954  -0.1801   2.3336   5.6590  -0.1200   0.4136  17.1079   4.1083   3.3814   4.8995   0.5611   1.0031
 175 444.9773   0.0233   1.7226  74.9150*********1167.61503479.2178*********   3.2992  -0.6509   3.4916  -0.1856   2.1813   5.7409  -0.1200   0.4125  17.3671   4.0622   3.3428   4.9810   0.5695   1.0158
 176 474.8498   0.0222   1.6683  80.6765*********1167.63723480.8860*********   3.3274  -0.6509   3.4877  -0.1906   2.0313   5.8139  -0.1200   0.4116  17.6070   4.0131   3.3036   5.0682   0.5773   1.0275
 177 506.7162   0.0211   1.6075  86.8497*********1167.65833482.4934*********   3.3556  -0.6509   3.4839  -0.1952   1.8828   5.8788  -0.1200   0.4107  17.8293   3.9608   3.2639   5.1613   0.5845   1.0382
 178 540.7211   0.0200   1.5411  93.4621*********1167.67833484.0344*********   3.3838  -0.6509   3.4801  -0.1993   1.7362   5.9356  -0.1200   0.4100  18.0339   3.9056   3.2236   5.2600   0.5912   1.0479
 179 555.6374   0.0184   1.4423  96.7237*********1167.69683485.4768*********   3.4121  -0.6673   3.4762  -0.2029   1.5915   5.9844  -0.1200   0.4094  18.2211   3.8475   3.1828   5.3642   0.5974   1.0568
 180 615.7442   0.0189   1.5463 107.5953*********1167.71573487.0229*********   3.4403  -0.6509   3.4724  -0.2061   1.4491   6.0254  -0.1200   0.4089  18.3910   3.7869   3.1416   5.4732   0.6030   1.0647
 181 608.3944   0.0173   1.4770 106.7274*********1167.73303488.5000*********   3.4685  -0.6843   3.4686  -0.2088   1.3080   6.0589  -0.1200   0.4085  18.5448   3.7233   3.0998   5.5877   0.6082   1.0717
 182 539.9867   0.0143   1.2693  95.1154*********1167.74733489.7693*********   3.4924  -0.7600   3.4648  -0.2112   1.1695   6.0849  -0.1200   0.4082  18.6819   3.6575   3.0578   5.7064   0.6128   1.0779
 183 513.7317   0.0126   1.1699  90.8611*********1167.75993490.9392*********   3.5142  -0.8035   3.4610  -0.2131   1.0348   6.1036  -0.1200   0.4081  18.8017   3.5903   3.0161   5.8279   0.6169   1.0831
 184 512.0285   0.0116   1.1256  90.9689*********1167.77153492.0647*********   3.5363  -0.8270   3.4569  -0.2147   0.8884   6.1165  -0.1200   0.4080  18.9166   3.5135   2.9697   5.9669   0.6208   1.0880
 185 446.1408   0.0092   0.9425  79.6635*********1167.78063493.0073*********   3.5556  -0.9061   3.4523  -0.2161   0.7271   6.1215  -0.1200   0.4080  19.0246   3.4243   2.9172   6.1286   0.6246   1.0923
 186 306.9800   0.0054   0.6159  55.1320*********1167.78613493.6233*********   3.5694  -1.0822   3.4458  -0.2170   0.5049   6.1124  -0.1200   0.4083  19.1409   3.2937   2.8426   6.3660   0.6289   1.0965
 187 125.1352   0.0020   0.2449  22.4799*********1167.78813493.8682*********   3.5776  -1.4802   3.4431  -0.2171   0.4133   6.1033  -0.1200   0.4085  19.1777   3.2371   2.8112   6.4688   0.6303   1.0976
