( Z, Y, Age) = 0.007549   0.249   1.000
 Mbol       dN       log dN    V       dN       log dN     I         dN       log dN
 12.75  0.0000E+00   0.000     16.75  0.0000E+00   0.000     12.75  0.0000E+00   0.000
 12.50  0.0000E+00   0.000     16.50  0.0000E+00   0.000     12.50  0.0000E+00   0.000
 12.25  0.0000E+00   0.000     16.25  0.0000E+00   0.000     12.25  0.0000E+00   0.000
 12.00  0.0000E+00   0.000     16.00  0.0000E+00   0.000     12.00  0.0000E+00   0.000
 11.75  0.0000E+00   0.000     15.75  0.0000E+00   0.000     11.75  0.0000E+00   0.000
 11.50  0.0000E+00   0.000     15.50  0.0000E+00   0.000     11.50  0.0000E+00   0.000
 11.25  0.0000E+00   0.000     15.25  0.0000E+00   0.000     11.25  0.0000E+00   0.000
 11.00  0.0000E+00   0.000     15.00  0.0000E+00   0.000     11.00  0.0000E+00   0.000
 10.75  0.0000E+00   0.000     14.75  0.0000E+00   0.000     10.75  0.0000E+00   0.000
 10.50  0.0000E+00   0.000     14.50  0.0000E+00   0.000     10.50  0.0000E+00   0.000
 10.25  0.0000E+00   0.000     14.25  0.0000E+00   0.000     10.25  0.0000E+00   0.000
 10.00  0.0000E+00   0.000     14.00  0.0000E+00   0.000     10.00  0.0000E+00   0.000
  9.75  0.0000E+00   0.000     13.75  0.0000E+00   0.000      9.75  0.0000E+00   0.000
  9.50  0.0000E+00   0.000     13.50  0.0000E+00   0.000      9.50  0.0000E+00   0.000
  9.25  0.0000E+00   0.000     13.25  0.0000E+00   0.000      9.25  0.0000E+00   0.000
  9.00  0.0000E+00   0.000     13.00  0.0000E+00   0.000      9.00  0.9718E+04   3.988
  8.75  0.0000E+00   0.000     12.75  0.0000E+00   0.000      8.75  0.1684E+05   4.226
  8.50  0.0000E+00   0.000     12.50  0.0000E+00   0.000      8.50  0.2133E+05   4.329
  8.25  0.0000E+00   0.000     12.25  0.0000E+00   0.000      8.25  0.1516E+05   4.181
  8.00  0.1251E+05   4.097     12.00  0.0000E+00   0.000      8.00  0.1430E+05   4.155
  7.75  0.2628E+05   4.420     11.75  0.0000E+00   0.000      7.75  0.1036E+05   4.016
  7.50  0.2068E+05   4.315     11.50  0.0000E+00   0.000      7.50  0.1167E+05   4.067
  7.25  0.1974E+05   4.295     11.25  0.0000E+00   0.000      7.25  0.1048E+05   4.020
  7.00  0.1595E+05   4.203     11.00  0.0000E+00   0.000      7.00  0.1030E+05   4.013
  6.75  0.1464E+05   4.166     10.75  0.0000E+00   0.000      6.75  0.9819E+04   3.992
  6.50  0.1395E+05   4.144     10.50  0.0000E+00   0.000      6.50  0.9771E+04   3.990
  6.25  0.1259E+05   4.100     10.25  0.0000E+00   0.000      6.25  0.9475E+04   3.977
  6.00  0.1187E+05   4.074     10.00  0.0000E+00   0.000      6.00  0.9208E+04   3.964
  5.75  0.1092E+05   4.038      9.75  0.0000E+00   0.000      5.75  0.9291E+04   3.968
  5.50  0.1033E+05   4.014      9.50  0.0000E+00   0.000      5.50  0.8709E+04   3.940
  5.25  0.9808E+04   3.992      9.25  0.0000E+00   0.000      5.25  0.8401E+04   3.924
  5.00  0.8639E+04   3.936      9.00  0.5618E+04   3.750      5.00  0.8044E+04   3.905
  4.75  0.8187E+04   3.913      8.75  0.1476E+05   4.169      4.75  0.7558E+04   3.878
  4.50  0.7810E+04   3.893      8.50  0.2125E+05   4.327      4.50  0.7103E+04   3.851
  4.25  0.7148E+04   3.854      8.25  0.1652E+05   4.218      4.25  0.6596E+04   3.819
  4.00  0.6526E+04   3.815      8.00  0.1472E+05   4.168      4.00  0.6148E+04   3.789
  3.75  0.6397E+04   3.806      7.75  0.1241E+05   4.094      3.75  0.6053E+04   3.782
  3.50  0.5812E+04   3.764      7.50  0.1082E+05   4.034      3.50  0.5479E+04   3.739
  3.25  0.5748E+04   3.760      7.25  0.1065E+05   4.027      3.25  0.5453E+04   3.737
  3.00  0.5442E+04   3.736      7.00  0.1116E+05   4.048      3.00  0.5119E+04   3.709
  2.75  0.5157E+04   3.712      6.75  0.9914E+04   3.996      2.75  0.4968E+04   3.696
  2.50  0.4926E+04   3.693      6.50  0.9655E+04   3.985      2.50  0.4574E+04   3.660
  2.25  0.4410E+04   3.644      6.25  0.9462E+04   3.976      2.25  0.4675E+04   3.670
  2.00  0.4362E+04   3.640      6.00  0.9694E+04   3.986      2.00  0.3997E+04   3.602
  1.75  0.3135E+04   3.496      5.75  0.9039E+04   3.956      1.75  0.2936E+04   3.468
  1.50  0.3604E+04   3.557      5.50  0.9092E+04   3.959      1.50  0.3688E+04   3.567
  1.25  0.3395E+04   3.531      5.25  0.8631E+04   3.936      1.25  0.3371E+04   3.528
  1.00  0.1905E+04   3.280      5.00  0.7951E+04   3.900      1.00  0.3571E+04   3.553
  0.75  0.1977E+04   3.296      4.75  0.7635E+04   3.883      0.75  0.2081E+04   3.318
  0.50  0.2164E+04   3.335      4.50  0.7176E+04   3.856      0.50  0.1286E+04   3.109
  0.25  0.1319E+04   3.120      4.25  0.6824E+04   3.834      0.25  0.2989E+03   2.476
  0.00  0.4122E+03   2.615      4.00  0.6461E+04   3.810      0.00  0.1125E+03   2.051
 -0.25  0.1189E+03   2.075      3.75  0.5850E+04   3.767     -0.25  0.2412E+03   2.382
 -0.50  0.1321E+03   2.121      3.50  0.5896E+04   3.771     -0.50  0.1336E+03   2.126
 -0.75  0.2010E+03   2.303      3.25  0.5330E+04   3.727     -0.75  0.9081E+02   1.958
 -1.00  0.1070E+03   2.029      3.00  0.5285E+04   3.723     -1.00  0.2817E+02   1.450
 -1.25  0.7935E+02   1.900      2.75  0.5068E+04   3.705     -1.25  0.1773E+02   1.249
 -1.50  0.3523E+02   1.547      2.50  0.4718E+04   3.674     -1.50  0.1363E+02   1.134
 -1.75  0.1554E+02   1.191      2.25  0.4623E+04   3.665     -1.75  0.1213E+02   1.084
 -2.00  0.1075E+02   1.031      2.00  0.4156E+04   3.619     -2.00  0.1603E+02   1.205
 -2.25  0.7555E+01   0.878      1.75  0.2989E+04   3.476     -2.25  0.1732E+02   1.239
 -2.50  0.6721E+01   0.827      1.50  0.3585E+04   3.554     -2.50  0.5297E+00  -0.276
 -2.75  0.6432E+01   0.808      1.25  0.3208E+04   3.506     -2.75  0.0000E+00   0.000
 -3.00  0.6585E+01   0.819      1.00  0.3292E+04   3.517     -3.00  0.0000E+00   0.000
 -3.25  0.6289E+01   0.799      0.75  0.2495E+04   3.397     -3.25  0.0000E+00   0.000
 -3.50  0.5636E+01   0.751      0.50  0.1402E+04   3.147     -3.50  0.0000E+00   0.000
 -3.75  0.5661E+01   0.753      0.25  0.4591E+03   2.662     -3.75  0.0000E+00   0.000
 -4.00  0.5768E+01   0.761      0.00  0.1102E+03   2.042     -4.00  0.0000E+00   0.000
 -4.25  0.5998E+01   0.778     -0.25  0.2252E+03   2.353     -4.25  0.0000E+00   0.000
 -4.50  0.6262E+01   0.797     -0.50  0.1629E+03   2.212     -4.50  0.0000E+00   0.000
 -4.75  0.6620E+01   0.821     -0.75  0.1007E+03   2.003     -4.75  0.0000E+00   0.000
 -5.00  0.6892E+01   0.838     -1.00  0.4012E+02   1.603     -5.00  0.0000E+00   0.000
 -5.25  0.4636E+01   0.666     -1.25  0.2052E+02   1.312     -5.25  0.0000E+00   0.000
 -5.50  0.1264E-01  -1.898     -1.50  0.1425E+02   1.154     -5.50  0.0000E+00   0.000
 -5.75  0.0000E+00   0.000     -1.75  0.1190E+02   1.076     -5.75  0.0000E+00   0.000
 -6.00  0.0000E+00   0.000     -2.00  0.1425E+02   1.154     -6.00  0.0000E+00   0.000
 -6.25  0.0000E+00   0.000     -2.25  0.1912E+02   1.282     -6.25  0.0000E+00   0.000
 -6.50  0.0000E+00   0.000     -2.50  0.4542E+01   0.657     -6.50  0.0000E+00   0.000
 -6.75  0.0000E+00   0.000     -2.75  0.0000E+00   0.000     -6.75  0.0000E+00   0.000
 -7.00  0.0000E+00   0.000     -3.00  0.0000E+00   0.000     -7.00  0.0000E+00   0.000
 -7.25  0.0000E+00   0.000     -3.25  0.0000E+00   0.000     -7.25  0.0000E+00   0.000
 -7.50  0.0000E+00   0.000     -3.50  0.0000E+00   0.000     -7.50  0.0000E+00   0.000
 -7.75  0.0000E+00   0.000     -3.75  0.0000E+00   0.000     -7.75  0.0000E+00   0.000
 -8.00  0.0000E+00   0.000     -4.00  0.0000E+00   0.000     -8.00  0.0000E+00   0.000
 -8.25  0.0000E+00   0.000     -4.25  0.0000E+00   0.000     -8.25  0.0000E+00   0.000
 -8.50  0.0000E+00   0.000     -4.50  0.0000E+00   0.000     -8.50  0.0000E+00   0.000
 -8.75  0.0000E+00   0.000     -4.75  0.0000E+00   0.000     -8.75  0.0000E+00   0.000
 -9.00  0.0000E+00   0.000     -5.00  0.0000E+00   0.000     -9.00  0.0000E+00   0.000
 -9.25  0.0000E+00   0.000     -5.25  0.0000E+00   0.000     -9.25  0.0000E+00   0.000
 -9.50  0.0000E+00   0.000     -5.50  0.0000E+00   0.000     -9.50  0.0000E+00   0.000
( Z, Y, Age) = 0.007549   0.249   2.000
 Mbol       dN       log dN    V       dN       log dN     I         dN       log dN
 12.75  0.0000E+00   0.000     16.75  0.0000E+00   0.000     12.75  0.0000E+00   0.000
 12.50  0.0000E+00   0.000     16.50  0.0000E+00   0.000     12.50  0.0000E+00   0.000
 12.25  0.0000E+00   0.000     16.25  0.0000E+00   0.000     12.25  0.0000E+00   0.000
 12.00  0.0000E+00   0.000     16.00  0.0000E+00   0.000     12.00  0.0000E+00   0.000
 11.75  0.0000E+00   0.000     15.75  0.0000E+00   0.000     11.75  0.0000E+00   0.000
 11.50  0.0000E+00   0.000     15.50  0.0000E+00   0.000     11.50  0.0000E+00   0.000
 11.25  0.0000E+00   0.000     15.25  0.0000E+00   0.000     11.25  0.0000E+00   0.000
 11.00  0.0000E+00   0.000     15.00  0.0000E+00   0.000     11.00  0.0000E+00   0.000
 10.75  0.0000E+00   0.000     14.75  0.0000E+00   0.000     10.75  0.0000E+00   0.000
 10.50  0.0000E+00   0.000     14.50  0.0000E+00   0.000     10.50  0.0000E+00   0.000
 10.25  0.0000E+00   0.000     14.25  0.0000E+00   0.000     10.25  0.0000E+00   0.000
 10.00  0.0000E+00   0.000     14.00  0.0000E+00   0.000     10.00  0.0000E+00   0.000
  9.75  0.0000E+00   0.000     13.75  0.0000E+00   0.000      9.75  0.0000E+00   0.000
  9.50  0.0000E+00   0.000     13.50  0.0000E+00   0.000      9.50  0.0000E+00   0.000
  9.25  0.0000E+00   0.000     13.25  0.0000E+00   0.000      9.25  0.0000E+00   0.000
  9.00  0.0000E+00   0.000     13.00  0.0000E+00   0.000      9.00  0.1734E+05   4.239
  8.75  0.0000E+00   0.000     12.75  0.0000E+00   0.000      8.75  0.3739E+05   4.573
  8.50  0.0000E+00   0.000     12.50  0.0000E+00   0.000      8.50  0.3843E+05   4.585
  8.25  0.0000E+00   0.000     12.25  0.0000E+00   0.000      8.25  0.3217E+05   4.507
  8.00  0.2472E+05   4.393     12.00  0.0000E+00   0.000      8.00  0.2749E+05   4.439
  7.75  0.5091E+05   4.707     11.75  0.0000E+00   0.000      7.75  0.2147E+05   4.332
  7.50  0.4270E+05   4.630     11.50  0.0000E+00   0.000      7.50  0.2302E+05   4.362
  7.25  0.3831E+05   4.583     11.25  0.0000E+00   0.000      7.25  0.2088E+05   4.320
  7.00  0.3189E+05   4.504     11.00  0.0000E+00   0.000      7.00  0.2076E+05   4.317
  6.75  0.2998E+05   4.477     10.75  0.0000E+00   0.000      6.75  0.1951E+05   4.290
  6.50  0.2717E+05   4.434     10.50  0.0000E+00   0.000      6.50  0.1936E+05   4.287
  6.25  0.2535E+05   4.404     10.25  0.0000E+00   0.000      6.25  0.1882E+05   4.275
  6.00  0.2353E+05   4.372     10.00  0.0000E+00   0.000      6.00  0.1842E+05   4.265
  5.75  0.2179E+05   4.338      9.75  0.0000E+00   0.000      5.75  0.1818E+05   4.260
  5.50  0.2037E+05   4.309      9.50  0.0000E+00   0.000      5.50  0.1741E+05   4.241
  5.25  0.1924E+05   4.284      9.25  0.0000E+00   0.000      5.25  0.1660E+05   4.220
  5.00  0.1721E+05   4.236      9.00  0.9955E+04   3.998      5.00  0.1562E+05   4.194
  4.75  0.1601E+05   4.205      8.75  0.2996E+05   4.477      4.75  0.1491E+05   4.174
  4.50  0.1536E+05   4.186      8.50  0.4276E+05   4.631      4.50  0.1393E+05   4.144
  4.25  0.1398E+05   4.145      8.25  0.3257E+05   4.513      4.25  0.1291E+05   4.111
  4.00  0.1272E+05   4.104      8.00  0.2931E+05   4.467      4.00  0.1197E+05   4.078
  3.75  0.1232E+05   4.091      7.75  0.2433E+05   4.386      3.75  0.1168E+05   4.067
  3.50  0.1152E+05   4.061      7.50  0.2200E+05   4.342      3.50  0.1124E+05   4.051
  3.25  0.1145E+05   4.059      7.25  0.2158E+05   4.334      3.25  0.1137E+05   4.056
  3.00  0.1158E+05   4.064      7.00  0.2164E+05   4.335      3.00  0.9019E+04   3.955
  2.75  0.8916E+04   3.950      6.75  0.1994E+05   4.300      2.75  0.1085E+05   4.036
  2.50  0.1041E+05   4.017      6.50  0.1928E+05   4.285      2.50  0.9177E+04   3.963
  2.25  0.7009E+04   3.846      6.25  0.1905E+05   4.280      2.25  0.6371E+04   3.804
  2.00  0.5723E+04   3.758      6.00  0.1881E+05   4.274      2.00  0.5512E+04   3.741
  1.75  0.3901E+04   3.591      5.75  0.1812E+05   4.258      1.75  0.3365E+04   3.527
  1.50  0.3973E+04   3.599      5.50  0.1780E+05   4.250      1.50  0.3928E+04   3.594
  1.25  0.3679E+04   3.566      5.25  0.1721E+05   4.236      1.25  0.3606E+04   3.557
  1.00  0.2125E+04   3.327      5.00  0.1567E+05   4.195      1.00  0.3755E+04   3.575
  0.75  0.2163E+04   3.335      4.75  0.1494E+05   4.174      0.75  0.2584E+04   3.412
  0.50  0.2324E+04   3.366      4.50  0.1404E+05   4.148      0.50  0.2707E+04   3.433
  0.25  0.2549E+04   3.406      4.25  0.1343E+05   4.128      0.25  0.6541E+03   2.816
  0.00  0.1189E+04   3.075      4.00  0.1238E+05   4.093      0.00  0.2289E+03   2.360
 -0.25  0.3374E+03   2.528      3.75  0.1160E+05   4.064     -0.25  0.3874E+03   2.588
 -0.50  0.2259E+03   2.354      3.50  0.1151E+05   4.061     -0.50  0.2397E+03   2.380
 -0.75  0.3312E+03   2.520      3.25  0.1138E+05   4.056     -0.75  0.1741E+03   2.241
 -1.00  0.2013E+03   2.304      3.00  0.9697E+04   3.987     -1.00  0.9667E+02   1.985
 -1.25  0.1512E+03   2.180      2.75  0.1036E+05   4.015     -1.25  0.7679E+02   1.885
 -1.50  0.9443E+02   1.975      2.50  0.9672E+04   3.986     -1.50  0.5999E+02   1.778
 -1.75  0.6708E+02   1.827      2.25  0.6737E+04   3.828     -1.75  0.5490E+02   1.740
 -2.00  0.5382E+02   1.731      2.00  0.5616E+04   3.749     -2.00  0.5396E+02   1.732
 -2.25  0.4273E+02   1.631      1.75  0.3535E+04   3.548     -2.25  0.1799E+02   1.255
 -2.50  0.3596E+02   1.556      1.50  0.3896E+04   3.591     -2.50  0.5297E+00  -0.276
 -2.75  0.2882E+02   1.460      1.25  0.3419E+04   3.534     -2.75  0.0000E+00   0.000
 -3.00  0.2792E+02   1.446      1.00  0.3494E+04   3.543     -3.00  0.0000E+00   0.000
 -3.25  0.2271E+02   1.356      0.75  0.2729E+04   3.436     -3.25  0.0000E+00   0.000
 -3.50  0.2086E+02   1.319      0.50  0.2905E+04   3.463     -3.50  0.0000E+00   0.000
 -3.75  0.1626E+02   1.211      0.25  0.1006E+04   3.003     -3.75  0.0000E+00   0.000
 -4.00  0.9416E+01   0.974      0.00  0.2324E+03   2.366     -4.00  0.0000E+00   0.000
 -4.25  0.9698E+01   0.987     -0.25  0.3688E+03   2.567     -4.25  0.0000E+00   0.000
 -4.50  0.1029E+02   1.013     -0.50  0.2798E+03   2.447     -4.50  0.0000E+00   0.000
 -4.75  0.1115E+02   1.047     -0.75  0.1893E+03   2.277     -4.75  0.0000E+00   0.000
 -5.00  0.9338E+01   0.970     -1.00  0.1117E+03   2.048     -5.00  0.0000E+00   0.000
 -5.25  0.4636E+01   0.666     -1.25  0.8218E+02   1.915     -5.25  0.0000E+00   0.000
 -5.50  0.1264E-01  -1.898     -1.50  0.6418E+02   1.807     -5.50  0.0000E+00   0.000
 -5.75  0.0000E+00   0.000     -1.75  0.5371E+02   1.730     -5.75  0.0000E+00   0.000
 -6.00  0.0000E+00   0.000     -2.00  0.5909E+02   1.771     -6.00  0.0000E+00   0.000
 -6.25  0.0000E+00   0.000     -2.25  0.2765E+02   1.442     -6.25  0.0000E+00   0.000
 -6.50  0.0000E+00   0.000     -2.50  0.4542E+01   0.657     -6.50  0.0000E+00   0.000
 -6.75  0.0000E+00   0.000     -2.75  0.0000E+00   0.000     -6.75  0.0000E+00   0.000
 -7.00  0.0000E+00   0.000     -3.00  0.0000E+00   0.000     -7.00  0.0000E+00   0.000
 -7.25  0.0000E+00   0.000     -3.25  0.0000E+00   0.000     -7.25  0.0000E+00   0.000
 -7.50  0.0000E+00   0.000     -3.50  0.0000E+00   0.000     -7.50  0.0000E+00   0.000
 -7.75  0.0000E+00   0.000     -3.75  0.0000E+00   0.000     -7.75  0.0000E+00   0.000
 -8.00  0.0000E+00   0.000     -4.00  0.0000E+00   0.000     -8.00  0.0000E+00   0.000
 -8.25  0.0000E+00   0.000     -4.25  0.0000E+00   0.000     -8.25  0.0000E+00   0.000
 -8.50  0.0000E+00   0.000     -4.50  0.0000E+00   0.000     -8.50  0.0000E+00   0.000
 -8.75  0.0000E+00   0.000     -4.75  0.0000E+00   0.000     -8.75  0.0000E+00   0.000
 -9.00  0.0000E+00   0.000     -5.00  0.0000E+00   0.000     -9.00  0.0000E+00   0.000
 -9.25  0.0000E+00   0.000     -5.25  0.0000E+00   0.000     -9.25  0.0000E+00   0.000
 -9.50  0.0000E+00   0.000     -5.50  0.0000E+00   0.000     -9.50  0.0000E+00   0.000
( Z, Y, Age) = 0.007549   0.249   5.000
 Mbol       dN       log dN    V       dN       log dN     I         dN       log dN
 12.75  0.0000E+00   0.000     16.75  0.0000E+00   0.000     12.75  0.0000E+00   0.000
 12.50  0.0000E+00   0.000     16.50  0.0000E+00   0.000     12.50  0.0000E+00   0.000
 12.25  0.0000E+00   0.000     16.25  0.0000E+00   0.000     12.25  0.0000E+00   0.000
 12.00  0.0000E+00   0.000     16.00  0.0000E+00   0.000     12.00  0.0000E+00   0.000
 11.75  0.0000E+00   0.000     15.75  0.0000E+00   0.000     11.75  0.0000E+00   0.000
 11.50  0.0000E+00   0.000     15.50  0.0000E+00   0.000     11.50  0.0000E+00   0.000
 11.25  0.0000E+00   0.000     15.25  0.0000E+00   0.000     11.25  0.0000E+00   0.000
 11.00  0.0000E+00   0.000     15.00  0.0000E+00   0.000     11.00  0.0000E+00   0.000
 10.75  0.0000E+00   0.000     14.75  0.0000E+00   0.000     10.75  0.0000E+00   0.000
 10.50  0.0000E+00   0.000     14.50  0.0000E+00   0.000     10.50  0.0000E+00   0.000
 10.25  0.0000E+00   0.000     14.25  0.0000E+00   0.000     10.25  0.0000E+00   0.000
 10.00  0.0000E+00   0.000     14.00  0.0000E+00   0.000     10.00  0.0000E+00   0.000
  9.75  0.0000E+00   0.000     13.75  0.0000E+00   0.000      9.75  0.0000E+00   0.000
  9.50  0.0000E+00   0.000     13.50  0.0000E+00   0.000      9.50  0.0000E+00   0.000
  9.25  0.0000E+00   0.000     13.25  0.0000E+00   0.000      9.25  0.0000E+00   0.000
  9.00  0.0000E+00   0.000     13.00  0.0000E+00   0.000      9.00  0.2250E+05   4.352
  8.75  0.0000E+00   0.000     12.75  0.0000E+00   0.000      8.75  0.5727E+05   4.758
  8.50  0.0000E+00   0.000     12.50  0.0000E+00   0.000      8.50  0.5648E+05   4.752
  8.25  0.0000E+00   0.000     12.25  0.0000E+00   0.000      8.25  0.4771E+05   4.679
  8.00  0.3428E+05   4.535     12.00  0.0000E+00   0.000      8.00  0.4129E+05   4.616
  7.75  0.7509E+05   4.876     11.75  0.0000E+00   0.000      7.75  0.3289E+05   4.517
  7.50  0.6450E+05   4.810     11.50  0.0000E+00   0.000      7.50  0.3341E+05   4.524
  7.25  0.5704E+05   4.756     11.25  0.0000E+00   0.000      7.25  0.3135E+05   4.496
  7.00  0.4787E+05   4.680     11.00  0.0000E+00   0.000      7.00  0.3053E+05   4.485
  6.75  0.4419E+05   4.645     10.75  0.0000E+00   0.000      6.75  0.2916E+05   4.465
  6.50  0.4062E+05   4.609     10.50  0.0000E+00   0.000      6.50  0.2859E+05   4.456
  6.25  0.3729E+05   4.572     10.25  0.0000E+00   0.000      6.25  0.2772E+05   4.443
  6.00  0.3486E+05   4.542     10.00  0.0000E+00   0.000      6.00  0.2722E+05   4.435
  5.75  0.3197E+05   4.505      9.75  0.0000E+00   0.000      5.75  0.2653E+05   4.424
  5.50  0.2999E+05   4.477      9.50  0.0000E+00   0.000      5.50  0.2543E+05   4.405
  5.25  0.2804E+05   4.448      9.25  0.0000E+00   0.000      5.25  0.2429E+05   4.385
  5.00  0.2492E+05   4.397      9.00  0.1253E+05   4.098      5.00  0.2260E+05   4.354
  4.75  0.2343E+05   4.370      8.75  0.4424E+05   4.646      4.75  0.2139E+05   4.330
  4.50  0.2169E+05   4.336      8.50  0.6383E+05   4.805      4.50  0.1966E+05   4.294
  4.25  0.2093E+05   4.321      8.25  0.4901E+05   4.690      4.25  0.1934E+05   4.287
  4.00  0.1662E+05   4.221      8.00  0.4352E+05   4.639      4.00  0.1609E+05   4.206
  3.75  0.1836E+05   4.264      7.75  0.3631E+05   4.560      3.75  0.1640E+05   4.215
  3.50  0.1319E+05   4.120      7.50  0.3300E+05   4.518      3.50  0.1368E+05   4.136
  3.25  0.1661E+05   4.220      7.25  0.3200E+05   4.505      3.25  0.1743E+05   4.241
  3.00  0.1571E+05   4.196      7.00  0.3183E+05   4.503      3.00  0.1078E+05   4.033
  2.75  0.9589E+04   3.982      6.75  0.2958E+05   4.471      2.75  0.1123E+05   4.050
  2.50  0.1077E+05   4.032      6.50  0.2865E+05   4.457      2.50  0.9475E+04   3.977
  2.25  0.7319E+04   3.864      6.25  0.2818E+05   4.450      2.25  0.6619E+04   3.821
  2.00  0.5990E+04   3.777      6.00  0.2760E+05   4.441      2.00  0.5741E+04   3.759
  1.75  0.4115E+04   3.614      5.75  0.2670E+05   4.426      1.75  0.3522E+04   3.547
  1.50  0.4146E+04   3.618      5.50  0.2603E+05   4.416      1.50  0.4069E+04   3.610
  1.25  0.3837E+04   3.584      5.25  0.2482E+05   4.395      1.25  0.3719E+04   3.570
  1.00  0.2240E+04   3.350      5.00  0.2289E+05   4.360      1.00  0.3932E+04   3.595
  0.75  0.2263E+04   3.355      4.75  0.2152E+05   4.333      0.75  0.3242E+04   3.511
  0.50  0.2634E+04   3.421      4.50  0.2023E+05   4.306      0.50  0.2958E+04   3.471
  0.25  0.3189E+04   3.504      4.25  0.1985E+05   4.298      0.25  0.7190E+03   2.857
  0.00  0.1295E+04   3.112      4.00  0.1588E+05   4.201      0.00  0.2918E+03   2.465
 -0.25  0.3911E+03   2.592      3.75  0.1764E+05   4.247     -0.25  0.4504E+03   2.654
 -0.50  0.2734E+03   2.437      3.50  0.1314E+05   4.119     -0.50  0.2845E+03   2.454
 -0.75  0.3910E+03   2.592      3.25  0.1743E+05   4.241     -0.75  0.2115E+03   2.325
 -1.00  0.2422E+03   2.384      3.00  0.1230E+05   4.090     -1.00  0.1280E+03   2.107
 -1.25  0.1842E+03   2.265      2.75  0.1074E+05   4.031     -1.25  0.1050E+03   2.021
 -1.50  0.1221E+03   2.087      2.50  0.9988E+04   3.999     -1.50  0.9588E+02   1.982
 -1.75  0.9055E+02   1.957      2.25  0.7004E+04   3.845     -1.75  0.5715E+02   1.757
 -2.00  0.7337E+02   1.866      2.00  0.5829E+04   3.766     -2.00  0.5396E+02   1.732
 -2.25  0.5872E+02   1.769      1.75  0.3736E+04   3.572     -2.25  0.1799E+02   1.255
 -2.50  0.4876E+02   1.688      1.50  0.4029E+04   3.605     -2.50  0.5297E+00  -0.276
 -2.75  0.3936E+02   1.595      1.25  0.3547E+04   3.550     -2.75  0.0000E+00   0.000
 -3.00  0.3677E+02   1.566      1.00  0.3633E+04   3.560     -3.00  0.0000E+00   0.000
 -3.25  0.3052E+02   1.485      0.75  0.3242E+04   3.511     -3.25  0.0000E+00   0.000
 -3.50  0.2774E+02   1.443      0.50  0.3335E+04   3.523     -3.50  0.0000E+00   0.000
 -3.75  0.2201E+02   1.343      0.25  0.1083E+04   3.035     -3.75  0.0000E+00   0.000
 -4.00  0.1146E+02   1.059      0.00  0.2891E+03   2.461     -4.00  0.0000E+00   0.000
 -4.25  0.1121E+02   1.049     -0.25  0.4374E+03   2.641     -4.25  0.0000E+00   0.000
 -4.50  0.1181E+02   1.072     -0.50  0.3277E+03   2.515     -4.50  0.0000E+00   0.000
 -4.75  0.1155E+02   1.063     -0.75  0.2283E+03   2.359     -4.75  0.0000E+00   0.000
 -5.00  0.9338E+01   0.970     -1.00  0.1445E+03   2.160     -5.00  0.0000E+00   0.000
 -5.25  0.4636E+01   0.666     -1.25  0.1107E+03   2.044     -5.25  0.0000E+00   0.000
 -5.50  0.1264E-01  -1.898     -1.50  0.9944E+02   1.998     -5.50  0.0000E+00   0.000
 -5.75  0.0000E+00   0.000     -1.75  0.6577E+02   1.818     -5.75  0.0000E+00   0.000
 -6.00  0.0000E+00   0.000     -2.00  0.5909E+02   1.771     -6.00  0.0000E+00   0.000
 -6.25  0.0000E+00   0.000     -2.25  0.2765E+02   1.442     -6.25  0.0000E+00   0.000
 -6.50  0.0000E+00   0.000     -2.50  0.4542E+01   0.657     -6.50  0.0000E+00   0.000
 -6.75  0.0000E+00   0.000     -2.75  0.0000E+00   0.000     -6.75  0.0000E+00   0.000
 -7.00  0.0000E+00   0.000     -3.00  0.0000E+00   0.000     -7.00  0.0000E+00   0.000
 -7.25  0.0000E+00   0.000     -3.25  0.0000E+00   0.000     -7.25  0.0000E+00   0.000
 -7.50  0.0000E+00   0.000     -3.50  0.0000E+00   0.000     -7.50  0.0000E+00   0.000
 -7.75  0.0000E+00   0.000     -3.75  0.0000E+00   0.000     -7.75  0.0000E+00   0.000
 -8.00  0.0000E+00   0.000     -4.00  0.0000E+00   0.000     -8.00  0.0000E+00   0.000
 -8.25  0.0000E+00   0.000     -4.25  0.0000E+00   0.000     -8.25  0.0000E+00   0.000
 -8.50  0.0000E+00   0.000     -4.50  0.0000E+00   0.000     -8.50  0.0000E+00   0.000
 -8.75  0.0000E+00   0.000     -4.75  0.0000E+00   0.000     -8.75  0.0000E+00   0.000
 -9.00  0.0000E+00   0.000     -5.00  0.0000E+00   0.000     -9.00  0.0000E+00   0.000
 -9.25  0.0000E+00   0.000     -5.25  0.0000E+00   0.000     -9.25  0.0000E+00   0.000
 -9.50  0.0000E+00   0.000     -5.50  0.0000E+00   0.000     -9.50  0.0000E+00   0.000
( Z, Y, Age) = 0.007549   0.249  10.000
 Mbol       dN       log dN    V       dN       log dN     I         dN       log dN
 12.75  0.0000E+00   0.000     16.75  0.0000E+00   0.000     12.75  0.0000E+00   0.000
 12.50  0.0000E+00   0.000     16.50  0.0000E+00   0.000     12.50  0.0000E+00   0.000
 12.25  0.0000E+00   0.000     16.25  0.0000E+00   0.000     12.25  0.0000E+00   0.000
 12.00  0.0000E+00   0.000     16.00  0.0000E+00   0.000     12.00  0.0000E+00   0.000
 11.75  0.0000E+00   0.000     15.75  0.0000E+00   0.000     11.75  0.0000E+00   0.000
 11.50  0.0000E+00   0.000     15.50  0.0000E+00   0.000     11.50  0.0000E+00   0.000
 11.25  0.0000E+00   0.000     15.25  0.0000E+00   0.000     11.25  0.0000E+00   0.000
 11.00  0.0000E+00   0.000     15.00  0.0000E+00   0.000     11.00  0.0000E+00   0.000
 10.75  0.0000E+00   0.000     14.75  0.0000E+00   0.000     10.75  0.0000E+00   0.000
 10.50  0.0000E+00   0.000     14.50  0.0000E+00   0.000     10.50  0.0000E+00   0.000
 10.25  0.0000E+00   0.000     14.25  0.0000E+00   0.000     10.25  0.0000E+00   0.000
 10.00  0.0000E+00   0.000     14.00  0.0000E+00   0.000     10.00  0.0000E+00   0.000
  9.75  0.0000E+00   0.000     13.75  0.0000E+00   0.000      9.75  0.0000E+00   0.000
  9.50  0.0000E+00   0.000     13.50  0.0000E+00   0.000      9.50  0.0000E+00   0.000
  9.25  0.0000E+00   0.000     13.25  0.0000E+00   0.000      9.25  0.0000E+00   0.000
  9.00  0.0000E+00   0.000     13.00  0.0000E+00   0.000      9.00  0.2583E+05   4.412
  8.75  0.0000E+00   0.000     12.75  0.0000E+00   0.000      8.75  0.7420E+05   4.870
  8.50  0.0000E+00   0.000     12.50  0.0000E+00   0.000      8.50  0.7434E+05   4.871
  8.25  0.0000E+00   0.000     12.25  0.0000E+00   0.000      8.25  0.6355E+05   4.803
  8.00  0.4059E+05   4.608     12.00  0.0000E+00   0.000      8.00  0.5502E+05   4.741
  7.75  0.9818E+05   4.992     11.75  0.0000E+00   0.000      7.75  0.4420E+05   4.645
  7.50  0.8557E+05   4.932     11.50  0.0000E+00   0.000      7.50  0.4340E+05   4.637
  7.25  0.7594E+05   4.880     11.25  0.0000E+00   0.000      7.25  0.4082E+05   4.611
  7.00  0.6301E+05   4.799     11.00  0.0000E+00   0.000      7.00  0.4008E+05   4.603
  6.75  0.5808E+05   4.764     10.75  0.0000E+00   0.000      6.75  0.3799E+05   4.580
  6.50  0.5308E+05   4.725     10.50  0.0000E+00   0.000      6.50  0.3741E+05   4.573
  6.25  0.4863E+05   4.687     10.25  0.0000E+00   0.000      6.25  0.3593E+05   4.555
  6.00  0.4519E+05   4.655     10.00  0.0000E+00   0.000      6.00  0.3522E+05   4.547
  5.75  0.4156E+05   4.619      9.75  0.0000E+00   0.000      5.75  0.3431E+05   4.535
  5.50  0.3840E+05   4.584      9.50  0.0000E+00   0.000      5.50  0.3242E+05   4.511
  5.25  0.3598E+05   4.556      9.25  0.0000E+00   0.000      5.25  0.3089E+05   4.490
  5.00  0.3166E+05   4.500      9.00  0.1358E+05   4.133      5.00  0.2863E+05   4.457
  4.75  0.2927E+05   4.466      8.75  0.5646E+05   4.752      4.75  0.2690E+05   4.430
  4.50  0.2708E+05   4.433      8.50  0.8409E+05   4.925      4.50  0.2454E+05   4.390
  4.25  0.2639E+05   4.421      8.25  0.6490E+05   4.812      4.25  0.2210E+05   4.344
  4.00  0.1817E+05   4.259      8.00  0.5782E+05   4.762      4.00  0.2063E+05   4.314
  3.75  0.2307E+05   4.363      7.75  0.4838E+05   4.685      3.75  0.1965E+05   4.293
  3.50  0.1504E+05   4.177      7.50  0.4327E+05   4.636      3.50  0.1408E+05   4.149
  3.25  0.1705E+05   4.232      7.25  0.4218E+05   4.625      3.25  0.1771E+05   4.248
  3.00  0.1609E+05   4.207      7.00  0.4121E+05   4.615      3.00  0.1111E+05   4.046
  2.75  0.9830E+04   3.993      6.75  0.3871E+05   4.588      2.75  0.1143E+05   4.058
  2.50  0.1099E+05   4.041      6.50  0.3744E+05   4.573      2.50  0.9658E+04   3.985
  2.25  0.7529E+04   3.877      6.25  0.3675E+05   4.565      2.25  0.6773E+04   3.831
  2.00  0.6159E+04   3.790      6.00  0.3565E+05   4.552      2.00  0.5882E+04   3.770
  1.75  0.4250E+04   3.628      5.75  0.3432E+05   4.536      1.75  0.3618E+04   3.559
  1.50  0.4252E+04   3.629      5.50  0.3359E+05   4.526      1.50  0.4172E+04   3.620
  1.25  0.3932E+04   3.595      5.25  0.3139E+05   4.497      1.25  0.3871E+04   3.588
  1.00  0.2333E+04   3.368      5.00  0.2888E+05   4.461      1.00  0.4134E+04   3.616
  0.75  0.2403E+04   3.381      4.75  0.2755E+05   4.440      0.75  0.3608E+04   3.557
  0.50  0.3055E+04   3.485      4.50  0.2489E+05   4.396      0.50  0.3020E+04   3.480
  0.25  0.3334E+04   3.523      4.25  0.2368E+05   4.374      0.25  0.7568E+03   2.879
  0.00  0.1341E+04   3.128      4.00  0.1892E+05   4.277      0.00  0.3373E+03   2.528
 -0.25  0.4236E+03   2.627      3.75  0.2220E+05   4.346     -0.25  0.4874E+03   2.688
 -0.50  0.3084E+03   2.489      3.50  0.1363E+05   4.134     -0.50  0.3137E+03   2.497
 -0.75  0.4264E+03   2.630      3.25  0.1780E+05   4.250     -0.75  0.2362E+03   2.373
 -1.00  0.2674E+03   2.427      3.00  0.1257E+05   4.099     -1.00  0.1530E+03   2.185
 -1.25  0.2049E+03   2.312      2.75  0.1095E+05   4.040     -1.25  0.1280E+03   2.107
 -1.50  0.1394E+03   2.144      2.50  0.1019E+05   4.008     -1.50  0.9614E+02   1.983
 -1.75  0.1053E+03   2.022      2.25  0.7167E+04   3.855     -1.75  0.5715E+02   1.757
 -2.00  0.8577E+02   1.933      2.00  0.5962E+04   3.775     -2.00  0.5396E+02   1.732
 -2.25  0.6837E+02   1.835      1.75  0.3858E+04   3.586     -2.25  0.1799E+02   1.255
 -2.50  0.5665E+02   1.753      1.50  0.4114E+04   3.614     -2.50  0.5297E+00  -0.276
 -2.75  0.4607E+02   1.663      1.25  0.3697E+04   3.568     -2.75  0.0000E+00   0.000
 -3.00  0.4269E+02   1.630      1.00  0.3758E+04   3.575     -3.00  0.0000E+00   0.000
 -3.25  0.3558E+02   1.551      0.75  0.3692E+04   3.567     -3.25  0.0000E+00   0.000
 -3.50  0.3227E+02   1.509      0.50  0.3417E+04   3.534     -3.50  0.0000E+00   0.000
 -3.75  0.2609E+02   1.416      0.25  0.1122E+04   3.050     -3.75  0.0000E+00   0.000
 -4.00  0.1298E+02   1.113      0.00  0.3316E+03   2.521     -4.00  0.0000E+00   0.000
 -4.25  0.1199E+02   1.079     -0.25  0.4780E+03   2.679     -4.25  0.0000E+00   0.000
 -4.50  0.1186E+02   1.074     -0.50  0.3589E+03   2.555     -4.50  0.0000E+00   0.000
 -4.75  0.1155E+02   1.063     -0.75  0.2536E+03   2.404     -4.75  0.0000E+00   0.000
 -5.00  0.9338E+01   0.970     -1.00  0.1679E+03   2.225     -5.00  0.0000E+00   0.000
 -5.25  0.4636E+01   0.666     -1.25  0.1386E+03   2.142     -5.25  0.0000E+00   0.000
 -5.50  0.1264E-01  -1.898     -1.50  0.1041E+03   2.017     -5.50  0.0000E+00   0.000
 -5.75  0.0000E+00   0.000     -1.75  0.6577E+02   1.818     -5.75  0.0000E+00   0.000
 -6.00  0.0000E+00   0.000     -2.00  0.5909E+02   1.771     -6.00  0.0000E+00   0.000
 -6.25  0.0000E+00   0.000     -2.25  0.2765E+02   1.442     -6.25  0.0000E+00   0.000
 -6.50  0.0000E+00   0.000     -2.50  0.4542E+01   0.657     -6.50  0.0000E+00   0.000
 -6.75  0.0000E+00   0.000     -2.75  0.0000E+00   0.000     -6.75  0.0000E+00   0.000
 -7.00  0.0000E+00   0.000     -3.00  0.0000E+00   0.000     -7.00  0.0000E+00   0.000
 -7.25  0.0000E+00   0.000     -3.25  0.0000E+00   0.000     -7.25  0.0000E+00   0.000
 -7.50  0.0000E+00   0.000     -3.50  0.0000E+00   0.000     -7.50  0.0000E+00   0.000
 -7.75  0.0000E+00   0.000     -3.75  0.0000E+00   0.000     -7.75  0.0000E+00   0.000
 -8.00  0.0000E+00   0.000     -4.00  0.0000E+00   0.000     -8.00  0.0000E+00   0.000
 -8.25  0.0000E+00   0.000     -4.25  0.0000E+00   0.000     -8.25  0.0000E+00   0.000
 -8.50  0.0000E+00   0.000     -4.50  0.0000E+00   0.000     -8.50  0.0000E+00   0.000
 -8.75  0.0000E+00   0.000     -4.75  0.0000E+00   0.000     -8.75  0.0000E+00   0.000
 -9.00  0.0000E+00   0.000     -5.00  0.0000E+00   0.000     -9.00  0.0000E+00   0.000
 -9.25  0.0000E+00   0.000     -5.25  0.0000E+00   0.000     -9.25  0.0000E+00   0.000
 -9.50  0.0000E+00   0.000     -5.50  0.0000E+00   0.000     -9.50  0.0000E+00   0.000
( Z, Y, Age) = 0.019404   0.281   1.000
 Mbol       dN       log dN    V       dN       log dN     I         dN       log dN
 12.75  0.0000E+00   0.000     16.75  0.0000E+00   0.000     12.75  0.0000E+00   0.000
 12.50  0.0000E+00   0.000     16.50  0.0000E+00   0.000     12.50  0.0000E+00   0.000
 12.25  0.0000E+00   0.000     16.25  0.0000E+00   0.000     12.25  0.0000E+00   0.000
 12.00  0.0000E+00   0.000     16.00  0.0000E+00   0.000     12.00  0.0000E+00   0.000
 11.75  0.0000E+00   0.000     15.75  0.0000E+00   0.000     11.75  0.0000E+00   0.000
 11.50  0.0000E+00   0.000     15.50  0.0000E+00   0.000     11.50  0.0000E+00   0.000
 11.25  0.0000E+00   0.000     15.25  0.0000E+00   0.000     11.25  0.0000E+00   0.000
 11.00  0.0000E+00   0.000     15.00  0.0000E+00   0.000     11.00  0.0000E+00   0.000
 10.75  0.0000E+00   0.000     14.75  0.0000E+00   0.000     10.75  0.0000E+00   0.000
 10.50  0.0000E+00   0.000     14.50  0.0000E+00   0.000     10.50  0.0000E+00   0.000
 10.25  0.0000E+00   0.000     14.25  0.0000E+00   0.000     10.25  0.0000E+00   0.000
 10.00  0.0000E+00   0.000     14.00  0.0000E+00   0.000     10.00  0.0000E+00   0.000
  9.75  0.0000E+00   0.000     13.75  0.0000E+00   0.000      9.75  0.0000E+00   0.000
  9.50  0.0000E+00   0.000     13.50  0.0000E+00   0.000      9.50  0.7452E+04   3.872
  9.25  0.0000E+00   0.000     13.25  0.0000E+00   0.000      9.25  0.1959E+05   4.292
  9.00  0.0000E+00   0.000     13.00  0.0000E+00   0.000      9.00  0.4689E+05   4.671
  8.75  0.0000E+00   0.000     12.75  0.0000E+00   0.000      8.75  0.9201E+05   4.964
  8.50  0.0000E+00   0.000     12.50  0.0000E+00   0.000      8.50  0.8788E+05   4.944
  8.25  0.1291E+05   4.111     12.25  0.0000E+00   0.000      8.25  0.7714E+05   4.887
  8.00  0.6676E+05   4.824     12.00  0.0000E+00   0.000      8.00  0.6769E+05   4.831
  7.75  0.1236E+06   5.092     11.75  0.0000E+00   0.000      7.75  0.5545E+05   4.744
  7.50  0.1048E+06   5.020     11.50  0.0000E+00   0.000      7.50  0.5291E+05   4.724
  7.25  0.9432E+05   4.975     11.25  0.0000E+00   0.000      7.25  0.4990E+05   4.698
  7.00  0.7878E+05   4.896     11.00  0.0000E+00   0.000      7.00  0.4846E+05   4.685
  6.75  0.7163E+05   4.855     10.75  0.0000E+00   0.000      6.75  0.4655E+05   4.668
  6.50  0.6592E+05   4.819     10.50  0.0000E+00   0.000      6.50  0.4583E+05   4.661
  6.25  0.5978E+05   4.777     10.25  0.0000E+00   0.000      6.25  0.4387E+05   4.642
  6.00  0.5617E+05   4.750     10.00  0.0000E+00   0.000      6.00  0.4326E+05   4.636
  5.75  0.5123E+05   4.710      9.75  0.0000E+00   0.000      5.75  0.4194E+05   4.623
  5.50  0.4748E+05   4.677      9.50  0.3845E+04   3.585      5.50  0.3978E+05   4.600
  5.25  0.4458E+05   4.649      9.25  0.1611E+05   4.207      5.25  0.3816E+05   4.582
  5.00  0.3954E+05   4.597      9.00  0.3431E+05   4.535      5.00  0.3546E+05   4.550
  4.75  0.3666E+05   4.564      8.75  0.7594E+05   4.880      4.75  0.3341E+05   4.524
  4.50  0.3398E+05   4.531      8.50  0.9880E+05   4.995      4.50  0.3077E+05   4.488
  4.25  0.3272E+05   4.515      8.25  0.7908E+05   4.898      4.25  0.2801E+05   4.447
  4.00  0.2409E+05   4.382      8.00  0.7013E+05   4.846      4.00  0.2620E+05   4.418
  3.75  0.2872E+05   4.458      7.75  0.6094E+05   4.785      3.75  0.2488E+05   4.396
  3.50  0.2057E+05   4.313      7.50  0.5345E+05   4.728      3.50  0.1957E+05   4.292
  3.25  0.2229E+05   4.348      7.25  0.5073E+05   4.705      3.25  0.2255E+05   4.353
  3.00  0.2111E+05   4.324      7.00  0.5069E+05   4.705      3.00  0.1580E+05   4.199
  2.75  0.1447E+05   4.160      6.75  0.4713E+05   4.673      2.75  0.1591E+05   4.202
  2.50  0.1549E+05   4.190      6.50  0.4574E+05   4.660      2.50  0.1407E+05   4.148
  2.25  0.1155E+05   4.063      6.25  0.4492E+05   4.652      2.25  0.1050E+05   4.021
  2.00  0.1017E+05   4.008      6.00  0.4355E+05   4.639      2.00  0.9881E+04   3.995
  1.75  0.7106E+04   3.852      5.75  0.4210E+05   4.624      1.75  0.6534E+04   3.815
  1.50  0.7893E+04   3.897      5.50  0.4134E+05   4.616      1.50  0.7959E+04   3.901
  1.25  0.7042E+04   3.848      5.25  0.3854E+05   4.586      1.25  0.7535E+04   3.877
  1.00  0.3393E+04   3.531      5.00  0.3600E+05   4.556      1.00  0.7308E+04   3.864
  0.75  0.4699E+04   3.672      4.75  0.3407E+05   4.532      0.75  0.5053E+04   3.704
  0.50  0.4839E+04   3.685      4.50  0.3113E+05   4.493      0.50  0.3351E+04   3.525
  0.25  0.4117E+04   3.615      4.25  0.2961E+05   4.471      0.25  0.8171E+03   2.912
  0.00  0.1448E+04   3.161      4.00  0.2464E+05   4.392      0.00  0.5319E+03   2.726
 -0.25  0.4653E+03   2.668      3.75  0.2774E+05   4.443     -0.25  0.6436E+03   2.809
 -0.50  0.4835E+03   2.684      3.50  0.1885E+05   4.275     -0.50  0.4069E+03   2.610
 -0.75  0.5608E+03   2.749      3.25  0.2293E+05   4.360     -0.75  0.2716E+03   2.434
 -1.00  0.3531E+03   2.548      3.00  0.1736E+05   4.240     -1.00  0.1712E+03   2.234
 -1.25  0.2671E+03   2.427      2.75  0.1549E+05   4.190     -1.25  0.1420E+03   2.152
 -1.50  0.1627E+03   2.211      2.50  0.1462E+05   4.165     -1.50  0.1116E+03   2.048
 -1.75  0.1177E+03   2.071      2.25  0.1106E+05   4.044     -1.75  0.7470E+02   1.873
 -2.00  0.9496E+02   1.978      2.00  0.9887E+04   3.995     -2.00  0.5953E+02   1.775
 -2.25  0.7615E+02   1.882      1.75  0.6683E+04   3.825     -2.25  0.1799E+02   1.255
 -2.50  0.6398E+02   1.806      1.50  0.7920E+04   3.899     -2.50  0.5297E+00  -0.276
 -2.75  0.5344E+02   1.728      1.25  0.7272E+04   3.862     -2.75  0.0000E+00   0.000
 -3.00  0.5009E+02   1.700      1.00  0.6816E+04   3.834     -3.00  0.0000E+00   0.000
 -3.25  0.4235E+02   1.627      0.75  0.5552E+04   3.744     -3.25  0.0000E+00   0.000
 -3.50  0.3697E+02   1.568      0.50  0.4008E+04   3.603     -3.50  0.0000E+00   0.000
 -3.75  0.3044E+02   1.483      0.25  0.1195E+04   3.077     -3.75  0.0000E+00   0.000
 -4.00  0.1751E+02   1.243      0.00  0.4689E+03   2.671     -4.00  0.0000E+00   0.000
 -4.25  0.1679E+02   1.225     -0.25  0.6724E+03   2.828     -4.25  0.0000E+00   0.000
 -4.50  0.1696E+02   1.229     -0.50  0.4651E+03   2.668     -4.50  0.0000E+00   0.000
 -4.75  0.1692E+02   1.228     -0.75  0.3024E+03   2.481     -4.75  0.0000E+00   0.000
 -5.00  0.1518E+02   1.181     -1.00  0.1886E+03   2.276     -5.00  0.0000E+00   0.000
 -5.25  0.6928E+01   0.841     -1.25  0.1533E+03   2.186     -5.25  0.0000E+00   0.000
 -5.50  0.1264E-01  -1.898     -1.50  0.1182E+03   2.073     -5.50  0.0000E+00   0.000
 -5.75  0.0000E+00   0.000     -1.75  0.8308E+02   1.919     -5.75  0.0000E+00   0.000
 -6.00  0.0000E+00   0.000     -2.00  0.7028E+02   1.847     -6.00  0.0000E+00   0.000
 -6.25  0.0000E+00   0.000     -2.25  0.2782E+02   1.444     -6.25  0.0000E+00   0.000
 -6.50  0.0000E+00   0.000     -2.50  0.4542E+01   0.657     -6.50  0.0000E+00   0.000
 -6.75  0.0000E+00   0.000     -2.75  0.0000E+00   0.000     -6.75  0.0000E+00   0.000
 -7.00  0.0000E+00   0.000     -3.00  0.0000E+00   0.000     -7.00  0.0000E+00   0.000
 -7.25  0.0000E+00   0.000     -3.25  0.0000E+00   0.000     -7.25  0.0000E+00   0.000
 -7.50  0.0000E+00   0.000     -3.50  0.0000E+00   0.000     -7.50  0.0000E+00   0.000
 -7.75  0.0000E+00   0.000     -3.75  0.0000E+00   0.000     -7.75  0.0000E+00   0.000
 -8.00  0.0000E+00   0.000     -4.00  0.0000E+00   0.000     -8.00  0.0000E+00   0.000
 -8.25  0.0000E+00   0.000     -4.25  0.0000E+00   0.000     -8.25  0.0000E+00   0.000
 -8.50  0.0000E+00   0.000     -4.50  0.0000E+00   0.000     -8.50  0.0000E+00   0.000
 -8.75  0.0000E+00   0.000     -4.75  0.0000E+00   0.000     -8.75  0.0000E+00   0.000
 -9.00  0.0000E+00   0.000     -5.00  0.0000E+00   0.000     -9.00  0.0000E+00   0.000
 -9.25  0.0000E+00   0.000     -5.25  0.0000E+00   0.000     -9.25  0.0000E+00   0.000
 -9.50  0.0000E+00   0.000     -5.50  0.0000E+00   0.000     -9.50  0.0000E+00   0.000
( Z, Y, Age) = 0.019404   0.281   2.000
 Mbol       dN       log dN    V       dN       log dN     I         dN       log dN
 12.75  0.0000E+00   0.000     16.75  0.0000E+00   0.000     12.75  0.0000E+00   0.000
 12.50  0.0000E+00   0.000     16.50  0.0000E+00   0.000     12.50  0.0000E+00   0.000
 12.25  0.0000E+00   0.000     16.25  0.0000E+00   0.000     12.25  0.0000E+00   0.000
 12.00  0.0000E+00   0.000     16.00  0.0000E+00   0.000     12.00  0.0000E+00   0.000
 11.75  0.0000E+00   0.000     15.75  0.0000E+00   0.000     11.75  0.0000E+00   0.000
 11.50  0.0000E+00   0.000     15.50  0.0000E+00   0.000     11.50  0.0000E+00   0.000
 11.25  0.0000E+00   0.000     15.25  0.0000E+00   0.000     11.25  0.0000E+00   0.000
 11.00  0.0000E+00   0.000     15.00  0.0000E+00   0.000     11.00  0.0000E+00   0.000
 10.75  0.0000E+00   0.000     14.75  0.0000E+00   0.000     10.75  0.0000E+00   0.000
 10.50  0.0000E+00   0.000     14.50  0.0000E+00   0.000     10.50  0.0000E+00   0.000
 10.25  0.0000E+00   0.000     14.25  0.0000E+00   0.000     10.25  0.0000E+00   0.000
 10.00  0.0000E+00   0.000     14.00  0.0000E+00   0.000     10.00  0.0000E+00   0.000
  9.75  0.0000E+00   0.000     13.75  0.0000E+00   0.000      9.75  0.0000E+00   0.000
  9.50  0.0000E+00   0.000     13.50  0.0000E+00   0.000      9.50  0.1416E+05   4.151
  9.25  0.0000E+00   0.000     13.25  0.0000E+00   0.000      9.25  0.3982E+05   4.600
  9.00  0.0000E+00   0.000     13.00  0.0000E+00   0.000      9.00  0.6654E+05   4.823
  8.75  0.0000E+00   0.000     12.75  0.0000E+00   0.000      8.75  0.1096E+06   5.040
  8.50  0.0000E+00   0.000     12.50  0.0000E+00   0.000      8.50  0.1037E+06   5.016
  8.25  0.2454E+05   4.390     12.25  0.0000E+00   0.000      8.25  0.8896E+05   4.949
  8.00  0.9377E+05   4.972     12.00  0.0000E+00   0.000      8.00  0.8096E+05   4.908
  7.75  0.1479E+06   5.170     11.75  0.0000E+00   0.000      7.75  0.6626E+05   4.821
  7.50  0.1253E+06   5.098     11.50  0.0000E+00   0.000      7.50  0.6259E+05   4.796
  7.25  0.1118E+06   5.049     11.25  0.0000E+00   0.000      7.25  0.5857E+05   4.768
  7.00  0.9438E+05   4.975     11.00  0.0000E+00   0.000      7.00  0.5707E+05   4.756
  6.75  0.8560E+05   4.932     10.75  0.0000E+00   0.000      6.75  0.5487E+05   4.739
  6.50  0.7811E+05   4.893     10.50  0.0000E+00   0.000      6.50  0.5399E+05   4.732
  6.25  0.7113E+05   4.852     10.25  0.0000E+00   0.000      6.25  0.5176E+05   4.714
  6.00  0.6669E+05   4.824     10.00  0.0000E+00   0.000      6.00  0.5091E+05   4.707
  5.75  0.6090E+05   4.785      9.75  0.0000E+00   0.000      5.75  0.4973E+05   4.697
  5.50  0.5667E+05   4.753      9.50  0.7211E+04   3.858      5.50  0.4704E+05   4.672
  5.25  0.5265E+05   4.721      9.25  0.3067E+05   4.487      5.25  0.4499E+05   4.653
  5.00  0.4728E+05   4.675      9.00  0.5737E+05   4.759      5.00  0.4229E+05   4.626
  4.75  0.4388E+05   4.642      8.75  0.9381E+05   4.972      4.75  0.3966E+05   4.598
  4.50  0.4052E+05   4.608      8.50  0.1144E+06   5.058      4.50  0.3668E+05   4.564
  4.25  0.3880E+05   4.589      8.25  0.9361E+05   4.971      4.25  0.3362E+05   4.527
  4.00  0.2995E+05   4.476      8.00  0.8188E+05   4.913      4.00  0.3183E+05   4.503
  3.75  0.3429E+05   4.535      7.75  0.7314E+05   4.864      3.75  0.3038E+05   4.483
  3.50  0.2676E+05   4.428      7.50  0.6345E+05   4.802      3.50  0.2594E+05   4.414
  3.25  0.2767E+05   4.442      7.25  0.5995E+05   4.778      3.25  0.2571E+05   4.410
  3.00  0.2459E+05   4.391      7.00  0.5932E+05   4.773      3.00  0.2142E+05   4.331
  2.75  0.1999E+05   4.301      6.75  0.5551E+05   4.744      2.75  0.2124E+05   4.327
  2.50  0.2041E+05   4.310      6.50  0.5404E+05   4.733      2.50  0.1849E+05   4.267
  2.25  0.1403E+05   4.147      6.25  0.5301E+05   4.724      2.25  0.1211E+05   4.083
  2.00  0.1104E+05   4.043      6.00  0.5147E+05   4.712      2.00  0.1045E+05   4.019
  1.75  0.7346E+04   3.866      5.75  0.4959E+05   4.695      1.75  0.6679E+04   3.825
  1.50  0.8015E+04   3.904      5.50  0.4866E+05   4.687      1.50  0.8069E+04   3.907
  1.25  0.7134E+04   3.853      5.25  0.4593E+05   4.662      1.25  0.7642E+04   3.883
  1.00  0.3501E+04   3.544      5.00  0.4254E+05   4.629      1.00  0.7691E+04   3.886
  0.75  0.4785E+04   3.680      4.75  0.4073E+05   4.610      0.75  0.6502E+04   3.813
  0.50  0.5515E+04   3.742      4.50  0.3703E+05   4.569      0.50  0.3639E+04   3.561
  0.25  0.5242E+04   3.719      4.25  0.3534E+05   4.548      0.25  0.9164E+03   2.962
  0.00  0.1708E+04   3.232      4.00  0.3022E+05   4.480      0.00  0.6831E+03   2.835
 -0.25  0.5678E+03   2.754      3.75  0.3309E+05   4.520     -0.25  0.7489E+03   2.874
 -0.50  0.5829E+03   2.766      3.50  0.2528E+05   4.403     -0.50  0.4850E+03   2.686
 -0.75  0.6796E+03   2.832      3.25  0.2719E+05   4.434     -0.75  0.3354E+03   2.526
 -1.00  0.4257E+03   2.629      3.00  0.2161E+05   4.335     -1.00  0.2302E+03   2.362
 -1.25  0.3249E+03   2.512      2.75  0.2128E+05   4.328     -1.25  0.2116E+03   2.325
 -1.50  0.2098E+03   2.322      2.50  0.1932E+05   4.286     -1.50  0.1240E+03   2.094
 -1.75  0.1596E+03   2.203      2.25  0.1315E+05   4.119     -1.75  0.7470E+02   1.873
 -2.00  0.1273E+03   2.105      2.00  0.1056E+05   4.024     -2.00  0.5953E+02   1.775
 -2.25  0.1026E+03   2.011      1.75  0.6851E+04   3.836     -2.25  0.1799E+02   1.255
 -2.50  0.8455E+02   1.927      1.50  0.8038E+04   3.905     -2.50  0.5297E+00  -0.276
 -2.75  0.7219E+02   1.858      1.25  0.7382E+04   3.868     -2.75  0.0000E+00   0.000
 -3.00  0.6591E+02   1.819      1.00  0.6951E+04   3.842     -3.00  0.0000E+00   0.000
 -3.25  0.5650E+02   1.752      0.75  0.7014E+04   3.846     -3.25  0.0000E+00   0.000
 -3.50  0.4943E+02   1.694      0.50  0.4510E+04   3.654     -3.50  0.0000E+00   0.000
 -3.75  0.3662E+02   1.564      0.25  0.1313E+04   3.118     -3.75  0.0000E+00   0.000
 -4.00  0.2067E+02   1.315      0.00  0.6022E+03   2.780     -4.00  0.0000E+00   0.000
 -4.25  0.2002E+02   1.302     -0.25  0.7963E+03   2.901     -4.25  0.0000E+00   0.000
 -4.50  0.2045E+02   1.311     -0.50  0.5482E+03   2.739     -4.50  0.0000E+00   0.000
 -4.75  0.2068E+02   1.316     -0.75  0.3692E+03   2.567     -4.75  0.0000E+00   0.000
 -5.00  0.1629E+02   1.212     -1.00  0.2471E+03   2.393     -5.00  0.0000E+00   0.000
 -5.25  0.6928E+01   0.841     -1.25  0.2209E+03   2.344     -5.25  0.0000E+00   0.000
 -5.50  0.1264E-01  -1.898     -1.50  0.1523E+03   2.183     -5.50  0.0000E+00   0.000
 -5.75  0.0000E+00   0.000     -1.75  0.8313E+02   1.920     -5.75  0.0000E+00   0.000
 -6.00  0.0000E+00   0.000     -2.00  0.7028E+02   1.847     -6.00  0.0000E+00   0.000
 -6.25  0.0000E+00   0.000     -2.25  0.2782E+02   1.444     -6.25  0.0000E+00   0.000
 -6.50  0.0000E+00   0.000     -2.50  0.4542E+01   0.657     -6.50  0.0000E+00   0.000
 -6.75  0.0000E+00   0.000     -2.75  0.0000E+00   0.000     -6.75  0.0000E+00   0.000
 -7.00  0.0000E+00   0.000     -3.00  0.0000E+00   0.000     -7.00  0.0000E+00   0.000
 -7.25  0.0000E+00   0.000     -3.25  0.0000E+00   0.000     -7.25  0.0000E+00   0.000
 -7.50  0.0000E+00   0.000     -3.50  0.0000E+00   0.000     -7.50  0.0000E+00   0.000
 -7.75  0.0000E+00   0.000     -3.75  0.0000E+00   0.000     -7.75  0.0000E+00   0.000
 -8.00  0.0000E+00   0.000     -4.00  0.0000E+00   0.000     -8.00  0.0000E+00   0.000
 -8.25  0.0000E+00   0.000     -4.25  0.0000E+00   0.000     -8.25  0.0000E+00   0.000
 -8.50  0.0000E+00   0.000     -4.50  0.0000E+00   0.000     -8.50  0.0000E+00   0.000
 -8.75  0.0000E+00   0.000     -4.75  0.0000E+00   0.000     -8.75  0.0000E+00   0.000
 -9.00  0.0000E+00   0.000     -5.00  0.0000E+00   0.000     -9.00  0.0000E+00   0.000
 -9.25  0.0000E+00   0.000     -5.25  0.0000E+00   0.000     -9.25  0.0000E+00   0.000
 -9.50  0.0000E+00   0.000     -5.50  0.0000E+00   0.000     -9.50  0.0000E+00   0.000
( Z, Y, Age) = 0.019404   0.281   5.000
 Mbol       dN       log dN    V       dN       log dN     I         dN       log dN
 12.75  0.0000E+00   0.000     16.75  0.0000E+00   0.000     12.75  0.0000E+00   0.000
 12.50  0.0000E+00   0.000     16.50  0.0000E+00   0.000     12.50  0.0000E+00   0.000
 12.25  0.0000E+00   0.000     16.25  0.0000E+00   0.000     12.25  0.0000E+00   0.000
 12.00  0.0000E+00   0.000     16.00  0.0000E+00   0.000     12.00  0.0000E+00   0.000
 11.75  0.0000E+00   0.000     15.75  0.0000E+00   0.000     11.75  0.0000E+00   0.000
 11.50  0.0000E+00   0.000     15.50  0.0000E+00   0.000     11.50  0.0000E+00   0.000
 11.25  0.0000E+00   0.000     15.25  0.0000E+00   0.000     11.25  0.0000E+00   0.000
 11.00  0.0000E+00   0.000     15.00  0.0000E+00   0.000     11.00  0.0000E+00   0.000
 10.75  0.0000E+00   0.000     14.75  0.0000E+00   0.000     10.75  0.0000E+00   0.000
 10.50  0.0000E+00   0.000     14.50  0.0000E+00   0.000     10.50  0.0000E+00   0.000
 10.25  0.0000E+00   0.000     14.25  0.0000E+00   0.000     10.25  0.0000E+00   0.000
 10.00  0.0000E+00   0.000     14.00  0.0000E+00   0.000     10.00  0.0000E+00   0.000
  9.75  0.0000E+00   0.000     13.75  0.0000E+00   0.000      9.75  0.0000E+00   0.000
  9.50  0.0000E+00   0.000     13.50  0.0000E+00   0.000      9.50  0.1896E+05   4.278
  9.25  0.0000E+00   0.000     13.25  0.0000E+00   0.000      9.25  0.6020E+05   4.780
  9.00  0.0000E+00   0.000     13.00  0.0000E+00   0.000      9.00  0.8522E+05   4.931
  8.75  0.0000E+00   0.000     12.75  0.0000E+00   0.000      8.75  0.1286E+06   5.109
  8.50  0.0000E+00   0.000     12.50  0.0000E+00   0.000      8.50  0.1179E+06   5.071
  8.25  0.3416E+05   4.534     12.25  0.0000E+00   0.000      8.25  0.1018E+06   5.008
  8.00  0.1202E+06   5.080     12.00  0.0000E+00   0.000      8.00  0.9290E+05   4.968
  7.75  0.1723E+06   5.236     11.75  0.0000E+00   0.000      7.75  0.7753E+05   4.889
  7.50  0.1454E+06   5.163     11.50  0.0000E+00   0.000      7.50  0.7209E+05   4.858
  7.25  0.1290E+06   5.111     11.25  0.0000E+00   0.000      7.25  0.6720E+05   4.827
  7.00  0.1105E+06   5.043     11.00  0.0000E+00   0.000      7.00  0.6510E+05   4.814
  6.75  0.9876E+05   4.995     10.75  0.0000E+00   0.000      6.75  0.6308E+05   4.800
  6.50  0.9018E+05   4.955     10.50  0.0000E+00   0.000      6.50  0.6160E+05   4.790
  6.25  0.8205E+05   4.914     10.25  0.0000E+00   0.000      6.25  0.5960E+05   4.775
  6.00  0.7667E+05   4.885     10.00  0.0000E+00   0.000      6.00  0.5828E+05   4.765
  5.75  0.7034E+05   4.847      9.75  0.0000E+00   0.000      5.75  0.5669E+05   4.753
  5.50  0.6509E+05   4.814      9.50  0.9216E+04   3.965      5.50  0.5405E+05   4.733
  5.25  0.6042E+05   4.781      9.25  0.4515E+05   4.655      5.25  0.5158E+05   4.713
  5.00  0.5425E+05   4.734      9.00  0.7941E+05   4.900      5.00  0.4839E+05   4.685
  4.75  0.5068E+05   4.705      8.75  0.1118E+06   5.048      4.75  0.4544E+05   4.657
  4.50  0.4645E+05   4.667      8.50  0.1303E+06   5.115      4.50  0.4223E+05   4.626
  4.25  0.4482E+05   4.651      8.25  0.1073E+06   5.031      4.25  0.3829E+05   4.583
  4.00  0.3511E+05   4.545      8.00  0.9403E+05   4.973      4.00  0.3876E+05   4.588
  3.75  0.3804E+05   4.580      7.75  0.8465E+05   4.928      3.75  0.3119E+05   4.494
  3.50  0.2868E+05   4.458      7.50  0.7377E+05   4.868      3.50  0.3211E+05   4.507
  3.25  0.3464E+05   4.540      7.25  0.6863E+05   4.837      3.25  0.2952E+05   4.470
  3.00  0.2587E+05   4.413      7.00  0.6788E+05   4.832      3.00  0.2178E+05   4.338
  2.75  0.2036E+05   4.309      6.75  0.6360E+05   4.803      2.75  0.2156E+05   4.334
  2.50  0.2080E+05   4.318      6.50  0.6197E+05   4.792      2.50  0.1876E+05   4.273
  2.25  0.1429E+05   4.155      6.25  0.6067E+05   4.783      2.25  0.1232E+05   4.091
  2.00  0.1126E+05   4.052      6.00  0.5900E+05   4.771      2.00  0.1064E+05   4.027
  1.75  0.7541E+04   3.877      5.75  0.5700E+05   4.756      1.75  0.6810E+04   3.833
  1.50  0.8156E+04   3.911      5.50  0.5554E+05   4.745      1.50  0.8217E+04   3.915
  1.25  0.7252E+04   3.860      5.25  0.5248E+05   4.720      1.25  0.7830E+04   3.894
  1.00  0.3623E+04   3.559      5.00  0.4874E+05   4.688      1.00  0.8203E+04   3.914
  0.75  0.4966E+04   3.696      4.75  0.4680E+05   4.670      0.75  0.6804E+04   3.833
  0.50  0.6023E+04   3.780      4.50  0.4241E+05   4.627      0.50  0.3706E+04   3.569
  0.25  0.5534E+04   3.743      4.25  0.4101E+05   4.613      0.25  0.9774E+03   2.990
  0.00  0.1771E+04   3.248      4.00  0.3599E+05   4.556      0.00  0.7537E+03   2.877
 -0.25  0.6118E+03   2.787      3.75  0.3504E+05   4.545     -0.25  0.7964E+03   2.901
 -0.50  0.6336E+03   2.802      3.50  0.2993E+05   4.476     -0.50  0.5256E+03   2.721
 -0.75  0.7328E+03   2.865      3.25  0.3264E+05   4.514     -0.75  0.3821E+03   2.582
 -1.00  0.4607E+03   2.663      3.00  0.2201E+05   4.343     -1.00  0.2422E+03   2.384
 -1.25  0.3532E+03   2.548      2.75  0.2162E+05   4.335     -1.25  0.2116E+03   2.325
 -1.50  0.2332E+03   2.368      2.50  0.1961E+05   4.292     -1.50  0.1240E+03   2.094
 -1.75  0.1788E+03   2.252      2.25  0.1337E+05   4.126     -1.75  0.7470E+02   1.873
 -2.00  0.1436E+03   2.157      2.00  0.1074E+05   4.031     -2.00  0.5953E+02   1.775
 -2.25  0.1155E+03   2.063      1.75  0.7006E+04   3.845     -2.25  0.1799E+02   1.255
 -2.50  0.9479E+02   1.977      1.50  0.8168E+04   3.912     -2.50  0.5297E+00  -0.276
 -2.75  0.8102E+02   1.909      1.25  0.7583E+04   3.880     -2.75  0.0000E+00   0.000
 -3.00  0.7357E+02   1.867      1.00  0.7300E+04   3.863     -3.00  0.0000E+00   0.000
 -3.25  0.6332E+02   1.802      0.75  0.7488E+04   3.874     -3.25  0.0000E+00   0.000
 -3.50  0.5553E+02   1.744      0.50  0.4589E+04   3.662     -3.50  0.0000E+00   0.000
 -3.75  0.4184E+02   1.622      0.25  0.1369E+04   3.136     -3.75  0.0000E+00   0.000
 -4.00  0.2302E+02   1.362      0.00  0.6762E+03   2.830     -4.00  0.0000E+00   0.000
 -4.25  0.2135E+02   1.329     -0.25  0.8485E+03   2.929     -4.25  0.0000E+00   0.000
 -4.50  0.2145E+02   1.331     -0.50  0.5893E+03   2.770     -4.50  0.0000E+00   0.000
 -4.75  0.2072E+02   1.316     -0.75  0.4134E+03   2.616     -4.75  0.0000E+00   0.000
 -5.00  0.1629E+02   1.212     -1.00  0.2749E+03   2.439     -5.00  0.0000E+00   0.000
 -5.25  0.6928E+01   0.841     -1.25  0.2210E+03   2.344     -5.25  0.0000E+00   0.000
 -5.50  0.1264E-01  -1.898     -1.50  0.1523E+03   2.183     -5.50  0.0000E+00   0.000
 -5.75  0.0000E+00   0.000     -1.75  0.8313E+02   1.920     -5.75  0.0000E+00   0.000
 -6.00  0.0000E+00   0.000     -2.00  0.7028E+02   1.847     -6.00  0.0000E+00   0.000
 -6.25  0.0000E+00   0.000     -2.25  0.2782E+02   1.444     -6.25  0.0000E+00   0.000
 -6.50  0.0000E+00   0.000     -2.50  0.4542E+01   0.657     -6.50  0.0000E+00   0.000
 -6.75  0.0000E+00   0.000     -2.75  0.0000E+00   0.000     -6.75  0.0000E+00   0.000
 -7.00  0.0000E+00   0.000     -3.00  0.0000E+00   0.000     -7.00  0.0000E+00   0.000
 -7.25  0.0000E+00   0.000     -3.25  0.0000E+00   0.000     -7.25  0.0000E+00   0.000
 -7.50  0.0000E+00   0.000     -3.50  0.0000E+00   0.000     -7.50  0.0000E+00   0.000
 -7.75  0.0000E+00   0.000     -3.75  0.0000E+00   0.000     -7.75  0.0000E+00   0.000
 -8.00  0.0000E+00   0.000     -4.00  0.0000E+00   0.000     -8.00  0.0000E+00   0.000
 -8.25  0.0000E+00   0.000     -4.25  0.0000E+00   0.000     -8.25  0.0000E+00   0.000
 -8.50  0.0000E+00   0.000     -4.50  0.0000E+00   0.000     -8.50  0.0000E+00   0.000
 -8.75  0.0000E+00   0.000     -4.75  0.0000E+00   0.000     -8.75  0.0000E+00   0.000
 -9.00  0.0000E+00   0.000     -5.00  0.0000E+00   0.000     -9.00  0.0000E+00   0.000
 -9.25  0.0000E+00   0.000     -5.25  0.0000E+00   0.000     -9.25  0.0000E+00   0.000
 -9.50  0.0000E+00   0.000     -5.50  0.0000E+00   0.000     -9.50  0.0000E+00   0.000
( Z, Y, Age) = 0.019404   0.281  10.000
 Mbol       dN       log dN    V       dN       log dN     I         dN       log dN
 12.75  0.0000E+00   0.000     16.75  0.0000E+00   0.000     12.75  0.0000E+00   0.000
 12.50  0.0000E+00   0.000     16.50  0.0000E+00   0.000     12.50  0.0000E+00   0.000
 12.25  0.0000E+00   0.000     16.25  0.0000E+00   0.000     12.25  0.0000E+00   0.000
 12.00  0.0000E+00   0.000     16.00  0.0000E+00   0.000     12.00  0.0000E+00   0.000
 11.75  0.0000E+00   0.000     15.75  0.0000E+00   0.000     11.75  0.0000E+00   0.000
 11.50  0.0000E+00   0.000     15.50  0.0000E+00   0.000     11.50  0.0000E+00   0.000
 11.25  0.0000E+00   0.000     15.25  0.0000E+00   0.000     11.25  0.0000E+00   0.000
 11.00  0.0000E+00   0.000     15.00  0.0000E+00   0.000     11.00  0.0000E+00   0.000
 10.75  0.0000E+00   0.000     14.75  0.0000E+00   0.000     10.75  0.0000E+00   0.000
 10.50  0.0000E+00   0.000     14.50  0.0000E+00   0.000     10.50  0.0000E+00   0.000
 10.25  0.0000E+00   0.000     14.25  0.0000E+00   0.000     10.25  0.0000E+00   0.000
 10.00  0.0000E+00   0.000     14.00  0.0000E+00   0.000     10.00  0.0000E+00   0.000
  9.75  0.0000E+00   0.000     13.75  0.0000E+00   0.000      9.75  0.0000E+00   0.000
  9.50  0.0000E+00   0.000     13.50  0.0000E+00   0.000      9.50  0.2247E+05   4.352
  9.25  0.0000E+00   0.000     13.25  0.0000E+00   0.000      9.25  0.7749E+05   4.889
  9.00  0.0000E+00   0.000     13.00  0.0000E+00   0.000      9.00  0.1049E+06   5.021
  8.75  0.0000E+00   0.000     12.75  0.0000E+00   0.000      8.75  0.1470E+06   5.167
  8.50  0.0000E+00   0.000     12.50  0.0000E+00   0.000      8.50  0.1325E+06   5.122
  8.25  0.4095E+05   4.612     12.25  0.0000E+00   0.000      8.25  0.1142E+06   5.058
  8.00  0.1461E+06   5.165     12.00  0.0000E+00   0.000      8.00  0.1042E+06   5.018
  7.75  0.1960E+06   5.292     11.75  0.0000E+00   0.000      7.75  0.8815E+05   4.945
  7.50  0.1658E+06   5.220     11.50  0.0000E+00   0.000      7.50  0.8182E+05   4.913
  7.25  0.1455E+06   5.163     11.25  0.0000E+00   0.000      7.25  0.7559E+05   4.878
  7.00  0.1259E+06   5.100     11.00  0.0000E+00   0.000      7.00  0.7282E+05   4.862
  6.75  0.1118E+06   5.048     10.75  0.0000E+00   0.000      6.75  0.7064E+05   4.849
  6.50  0.1017E+06   5.007     10.50  0.0000E+00   0.000      6.50  0.6893E+05   4.838
  6.25  0.9219E+05   4.965     10.25  0.0000E+00   0.000      6.25  0.6657E+05   4.823
  6.00  0.8623E+05   4.936     10.00  0.0000E+00   0.000      6.00  0.6529E+05   4.815
  5.75  0.7876E+05   4.896      9.75  0.0000E+00   0.000      5.75  0.6310E+05   4.800
  5.50  0.7280E+05   4.862      9.50  0.1005E+05   4.002      5.50  0.6013E+05   4.779
  5.25  0.6763E+05   4.830      9.25  0.5803E+05   4.764      5.25  0.5752E+05   4.760
  5.00  0.6036E+05   4.781      9.00  0.1005E+06   5.002      5.00  0.5374E+05   4.730
  4.75  0.5608E+05   4.749      8.75  0.1294E+06   5.112      4.75  0.5086E+05   4.706
  4.50  0.5257E+05   4.721      8.50  0.1464E+06   5.166      4.50  0.4582E+05   4.661
  4.25  0.4627E+05   4.665      8.25  0.1210E+06   5.083      4.25  0.4171E+05   4.620
  4.00  0.4075E+05   4.610      8.00  0.1056E+06   5.024      4.00  0.4433E+05   4.647
  3.75  0.4115E+05   4.614      7.75  0.9555E+05   4.980      3.75  0.3170E+05   4.501
  3.50  0.2914E+05   4.464      7.50  0.8387E+05   4.924      3.50  0.3239E+05   4.510
  3.25  0.3491E+05   4.543      7.25  0.7733E+05   4.888      3.25  0.2974E+05   4.473
  3.00  0.2626E+05   4.419      7.00  0.7607E+05   4.881      3.00  0.2203E+05   4.343
  2.75  0.2053E+05   4.312      6.75  0.7110E+05   4.852      2.75  0.2175E+05   4.338
  2.50  0.2100E+05   4.322      6.50  0.6944E+05   4.842      2.50  0.1891E+05   4.277
  2.25  0.1446E+05   4.160      6.25  0.6795E+05   4.832      2.25  0.1244E+05   4.095
  2.00  0.1140E+05   4.057      6.00  0.6579E+05   4.818      2.00  0.1075E+05   4.032
  1.75  0.7649E+04   3.884      5.75  0.6369E+05   4.804      1.75  0.6972E+04   3.843
  1.50  0.8248E+04   3.916      5.50  0.6187E+05   4.791      1.50  0.8327E+04   3.920
  1.25  0.7385E+04   3.868      5.25  0.5841E+05   4.766      1.25  0.7959E+04   3.901
  1.00  0.3754E+04   3.574      5.00  0.5381E+05   4.731      1.00  0.8606E+04   3.935
  0.75  0.5110E+04   3.708      4.75  0.5244E+05   4.720      0.75  0.6867E+04   3.837
  0.50  0.6397E+04   3.806      4.50  0.4722E+05   4.674      0.50  0.3743E+04   3.573
  0.25  0.5591E+04   3.748      4.25  0.4300E+05   4.633      0.25  0.1027E+04   3.012
  0.00  0.1807E+04   3.257      4.00  0.4247E+05   4.628      0.00  0.7931E+03   2.899
 -0.25  0.6381E+03   2.805      3.75  0.3598E+05   4.556     -0.25  0.8288E+03   2.918
 -0.50  0.6723E+03   2.828      3.50  0.3021E+05   4.480     -0.50  0.5600E+03   2.748
 -0.75  0.7630E+03   2.883      3.25  0.3291E+05   4.517     -0.75  0.3875E+03   2.588
 -1.00  0.4827E+03   2.684      3.00  0.2229E+05   4.348     -1.00  0.2422E+03   2.384
 -1.25  0.3708E+03   2.569      2.75  0.2179E+05   4.338     -1.25  0.2116E+03   2.325
 -1.50  0.2478E+03   2.394      2.50  0.1976E+05   4.296     -1.50  0.1240E+03   2.094
 -1.75  0.1914E+03   2.282      2.25  0.1351E+05   4.131     -1.75  0.7470E+02   1.873
 -2.00  0.1536E+03   2.187      2.00  0.1084E+05   4.035     -2.00  0.5953E+02   1.775
 -2.25  0.1232E+03   2.090      1.75  0.7145E+04   3.854     -2.25  0.1799E+02   1.255
 -2.50  0.1014E+03   2.006      1.50  0.8314E+04   3.920     -2.50  0.5297E+00  -0.276
 -2.75  0.8666E+02   1.938      1.25  0.7643E+04   3.883     -2.75  0.0000E+00   0.000
 -3.00  0.7856E+02   1.895      1.00  0.7723E+04   3.888     -3.00  0.0000E+00   0.000
 -3.25  0.6756E+02   1.830      0.75  0.7602E+04   3.881     -3.25  0.0000E+00   0.000
 -3.50  0.5971E+02   1.776      0.50  0.4628E+04   3.665     -3.50  0.0000E+00   0.000
 -3.75  0.4530E+02   1.656      0.25  0.1412E+04   3.150     -3.75  0.0000E+00   0.000
 -4.00  0.2447E+02   1.389      0.00  0.7215E+03   2.858     -4.00  0.0000E+00   0.000
 -4.25  0.2181E+02   1.339     -0.25  0.8808E+03   2.945     -4.25  0.0000E+00   0.000
 -4.50  0.2145E+02   1.331     -0.50  0.6244E+03   2.795     -4.50  0.0000E+00   0.000
 -4.75  0.2072E+02   1.316     -0.75  0.4289E+03   2.632     -4.75  0.0000E+00   0.000
 -5.00  0.1629E+02   1.212     -1.00  0.2750E+03   2.439     -5.00  0.0000E+00   0.000
 -5.25  0.6928E+01   0.841     -1.25  0.2210E+03   2.344     -5.25  0.0000E+00   0.000
 -5.50  0.1264E-01  -1.898     -1.50  0.1523E+03   2.183     -5.50  0.0000E+00   0.000
 -5.75  0.0000E+00   0.000     -1.75  0.8313E+02   1.920     -5.75  0.0000E+00   0.000
 -6.00  0.0000E+00   0.000     -2.00  0.7028E+02   1.847     -6.00  0.0000E+00   0.000
 -6.25  0.0000E+00   0.000     -2.25  0.2782E+02   1.444     -6.25  0.0000E+00   0.000
 -6.50  0.0000E+00   0.000     -2.50  0.4542E+01   0.657     -6.50  0.0000E+00   0.000
 -6.75  0.0000E+00   0.000     -2.75  0.0000E+00   0.000     -6.75  0.0000E+00   0.000
 -7.00  0.0000E+00   0.000     -3.00  0.0000E+00   0.000     -7.00  0.0000E+00   0.000
 -7.25  0.0000E+00   0.000     -3.25  0.0000E+00   0.000     -7.25  0.0000E+00   0.000
 -7.50  0.0000E+00   0.000     -3.50  0.0000E+00   0.000     -7.50  0.0000E+00   0.000
 -7.75  0.0000E+00   0.000     -3.75  0.0000E+00   0.000     -7.75  0.0000E+00   0.000
 -8.00  0.0000E+00   0.000     -4.00  0.0000E+00   0.000     -8.00  0.0000E+00   0.000
 -8.25  0.0000E+00   0.000     -4.25  0.0000E+00   0.000     -8.25  0.0000E+00   0.000
 -8.50  0.0000E+00   0.000     -4.50  0.0000E+00   0.000     -8.50  0.0000E+00   0.000
 -8.75  0.0000E+00   0.000     -4.75  0.0000E+00   0.000     -8.75  0.0000E+00   0.000
 -9.00  0.0000E+00   0.000     -5.00  0.0000E+00   0.000     -9.00  0.0000E+00   0.000
 -9.25  0.0000E+00   0.000     -5.25  0.0000E+00   0.000     -9.25  0.0000E+00   0.000
 -9.50  0.0000E+00   0.000     -5.50  0.0000E+00   0.000     -9.50  0.0000E+00   0.000
( Z, Y, Age) = 0.030753   0.312   1.000
 Mbol       dN       log dN    V       dN       log dN     I         dN       log dN
 12.75  0.0000E+00   0.000     16.75  0.0000E+00   0.000     12.75  0.0000E+00   0.000
 12.50  0.0000E+00   0.000     16.50  0.0000E+00   0.000     12.50  0.0000E+00   0.000
 12.25  0.0000E+00   0.000     16.25  0.0000E+00   0.000     12.25  0.0000E+00   0.000
 12.00  0.0000E+00   0.000     16.00  0.0000E+00   0.000     12.00  0.0000E+00   0.000
 11.75  0.0000E+00   0.000     15.75  0.0000E+00   0.000     11.75  0.0000E+00   0.000
 11.50  0.0000E+00   0.000     15.50  0.0000E+00   0.000     11.50  0.0000E+00   0.000
 11.25  0.0000E+00   0.000     15.25  0.0000E+00   0.000     11.25  0.0000E+00   0.000
 11.00  0.0000E+00   0.000     15.00  0.0000E+00   0.000     11.00  0.0000E+00   0.000
 10.75  0.0000E+00   0.000     14.75  0.0000E+00   0.000     10.75  0.0000E+00   0.000
 10.50  0.0000E+00   0.000     14.50  0.0000E+00   0.000     10.50  0.0000E+00   0.000
 10.25  0.0000E+00   0.000     14.25  0.0000E+00   0.000     10.25  0.0000E+00   0.000
 10.00  0.0000E+00   0.000     14.00  0.0000E+00   0.000     10.00  0.0000E+00   0.000
  9.75  0.0000E+00   0.000     13.75  0.0000E+00   0.000      9.75  0.7811E+04   3.893
  9.50  0.0000E+00   0.000     13.50  0.0000E+00   0.000      9.50  0.4149E+05   4.618
  9.25  0.0000E+00   0.000     13.25  0.0000E+00   0.000      9.25  0.9663E+05   4.985
  9.00  0.0000E+00   0.000     13.00  0.0000E+00   0.000      9.00  0.1230E+06   5.090
  8.75  0.0000E+00   0.000     12.75  0.0000E+00   0.000      8.75  0.1621E+06   5.210
  8.50  0.2400E+04   3.380     12.50  0.0000E+00   0.000      8.50  0.1463E+06   5.165
  8.25  0.6018E+05   4.779     12.25  0.0000E+00   0.000      8.25  0.1264E+06   5.102
  8.00  0.1736E+06   5.239     12.00  0.0000E+00   0.000      8.00  0.1163E+06   5.066
  7.75  0.2203E+06   5.343     11.75  0.0000E+00   0.000      7.75  0.9795E+05   4.991
  7.50  0.1850E+06   5.267     11.50  0.0000E+00   0.000      7.50  0.9030E+05   4.956
  7.25  0.1637E+06   5.214     11.25  0.0000E+00   0.000      7.25  0.8475E+05   4.928
  7.00  0.1411E+06   5.150     11.00  0.0000E+00   0.000      7.00  0.8092E+05   4.908
  6.75  0.1248E+06   5.096     10.75  0.0000E+00   0.000      6.75  0.7851E+05   4.895
  6.50  0.1144E+06   5.058     10.50  0.0000E+00   0.000      6.50  0.7668E+05   4.885
  6.25  0.1030E+06   5.013     10.25  0.0000E+00   0.000      6.25  0.7424E+05   4.871
  6.00  0.9661E+05   4.985     10.00  0.0000E+00   0.000      6.00  0.7276E+05   4.862
  5.75  0.8798E+05   4.944      9.75  0.3553E+04   3.551      5.75  0.7027E+05   4.847
  5.50  0.8164E+05   4.912      9.50  0.2390E+05   4.378      5.50  0.6692E+05   4.826
  5.25  0.7575E+05   4.879      9.25  0.7973E+05   4.902      5.25  0.6449E+05   4.809
  5.00  0.6791E+05   4.832      9.00  0.1194E+06   5.077      5.00  0.6012E+05   4.779
  4.75  0.6316E+05   4.800      8.75  0.1455E+06   5.163      4.75  0.5689E+05   4.755
  4.50  0.5906E+05   4.771      8.50  0.1601E+06   5.204      4.50  0.5172E+05   4.714
  4.25  0.5237E+05   4.719      8.25  0.1346E+06   5.129      4.25  0.4738E+05   4.676
  4.00  0.4660E+05   4.668      8.00  0.1177E+06   5.071      4.00  0.4970E+05   4.696
  3.75  0.4664E+05   4.669      7.75  0.1058E+06   5.024      3.75  0.3688E+05   4.567
  3.50  0.3449E+05   4.538      7.50  0.9341E+05   4.970      3.50  0.3751E+05   4.574
  3.25  0.3999E+05   4.602      7.25  0.8575E+05   4.933      3.25  0.3465E+05   4.540
  3.00  0.3087E+05   4.490      7.00  0.8502E+05   4.930      3.00  0.2643E+05   4.422
  2.75  0.2528E+05   4.403      6.75  0.7931E+05   4.899      2.75  0.2632E+05   4.420
  2.50  0.2492E+05   4.396      6.50  0.7717E+05   4.887      2.50  0.2284E+05   4.359
  2.25  0.1893E+05   4.277      6.25  0.7556E+05   4.878      2.25  0.1658E+05   4.220
  2.00  0.1441E+05   4.159      6.00  0.7327E+05   4.865      2.00  0.1365E+05   4.135
  1.75  0.1124E+05   4.051      5.75  0.7094E+05   4.851      1.75  0.1065E+05   4.028
  1.50  0.1157E+05   4.063      5.50  0.6918E+05   4.840      1.50  0.1193E+05   4.077
  1.25  0.1009E+05   4.004      5.25  0.6500E+05   4.813      1.25  0.1111E+05   4.046
  1.00  0.4367E+04   3.640      5.00  0.6049E+05   4.782      1.00  0.1146E+05   4.059
  0.75  0.7110E+04   3.852      4.75  0.5872E+05   4.769      0.75  0.8053E+04   3.906
  0.50  0.8242E+04   3.916      4.50  0.5306E+05   4.725      0.50  0.3937E+04   3.595
  0.25  0.6268E+04   3.797      4.25  0.4865E+05   4.687      0.25  0.1086E+04   3.036
  0.00  0.1898E+04   3.278      4.00  0.4807E+05   4.682      0.00  0.9999E+03   3.000
 -0.25  0.6779E+03   2.831      3.75  0.4130E+05   4.616     -0.25  0.9523E+03   2.979
 -0.50  0.8264E+03   2.917      3.50  0.3530E+05   4.548     -0.50  0.6541E+03   2.816
 -0.75  0.8953E+03   2.952      3.25  0.3783E+05   4.578     -0.75  0.4121E+03   2.615
 -1.00  0.5447E+03   2.736      3.00  0.2677E+05   4.428     -1.00  0.2576E+03   2.411
 -1.25  0.4652E+03   2.668      2.75  0.2643E+05   4.422     -1.25  0.2242E+03   2.351
 -1.50  0.2661E+03   2.425      2.50  0.2361E+05   4.373     -1.50  0.1454E+03   2.163
 -1.75  0.2035E+03   2.309      2.25  0.1783E+05   4.251     -1.75  0.8033E+02   1.905
 -2.00  0.1620E+03   2.210      2.00  0.1390E+05   4.143     -2.00  0.5953E+02   1.775
 -2.25  0.1298E+03   2.113      1.75  0.1078E+05   4.033     -2.25  0.1799E+02   1.255
 -2.50  0.1074E+03   2.031      1.50  0.1178E+05   4.071     -2.50  0.5297E+00  -0.276
 -2.75  0.9268E+02   1.967      1.25  0.1083E+05   4.034     -2.75  0.0000E+00   0.000
 -3.00  0.8447E+02   1.927      1.00  0.1041E+05   4.017     -3.00  0.0000E+00   0.000
 -3.25  0.7346E+02   1.866      0.75  0.9299E+04   3.968     -3.25  0.0000E+00   0.000
 -3.50  0.6532E+02   1.815      0.50  0.4980E+04   3.697     -3.50  0.0000E+00   0.000
 -3.75  0.4926E+02   1.692      0.25  0.1472E+04   3.168     -3.75  0.0000E+00   0.000
 -4.00  0.2801E+02   1.447      0.00  0.8895E+03   2.949     -4.00  0.0000E+00   0.000
 -4.25  0.2558E+02   1.408     -0.25  0.1030E+04   3.013     -4.25  0.0000E+00   0.000
 -4.50  0.2548E+02   1.406     -0.50  0.7390E+03   2.869     -4.50  0.0000E+00   0.000
 -4.75  0.2511E+02   1.400     -0.75  0.4626E+03   2.665     -4.75  0.0000E+00   0.000
 -5.00  0.2123E+02   1.327     -1.00  0.2928E+03   2.467     -5.00  0.0000E+00   0.000
 -5.25  0.9168E+01   0.962     -1.25  0.2334E+03   2.368     -5.25  0.0000E+00   0.000
 -5.50  0.1264E-01  -1.898     -1.50  0.1699E+03   2.230     -5.50  0.0000E+00   0.000
 -5.75  0.0000E+00   0.000     -1.75  0.9688E+02   1.986     -5.75  0.0000E+00   0.000
 -6.00  0.0000E+00   0.000     -2.00  0.7028E+02   1.847     -6.00  0.0000E+00   0.000
 -6.25  0.0000E+00   0.000     -2.25  0.2782E+02   1.444     -6.25  0.0000E+00   0.000
 -6.50  0.0000E+00   0.000     -2.50  0.4542E+01   0.657     -6.50  0.0000E+00   0.000
 -6.75  0.0000E+00   0.000     -2.75  0.0000E+00   0.000     -6.75  0.0000E+00   0.000
 -7.00  0.0000E+00   0.000     -3.00  0.0000E+00   0.000     -7.00  0.0000E+00   0.000
 -7.25  0.0000E+00   0.000     -3.25  0.0000E+00   0.000     -7.25  0.0000E+00   0.000
 -7.50  0.0000E+00   0.000     -3.50  0.0000E+00   0.000     -7.50  0.0000E+00   0.000
 -7.75  0.0000E+00   0.000     -3.75  0.0000E+00   0.000     -7.75  0.0000E+00   0.000
 -8.00  0.0000E+00   0.000     -4.00  0.0000E+00   0.000     -8.00  0.0000E+00   0.000
 -8.25  0.0000E+00   0.000     -4.25  0.0000E+00   0.000     -8.25  0.0000E+00   0.000
 -8.50  0.0000E+00   0.000     -4.50  0.0000E+00   0.000     -8.50  0.0000E+00   0.000
 -8.75  0.0000E+00   0.000     -4.75  0.0000E+00   0.000     -8.75  0.0000E+00   0.000
 -9.00  0.0000E+00   0.000     -5.00  0.0000E+00   0.000     -9.00  0.0000E+00   0.000
 -9.25  0.0000E+00   0.000     -5.25  0.0000E+00   0.000     -9.25  0.0000E+00   0.000
 -9.50  0.0000E+00   0.000     -5.50  0.0000E+00   0.000     -9.50  0.0000E+00   0.000
( Z, Y, Age) = 0.030753   0.312   2.000
 Mbol       dN       log dN    V       dN       log dN     I         dN       log dN
 12.75  0.0000E+00   0.000     16.75  0.0000E+00   0.000     12.75  0.0000E+00   0.000
 12.50  0.0000E+00   0.000     16.50  0.0000E+00   0.000     12.50  0.0000E+00   0.000
 12.25  0.0000E+00   0.000     16.25  0.0000E+00   0.000     12.25  0.0000E+00   0.000
 12.00  0.0000E+00   0.000     16.00  0.0000E+00   0.000     12.00  0.0000E+00   0.000
 11.75  0.0000E+00   0.000     15.75  0.0000E+00   0.000     11.75  0.0000E+00   0.000
 11.50  0.0000E+00   0.000     15.50  0.0000E+00   0.000     11.50  0.0000E+00   0.000
 11.25  0.0000E+00   0.000     15.25  0.0000E+00   0.000     11.25  0.0000E+00   0.000
 11.00  0.0000E+00   0.000     15.00  0.0000E+00   0.000     11.00  0.0000E+00   0.000
 10.75  0.0000E+00   0.000     14.75  0.0000E+00   0.000     10.75  0.0000E+00   0.000
 10.50  0.0000E+00   0.000     14.50  0.0000E+00   0.000     10.50  0.0000E+00   0.000
 10.25  0.0000E+00   0.000     14.25  0.0000E+00   0.000     10.25  0.0000E+00   0.000
 10.00  0.0000E+00   0.000     14.00  0.0000E+00   0.000     10.00  0.0000E+00   0.000
  9.75  0.0000E+00   0.000     13.75  0.0000E+00   0.000      9.75  0.1499E+05   4.176
  9.50  0.0000E+00   0.000     13.50  0.0000E+00   0.000      9.50  0.6033E+05   4.781
  9.25  0.0000E+00   0.000     13.25  0.0000E+00   0.000      9.25  0.1166E+06   5.067
  9.00  0.0000E+00   0.000     13.00  0.0000E+00   0.000      9.00  0.1414E+06   5.150
  8.75  0.0000E+00   0.000     12.75  0.0000E+00   0.000      8.75  0.1763E+06   5.246
  8.50  0.4391E+04   3.643     12.50  0.0000E+00   0.000      8.50  0.1605E+06   5.205
  8.25  0.7903E+05   4.898     12.25  0.0000E+00   0.000      8.25  0.1382E+06   5.140
  8.00  0.2022E+06   5.306     12.00  0.0000E+00   0.000      8.00  0.1288E+06   5.110
  7.75  0.2438E+06   5.387     11.75  0.0000E+00   0.000      7.75  0.1073E+06   5.031
  7.50  0.2043E+06   5.310     11.50  0.0000E+00   0.000      7.50  0.9897E+05   4.995
  7.25  0.1812E+06   5.258     11.25  0.0000E+00   0.000      7.25  0.9337E+05   4.970
  7.00  0.1566E+06   5.195     11.00  0.0000E+00   0.000      7.00  0.8925E+05   4.951
  6.75  0.1379E+06   5.140     10.75  0.0000E+00   0.000      6.75  0.8611E+05   4.935
  6.50  0.1264E+06   5.102     10.50  0.0000E+00   0.000      6.50  0.8441E+05   4.926
  6.25  0.1138E+06   5.056     10.25  0.0000E+00   0.000      6.25  0.8157E+05   4.912
  6.00  0.1068E+06   5.028     10.00  0.0000E+00   0.000      6.00  0.8005E+05   4.903
  5.75  0.9720E+05   4.988      9.75  0.6638E+04   3.822      5.75  0.7746E+05   4.889
  5.50  0.9033E+05   4.956      9.50  0.3806E+05   4.581      5.50  0.7377E+05   4.868
  5.25  0.8349E+05   4.922      9.25  0.1015E+06   5.006      5.25  0.7100E+05   4.851
  5.00  0.7547E+05   4.878      9.00  0.1377E+06   5.139      5.00  0.6626E+05   4.821
  4.75  0.6990E+05   4.844      8.75  0.1625E+06   5.211      4.75  0.6305E+05   4.800
  4.50  0.6543E+05   4.816      8.50  0.1732E+06   5.239      4.50  0.5734E+05   4.758
  4.25  0.5837E+05   4.766      8.25  0.1482E+06   5.171      4.25  0.5295E+05   4.724
  4.00  0.5216E+05   4.717      8.00  0.1292E+06   5.111      4.00  0.5525E+05   4.742
  3.75  0.5265E+05   4.721      7.75  0.1168E+06   5.067      3.75  0.4199E+05   4.623
  3.50  0.4062E+05   4.609      7.50  0.1024E+06   5.010      3.50  0.4430E+05   4.646
  3.25  0.4287E+05   4.632      7.25  0.9444E+05   4.975      3.25  0.3709E+05   4.569
  3.00  0.3690E+05   4.567      7.00  0.9335E+05   4.970      3.00  0.3215E+05   4.507
  2.75  0.3007E+05   4.478      6.75  0.8743E+05   4.942      2.75  0.3144E+05   4.497
  2.50  0.2938E+05   4.468      6.50  0.8484E+05   4.929      2.50  0.2721E+05   4.435
  2.25  0.2122E+05   4.327      6.25  0.8313E+05   4.920      2.25  0.1785E+05   4.252
  2.00  0.1495E+05   4.175      6.00  0.8073E+05   4.907      2.00  0.1396E+05   4.145
  1.75  0.1136E+05   4.055      5.75  0.7800E+05   4.892      1.75  0.1073E+05   4.031
  1.50  0.1163E+05   4.066      5.50  0.7608E+05   4.881      1.50  0.1200E+05   4.079
  1.25  0.1015E+05   4.006      5.25  0.7170E+05   4.856      1.25  0.1119E+05   4.049
  1.00  0.4426E+04   3.646      5.00  0.6698E+05   4.826      1.00  0.1258E+05   4.100
  0.75  0.7168E+04   3.855      4.75  0.6475E+05   4.811      0.75  0.8938E+04   3.951
  0.50  0.9452E+04   3.976      4.50  0.5880E+05   4.769      0.50  0.4113E+04   3.614
  0.25  0.6988E+04   3.844      4.25  0.5428E+05   4.735      0.25  0.1209E+04   3.082
  0.00  0.2092E+04   3.321      4.00  0.5347E+05   4.728      0.00  0.1150E+04   3.061
 -0.25  0.7656E+03   2.884      3.75  0.4682E+05   4.670     -0.25  0.1045E+04   3.019
 -0.50  0.9565E+03   2.981      3.50  0.4164E+05   4.620     -0.50  0.7281E+03   2.862
 -0.75  0.1001E+04   3.001      3.25  0.4037E+05   4.606     -0.75  0.4890E+03   2.689
 -1.00  0.6105E+03   2.786      3.00  0.3294E+05   4.518     -1.00  0.3203E+03   2.506
 -1.25  0.5164E+03   2.713      2.75  0.3128E+05   4.495     -1.25  0.2282E+03   2.358
 -1.50  0.3115E+03   2.493      2.50  0.2828E+05   4.451     -1.50  0.1454E+03   2.163
 -1.75  0.2388E+03   2.378      2.25  0.1958E+05   4.292     -1.75  0.8033E+02   1.905
 -2.00  0.1913E+03   2.282      2.00  0.1430E+05   4.155     -2.00  0.5953E+02   1.775
 -2.25  0.1524E+03   2.183      1.75  0.1087E+05   4.036     -2.25  0.1799E+02   1.255
 -2.50  0.1267E+03   2.103      1.50  0.1185E+05   4.074     -2.50  0.5297E+00  -0.276
 -2.75  0.1098E+03   2.041      1.25  0.1090E+05   4.037     -2.75  0.0000E+00   0.000
 -3.00  0.9979E+02   1.999      1.00  0.1108E+05   4.044     -3.00  0.0000E+00   0.000
 -3.25  0.8765E+02   1.943      0.75  0.1057E+05   4.024     -3.25  0.0000E+00   0.000
 -3.50  0.7540E+02   1.877      0.50  0.5214E+04   3.717     -3.50  0.0000E+00   0.000
 -3.75  0.5292E+02   1.724      0.25  0.1576E+04   3.198     -3.75  0.0000E+00   0.000
 -4.00  0.3093E+02   1.490      0.00  0.1056E+04   3.024     -4.00  0.0000E+00   0.000
 -4.25  0.2854E+02   1.455     -0.25  0.1130E+04   3.053     -4.25  0.0000E+00   0.000
 -4.50  0.2868E+02   1.458     -0.50  0.8162E+03   2.912     -4.50  0.0000E+00   0.000
 -4.75  0.2847E+02   1.454     -0.75  0.5347E+03   2.728     -4.75  0.0000E+00   0.000
 -5.00  0.2215E+02   1.345     -1.00  0.3692E+03   2.567     -5.00  0.0000E+00   0.000
 -5.25  0.9168E+01   0.962     -1.25  0.2517E+03   2.401     -5.25  0.0000E+00   0.000
 -5.50  0.1264E-01  -1.898     -1.50  0.1699E+03   2.230     -5.50  0.0000E+00   0.000
 -5.75  0.0000E+00   0.000     -1.75  0.9688E+02   1.986     -5.75  0.0000E+00   0.000
 -6.00  0.0000E+00   0.000     -2.00  0.7028E+02   1.847     -6.00  0.0000E+00   0.000
 -6.25  0.0000E+00   0.000     -2.25  0.2782E+02   1.444     -6.25  0.0000E+00   0.000
 -6.50  0.0000E+00   0.000     -2.50  0.4542E+01   0.657     -6.50  0.0000E+00   0.000
 -6.75  0.0000E+00   0.000     -2.75  0.0000E+00   0.000     -6.75  0.0000E+00   0.000
 -7.00  0.0000E+00   0.000     -3.00  0.0000E+00   0.000     -7.00  0.0000E+00   0.000
 -7.25  0.0000E+00   0.000     -3.25  0.0000E+00   0.000     -7.25  0.0000E+00   0.000
 -7.50  0.0000E+00   0.000     -3.50  0.0000E+00   0.000     -7.50  0.0000E+00   0.000
 -7.75  0.0000E+00   0.000     -3.75  0.0000E+00   0.000     -7.75  0.0000E+00   0.000
 -8.00  0.0000E+00   0.000     -4.00  0.0000E+00   0.000     -8.00  0.0000E+00   0.000
 -8.25  0.0000E+00   0.000     -4.25  0.0000E+00   0.000     -8.25  0.0000E+00   0.000
 -8.50  0.0000E+00   0.000     -4.50  0.0000E+00   0.000     -8.50  0.0000E+00   0.000
 -8.75  0.0000E+00   0.000     -4.75  0.0000E+00   0.000     -8.75  0.0000E+00   0.000
 -9.00  0.0000E+00   0.000     -5.00  0.0000E+00   0.000     -9.00  0.0000E+00   0.000
 -9.25  0.0000E+00   0.000     -5.25  0.0000E+00   0.000     -9.25  0.0000E+00   0.000
 -9.50  0.0000E+00   0.000     -5.50  0.0000E+00   0.000     -9.50  0.0000E+00   0.000
( Z, Y, Age) = 0.030753   0.312   5.000
 Mbol       dN       log dN    V       dN       log dN     I         dN       log dN
 12.75  0.0000E+00   0.000     16.75  0.0000E+00   0.000     12.75  0.0000E+00   0.000
 12.50  0.0000E+00   0.000     16.50  0.0000E+00   0.000     12.50  0.0000E+00   0.000
 12.25  0.0000E+00   0.000     16.25  0.0000E+00   0.000     12.25  0.0000E+00   0.000
 12.00  0.0000E+00   0.000     16.00  0.0000E+00   0.000     12.00  0.0000E+00   0.000
 11.75  0.0000E+00   0.000     15.75  0.0000E+00   0.000     11.75  0.0000E+00   0.000
 11.50  0.0000E+00   0.000     15.50  0.0000E+00   0.000     11.50  0.0000E+00   0.000
 11.25  0.0000E+00   0.000     15.25  0.0000E+00   0.000     11.25  0.0000E+00   0.000
 11.00  0.0000E+00   0.000     15.00  0.0000E+00   0.000     11.00  0.0000E+00   0.000
 10.75  0.0000E+00   0.000     14.75  0.0000E+00   0.000     10.75  0.0000E+00   0.000
 10.50  0.0000E+00   0.000     14.50  0.0000E+00   0.000     10.50  0.0000E+00   0.000
 10.25  0.0000E+00   0.000     14.25  0.0000E+00   0.000     10.25  0.0000E+00   0.000
 10.00  0.0000E+00   0.000     14.00  0.0000E+00   0.000     10.00  0.0000E+00   0.000
  9.75  0.0000E+00   0.000     13.75  0.0000E+00   0.000      9.75  0.2005E+05   4.302
  9.50  0.0000E+00   0.000     13.50  0.0000E+00   0.000      9.50  0.8044E+05   4.905
  9.25  0.0000E+00   0.000     13.25  0.0000E+00   0.000      9.25  0.1349E+06   5.130
  9.00  0.0000E+00   0.000     13.00  0.0000E+00   0.000      9.00  0.1603E+06   5.205
  8.75  0.0000E+00   0.000     12.75  0.0000E+00   0.000      8.75  0.1907E+06   5.280
  8.50  0.5328E+04   3.727     12.50  0.0000E+00   0.000      8.50  0.1735E+06   5.239
  8.25  0.9747E+05   4.989     12.25  0.0000E+00   0.000      8.25  0.1505E+06   5.177
  8.00  0.2298E+06   5.361     12.00  0.0000E+00   0.000      8.00  0.1404E+06   5.147
  7.75  0.2669E+06   5.426     11.75  0.0000E+00   0.000      7.75  0.1171E+06   5.069
  7.50  0.2243E+06   5.351     11.50  0.0000E+00   0.000      7.50  0.1074E+06   5.031
  7.25  0.1984E+06   5.298     11.25  0.0000E+00   0.000      7.25  0.1015E+06   5.007
  7.00  0.1717E+06   5.235     11.00  0.0000E+00   0.000      7.00  0.9722E+05   4.988
  6.75  0.1506E+06   5.178     10.75  0.0000E+00   0.000      6.75  0.9383E+05   4.972
  6.50  0.1381E+06   5.140     10.50  0.0000E+00   0.000      6.50  0.9156E+05   4.962
  6.25  0.1244E+06   5.095     10.25  0.0000E+00   0.000      6.25  0.8878E+05   4.948
  6.00  0.1163E+06   5.066     10.00  0.0000E+00   0.000      6.00  0.8702E+05   4.940
  5.75  0.1062E+06   5.026      9.75  0.8390E+04   3.924      5.75  0.8412E+05   4.925
  5.50  0.9834E+05   4.993      9.50  0.5186E+05   4.715      5.50  0.8016E+05   4.904
  5.25  0.9109E+05   4.959      9.25  0.1237E+06   5.092      5.25  0.7731E+05   4.888
  5.00  0.8212E+05   4.914      9.00  0.1550E+06   5.190      5.00  0.7216E+05   4.858
  4.75  0.7634E+05   4.883      8.75  0.1795E+06   5.254      4.75  0.6878E+05   4.837
  4.50  0.7334E+05   4.865      8.50  0.1869E+06   5.272      4.50  0.6490E+05   4.812
  4.25  0.6174E+05   4.791      8.25  0.1608E+06   5.206      4.25  0.5734E+05   4.758
  4.00  0.6025E+05   4.780      8.00  0.1412E+06   5.150      4.00  0.5913E+05   4.772
  3.75  0.5265E+05   4.721      7.75  0.1274E+06   5.105      3.75  0.4375E+05   4.641
  3.50  0.4502E+05   4.653      7.50  0.1111E+06   5.046      3.50  0.5122E+05   4.709
  3.25  0.4797E+05   4.681      7.25  0.1029E+06   5.012      3.25  0.3867E+05   4.587
  3.00  0.3745E+05   4.573      7.00  0.1016E+06   5.007      3.00  0.3249E+05   4.512
  2.75  0.3043E+05   4.483      6.75  0.9500E+05   4.978      2.75  0.3174E+05   4.502
  2.50  0.2967E+05   4.472      6.50  0.9257E+05   4.966      2.50  0.2744E+05   4.438
  2.25  0.2148E+05   4.332      6.25  0.9017E+05   4.955      2.25  0.1804E+05   4.256
  2.00  0.1516E+05   4.181      6.00  0.8785E+05   4.944      2.00  0.1414E+05   4.150
  1.75  0.1153E+05   4.062      5.75  0.8476E+05   4.928      1.75  0.1086E+05   4.036
  1.50  0.1178E+05   4.071      5.50  0.8277E+05   4.918      1.50  0.1220E+05   4.086
  1.25  0.1025E+05   4.011      5.25  0.7783E+05   4.891      1.25  0.1136E+05   4.055
  1.00  0.4593E+04   3.662      5.00  0.7291E+05   4.863      1.00  0.1323E+05   4.121
  0.75  0.7294E+04   3.863      4.75  0.7052E+05   4.848      0.75  0.9053E+04   3.957
  0.50  0.1006E+05   4.003      4.50  0.6674E+05   4.824      0.50  0.4171E+04   3.620
  0.25  0.7184E+04   3.856      4.25  0.5793E+05   4.763      0.25  0.1289E+04   3.110
  0.00  0.2149E+04   3.332      4.00  0.5899E+05   4.771      0.00  0.1209E+04   3.083
 -0.25  0.8064E+03   2.907      3.75  0.4750E+05   4.677     -0.25  0.1096E+04   3.040
 -0.50  0.1013E+04   3.005      3.50  0.4864E+05   4.687     -0.50  0.7766E+03   2.890
 -0.75  0.1052E+04   3.022      3.25  0.4284E+05   4.632     -0.75  0.4936E+03   2.693
 -1.00  0.6445E+03   2.809      3.00  0.3332E+05   4.523     -1.00  0.3203E+03   2.506
 -1.25  0.5428E+03   2.735      2.75  0.3161E+05   4.500     -1.25  0.2282E+03   2.358
 -1.50  0.3329E+03   2.522      2.50  0.2853E+05   4.455     -1.50  0.1454E+03   2.163
 -1.75  0.2578E+03   2.411      2.25  0.1978E+05   4.296     -1.75  0.8033E+02   1.905
 -2.00  0.2064E+03   2.315      2.00  0.1447E+05   4.161     -2.00  0.5953E+02   1.775
 -2.25  0.1642E+03   2.215      1.75  0.1101E+05   4.042     -2.25  0.1799E+02   1.255
 -2.50  0.1366E+03   2.135      1.50  0.1204E+05   4.081     -2.50  0.5297E+00  -0.276
 -2.75  0.1183E+03   2.073      1.25  0.1103E+05   4.043     -2.75  0.0000E+00   0.000
 -3.00  0.1072E+03   2.030      1.00  0.1166E+05   4.067     -3.00  0.0000E+00   0.000
 -3.25  0.9436E+02   1.975      0.75  0.1081E+05   4.034     -3.25  0.0000E+00   0.000
 -3.50  0.8154E+02   1.911      0.50  0.5276E+04   3.722     -3.50  0.0000E+00   0.000
 -3.75  0.5815E+02   1.765      0.25  0.1647E+04   3.217     -3.75  0.0000E+00   0.000
 -4.00  0.3315E+02   1.521      0.00  0.1125E+04   3.051     -4.00  0.0000E+00   0.000
 -4.25  0.2975E+02   1.474     -0.25  0.1179E+04   3.072     -4.25  0.0000E+00   0.000
 -4.50  0.2951E+02   1.470     -0.50  0.8716E+03   2.940     -4.50  0.0000E+00   0.000
 -4.75  0.2848E+02   1.455     -0.75  0.5519E+03   2.742     -4.75  0.0000E+00   0.000
 -5.00  0.2215E+02   1.345     -1.00  0.3692E+03   2.567     -5.00  0.0000E+00   0.000
 -5.25  0.9168E+01   0.962     -1.25  0.2517E+03   2.401     -5.25  0.0000E+00   0.000
 -5.50  0.1264E-01  -1.898     -1.50  0.1699E+03   2.230     -5.50  0.0000E+00   0.000
 -5.75  0.0000E+00   0.000     -1.75  0.9688E+02   1.986     -5.75  0.0000E+00   0.000
 -6.00  0.0000E+00   0.000     -2.00  0.7028E+02   1.847     -6.00  0.0000E+00   0.000
 -6.25  0.0000E+00   0.000     -2.25  0.2782E+02   1.444     -6.25  0.0000E+00   0.000
 -6.50  0.0000E+00   0.000     -2.50  0.4542E+01   0.657     -6.50  0.0000E+00   0.000
 -6.75  0.0000E+00   0.000     -2.75  0.0000E+00   0.000     -6.75  0.0000E+00   0.000
 -7.00  0.0000E+00   0.000     -3.00  0.0000E+00   0.000     -7.00  0.0000E+00   0.000
 -7.25  0.0000E+00   0.000     -3.25  0.0000E+00   0.000     -7.25  0.0000E+00   0.000
 -7.50  0.0000E+00   0.000     -3.50  0.0000E+00   0.000     -7.50  0.0000E+00   0.000
 -7.75  0.0000E+00   0.000     -3.75  0.0000E+00   0.000     -7.75  0.0000E+00   0.000
 -8.00  0.0000E+00   0.000     -4.00  0.0000E+00   0.000     -8.00  0.0000E+00   0.000
 -8.25  0.0000E+00   0.000     -4.25  0.0000E+00   0.000     -8.25  0.0000E+00   0.000
 -8.50  0.0000E+00   0.000     -4.50  0.0000E+00   0.000     -8.50  0.0000E+00   0.000
 -8.75  0.0000E+00   0.000     -4.75  0.0000E+00   0.000     -8.75  0.0000E+00   0.000
 -9.00  0.0000E+00   0.000     -5.00  0.0000E+00   0.000     -9.00  0.0000E+00   0.000
 -9.25  0.0000E+00   0.000     -5.25  0.0000E+00   0.000     -9.25  0.0000E+00   0.000
 -9.50  0.0000E+00   0.000     -5.50  0.0000E+00   0.000     -9.50  0.0000E+00   0.000
( Z, Y, Age) = 0.030753   0.312  10.000
 Mbol       dN       log dN    V       dN       log dN     I         dN       log dN
 12.75  0.0000E+00   0.000     16.75  0.0000E+00   0.000     12.75  0.0000E+00   0.000
 12.50  0.0000E+00   0.000     16.50  0.0000E+00   0.000     12.50  0.0000E+00   0.000
 12.25  0.0000E+00   0.000     16.25  0.0000E+00   0.000     12.25  0.0000E+00   0.000
 12.00  0.0000E+00   0.000     16.00  0.0000E+00   0.000     12.00  0.0000E+00   0.000
 11.75  0.0000E+00   0.000     15.75  0.0000E+00   0.000     11.75  0.0000E+00   0.000
 11.50  0.0000E+00   0.000     15.50  0.0000E+00   0.000     11.50  0.0000E+00   0.000
 11.25  0.0000E+00   0.000     15.25  0.0000E+00   0.000     11.25  0.0000E+00   0.000
 11.00  0.0000E+00   0.000     15.00  0.0000E+00   0.000     11.00  0.0000E+00   0.000
 10.75  0.0000E+00   0.000     14.75  0.0000E+00   0.000     10.75  0.0000E+00   0.000
 10.50  0.0000E+00   0.000     14.50  0.0000E+00   0.000     10.50  0.0000E+00   0.000
 10.25  0.0000E+00   0.000     14.25  0.0000E+00   0.000     10.25  0.0000E+00   0.000
 10.00  0.0000E+00   0.000     14.00  0.0000E+00   0.000     10.00  0.0000E+00   0.000
  9.75  0.0000E+00   0.000     13.75  0.0000E+00   0.000      9.75  0.2390E+05   4.378
  9.50  0.0000E+00   0.000     13.50  0.0000E+00   0.000      9.50  0.9740E+05   4.989
  9.25  0.0000E+00   0.000     13.25  0.0000E+00   0.000      9.25  0.1549E+06   5.190
  9.00  0.0000E+00   0.000     13.00  0.0000E+00   0.000      9.00  0.1780E+06   5.250
  8.75  0.0000E+00   0.000     12.75  0.0000E+00   0.000      8.75  0.2055E+06   5.313
  8.50  0.5385E+04   3.731     12.50  0.0000E+00   0.000      8.50  0.1862E+06   5.270
  8.25  0.1134E+06   5.055     12.25  0.0000E+00   0.000      8.25  0.1622E+06   5.210
  8.00  0.2575E+06   5.411     12.00  0.0000E+00   0.000      8.00  0.1515E+06   5.180
  7.75  0.2895E+06   5.462     11.75  0.0000E+00   0.000      7.75  0.1273E+06   5.105
  7.50  0.2440E+06   5.387     11.50  0.0000E+00   0.000      7.50  0.1156E+06   5.063
  7.25  0.2149E+06   5.332     11.25  0.0000E+00   0.000      7.25  0.1091E+06   5.038
  7.00  0.1866E+06   5.271     11.00  0.0000E+00   0.000      7.00  0.1047E+06   5.020
  6.75  0.1630E+06   5.212     10.75  0.0000E+00   0.000      6.75  0.1010E+06   5.004
  6.50  0.1492E+06   5.174     10.50  0.0000E+00   0.000      6.50  0.9852E+05   4.994
  6.25  0.1344E+06   5.128     10.25  0.0000E+00   0.000      6.25  0.9535E+05   4.979
  6.00  0.1253E+06   5.098     10.00  0.0000E+00   0.000      6.00  0.9354E+05   4.971
  5.75  0.1144E+06   5.058      9.75  0.9004E+04   3.954      5.75  0.9028E+05   4.956
  5.50  0.1059E+06   5.025      9.50  0.6473E+05   4.811      5.50  0.8591E+05   4.934
  5.25  0.9753E+05   4.989      9.25  0.1438E+06   5.158      5.25  0.8277E+05   4.918
  5.00  0.8826E+05   4.946      9.00  0.1729E+06   5.238      5.00  0.7721E+05   4.888
  4.75  0.8150E+05   4.911      8.75  0.1965E+06   5.293      4.75  0.7474E+05   4.874
  4.50  0.7956E+05   4.901      8.50  0.2003E+06   5.302      4.50  0.6654E+05   4.823
  4.25  0.6323E+05   4.801      8.25  0.1729E+06   5.238      4.25  0.6379E+05   4.805
  4.00  0.6575E+05   4.818      8.00  0.1526E+06   5.184      4.00  0.6208E+05   4.793
  3.75  0.5479E+05   4.739      7.75  0.1379E+06   5.140      3.75  0.4401E+05   4.644
  3.50  0.4541E+05   4.657      7.50  0.1200E+06   5.079      3.50  0.5160E+05   4.713
  3.25  0.4819E+05   4.683      7.25  0.1108E+06   5.045      3.25  0.3883E+05   4.589
  3.00  0.3776E+05   4.577      7.00  0.1094E+06   5.039      3.00  0.3269E+05   4.514
  2.75  0.3063E+05   4.486      6.75  0.1022E+06   5.009      2.75  0.3191E+05   4.504
  2.50  0.2984E+05   4.475      6.50  0.9976E+05   4.999      2.50  0.2758E+05   4.441
  2.25  0.2163E+05   4.335      6.25  0.9695E+05   4.987      2.25  0.1817E+05   4.259
  2.00  0.1529E+05   4.184      6.00  0.9430E+05   4.975      2.00  0.1424E+05   4.154
  1.75  0.1163E+05   4.066      5.75  0.9092E+05   4.959      1.75  0.1103E+05   4.043
  1.50  0.1187E+05   4.074      5.50  0.8883E+05   4.949      1.50  0.1226E+05   4.089
  1.25  0.1040E+05   4.017      5.25  0.8324E+05   4.920      1.25  0.1164E+05   4.066
  1.00  0.4676E+04   3.670      5.00  0.7846E+05   4.895      1.00  0.1346E+05   4.129
  0.75  0.7456E+04   3.873      4.75  0.7597E+05   4.881      0.75  0.9098E+04   3.959
  0.50  0.1040E+05   4.017      4.50  0.6965E+05   4.843      0.50  0.4212E+04   3.624
  0.25  0.7232E+04   3.859      4.25  0.6239E+05   4.795      0.25  0.1340E+04   3.127
  0.00  0.2181E+04   3.339      4.00  0.6379E+05   4.805      0.00  0.1251E+04   3.097
 -0.25  0.8313E+03   2.920      3.75  0.4789E+05   4.680     -0.25  0.1126E+04   3.052
 -0.50  0.1053E+04   3.022      3.50  0.4891E+05   4.689     -0.50  0.7780E+03   2.891
 -0.75  0.1080E+04   3.034      3.25  0.4303E+05   4.634     -0.75  0.4936E+03   2.693
 -1.00  0.6646E+03   2.823      3.00  0.3354E+05   4.526     -1.00  0.3203E+03   2.506
 -1.25  0.5590E+03   2.747      2.75  0.3179E+05   4.502     -1.25  0.2282E+03   2.358
 -1.50  0.3462E+03   2.539      2.50  0.2867E+05   4.457     -1.50  0.1454E+03   2.163
 -1.75  0.2688E+03   2.429      2.25  0.1989E+05   4.299     -1.75  0.8033E+02   1.905
 -2.00  0.2155E+03   2.333      2.00  0.1458E+05   4.164     -2.00  0.5953E+02   1.775
 -2.25  0.1710E+03   2.233      1.75  0.1118E+05   4.049     -2.25  0.1799E+02   1.255
 -2.50  0.1426E+03   2.154      1.50  0.1212E+05   4.084     -2.50  0.5297E+00  -0.276
 -2.75  0.1233E+03   2.091      1.25  0.1120E+05   4.049     -2.75  0.0000E+00   0.000
 -3.00  0.1116E+03   2.048      1.00  0.1201E+05   4.079     -3.00  0.0000E+00   0.000
 -3.25  0.9847E+02   1.993      0.75  0.1086E+05   4.036     -3.25  0.0000E+00   0.000
 -3.50  0.8521E+02   1.931      0.50  0.5312E+04   3.725     -3.50  0.0000E+00   0.000
 -3.75  0.6130E+02   1.787      0.25  0.1700E+04   3.230     -3.75  0.0000E+00   0.000
 -4.00  0.3446E+02   1.537      0.00  0.1165E+04   3.066     -4.00  0.0000E+00   0.000
 -4.25  0.3005E+02   1.478     -0.25  0.1218E+04   3.086     -4.25  0.0000E+00   0.000
 -4.50  0.2951E+02   1.470     -0.50  0.8794E+03   2.944     -4.50  0.0000E+00   0.000
 -4.75  0.2848E+02   1.455     -0.75  0.5519E+03   2.742     -4.75  0.0000E+00   0.000
 -5.00  0.2215E+02   1.345     -1.00  0.3692E+03   2.567     -5.00  0.0000E+00   0.000
 -5.25  0.9168E+01   0.962     -1.25  0.2517E+03   2.401     -5.25  0.0000E+00   0.000
 -5.50  0.1264E-01  -1.898     -1.50  0.1699E+03   2.230     -5.50  0.0000E+00   0.000
 -5.75  0.0000E+00   0.000     -1.75  0.9688E+02   1.986     -5.75  0.0000E+00   0.000
 -6.00  0.0000E+00   0.000     -2.00  0.7028E+02   1.847     -6.00  0.0000E+00   0.000
 -6.25  0.0000E+00   0.000     -2.25  0.2782E+02   1.444     -6.25  0.0000E+00   0.000
 -6.50  0.0000E+00   0.000     -2.50  0.4542E+01   0.657     -6.50  0.0000E+00   0.000
 -6.75  0.0000E+00   0.000     -2.75  0.0000E+00   0.000     -6.75  0.0000E+00   0.000
 -7.00  0.0000E+00   0.000     -3.00  0.0000E+00   0.000     -7.00  0.0000E+00   0.000
 -7.25  0.0000E+00   0.000     -3.25  0.0000E+00   0.000     -7.25  0.0000E+00   0.000
 -7.50  0.0000E+00   0.000     -3.50  0.0000E+00   0.000     -7.50  0.0000E+00   0.000
 -7.75  0.0000E+00   0.000     -3.75  0.0000E+00   0.000     -7.75  0.0000E+00   0.000
 -8.00  0.0000E+00   0.000     -4.00  0.0000E+00   0.000     -8.00  0.0000E+00   0.000
 -8.25  0.0000E+00   0.000     -4.25  0.0000E+00   0.000     -8.25  0.0000E+00   0.000
 -8.50  0.0000E+00   0.000     -4.50  0.0000E+00   0.000     -8.50  0.0000E+00   0.000
 -8.75  0.0000E+00   0.000     -4.75  0.0000E+00   0.000     -8.75  0.0000E+00   0.000
 -9.00  0.0000E+00   0.000     -5.00  0.0000E+00   0.000     -9.00  0.0000E+00   0.000
 -9.25  0.0000E+00   0.000     -5.25  0.0000E+00   0.000     -9.25  0.0000E+00   0.000
 -9.50  0.0000E+00   0.000     -5.50  0.0000E+00   0.000     -9.50  0.0000E+00   0.000
